#
# There is insufficient memory for the Java Runtime Environment to continue.
# Native memory allocation (malloc) failed to allocate 633056 bytes for Chunk::new
# Possible reasons:
#   The system is out of physical RAM or swap space
#   The process is running with CompressedOops enabled, and the Java Heap may be blocking the growth of the native heap
# Possible solutions:
#   Reduce memory load on the system
#   Increase physical memory or swap space
#   Check if swap backing store is full
#   Decrease Java heap size (-Xmx/-Xms)
#   Decrease number of Java threads
#   Decrease Java thread stack sizes (-Xss)
#   Set larger code cache with -XX:ReservedCodeCacheSize=
#   JVM is running with Unscaled Compressed Oops mode in which the Java heap is
#     placed in the first 4GB address space. The Java Heap base address is the
#     maximum limit for the native heap growth. Please use -XX:HeapBaseMinAddress
#     to set the Java Heap base and to place the Java Heap above 4GB virtual address.
# This output file may be truncated or incomplete.
#
#  Out of Memory Error (./src/hotspot/share/memory/arena.cpp:197), pid=14756, tid=13768
#
# JRE version: OpenJDK Runtime Environment (11.0.13) (build 11.0.13+0-b1751.21-8125866)
# Java VM: OpenJDK 64-Bit Server VM (11.0.13+0-b1751.21-8125866, mixed mode, tiered, compressed oops, g1 gc, windows-amd64)
# No core dump will be written. Minidumps are not enabled by default on client versions of Windows
#

---------------  S U M M A R Y ------------

Command Line: --add-opens=java.base/java.util=ALL-UNNAMED --add-opens=java.base/java.lang=ALL-UNNAMED --add-opens=java.base/java.lang.invoke=ALL-UNNAMED --add-opens=java.base/java.util=ALL-UNNAMED --add-opens=java.prefs/java.util.prefs=ALL-UNNAMED --add-opens=java.prefs/java.util.prefs=ALL-UNNAMED --add-opens=java.base/java.nio.charset=ALL-UNNAMED --add-opens=java.base/java.net=ALL-UNNAMED --add-opens=java.base/java.util.concurrent.atomic=ALL-UNNAMED -Xmx2048m -Dfile.encoding=UTF-8 -Duser.country=IN -Duser.language=en -Duser.variant org.gradle.launcher.daemon.bootstrap.GradleDaemon 7.4

Host: 11th Gen Intel(R) Core(TM) i3-1115G4 @ 3.00GHz, 4 cores, 7G,  Windows 11 , 64 bit Build 22000 (10.0.22000.708)
Time: Fri Oct  7 15:03:18 2022 India Standard Time elapsed time: 8.331387 seconds (0d 0h 0m 8s)

---------------  T H R E A D  ---------------

Current thread (0x000001da7ddfd000):  JavaThread "C2 CompilerThread0" daemon [_thread_in_native, id=13768, stack(0x0000007acb300000,0x0000007acb400000)]


Current CompileTask:
C2:   8331 7861       4       org.gradle.internal.reflect.JavaPropertyReflectionUtil::resolveMethodReturnType (44 bytes)

Stack: [0x0000007acb300000,0x0000007acb400000]
Native frames: (J=compiled Java code, j=interpreted, Vv=VM code, C=native code)
V  [jvm.dll+0x6100fa]
V  [jvm.dll+0x747090]
V  [jvm.dll+0x7486ad]
V  [jvm.dll+0x748d83]
V  [jvm.dll+0x24ab48]
V  [jvm.dll+0xc04dc]
V  [jvm.dll+0xc0a0c]
V  [jvm.dll+0x2bfab4]
V  [jvm.dll+0x524238]
V  [jvm.dll+0x20b193]
V  [jvm.dll+0x204ca0]
V  [jvm.dll+0x2023c2]
V  [jvm.dll+0x188e01]
V  [jvm.dll+0x21106b]
V  [jvm.dll+0x20f8c1]
V  [jvm.dll+0x70de0f]
V  [jvm.dll+0x706a75]
V  [jvm.dll+0x60ed66]
C  [ucrtbase.dll+0x26c0c]
C  [KERNEL32.DLL+0x154e0]
C  [ntdll.dll+0x485b]


---------------  P R O C E S S  ---------------

Threads class SMR info:
_java_thread_list=0x000001da08aa2020, length=87, elements={
0x000001da641cc800, 0x000001da7ddd9800, 0x000001da7dde4800, 0x000001da7e762800,
0x000001da7ddfa000, 0x000001da7ddfa800, 0x000001da7ddfd000, 0x000001da7de0d000,
0x000001da7de0f000, 0x000001da7e8ad800, 0x000001da01725800, 0x000001da7e983800,
0x000001da01610800, 0x000001da016f6000, 0x000001da0195f800, 0x000001da01185800,
0x000001da01053800, 0x000001da01525800, 0x000001da01e1a800, 0x000001da0156a000,
0x000001da01550800, 0x000001da01784800, 0x000001da01781800, 0x000001da01783000,
0x000001da01785800, 0x000001da01780000, 0x000001da01786800, 0x000001da01784000,
0x000001da01782000, 0x000001da01780800, 0x000001da02525800, 0x000001da02521800,
0x000001da02520000, 0x000001da02527800, 0x000001da02528000, 0x000001da02529000,
0x000001da02524000, 0x000001da0252a000, 0x000001da0252b800, 0x000001da0252a800,
0x000001da0252c000, 0x000001da0252e800, 0x000001da0252d000, 0x000001da0252e000,
0x000001da04a16800, 0x000001da04a18000, 0x000001da04a15800, 0x000001da04a14800,
0x000001da04a17000, 0x000001da04a18800, 0x000001da04a19800, 0x000001da04a14000,
0x000001da04a1d000, 0x000001da04a1e800, 0x000001da04a1c000, 0x000001da04a1b000,
0x000001da04a1d800, 0x000001da04a1a800, 0x000001da04a1f000, 0x000001da04a20000,
0x000001da04a21800, 0x000001da04a21000, 0x000001da04a22800, 0x000001da0461b800,
0x000001da04620800, 0x000001da0461a800, 0x000001da04621000, 0x000001da0461e800,
0x000001da0461f800, 0x000001da04622000, 0x000001da0461c800, 0x000001da04623000,
0x000001da0461d000, 0x000001da04623800, 0x000001da0461e000, 0x000001da04627800,
0x000001da04628800, 0x000001da04625800, 0x000001da04629800, 0x000001da04624800,
0x000001da04627000, 0x000001da048a8000, 0x000001da048ad000, 0x000001da048a7800,
0x000001da048af000, 0x000001da048a9000, 0x000001da048aa800
}

Java Threads: ( => current thread )
  0x000001da641cc800 JavaThread "main" [_thread_blocked, id=14168, stack(0x0000007aca600000,0x0000007aca700000)]
  0x000001da7ddd9800 JavaThread "Reference Handler" daemon [_thread_blocked, id=2104, stack(0x0000007acad00000,0x0000007acae00000)]
  0x000001da7dde4800 JavaThread "Finalizer" daemon [_thread_blocked, id=1348, stack(0x0000007acae00000,0x0000007acaf00000)]
  0x000001da7e762800 JavaThread "Signal Dispatcher" daemon [_thread_blocked, id=3836, stack(0x0000007acb000000,0x0000007acb100000)]
  0x000001da7ddfa000 JavaThread "Attach Listener" daemon [_thread_blocked, id=14660, stack(0x0000007acb100000,0x0000007acb200000)]
  0x000001da7ddfa800 JavaThread "Service Thread" daemon [_thread_blocked, id=5888, stack(0x0000007acb200000,0x0000007acb300000)]
=>0x000001da7ddfd000 JavaThread "C2 CompilerThread0" daemon [_thread_in_native, id=13768, stack(0x0000007acb300000,0x0000007acb400000)]
  0x000001da7de0d000 JavaThread "C1 CompilerThread0" daemon [_thread_blocked, id=6672, stack(0x0000007acb400000,0x0000007acb500000)]
  0x000001da7de0f000 JavaThread "Sweeper thread" daemon [_thread_blocked, id=13204, stack(0x0000007acb500000,0x0000007acb600000)]
  0x000001da7e8ad800 JavaThread "Common-Cleaner" daemon [_thread_blocked, id=11924, stack(0x0000007acb600000,0x0000007acb700000)]
  0x000001da01725800 JavaThread "Daemon health stats" [_thread_blocked, id=2600, stack(0x0000007acba00000,0x0000007acbb00000)]
  0x000001da7e983800 JavaThread "Incoming local TCP Connector on port 52652" [_thread_in_native, id=13772, stack(0x0000007acb800000,0x0000007acb900000)]
  0x000001da01610800 JavaThread "Daemon periodic checks" [_thread_blocked, id=5320, stack(0x0000007acbb00000,0x0000007acbc00000)]
  0x000001da016f6000 JavaThread "Daemon" [_thread_blocked, id=14800, stack(0x0000007acbc00000,0x0000007acbd00000)]
  0x000001da0195f800 JavaThread "Handler for socket connection from /127.0.0.1:52652 to /127.0.0.1:52653" [_thread_in_native, id=5628, stack(0x0000007acbd00000,0x0000007acbe00000)]
  0x000001da01185800 JavaThread "Cancel handler" [_thread_blocked, id=9896, stack(0x0000007acbe00000,0x0000007acbf00000)]
  0x000001da01053800 JavaThread "Daemon worker" [_thread_blocked, id=15676, stack(0x0000007acbf00000,0x0000007acc000000)]
  0x000001da01525800 JavaThread "Asynchronous log dispatcher for DefaultDaemonConnection: socket connection from /127.0.0.1:52652 to /127.0.0.1:52653" [_thread_blocked, id=15080, stack(0x0000007acc000000,0x0000007acc100000)]
  0x000001da01e1a800 JavaThread "Stdin handler" [_thread_blocked, id=4396, stack(0x0000007acc100000,0x0000007acc200000)]
  0x000001da0156a000 JavaThread "Daemon client event forwarder" [_thread_blocked, id=14028, stack(0x0000007acc200000,0x0000007acc300000)]
  0x000001da01550800 JavaThread "C2 CompilerThread1" daemon [_thread_in_native, id=9932, stack(0x0000007acc300000,0x0000007acc400000)]
  0x000001da01784800 JavaThread "Cache worker for journal cache (C:\Users\Lenovo\AndroidStudioProjects\Mb1\caches\journal-1)" [_thread_blocked, id=3640, stack(0x0000007acc600000,0x0000007acc700000)]
  0x000001da01781800 JavaThread "File lock request listener" [_thread_in_native, id=12196, stack(0x0000007acc700000,0x0000007acc800000)]
  0x000001da01783000 JavaThread "Cache worker for file hash cache (C:\Users\Lenovo\AndroidStudioProjects\Mb1\caches\7.4\fileHashes)" [_thread_blocked, id=13992, stack(0x0000007acc800000,0x0000007acc900000)]
  0x000001da01785800 JavaThread "File watcher server" daemon [_thread_in_native, id=14128, stack(0x0000007acc900000,0x0000007acca00000)]
  0x000001da01780000 JavaThread "File watcher consumer" daemon [_thread_blocked, id=12516, stack(0x0000007acca00000,0x0000007accb00000)]
  0x000001da01786800 JavaThread "Cache worker for checksums cache (D:\EDaanLogin\.gradle\7.4\checksums)" [_thread_blocked, id=14000, stack(0x0000007accb00000,0x0000007accc00000)]
  0x000001da01784000 JavaThread "Cache worker for cache directory md-rule (C:\Users\Lenovo\AndroidStudioProjects\Mb1\caches\7.4\md-rule)" [_thread_blocked, id=15328, stack(0x0000007accc00000,0x0000007accd00000)]
  0x000001da01782000 JavaThread "Cache worker for file hash cache (D:\EDaanLogin\.gradle\7.4\fileHashes)" [_thread_blocked, id=13068, stack(0x0000007accd00000,0x0000007acce00000)]
  0x000001da01780800 JavaThread "Cache worker for cache directory md-supplier (C:\Users\Lenovo\AndroidStudioProjects\Mb1\caches\7.4\md-supplier)" [_thread_blocked, id=11900, stack(0x0000007acce00000,0x0000007accf00000)]
  0x000001da02525800 JavaThread "Cache worker for execution history cache (C:\Users\Lenovo\AndroidStudioProjects\Mb1\caches\7.4\executionHistory)" [_thread_blocked, id=7808, stack(0x0000007accf00000,0x0000007acd000000)]
  0x000001da02521800 JavaThread "jar transforms" [_thread_blocked, id=13336, stack(0x0000007acd000000,0x0000007acd100000)]
  0x000001da02520000 JavaThread "Cache worker for file content cache (C:\Users\Lenovo\AndroidStudioProjects\Mb1\caches\7.4\fileContent)" [_thread_blocked, id=1844, stack(0x0000007acd100000,0x0000007acd200000)]
  0x000001da02527800 JavaThread "jar transforms Thread 2" [_thread_blocked, id=14768, stack(0x0000007acd200000,0x0000007acd300000)]
  0x000001da02528000 JavaThread "Cache worker for dependencies-accessors (D:\EDaanLogin\.gradle\7.4\dependencies-accessors)" [_thread_blocked, id=4852, stack(0x0000007acd300000,0x0000007acd400000)]
  0x000001da02529000 JavaThread "jar transforms Thread 3" [_thread_blocked, id=2196, stack(0x0000007acd400000,0x0000007acd500000)]
  0x000001da02524000 JavaThread "Cache worker for Build Output Cleanup Cache (D:\EDaanLogin\.gradle\buildOutputCleanup)" [_thread_blocked, id=1448, stack(0x0000007acd500000,0x0000007acd600000)]
  0x000001da0252a000 JavaThread "Unconstrained build operations" [_thread_blocked, id=13624, stack(0x0000007acd600000,0x0000007acd700000)]
  0x000001da0252b800 JavaThread "Unconstrained build operations Thread 2" [_thread_blocked, id=7100, stack(0x0000007acd700000,0x0000007acd800000)]
  0x000001da0252a800 JavaThread "Unconstrained build operations Thread 3" [_thread_blocked, id=7340, stack(0x0000007acd800000,0x0000007acd900000)]
  0x000001da0252c000 JavaThread "Unconstrained build operations Thread 4" [_thread_blocked, id=15188, stack(0x0000007acd900000,0x0000007acda00000)]
  0x000001da0252e800 JavaThread "Unconstrained build operations Thread 5" [_thread_blocked, id=2052, stack(0x0000007acda00000,0x0000007acdb00000)]
  0x000001da0252d000 JavaThread "Unconstrained build operations Thread 6" [_thread_blocked, id=4368, stack(0x0000007acdb00000,0x0000007acdc00000)]
  0x000001da0252e000 JavaThread "Unconstrained build operations Thread 7" [_thread_blocked, id=6596, stack(0x0000007acdc00000,0x0000007acdd00000)]
  0x000001da04a16800 JavaThread "Unconstrained build operations Thread 8" [_thread_blocked, id=13348, stack(0x0000007acdd00000,0x0000007acde00000)]
  0x000001da04a18000 JavaThread "Unconstrained build operations Thread 9" [_thread_blocked, id=12444, stack(0x0000007acde00000,0x0000007acdf00000)]
  0x000001da04a15800 JavaThread "Unconstrained build operations Thread 10" [_thread_blocked, id=4044, stack(0x0000007acdf00000,0x0000007ace000000)]
  0x000001da04a14800 JavaThread "Unconstrained build operations Thread 11" [_thread_blocked, id=5116, stack(0x0000007ace000000,0x0000007ace100000)]
  0x000001da04a17000 JavaThread "Unconstrained build operations Thread 12" [_thread_blocked, id=6688, stack(0x0000007ace100000,0x0000007ace200000)]
  0x000001da04a18800 JavaThread "Unconstrained build operations Thread 13" [_thread_blocked, id=2224, stack(0x0000007ace200000,0x0000007ace300000)]
  0x000001da04a19800 JavaThread "Unconstrained build operations Thread 14" [_thread_blocked, id=6764, stack(0x0000007ace300000,0x0000007ace400000)]
  0x000001da04a14000 JavaThread "Unconstrained build operations Thread 15" [_thread_blocked, id=14020, stack(0x0000007ace400000,0x0000007ace500000)]
  0x000001da04a1d000 JavaThread "Unconstrained build operations Thread 16" [_thread_blocked, id=12640, stack(0x0000007ace500000,0x0000007ace600000)]
  0x000001da04a1e800 JavaThread "Unconstrained build operations Thread 17" [_thread_blocked, id=6364, stack(0x0000007ace600000,0x0000007ace700000)]
  0x000001da04a1c000 JavaThread "Unconstrained build operations Thread 18" [_thread_blocked, id=8736, stack(0x0000007ace700000,0x0000007ace800000)]
  0x000001da04a1b000 JavaThread "Unconstrained build operations Thread 19" [_thread_blocked, id=436, stack(0x0000007ace800000,0x0000007ace900000)]
  0x000001da04a1d800 JavaThread "Unconstrained build operations Thread 20" [_thread_blocked, id=7884, stack(0x0000007ace900000,0x0000007acea00000)]
  0x000001da04a1a800 JavaThread "Unconstrained build operations Thread 21" [_thread_blocked, id=14148, stack(0x0000007acea00000,0x0000007aceb00000)]
  0x000001da04a1f000 JavaThread "Unconstrained build operations Thread 22" [_thread_blocked, id=10324, stack(0x0000007aceb00000,0x0000007acec00000)]
  0x000001da04a20000 JavaThread "Unconstrained build operations Thread 23" [_thread_blocked, id=1384, stack(0x0000007acec00000,0x0000007aced00000)]
  0x000001da04a21800 JavaThread "Unconstrained build operations Thread 24" [_thread_blocked, id=7628, stack(0x0000007aced00000,0x0000007acee00000)]
  0x000001da04a21000 JavaThread "Unconstrained build operations Thread 25" [_thread_blocked, id=7256, stack(0x0000007acee00000,0x0000007acef00000)]
  0x000001da04a22800 JavaThread "Unconstrained build operations Thread 26" [_thread_blocked, id=16100, stack(0x0000007acef00000,0x0000007acf000000)]
  0x000001da0461b800 JavaThread "Unconstrained build operations Thread 27" [_thread_blocked, id=7332, stack(0x0000007acf000000,0x0000007acf100000)]
  0x000001da04620800 JavaThread "Unconstrained build operations Thread 28" [_thread_blocked, id=12720, stack(0x0000007acf100000,0x0000007acf200000)]
  0x000001da0461a800 JavaThread "Unconstrained build operations Thread 29" [_thread_blocked, id=15652, stack(0x0000007acf200000,0x0000007acf300000)]
  0x000001da04621000 JavaThread "Unconstrained build operations Thread 30" [_thread_blocked, id=1636, stack(0x0000007acf300000,0x0000007acf400000)]
  0x000001da0461e800 JavaThread "Unconstrained build operations Thread 31" [_thread_blocked, id=15428, stack(0x0000007acf400000,0x0000007acf500000)]
  0x000001da0461f800 JavaThread "Unconstrained build operations Thread 32" [_thread_blocked, id=1200, stack(0x0000007acf500000,0x0000007acf600000)]
  0x000001da04622000 JavaThread "Unconstrained build operations Thread 33" [_thread_blocked, id=14964, stack(0x0000007acf600000,0x0000007acf700000)]
  0x000001da0461c800 JavaThread "Unconstrained build operations Thread 34" [_thread_blocked, id=5160, stack(0x0000007acf700000,0x0000007acf800000)]
  0x000001da04623000 JavaThread "Unconstrained build operations Thread 35" [_thread_blocked, id=2808, stack(0x0000007acf800000,0x0000007acf900000)]
  0x000001da0461d000 JavaThread "Unconstrained build operations Thread 36" [_thread_blocked, id=7172, stack(0x0000007acf900000,0x0000007acfa00000)]
  0x000001da04623800 JavaThread "Unconstrained build operations Thread 37" [_thread_blocked, id=15880, stack(0x0000007acfa00000,0x0000007acfb00000)]
  0x000001da0461e000 JavaThread "Unconstrained build operations Thread 38" [_thread_blocked, id=13972, stack(0x0000007acfb00000,0x0000007acfc00000)]
  0x000001da04627800 JavaThread "Unconstrained build operations Thread 39" [_thread_blocked, id=3388, stack(0x0000007acfc00000,0x0000007acfd00000)]
  0x000001da04628800 JavaThread "Unconstrained build operations Thread 40" [_thread_blocked, id=6684, stack(0x0000007acfd00000,0x0000007acfe00000)]
  0x000001da04625800 JavaThread "jar transforms Thread 4" [_thread_blocked, id=7964, stack(0x0000007acfe00000,0x0000007acff00000)]
  0x000001da04629800 JavaThread "Memory manager" [_thread_blocked, id=15532, stack(0x0000007acff00000,0x0000007ad0000000)]
  0x000001da04624800 JavaThread "build event listener" [_thread_blocked, id=11000, stack(0x0000007ad0000000,0x0000007ad0100000)]
  0x000001da04627000 JavaThread "pool-3-thread-1" [_thread_blocked, id=7400, stack(0x0000007ad0100000,0x0000007ad0200000)]
  0x000001da048a8000 JavaThread "build event listener" [_thread_blocked, id=14204, stack(0x0000007ad0200000,0x0000007ad0300000)]
  0x000001da048ad000 JavaThread "included builds" [_thread_blocked, id=6412, stack(0x0000007ad0300000,0x0000007ad0400000)]
  0x000001da048a7800 JavaThread "Execution worker for ':'" [_thread_in_vm, id=10328, stack(0x0000007ad0400000,0x0000007ad0500000)]
  0x000001da048af000 JavaThread "Execution worker for ':' Thread 2" [_thread_blocked, id=3096, stack(0x0000007ad0500000,0x0000007ad0600000)]
  0x000001da048a9000 JavaThread "Execution worker for ':' Thread 3" [_thread_blocked, id=8732, stack(0x0000007ad0600000,0x0000007ad0700000)]
  0x000001da048aa800 JavaThread "Cache worker for execution history cache (D:\EDaanLogin\.gradle\7.4\executionHistory)" [_thread_blocked, id=11408, stack(0x0000007ad0700000,0x0000007ad0800000)]

Other Threads:
  0x000001da7ddd8000 VMThread "VM Thread" [stack: 0x0000007acac00000,0x0000007acad00000] [id=11948]
  0x000001da7e8c4800 WatcherThread [stack: 0x0000007acb700000,0x0000007acb800000] [id=11340]
  0x000001da641e7000 GCTaskThread "GC Thread#0" [stack: 0x0000007aca700000,0x0000007aca800000] [id=12668]
  0x000001da7eeaf800 GCTaskThread "GC Thread#1" [stack: 0x0000007acb900000,0x0000007acba00000] [id=6820]
  0x000001da01e1b000 GCTaskThread "GC Thread#2" [stack: 0x0000007acc400000,0x0000007acc500000] [id=15472]
  0x000001da01551800 GCTaskThread "GC Thread#3" [stack: 0x0000007acc500000,0x0000007acc600000] [id=10776]
  0x000001da64220000 ConcurrentGCThread "G1 Main Marker" [stack: 0x0000007aca800000,0x0000007aca900000] [id=11844]
  0x000001da64222800 ConcurrentGCThread "G1 Conc#0" [stack: 0x0000007aca900000,0x0000007acaa00000] [id=14040]
  0x000001da7dc30800 ConcurrentGCThread "G1 Refine#0" [stack: 0x0000007acaa00000,0x0000007acab00000] [id=11740]
  0x000001da642a6000 ConcurrentGCThread "G1 Young RemSet Sampling" [stack: 0x0000007acab00000,0x0000007acac00000] [id=14432]

Threads with active compile tasks:
C2 CompilerThread0   8345 7861       4       org.gradle.internal.reflect.JavaPropertyReflectionUtil::resolveMethodReturnType (44 bytes)
C2 CompilerThread1   8345 7526 %     4       org.gradle.internal.instantiation.generator.AbstractClassGenerator::inspectType @ 107 (560 bytes)

VM state:not at safepoint (normal execution)

VM Mutex/Monitor currently owned by a thread: None

Heap address: 0x0000000080000000, size: 2048 MB, Compressed Oops mode: 32-bit
Narrow klass base: 0x0000000000000000, Narrow klass shift: 3
Compressed class space size: 1073741824 Address: 0x0000000100000000

Heap:
 garbage-first heap   total 220160K, used 154923K [0x0000000080000000, 0x0000000100000000)
  region size 1024K, 103 young (105472K), 6 survivors (6144K)
 Metaspace       used 82716K, capacity 84562K, committed 84764K, reserved 1122304K
  class space    used 10614K, capacity 11302K, committed 11340K, reserved 1048576K
Heap Regions: E=young(eden), S=young(survivor), O=old, HS=humongous(starts), HC=humongous(continues), CS=collection set, F=free, A=archive, TAMS=top-at-mark-start (previous, next)
|   0|0x0000000080000000, 0x0000000080100000, 0x0000000080100000|100%|HS|  |TAMS 0x0000000080100000, 0x0000000080000000| Complete 
|   1|0x0000000080100000, 0x0000000080200000, 0x0000000080200000|100%|HC|  |TAMS 0x0000000080200000, 0x0000000080100000| Complete 
|   2|0x0000000080200000, 0x0000000080300000, 0x0000000080300000|100%|HC|  |TAMS 0x0000000080300000, 0x0000000080200000| Complete 
|   3|0x0000000080300000, 0x0000000080400000, 0x0000000080400000|100%| O|  |TAMS 0x0000000080400000, 0x0000000080300000| Untracked 
|   4|0x0000000080400000, 0x0000000080500000, 0x0000000080500000|100%| O|  |TAMS 0x0000000080500000, 0x0000000080400000| Untracked 
|   5|0x0000000080500000, 0x0000000080600000, 0x0000000080600000|100%| O|  |TAMS 0x0000000080600000, 0x0000000080500000| Untracked 
|   6|0x0000000080600000, 0x0000000080700000, 0x0000000080700000|100%| O|  |TAMS 0x0000000080700000, 0x0000000080600000| Untracked 
|   7|0x0000000080700000, 0x0000000080800000, 0x0000000080800000|100%| O|  |TAMS 0x0000000080800000, 0x0000000080700000| Untracked 
|   8|0x0000000080800000, 0x0000000080900000, 0x0000000080900000|100%| O|  |TAMS 0x0000000080900000, 0x0000000080800000| Untracked 
|   9|0x0000000080900000, 0x0000000080a00000, 0x0000000080a00000|100%| O|  |TAMS 0x0000000080a00000, 0x0000000080900000| Untracked 
|  10|0x0000000080a00000, 0x0000000080b00000, 0x0000000080b00000|100%| O|  |TAMS 0x0000000080b00000, 0x0000000080a00000| Untracked 
|  11|0x0000000080b00000, 0x0000000080c00000, 0x0000000080c00000|100%| O|  |TAMS 0x0000000080c00000, 0x0000000080b00000| Untracked 
|  12|0x0000000080c00000, 0x0000000080d00000, 0x0000000080d00000|100%| O|  |TAMS 0x0000000080d00000, 0x0000000080c00000| Untracked 
|  13|0x0000000080d00000, 0x0000000080e00000, 0x0000000080e00000|100%| O|  |TAMS 0x0000000080e00000, 0x0000000080d00000| Untracked 
|  14|0x0000000080e00000, 0x0000000080f00000, 0x0000000080f00000|100%| O|  |TAMS 0x0000000080f00000, 0x0000000080e00000| Untracked 
|  15|0x0000000080f00000, 0x0000000081000000, 0x0000000081000000|100%| O|  |TAMS 0x0000000081000000, 0x0000000080f00000| Untracked 
|  16|0x0000000081000000, 0x0000000081100000, 0x0000000081100000|100%|HS|  |TAMS 0x0000000081100000, 0x0000000081000000| Complete 
|  17|0x0000000081100000, 0x0000000081200000, 0x0000000081200000|100%| O|  |TAMS 0x0000000081200000, 0x0000000081100000| Untracked 
|  18|0x0000000081200000, 0x0000000081300000, 0x0000000081300000|100%| O|  |TAMS 0x0000000081300000, 0x0000000081200000| Untracked 
|  19|0x0000000081300000, 0x0000000081400000, 0x0000000081400000|100%| O|  |TAMS 0x0000000081400000, 0x0000000081300000| Untracked 
|  20|0x0000000081400000, 0x0000000081500000, 0x0000000081500000|100%| O|  |TAMS 0x0000000081500000, 0x0000000081400000| Untracked 
|  21|0x0000000081500000, 0x0000000081600000, 0x0000000081600000|100%| O|  |TAMS 0x0000000081600000, 0x0000000081500000| Untracked 
|  22|0x0000000081600000, 0x0000000081700000, 0x0000000081700000|100%| O|  |TAMS 0x0000000081700000, 0x0000000081600000| Untracked 
|  23|0x0000000081700000, 0x0000000081800000, 0x0000000081800000|100%|HS|  |TAMS 0x0000000081800000, 0x0000000081700000| Complete 
|  24|0x0000000081800000, 0x0000000081900000, 0x0000000081900000|100%| O|  |TAMS 0x0000000081900000, 0x0000000081800000| Untracked 
|  25|0x0000000081900000, 0x0000000081a00000, 0x0000000081a00000|100%|HS|  |TAMS 0x0000000081a00000, 0x0000000081900000| Complete 
|  26|0x0000000081a00000, 0x0000000081b00000, 0x0000000081b00000|100%|HC|  |TAMS 0x0000000081b00000, 0x0000000081a00000| Complete 
|  27|0x0000000081b00000, 0x0000000081c00000, 0x0000000081c00000|100%| O|  |TAMS 0x0000000081c00000, 0x0000000081b00000| Untracked 
|  28|0x0000000081c00000, 0x0000000081d00000, 0x0000000081d00000|100%| O|  |TAMS 0x0000000081d00000, 0x0000000081c00000| Untracked 
|  29|0x0000000081d00000, 0x0000000081e00000, 0x0000000081e00000|100%| O|  |TAMS 0x0000000081e00000, 0x0000000081d00000| Untracked 
|  30|0x0000000081e00000, 0x0000000081f00000, 0x0000000081f00000|100%| O|  |TAMS 0x0000000081f00000, 0x0000000081e00000| Untracked 
|  31|0x0000000081f00000, 0x0000000082000000, 0x0000000082000000|100%| O|  |TAMS 0x0000000082000000, 0x0000000081f00000| Untracked 
|  32|0x0000000082000000, 0x0000000082100000, 0x0000000082100000|100%| O|  |TAMS 0x0000000082100000, 0x0000000082000000| Untracked 
|  33|0x0000000082100000, 0x0000000082200000, 0x0000000082200000|100%| O|  |TAMS 0x0000000082200000, 0x0000000082100000| Untracked 
|  34|0x0000000082200000, 0x0000000082300000, 0x0000000082300000|100%| O|  |TAMS 0x0000000082300000, 0x0000000082200000| Untracked 
|  35|0x0000000082300000, 0x0000000082400000, 0x0000000082400000|100%| O|  |TAMS 0x0000000082400000, 0x0000000082300000| Untracked 
|  36|0x0000000082400000, 0x0000000082500000, 0x0000000082500000|100%| O|  |TAMS 0x0000000082500000, 0x0000000082400000| Untracked 
|  37|0x0000000082500000, 0x0000000082600000, 0x0000000082600000|100%| O|  |TAMS 0x0000000082600000, 0x0000000082500000| Untracked 
|  38|0x0000000082600000, 0x0000000082700000, 0x0000000082700000|100%| O|  |TAMS 0x0000000082700000, 0x0000000082600000| Untracked 
|  39|0x0000000082700000, 0x0000000082800000, 0x0000000082800000|100%| O|  |TAMS 0x0000000082800000, 0x0000000082700000| Untracked 
|  40|0x0000000082800000, 0x0000000082900000, 0x0000000082900000|100%| O|  |TAMS 0x0000000082900000, 0x0000000082800000| Untracked 
|  41|0x0000000082900000, 0x0000000082a00000, 0x0000000082a00000|100%| O|  |TAMS 0x0000000082a00000, 0x0000000082900000| Untracked 
|  42|0x0000000082a00000, 0x0000000082b00000, 0x0000000082b00000|100%| O|  |TAMS 0x0000000082a7ae00, 0x0000000082a00000| Untracked 
|  43|0x0000000082b00000, 0x0000000082c00000, 0x0000000082c00000|100%| O|  |TAMS 0x0000000082b00000, 0x0000000082b00000| Untracked 
|  44|0x0000000082c00000, 0x0000000082d00000, 0x0000000082d00000|100%| O|  |TAMS 0x0000000082c00000, 0x0000000082c00000| Untracked 
|  45|0x0000000082d00000, 0x0000000082e00000, 0x0000000082e00000|100%| O|  |TAMS 0x0000000082d00000, 0x0000000082d00000| Untracked 
|  46|0x0000000082e00000, 0x0000000082f00000, 0x0000000082f00000|100%| O|  |TAMS 0x0000000082e00000, 0x0000000082e00000| Untracked 
|  47|0x0000000082f00000, 0x0000000083000000, 0x0000000083000000|100%| O|  |TAMS 0x0000000082f00000, 0x0000000082f00000| Untracked 
|  48|0x0000000083000000, 0x0000000083100000, 0x0000000083100000|100%| O|  |TAMS 0x0000000083000000, 0x0000000083000000| Untracked 
|  49|0x0000000083100000, 0x0000000083200000, 0x0000000083200000|100%| O|  |TAMS 0x0000000083100000, 0x0000000083100000| Untracked 
|  50|0x0000000083200000, 0x00000000832a1600, 0x0000000083300000| 63%| O|  |TAMS 0x0000000083200000, 0x0000000083200000| Untracked 
|  51|0x0000000083300000, 0x0000000083300000, 0x0000000083400000|  0%| F|  |TAMS 0x0000000083300000, 0x0000000083300000| Untracked 
|  52|0x0000000083400000, 0x0000000083400000, 0x0000000083500000|  0%| F|  |TAMS 0x0000000083400000, 0x0000000083400000| Untracked 
|  53|0x0000000083500000, 0x0000000083500000, 0x0000000083600000|  0%| F|  |TAMS 0x0000000083500000, 0x0000000083500000| Untracked 
|  54|0x0000000083600000, 0x0000000083600000, 0x0000000083700000|  0%| F|  |TAMS 0x0000000083600000, 0x0000000083600000| Untracked 
|  55|0x0000000083700000, 0x0000000083700000, 0x0000000083800000|  0%| F|  |TAMS 0x0000000083700000, 0x0000000083700000| Untracked 
|  56|0x0000000083800000, 0x0000000083800000, 0x0000000083900000|  0%| F|  |TAMS 0x0000000083800000, 0x0000000083800000| Untracked 
|  57|0x0000000083900000, 0x0000000083900000, 0x0000000083a00000|  0%| F|  |TAMS 0x0000000083900000, 0x0000000083900000| Untracked 
|  58|0x0000000083a00000, 0x0000000083a00000, 0x0000000083b00000|  0%| F|  |TAMS 0x0000000083a00000, 0x0000000083a00000| Untracked 
|  59|0x0000000083b00000, 0x0000000083b00000, 0x0000000083c00000|  0%| F|  |TAMS 0x0000000083b00000, 0x0000000083b00000| Untracked 
|  60|0x0000000083c00000, 0x0000000083c00000, 0x0000000083d00000|  0%| F|  |TAMS 0x0000000083c00000, 0x0000000083c00000| Untracked 
|  61|0x0000000083d00000, 0x0000000083d00000, 0x0000000083e00000|  0%| F|  |TAMS 0x0000000083d00000, 0x0000000083d00000| Untracked 
|  62|0x0000000083e00000, 0x0000000083e00000, 0x0000000083f00000|  0%| F|  |TAMS 0x0000000083e00000, 0x0000000083e00000| Untracked 
|  63|0x0000000083f00000, 0x0000000083f00000, 0x0000000084000000|  0%| F|  |TAMS 0x0000000083f00000, 0x0000000083f00000| Untracked 
|  64|0x0000000084000000, 0x0000000084000000, 0x0000000084100000|  0%| F|  |TAMS 0x0000000084000000, 0x0000000084000000| Untracked 
|  65|0x0000000084100000, 0x0000000084100000, 0x0000000084200000|  0%| F|  |TAMS 0x0000000084100000, 0x0000000084100000| Untracked 
|  66|0x0000000084200000, 0x0000000084200000, 0x0000000084300000|  0%| F|  |TAMS 0x0000000084200000, 0x0000000084200000| Untracked 
|  67|0x0000000084300000, 0x0000000084300000, 0x0000000084400000|  0%| F|  |TAMS 0x0000000084300000, 0x0000000084300000| Untracked 
|  68|0x0000000084400000, 0x0000000084400000, 0x0000000084500000|  0%| F|  |TAMS 0x0000000084400000, 0x0000000084400000| Untracked 
|  69|0x0000000084500000, 0x0000000084500000, 0x0000000084600000|  0%| F|  |TAMS 0x0000000084500000, 0x0000000084500000| Untracked 
|  70|0x0000000084600000, 0x0000000084600000, 0x0000000084700000|  0%| F|  |TAMS 0x0000000084600000, 0x0000000084600000| Untracked 
|  71|0x0000000084700000, 0x0000000084700000, 0x0000000084800000|  0%| F|  |TAMS 0x0000000084700000, 0x0000000084700000| Untracked 
|  72|0x0000000084800000, 0x0000000084800000, 0x0000000084900000|  0%| F|  |TAMS 0x0000000084800000, 0x0000000084800000| Untracked 
|  73|0x0000000084900000, 0x0000000084900000, 0x0000000084a00000|  0%| F|  |TAMS 0x0000000084900000, 0x0000000084900000| Untracked 
|  74|0x0000000084a00000, 0x0000000084a00000, 0x0000000084b00000|  0%| F|  |TAMS 0x0000000084a00000, 0x0000000084a00000| Untracked 
|  75|0x0000000084b00000, 0x0000000084b00000, 0x0000000084c00000|  0%| F|  |TAMS 0x0000000084b00000, 0x0000000084b00000| Untracked 
|  76|0x0000000084c00000, 0x0000000084c00000, 0x0000000084d00000|  0%| F|  |TAMS 0x0000000084c00000, 0x0000000084c00000| Untracked 
|  77|0x0000000084d00000, 0x0000000084d00000, 0x0000000084e00000|  0%| F|  |TAMS 0x0000000084d00000, 0x0000000084d00000| Untracked 
|  78|0x0000000084e00000, 0x0000000084e00000, 0x0000000084f00000|  0%| F|  |TAMS 0x0000000084e00000, 0x0000000084e00000| Untracked 
|  79|0x0000000084f00000, 0x0000000084f00000, 0x0000000085000000|  0%| F|  |TAMS 0x0000000084f00000, 0x0000000084f00000| Untracked 
|  80|0x0000000085000000, 0x0000000085000000, 0x0000000085100000|  0%| F|  |TAMS 0x0000000085000000, 0x0000000085000000| Untracked 
|  81|0x0000000085100000, 0x0000000085100000, 0x0000000085200000|  0%| F|  |TAMS 0x0000000085100000, 0x0000000085100000| Untracked 
|  82|0x0000000085200000, 0x0000000085200000, 0x0000000085300000|  0%| F|  |TAMS 0x0000000085200000, 0x0000000085200000| Untracked 
|  83|0x0000000085300000, 0x0000000085300000, 0x0000000085400000|  0%| F|  |TAMS 0x0000000085300000, 0x0000000085300000| Untracked 
|  84|0x0000000085400000, 0x0000000085400000, 0x0000000085500000|  0%| F|  |TAMS 0x0000000085400000, 0x0000000085400000| Untracked 
|  85|0x0000000085500000, 0x0000000085500000, 0x0000000085600000|  0%| F|  |TAMS 0x0000000085500000, 0x0000000085500000| Untracked 
|  86|0x0000000085600000, 0x00000000856a9980, 0x0000000085700000| 66%| S|CS|TAMS 0x0000000085600000, 0x0000000085600000| Complete 
|  87|0x0000000085700000, 0x0000000085800000, 0x0000000085800000|100%| S|CS|TAMS 0x0000000085700000, 0x0000000085700000| Complete 
|  88|0x0000000085800000, 0x0000000085900000, 0x0000000085900000|100%| S|CS|TAMS 0x0000000085800000, 0x0000000085800000| Complete 
|  89|0x0000000085900000, 0x0000000085a00000, 0x0000000085a00000|100%| S|CS|TAMS 0x0000000085900000, 0x0000000085900000| Complete 
|  90|0x0000000085a00000, 0x0000000085b00000, 0x0000000085b00000|100%| S|CS|TAMS 0x0000000085a00000, 0x0000000085a00000| Complete 
|  91|0x0000000085b00000, 0x0000000085c00000, 0x0000000085c00000|100%| S|CS|TAMS 0x0000000085b00000, 0x0000000085b00000| Complete 
|  92|0x0000000085c00000, 0x0000000085c00000, 0x0000000085d00000|  0%| F|  |TAMS 0x0000000085c00000, 0x0000000085c00000| Untracked 
|  93|0x0000000085d00000, 0x0000000085d00000, 0x0000000085e00000|  0%| F|  |TAMS 0x0000000085d00000, 0x0000000085d00000| Untracked 
|  94|0x0000000085e00000, 0x0000000085e00000, 0x0000000085f00000|  0%| F|  |TAMS 0x0000000085e00000, 0x0000000085e00000| Untracked 
|  95|0x0000000085f00000, 0x0000000085f00000, 0x0000000086000000|  0%| F|  |TAMS 0x0000000085f00000, 0x0000000085f00000| Untracked 
|  96|0x0000000086000000, 0x0000000086000000, 0x0000000086100000|  0%| F|  |TAMS 0x0000000086000000, 0x0000000086000000| Untracked 
|  97|0x0000000086100000, 0x0000000086100000, 0x0000000086200000|  0%| F|  |TAMS 0x0000000086100000, 0x0000000086100000| Untracked 
|  98|0x0000000086200000, 0x0000000086200000, 0x0000000086300000|  0%| F|  |TAMS 0x0000000086200000, 0x0000000086200000| Untracked 
|  99|0x0000000086300000, 0x0000000086300000, 0x0000000086400000|  0%| F|  |TAMS 0x0000000086300000, 0x0000000086300000| Untracked 
| 100|0x0000000086400000, 0x0000000086400000, 0x0000000086500000|  0%| F|  |TAMS 0x0000000086400000, 0x0000000086400000| Untracked 
| 101|0x0000000086500000, 0x0000000086500000, 0x0000000086600000|  0%| F|  |TAMS 0x0000000086500000, 0x0000000086500000| Untracked 
| 102|0x0000000086600000, 0x0000000086600000, 0x0000000086700000|  0%| F|  |TAMS 0x0000000086600000, 0x0000000086600000| Untracked 
| 103|0x0000000086700000, 0x0000000086700000, 0x0000000086800000|  0%| F|  |TAMS 0x0000000086700000, 0x0000000086700000| Untracked 
| 104|0x0000000086800000, 0x0000000086800000, 0x0000000086900000|  0%| F|  |TAMS 0x0000000086800000, 0x0000000086800000| Untracked 
| 105|0x0000000086900000, 0x0000000086900000, 0x0000000086a00000|  0%| F|  |TAMS 0x0000000086900000, 0x0000000086900000| Untracked 
| 106|0x0000000086a00000, 0x0000000086a00000, 0x0000000086b00000|  0%| F|  |TAMS 0x0000000086a00000, 0x0000000086a00000| Untracked 
| 107|0x0000000086b00000, 0x0000000086b00000, 0x0000000086c00000|  0%| F|  |TAMS 0x0000000086b00000, 0x0000000086b00000| Untracked 
| 108|0x0000000086c00000, 0x0000000086c00000, 0x0000000086d00000|  0%| F|  |TAMS 0x0000000086c00000, 0x0000000086c00000| Untracked 
| 109|0x0000000086d00000, 0x0000000086d00000, 0x0000000086e00000|  0%| F|  |TAMS 0x0000000086d00000, 0x0000000086d00000| Untracked 
| 110|0x0000000086e00000, 0x0000000086e00000, 0x0000000086f00000|  0%| F|  |TAMS 0x0000000086e00000, 0x0000000086e00000| Untracked 
| 111|0x0000000086f00000, 0x0000000086f00000, 0x0000000087000000|  0%| F|  |TAMS 0x0000000086f00000, 0x0000000086f00000| Untracked 
| 112|0x0000000087000000, 0x0000000087000000, 0x0000000087100000|  0%| F|  |TAMS 0x0000000087000000, 0x0000000087000000| Untracked 
| 113|0x0000000087100000, 0x0000000087100000, 0x0000000087200000|  0%| F|  |TAMS 0x0000000087100000, 0x0000000087100000| Untracked 
| 114|0x0000000087200000, 0x0000000087200000, 0x0000000087300000|  0%| F|  |TAMS 0x0000000087200000, 0x0000000087200000| Untracked 
| 115|0x0000000087300000, 0x0000000087300000, 0x0000000087400000|  0%| F|  |TAMS 0x0000000087300000, 0x0000000087300000| Untracked 
| 116|0x0000000087400000, 0x0000000087400000, 0x0000000087500000|  0%| F|  |TAMS 0x0000000087400000, 0x0000000087400000| Untracked 
| 117|0x0000000087500000, 0x0000000087500000, 0x0000000087600000|  0%| F|  |TAMS 0x0000000087500000, 0x0000000087500000| Untracked 
| 118|0x0000000087600000, 0x0000000087681580, 0x0000000087700000| 50%| E|  |TAMS 0x0000000087600000, 0x0000000087600000| Complete 
| 119|0x0000000087700000, 0x0000000087800000, 0x0000000087800000|100%| E|CS|TAMS 0x0000000087700000, 0x0000000087700000| Complete 
| 120|0x0000000087800000, 0x0000000087900000, 0x0000000087900000|100%| E|CS|TAMS 0x0000000087800000, 0x0000000087800000| Complete 
| 121|0x0000000087900000, 0x0000000087a00000, 0x0000000087a00000|100%| E|CS|TAMS 0x0000000087900000, 0x0000000087900000| Complete 
| 122|0x0000000087a00000, 0x0000000087b00000, 0x0000000087b00000|100%| E|CS|TAMS 0x0000000087a00000, 0x0000000087a00000| Complete 
| 123|0x0000000087b00000, 0x0000000087c00000, 0x0000000087c00000|100%| E|CS|TAMS 0x0000000087b00000, 0x0000000087b00000| Complete 
| 124|0x0000000087c00000, 0x0000000087d00000, 0x0000000087d00000|100%| E|CS|TAMS 0x0000000087c00000, 0x0000000087c00000| Complete 
| 125|0x0000000087d00000, 0x0000000087e00000, 0x0000000087e00000|100%| E|CS|TAMS 0x0000000087d00000, 0x0000000087d00000| Complete 
| 126|0x0000000087e00000, 0x0000000087f00000, 0x0000000087f00000|100%| E|CS|TAMS 0x0000000087e00000, 0x0000000087e00000| Complete 
| 127|0x0000000087f00000, 0x0000000088000000, 0x0000000088000000|100%| E|CS|TAMS 0x0000000087f00000, 0x0000000087f00000| Complete 
| 128|0x0000000088000000, 0x0000000088100000, 0x0000000088100000|100%| E|CS|TAMS 0x0000000088000000, 0x0000000088000000| Complete 
| 129|0x0000000088100000, 0x0000000088200000, 0x0000000088200000|100%| E|CS|TAMS 0x0000000088100000, 0x0000000088100000| Complete 
| 130|0x0000000088200000, 0x0000000088300000, 0x0000000088300000|100%| E|CS|TAMS 0x0000000088200000, 0x0000000088200000| Complete 
| 131|0x0000000088300000, 0x0000000088400000, 0x0000000088400000|100%| E|CS|TAMS 0x0000000088300000, 0x0000000088300000| Complete 
| 132|0x0000000088400000, 0x0000000088500000, 0x0000000088500000|100%| E|CS|TAMS 0x0000000088400000, 0x0000000088400000| Complete 
| 133|0x0000000088500000, 0x0000000088600000, 0x0000000088600000|100%| E|CS|TAMS 0x0000000088500000, 0x0000000088500000| Complete 
| 134|0x0000000088600000, 0x0000000088700000, 0x0000000088700000|100%| E|CS|TAMS 0x0000000088600000, 0x0000000088600000| Complete 
| 135|0x0000000088700000, 0x0000000088800000, 0x0000000088800000|100%| E|  |TAMS 0x0000000088700000, 0x0000000088700000| Complete 
| 136|0x0000000088800000, 0x0000000088900000, 0x0000000088900000|100%| E|CS|TAMS 0x0000000088800000, 0x0000000088800000| Complete 
| 137|0x0000000088900000, 0x0000000088a00000, 0x0000000088a00000|100%| E|CS|TAMS 0x0000000088900000, 0x0000000088900000| Complete 
| 138|0x0000000088a00000, 0x0000000088b00000, 0x0000000088b00000|100%| E|CS|TAMS 0x0000000088a00000, 0x0000000088a00000| Complete 
| 139|0x0000000088b00000, 0x0000000088c00000, 0x0000000088c00000|100%| E|CS|TAMS 0x0000000088b00000, 0x0000000088b00000| Complete 
| 140|0x0000000088c00000, 0x0000000088d00000, 0x0000000088d00000|100%| E|CS|TAMS 0x0000000088c00000, 0x0000000088c00000| Complete 
| 141|0x0000000088d00000, 0x0000000088e00000, 0x0000000088e00000|100%| E|CS|TAMS 0x0000000088d00000, 0x0000000088d00000| Complete 
| 142|0x0000000088e00000, 0x0000000088f00000, 0x0000000088f00000|100%| E|CS|TAMS 0x0000000088e00000, 0x0000000088e00000| Complete 
| 143|0x0000000088f00000, 0x0000000089000000, 0x0000000089000000|100%| E|CS|TAMS 0x0000000088f00000, 0x0000000088f00000| Complete 
| 144|0x0000000089000000, 0x0000000089100000, 0x0000000089100000|100%| E|CS|TAMS 0x0000000089000000, 0x0000000089000000| Complete 
| 145|0x0000000089100000, 0x0000000089200000, 0x0000000089200000|100%| E|CS|TAMS 0x0000000089100000, 0x0000000089100000| Complete 
| 146|0x0000000089200000, 0x0000000089300000, 0x0000000089300000|100%| E|CS|TAMS 0x0000000089200000, 0x0000000089200000| Complete 
| 147|0x0000000089300000, 0x0000000089400000, 0x0000000089400000|100%| E|CS|TAMS 0x0000000089300000, 0x0000000089300000| Complete 
| 148|0x0000000089400000, 0x0000000089500000, 0x0000000089500000|100%| E|CS|TAMS 0x0000000089400000, 0x0000000089400000| Complete 
| 149|0x0000000089500000, 0x0000000089600000, 0x0000000089600000|100%| E|CS|TAMS 0x0000000089500000, 0x0000000089500000| Complete 
| 150|0x0000000089600000, 0x0000000089700000, 0x0000000089700000|100%| E|CS|TAMS 0x0000000089600000, 0x0000000089600000| Complete 
| 151|0x0000000089700000, 0x0000000089800000, 0x0000000089800000|100%| E|CS|TAMS 0x0000000089700000, 0x0000000089700000| Complete 
| 152|0x0000000089800000, 0x0000000089900000, 0x0000000089900000|100%| E|CS|TAMS 0x0000000089800000, 0x0000000089800000| Complete 
| 153|0x0000000089900000, 0x0000000089a00000, 0x0000000089a00000|100%| E|CS|TAMS 0x0000000089900000, 0x0000000089900000| Complete 
| 154|0x0000000089a00000, 0x0000000089b00000, 0x0000000089b00000|100%| E|CS|TAMS 0x0000000089a00000, 0x0000000089a00000| Complete 
| 155|0x0000000089b00000, 0x0000000089c00000, 0x0000000089c00000|100%| E|CS|TAMS 0x0000000089b00000, 0x0000000089b00000| Complete 
| 156|0x0000000089c00000, 0x0000000089d00000, 0x0000000089d00000|100%| E|CS|TAMS 0x0000000089c00000, 0x0000000089c00000| Complete 
| 157|0x0000000089d00000, 0x0000000089e00000, 0x0000000089e00000|100%| E|CS|TAMS 0x0000000089d00000, 0x0000000089d00000| Complete 
| 158|0x0000000089e00000, 0x0000000089f00000, 0x0000000089f00000|100%| E|CS|TAMS 0x0000000089e00000, 0x0000000089e00000| Complete 
| 159|0x0000000089f00000, 0x000000008a000000, 0x000000008a000000|100%| E|CS|TAMS 0x0000000089f00000, 0x0000000089f00000| Complete 
| 160|0x000000008a000000, 0x000000008a100000, 0x000000008a100000|100%| E|CS|TAMS 0x000000008a000000, 0x000000008a000000| Complete 
| 161|0x000000008a100000, 0x000000008a200000, 0x000000008a200000|100%| E|CS|TAMS 0x000000008a100000, 0x000000008a100000| Complete 
| 162|0x000000008a200000, 0x000000008a300000, 0x000000008a300000|100%| E|CS|TAMS 0x000000008a200000, 0x000000008a200000| Complete 
| 163|0x000000008a300000, 0x000000008a400000, 0x000000008a400000|100%| E|CS|TAMS 0x000000008a300000, 0x000000008a300000| Complete 
| 164|0x000000008a400000, 0x000000008a500000, 0x000000008a500000|100%| E|CS|TAMS 0x000000008a400000, 0x000000008a400000| Complete 
| 165|0x000000008a500000, 0x000000008a600000, 0x000000008a600000|100%| E|CS|TAMS 0x000000008a500000, 0x000000008a500000| Complete 
| 166|0x000000008a600000, 0x000000008a700000, 0x000000008a700000|100%| E|CS|TAMS 0x000000008a600000, 0x000000008a600000| Complete 
| 167|0x000000008a700000, 0x000000008a800000, 0x000000008a800000|100%| E|CS|TAMS 0x000000008a700000, 0x000000008a700000| Complete 
| 168|0x000000008a800000, 0x000000008a900000, 0x000000008a900000|100%| E|CS|TAMS 0x000000008a800000, 0x000000008a800000| Complete 
| 169|0x000000008a900000, 0x000000008aa00000, 0x000000008aa00000|100%| E|CS|TAMS 0x000000008a900000, 0x000000008a900000| Complete 
| 170|0x000000008aa00000, 0x000000008ab00000, 0x000000008ab00000|100%| E|CS|TAMS 0x000000008aa00000, 0x000000008aa00000| Complete 
| 171|0x000000008ab00000, 0x000000008ac00000, 0x000000008ac00000|100%| E|CS|TAMS 0x000000008ab00000, 0x000000008ab00000| Complete 
| 172|0x000000008ac00000, 0x000000008ad00000, 0x000000008ad00000|100%| E|CS|TAMS 0x000000008ac00000, 0x000000008ac00000| Complete 
| 173|0x000000008ad00000, 0x000000008ae00000, 0x000000008ae00000|100%| E|CS|TAMS 0x000000008ad00000, 0x000000008ad00000| Complete 
| 174|0x000000008ae00000, 0x000000008af00000, 0x000000008af00000|100%| E|CS|TAMS 0x000000008ae00000, 0x000000008ae00000| Complete 
| 175|0x000000008af00000, 0x000000008b000000, 0x000000008b000000|100%| E|CS|TAMS 0x000000008af00000, 0x000000008af00000| Complete 
| 176|0x000000008b000000, 0x000000008b100000, 0x000000008b100000|100%| E|CS|TAMS 0x000000008b000000, 0x000000008b000000| Complete 
| 177|0x000000008b100000, 0x000000008b200000, 0x000000008b200000|100%| E|CS|TAMS 0x000000008b100000, 0x000000008b100000| Complete 
| 178|0x000000008b200000, 0x000000008b300000, 0x000000008b300000|100%| E|CS|TAMS 0x000000008b200000, 0x000000008b200000| Complete 
| 179|0x000000008b300000, 0x000000008b400000, 0x000000008b400000|100%| E|CS|TAMS 0x000000008b300000, 0x000000008b300000| Complete 
| 180|0x000000008b400000, 0x000000008b500000, 0x000000008b500000|100%| E|CS|TAMS 0x000000008b400000, 0x000000008b400000| Complete 
| 181|0x000000008b500000, 0x000000008b600000, 0x000000008b600000|100%| E|CS|TAMS 0x000000008b500000, 0x000000008b500000| Complete 
| 182|0x000000008b600000, 0x000000008b700000, 0x000000008b700000|100%| E|CS|TAMS 0x000000008b600000, 0x000000008b600000| Complete 
| 183|0x000000008b700000, 0x000000008b800000, 0x000000008b800000|100%| E|CS|TAMS 0x000000008b700000, 0x000000008b700000| Complete 
| 184|0x000000008b800000, 0x000000008b900000, 0x000000008b900000|100%| E|CS|TAMS 0x000000008b800000, 0x000000008b800000| Complete 
| 185|0x000000008b900000, 0x000000008ba00000, 0x000000008ba00000|100%| E|CS|TAMS 0x000000008b900000, 0x000000008b900000| Complete 
| 186|0x000000008ba00000, 0x000000008bb00000, 0x000000008bb00000|100%| E|CS|TAMS 0x000000008ba00000, 0x000000008ba00000| Complete 
| 187|0x000000008bb00000, 0x000000008bc00000, 0x000000008bc00000|100%| E|CS|TAMS 0x000000008bb00000, 0x000000008bb00000| Complete 
| 188|0x000000008bc00000, 0x000000008bd00000, 0x000000008bd00000|100%| E|CS|TAMS 0x000000008bc00000, 0x000000008bc00000| Complete 
| 189|0x000000008bd00000, 0x000000008be00000, 0x000000008be00000|100%| E|CS|TAMS 0x000000008bd00000, 0x000000008bd00000| Complete 
| 190|0x000000008be00000, 0x000000008bf00000, 0x000000008bf00000|100%| E|CS|TAMS 0x000000008be00000, 0x000000008be00000| Complete 
| 191|0x000000008bf00000, 0x000000008c000000, 0x000000008c000000|100%| E|CS|TAMS 0x000000008bf00000, 0x000000008bf00000| Complete 
| 192|0x000000008c000000, 0x000000008c100000, 0x000000008c100000|100%| E|CS|TAMS 0x000000008c000000, 0x000000008c000000| Complete 
| 193|0x000000008c100000, 0x000000008c200000, 0x000000008c200000|100%| E|CS|TAMS 0x000000008c100000, 0x000000008c100000| Complete 
| 194|0x000000008c200000, 0x000000008c300000, 0x000000008c300000|100%| E|CS|TAMS 0x000000008c200000, 0x000000008c200000| Complete 
| 195|0x000000008c300000, 0x000000008c400000, 0x000000008c400000|100%| E|CS|TAMS 0x000000008c300000, 0x000000008c300000| Complete 
| 196|0x000000008c400000, 0x000000008c500000, 0x000000008c500000|100%| E|CS|TAMS 0x000000008c400000, 0x000000008c400000| Complete 
| 197|0x000000008c500000, 0x000000008c600000, 0x000000008c600000|100%| E|CS|TAMS 0x000000008c500000, 0x000000008c500000| Complete 
| 198|0x000000008c600000, 0x000000008c700000, 0x000000008c700000|100%| E|CS|TAMS 0x000000008c600000, 0x000000008c600000| Complete 
| 199|0x000000008c700000, 0x000000008c800000, 0x000000008c800000|100%| E|CS|TAMS 0x000000008c700000, 0x000000008c700000| Complete 
| 200|0x000000008c800000, 0x000000008c900000, 0x000000008c900000|100%| E|CS|TAMS 0x000000008c800000, 0x000000008c800000| Complete 
| 201|0x000000008c900000, 0x000000008ca00000, 0x000000008ca00000|100%| E|CS|TAMS 0x000000008c900000, 0x000000008c900000| Complete 
| 202|0x000000008ca00000, 0x000000008cb00000, 0x000000008cb00000|100%| E|CS|TAMS 0x000000008ca00000, 0x000000008ca00000| Complete 
| 203|0x000000008cb00000, 0x000000008cc00000, 0x000000008cc00000|100%| E|CS|TAMS 0x000000008cb00000, 0x000000008cb00000| Complete 
| 204|0x000000008cc00000, 0x000000008cd00000, 0x000000008cd00000|100%| E|CS|TAMS 0x000000008cc00000, 0x000000008cc00000| Complete 
| 205|0x000000008cd00000, 0x000000008ce00000, 0x000000008ce00000|100%| E|CS|TAMS 0x000000008cd00000, 0x000000008cd00000| Complete 
| 206|0x000000008ce00000, 0x000000008cf00000, 0x000000008cf00000|100%| E|CS|TAMS 0x000000008ce00000, 0x000000008ce00000| Complete 
| 207|0x000000008cf00000, 0x000000008d000000, 0x000000008d000000|100%| E|CS|TAMS 0x000000008cf00000, 0x000000008cf00000| Complete 
| 208|0x000000008d000000, 0x000000008d100000, 0x000000008d100000|100%| E|CS|TAMS 0x000000008d000000, 0x000000008d000000| Complete 
| 209|0x000000008d100000, 0x000000008d200000, 0x000000008d200000|100%| E|CS|TAMS 0x000000008d100000, 0x000000008d100000| Complete 
| 210|0x000000008d200000, 0x000000008d300000, 0x000000008d300000|100%| E|CS|TAMS 0x000000008d200000, 0x000000008d200000| Complete 
| 211|0x000000008d300000, 0x000000008d400000, 0x000000008d400000|100%| E|CS|TAMS 0x000000008d300000, 0x000000008d300000| Complete 
| 212|0x000000008d400000, 0x000000008d500000, 0x000000008d500000|100%| E|CS|TAMS 0x000000008d400000, 0x000000008d400000| Complete 
| 213|0x000000008d500000, 0x000000008d600000, 0x000000008d600000|100%| E|CS|TAMS 0x000000008d500000, 0x000000008d500000| Complete 
| 214|0x000000008d600000, 0x000000008d700000, 0x000000008d700000|100%| E|CS|TAMS 0x000000008d600000, 0x000000008d600000| Complete 

Card table byte_map: [0x000001da770f0000,0x000001da774f0000] _byte_map_base: 0x000001da76cf0000

Marking Bits (Prev, Next): (CMBitMap*) 0x000001da642176b8, (CMBitMap*) 0x000001da642176f0
 Prev Bits: [0x000001da778f0000, 0x000001da798f0000)
 Next Bits: [0x000001da798f0000, 0x000001da7b8f0000)

Polling page: 0x000001da62190000

Metaspace:

Usage:
  Non-class:     71.55 MB capacity,    70.43 MB ( 98%) used,   939.37 KB (  1%) free+waste,   206.31 KB ( <1%) overhead. 
      Class:     11.04 MB capacity,    10.37 MB ( 94%) used,   589.88 KB (  5%) free+waste,    94.69 KB ( <1%) overhead. 
       Both:     82.59 MB capacity,    80.81 MB ( 98%) used,     1.49 MB (  2%) free+waste,   301.00 KB ( <1%) overhead. 

Virtual space:
  Non-class space:       72.00 MB reserved,      71.70 MB (>99%) committed 
      Class space:        1.00 GB reserved,      11.07 MB (  1%) committed 
             Both:        1.07 GB reserved,      82.78 MB (  8%) committed 

Chunk freelists:
   Non-Class:  26.00 KB
       Class:  21.00 KB
        Both:  47.00 KB

MaxMetaspaceSize: 17179869184.00 GB
CompressedClassSpaceSize: 1.00 GB
Initial GC threshold: 20.80 MB
Current GC threshold: 110.25 MB
CDS: off

CodeHeap 'non-profiled nmethods': size=120064Kb used=4514Kb max_used=4514Kb free=115549Kb
 bounds [0x000001da6f7b0000, 0x000001da6fc20000, 0x000001da76cf0000]
CodeHeap 'profiled nmethods': size=120000Kb used=16476Kb max_used=16476Kb free=103523Kb
 bounds [0x000001da68280000, 0x000001da692a0000, 0x000001da6f7b0000]
CodeHeap 'non-nmethods': size=5696Kb used=2372Kb max_used=2412Kb free=3324Kb
 bounds [0x000001da67cf0000, 0x000001da67f60000, 0x000001da68280000]
 total_blobs=8726 nmethods=7847 adapters=790
 compilation: enabled
              stopped_count=0, restarted_count=0
 full_count=0

Compilation events (20 events):
Event: 8.314 Thread 0x000001da7de0d000 nmethod 7874 0x000001da69284590 code [0x000001da69284780, 0x000001da69284be8]
Event: 8.316 Thread 0x000001da7de0d000 7875       3       java.lang.invoke.MethodHandles::identity (87 bytes)
Event: 8.317 Thread 0x000001da7de0d000 nmethod 7875 0x000001da69284d90 code [0x000001da69285180, 0x000001da69286f08]
Event: 8.318 Thread 0x000001da7de0d000 7876       3       java.lang.invoke.MethodHandles::constant (87 bytes)
Event: 8.318 Thread 0x000001da7de0d000 nmethod 7876 0x000001da69287910 code [0x000001da69287c20, 0x000001da69288af8]
Event: 8.320 Thread 0x000001da7de0d000 7877       3       java.security.MessageDigest$Delegate::clone (60 bytes)
Event: 8.321 Thread 0x000001da7de0d000 nmethod 7877 0x000001da69289010 code [0x000001da69289220, 0x000001da692899d8]
Event: 8.321 Thread 0x000001da7de0d000 7878       3       sun.security.provider.DigestBase::clone (24 bytes)
Event: 8.321 Thread 0x000001da7de0d000 nmethod 7878 0x000001da69289c10 code [0x000001da69289e20, 0x000001da6928a4a8]
Event: 8.321 Thread 0x000001da7de0d000 7879       3       java.security.MessageDigestSpi::clone (20 bytes)
Event: 8.321 Thread 0x000001da7de0d000 nmethod 7879 0x000001da6928a690 code [0x000001da6928a860, 0x000001da6928ab98]
Event: 8.321 Thread 0x000001da7de0d000 7880       3       sun.security.provider.MD5::clone (32 bytes)
Event: 8.322 Thread 0x000001da7de0d000 nmethod 7880 0x000001da6928ac90 code [0x000001da6928aee0, 0x000001da6928b9b8]
Event: 8.322 Thread 0x000001da7de0d000 7881       3       org.gradle.internal.hash.Hashing$MessageDigestHashFunction::newPrimitiveHasher (14 bytes)
Event: 8.322 Thread 0x000001da7de0d000 nmethod 7881 0x000001da6928bc10 code [0x000001da6928be20, 0x000001da6928c448]
Event: 8.322 Thread 0x000001da7de0d000 7882   !   3       org.gradle.internal.hash.Hashing$CloningMessageDigestHashFunction::createDigest (21 bytes)
Event: 8.322 Thread 0x000001da7de0d000 nmethod 7882 0x000001da6928c690 code [0x000001da6928c860, 0x000001da6928cbf8]
Event: 8.322 Thread 0x000001da7de0d000 7883       3       org.gradle.internal.hash.Hashing$MessageDigestHasher::<init> (25 bytes)
Event: 8.322 Thread 0x000001da7de0d000 nmethod 7883 0x000001da6928cd90 code [0x000001da6928cf80, 0x000001da6928d438]
Event: 8.328 Thread 0x000001da7de0d000 7884   !   3       java.io.ObjectStreamClass::lookup (334 bytes)

GC Heap History (20 events):
Event: 1.652 GC heap before
{Heap before GC invocations=3 (full 0):
 garbage-first heap   total 126976K, used 51500K [0x0000000080000000, 0x0000000100000000)
  region size 1024K, 41 young (41984K), 2 survivors (2048K)
 Metaspace       used 17378K, capacity 17753K, committed 18048K, reserved 1064960K
  class space    used 2009K, capacity 2115K, committed 2176K, reserved 1048576K
}
Event: 1.658 GC heap after
{Heap after GC invocations=4 (full 0):
 garbage-first heap   total 126976K, used 16236K [0x0000000080000000, 0x0000000100000000)
  region size 1024K, 6 young (6144K), 6 survivors (6144K)
 Metaspace       used 17378K, capacity 17753K, committed 18048K, reserved 1064960K
  class space    used 2009K, capacity 2115K, committed 2176K, reserved 1048576K
}
Event: 1.884 GC heap before
{Heap before GC invocations=4 (full 0):
 garbage-first heap   total 126976K, used 49004K [0x0000000080000000, 0x0000000100000000)
  region size 1024K, 39 young (39936K), 6 survivors (6144K)
 Metaspace       used 20771K, capacity 21193K, committed 21296K, reserved 1069056K
  class space    used 2524K, capacity 2688K, committed 2688K, reserved 1048576K
}
Event: 1.891 GC heap after
{Heap after GC invocations=5 (full 0):
 garbage-first heap   total 152576K, used 17512K [0x0000000080000000, 0x0000000100000000)
  region size 1024K, 2 young (2048K), 2 survivors (2048K)
 Metaspace       used 20771K, capacity 21193K, committed 21296K, reserved 1069056K
  class space    used 2524K, capacity 2688K, committed 2688K, reserved 1048576K
}
Event: 2.409 GC heap before
{Heap before GC invocations=6 (full 0):
 garbage-first heap   total 152576K, used 79976K [0x0000000080000000, 0x0000000100000000)
  region size 1024K, 63 young (64512K), 2 survivors (2048K)
 Metaspace       used 26962K, capacity 27547K, committed 27776K, reserved 1073152K
  class space    used 3495K, capacity 3708K, committed 3712K, reserved 1048576K
}
Event: 2.414 GC heap after
{Heap after GC invocations=7 (full 0):
 garbage-first heap   total 152576K, used 19364K [0x0000000080000000, 0x0000000100000000)
  region size 1024K, 4 young (4096K), 4 survivors (4096K)
 Metaspace       used 26962K, capacity 27547K, committed 27776K, reserved 1073152K
  class space    used 3495K, capacity 3708K, committed 3712K, reserved 1048576K
}
Event: 2.971 GC heap before
{Heap before GC invocations=7 (full 0):
 garbage-first heap   total 152576K, used 74660K [0x0000000080000000, 0x0000000100000000)
  region size 1024K, 59 young (60416K), 4 survivors (4096K)
 Metaspace       used 35203K, capacity 35977K, committed 36048K, reserved 1081344K
  class space    used 4527K, capacity 4840K, committed 4864K, reserved 1048576K
}
Event: 2.980 GC heap after
{Heap after GC invocations=8 (full 0):
 garbage-first heap   total 152576K, used 22849K [0x0000000080000000, 0x0000000100000000)
  region size 1024K, 7 young (7168K), 7 survivors (7168K)
 Metaspace       used 35203K, capacity 35977K, committed 36048K, reserved 1081344K
  class space    used 4527K, capacity 4840K, committed 4864K, reserved 1048576K
}
Event: 3.738 GC heap before
{Heap before GC invocations=9 (full 0):
 garbage-first heap   total 152576K, used 109889K [0x0000000080000000, 0x0000000100000000)
  region size 1024K, 89 young (91136K), 7 survivors (7168K)
 Metaspace       used 41854K, capacity 42914K, committed 43164K, reserved 1087488K
  class space    used 5324K, capacity 5730K, committed 5836K, reserved 1048576K
}
Event: 3.752 GC heap after
{Heap after GC invocations=10 (full 0):
 garbage-first heap   total 152576K, used 28859K [0x0000000080000000, 0x0000000100000000)
  region size 1024K, 12 young (12288K), 12 survivors (12288K)
 Metaspace       used 41854K, capacity 42914K, committed 43164K, reserved 1087488K
  class space    used 5324K, capacity 5730K, committed 5836K, reserved 1048576K
}
Event: 4.448 GC heap before
{Heap before GC invocations=10 (full 0):
 garbage-first heap   total 152576K, used 108731K [0x0000000080000000, 0x0000000100000000)
  region size 1024K, 89 young (91136K), 12 survivors (12288K)
 Metaspace       used 47919K, capacity 49134K, committed 49308K, reserved 1091584K
  class space    used 6074K, capacity 6503K, committed 6604K, reserved 1048576K
}
Event: 4.465 GC heap after
{Heap after GC invocations=11 (full 0):
 garbage-first heap   total 183296K, used 31531K [0x0000000080000000, 0x0000000100000000)
  region size 1024K, 9 young (9216K), 9 survivors (9216K)
 Metaspace       used 47919K, capacity 49134K, committed 49308K, reserved 1091584K
  class space    used 6074K, capacity 6503K, committed 6604K, reserved 1048576K
}
Event: 5.400 GC heap before
{Heap before GC invocations=11 (full 0):
 garbage-first heap   total 183296K, used 134955K [0x0000000080000000, 0x0000000100000000)
  region size 1024K, 106 young (108544K), 9 survivors (9216K)
 Metaspace       used 57887K, capacity 59279K, committed 59420K, reserved 1101824K
  class space    used 7217K, capacity 7734K, committed 7756K, reserved 1048576K
}
Event: 5.412 GC heap after
{Heap after GC invocations=12 (full 0):
 garbage-first heap   total 183296K, used 43818K [0x0000000080000000, 0x0000000100000000)
  region size 1024K, 12 young (12288K), 12 survivors (12288K)
 Metaspace       used 57887K, capacity 59279K, committed 59420K, reserved 1101824K
  class space    used 7217K, capacity 7734K, committed 7756K, reserved 1048576K
}
Event: 5.520 GC heap before
{Heap before GC invocations=12 (full 0):
 garbage-first heap   total 183296K, used 52010K [0x0000000080000000, 0x0000000100000000)
  region size 1024K, 21 young (21504K), 12 survivors (12288K)
 Metaspace       used 59146K, capacity 60490K, committed 60636K, reserved 1101824K
  class space    used 7404K, capacity 7926K, committed 8012K, reserved 1048576K
}
Event: 5.535 GC heap after
{Heap after GC invocations=13 (full 0):
 garbage-first heap   total 183296K, used 44947K [0x0000000080000000, 0x0000000100000000)
  region size 1024K, 2 young (2048K), 2 survivors (2048K)
 Metaspace       used 59146K, capacity 60490K, committed 60636K, reserved 1101824K
  class space    used 7404K, capacity 7926K, committed 8012K, reserved 1048576K
}
Event: 6.430 GC heap before
{Heap before GC invocations=14 (full 0):
 garbage-first heap   total 183296K, used 147347K [0x0000000080000000, 0x0000000100000000)
  region size 1024K, 95 young (97280K), 2 survivors (2048K)
 Metaspace       used 66132K, capacity 67673K, committed 67740K, reserved 1107968K
  class space    used 8313K, capacity 8853K, committed 8908K, reserved 1048576K
}
Event: 6.443 GC heap after
{Heap after GC invocations=15 (full 0):
 garbage-first heap   total 183296K, used 52046K [0x0000000080000000, 0x0000000100000000)
  region size 1024K, 9 young (9216K), 9 survivors (9216K)
 Metaspace       used 66132K, capacity 67673K, committed 67740K, reserved 1107968K
  class space    used 8313K, capacity 8853K, committed 8908K, reserved 1048576K
}
Event: 7.256 GC heap before
{Heap before GC invocations=16 (full 0):
 garbage-first heap   total 183296K, used 141134K [0x0000000080000000, 0x0000000100000000)
  region size 1024K, 96 young (98304K), 9 survivors (9216K)
 Metaspace       used 72890K, capacity 74510K, committed 74780K, reserved 1114112K
  class space    used 9355K, capacity 9968K, committed 10060K, reserved 1048576K
}
Event: 7.272 GC heap after
{Heap after GC invocations=17 (full 0):
 garbage-first heap   total 220160K, used 57643K [0x0000000080000000, 0x0000000100000000)
  region size 1024K, 6 young (6144K), 6 survivors (6144K)
 Metaspace       used 72890K, capacity 74510K, committed 74780K, reserved 1114112K
  class space    used 9355K, capacity 9968K, committed 10060K, reserved 1048576K
}

Deoptimization events (20 events):
Event: 8.122 Thread 0x000001da01053800 Uncommon trap: trap_request=0xffffff4d fr.pc=0x000001da6fba4c98 relative=0x00000000000027f8
Event: 8.122 Thread 0x000001da01053800 Uncommon trap: reason=unstable_if action=reinterpret pc=0x000001da6fba4c98 method=java.util.TreeMap.put(Ljava/lang/Object;Ljava/lang/Object;)Ljava/lang/Object; @ 163 c2
Event: 8.122 Thread 0x000001da01053800 DEOPT PACKING pc=0x000001da6fba4c98 sp=0x0000007acbffb4a0
Event: 8.122 Thread 0x000001da01053800 DEOPT UNPACKING pc=0x000001da67cf85af sp=0x0000007acbffb460 mode 2
Event: 8.297 Thread 0x000001da048a7800 Uncommon trap: trap_request=0xffffffc6 fr.pc=0x000001da6f91a6c4 relative=0x00000000000002c4
Event: 8.297 Thread 0x000001da048a7800 Uncommon trap: reason=bimorphic_or_optimized_type_check action=maybe_recompile pc=0x000001da6f91a6c4 method=java.util.Spliterators$IteratorSpliterator.tryAdvance(Ljava/util/function/Consumer;)Z @ 50 c2
Event: 8.297 Thread 0x000001da048a7800 DEOPT PACKING pc=0x000001da6f91a6c4 sp=0x0000007ad04fe7a0
Event: 8.297 Thread 0x000001da048a7800 DEOPT UNPACKING pc=0x000001da67cf85af sp=0x0000007ad04fe730 mode 2
Event: 8.297 Thread 0x000001da048a7800 Uncommon trap: trap_request=0xffffffc6 fr.pc=0x000001da6f91a6c4 relative=0x00000000000002c4
Event: 8.297 Thread 0x000001da048a7800 Uncommon trap: reason=bimorphic_or_optimized_type_check action=maybe_recompile pc=0x000001da6f91a6c4 method=java.util.Spliterators$IteratorSpliterator.tryAdvance(Ljava/util/function/Consumer;)Z @ 50 c2
Event: 8.297 Thread 0x000001da048a7800 DEOPT PACKING pc=0x000001da6f91a6c4 sp=0x0000007ad04fe7a0
Event: 8.297 Thread 0x000001da048a7800 DEOPT UNPACKING pc=0x000001da67cf85af sp=0x0000007ad04fe730 mode 2
Event: 8.297 Thread 0x000001da048a7800 Uncommon trap: trap_request=0xffffffc6 fr.pc=0x000001da6f91a6c4 relative=0x00000000000002c4
Event: 8.297 Thread 0x000001da048a7800 Uncommon trap: reason=bimorphic_or_optimized_type_check action=maybe_recompile pc=0x000001da6f91a6c4 method=java.util.Spliterators$IteratorSpliterator.tryAdvance(Ljava/util/function/Consumer;)Z @ 50 c2
Event: 8.297 Thread 0x000001da048a7800 DEOPT PACKING pc=0x000001da6f91a6c4 sp=0x0000007ad04fe7a0
Event: 8.297 Thread 0x000001da048a7800 DEOPT UNPACKING pc=0x000001da67cf85af sp=0x0000007ad04fe730 mode 2
Event: 8.297 Thread 0x000001da048a7800 Uncommon trap: trap_request=0xffffffc6 fr.pc=0x000001da6f91a6c4 relative=0x00000000000002c4
Event: 8.297 Thread 0x000001da048a7800 Uncommon trap: reason=bimorphic_or_optimized_type_check action=maybe_recompile pc=0x000001da6f91a6c4 method=java.util.Spliterators$IteratorSpliterator.tryAdvance(Ljava/util/function/Consumer;)Z @ 50 c2
Event: 8.297 Thread 0x000001da048a7800 DEOPT PACKING pc=0x000001da6f91a6c4 sp=0x0000007ad04fe7a0
Event: 8.297 Thread 0x000001da048a7800 DEOPT UNPACKING pc=0x000001da67cf85af sp=0x0000007ad04fe730 mode 2

Classes redefined (0 events):
No events

Internal exceptions (20 events):
Event: 7.182 Thread 0x000001da01053800 Exception <a 'java/lang/ClassNotFoundException'{0x000000008623b368}: com/android/build/gradle/internal/api/BaseVariantOutputImplCustomizer> (0x000000008623b368) thrown at [./src/hotspot/share/classfile/systemDictionary.cpp, line 231]
Event: 7.183 Thread 0x000001da01053800 Exception <a 'java/lang/ClassNotFoundException'{0x000000008626a9c8}: com/android/build/gradle/internal/api/ApkVariantOutputImplCustomizer> (0x000000008626a9c8) thrown at [./src/hotspot/share/classfile/systemDictionary.cpp, line 231]
Event: 7.184 Thread 0x000001da01053800 Exception <a 'java/lang/ClassNotFoundException'{0x0000000086296a00}: com/android/build/gradle/internal/api/ApkVariantOutputImpl_DecoratedCustomizer> (0x0000000086296a00) thrown at [./src/hotspot/share/classfile/systemDictionary.cpp, line 231]
Event: 7.194 Thread 0x000001da01053800 Exception <a 'java/lang/NoClassDefFoundError'{0x0000000086003d18}: org/jetbrains/kotlin/gradle/plugin/KotlinBasePluginWrapper> (0x0000000086003d18) thrown at [./src/hotspot/share/classfile/systemDictionary.cpp, line 220]
Event: 7.535 Thread 0x000001da01053800 Exception <a 'java/lang/NoSuchMethodError'{0x000000008bfba480}: 'java.lang.Object java.lang.invoke.Invokers$Holder.linkToTargetMethod(java.lang.Object, int, java.lang.Object)'> (0x000000008bfba480) thrown at [./src/hotspot/share/interpreter/linkResolver.cpp, line 773]
Event: 7.652 Thread 0x000001da01053800 Exception <a 'sun/nio/fs/WindowsException'{0x000000008b553860}> (0x000000008b553860) thrown at [./src/hotspot/share/prims/jni.cpp, line 616]
Event: 7.731 Thread 0x000001da01053800 Exception <a 'java/lang/NullPointerException'{0x000000008ab7e7d8}> (0x000000008ab7e7d8) thrown at [./src/hotspot/share/interpreter/linkResolver.cpp, line 1440]
Event: 7.798 Thread 0x000001da01053800 Implicit null exception at 0x000001da6fb6152c to 0x000001da6fb62e80
Event: 7.915 Thread 0x000001da01053800 Exception <a 'java/lang/NoSuchMethodError'{0x0000000089a3adc8}: 'int java.lang.invoke.DirectMethodHandle$Holder.invokeStatic(java.lang.Object, java.lang.Object, int, java.lang.Object)'> (0x0000000089a3adc8) thrown at [./src/hotspot/share/interpreter/linkResolver.cpp, line 773]
Event: 7.955 Thread 0x000001da01053800 Exception <a 'sun/nio/fs/WindowsException'{0x000000008996ae60}> (0x000000008996ae60) thrown at [./src/hotspot/share/prims/jni.cpp, line 616]
Event: 7.956 Thread 0x000001da01053800 Exception <a 'sun/nio/fs/WindowsException'{0x000000008996c200}> (0x000000008996c200) thrown at [./src/hotspot/share/prims/jni.cpp, line 616]
Event: 7.956 Thread 0x000001da01053800 Exception <a 'sun/nio/fs/WindowsException'{0x000000008996d5d8}> (0x000000008996d5d8) thrown at [./src/hotspot/share/prims/jni.cpp, line 616]
Event: 7.956 Thread 0x000001da01053800 Exception <a 'sun/nio/fs/WindowsException'{0x000000008996e9b0}> (0x000000008996e9b0) thrown at [./src/hotspot/share/prims/jni.cpp, line 616]
Event: 8.143 Thread 0x000001da01053800 Exception <a 'java/lang/NoSuchMethodError'{0x0000000088968a00}: 'java.lang.Object java.lang.invoke.Invokers$Holder.linkToTargetMethod(java.lang.Object, java.lang.Object, java.lang.Object, int, java.lang.Object, java.lang.Object)'> (0x0000000088968a00) thrown at [./src/hotspot/share/interpreter/linkResolver.cpp, line 773]
Event: 8.232 Thread 0x000001da01053800 Exception <a 'java/lang/NoSuchMethodError'{0x0000000087ff8720}: <clinit>> (0x0000000087ff8720) thrown at [./src/hotspot/share/prims/jni.cpp, line 1366]
Event: 8.239 Thread 0x000001da01053800 Exception <a 'java/lang/NoSuchMethodError'{0x0000000087e43228}: <clinit>> (0x0000000087e43228) thrown at [./src/hotspot/share/prims/jni.cpp, line 1366]
Event: 8.242 Thread 0x000001da01053800 Exception <a 'java/lang/NoSuchMethodError'{0x0000000087e75380}: 'void java.lang.invoke.DirectMethodHandle$Holder.invokeSpecial(java.lang.Object, java.lang.Object, java.lang.Object, int)'> (0x0000000087e75380) thrown at [./src/hotspot/share/interpreter/linkResolver.cpp, line 773]
Event: 8.266 Thread 0x000001da01053800 Exception <a 'sun/nio/fs/WindowsException'{0x0000000087c8c0a8}> (0x0000000087c8c0a8) thrown at [./src/hotspot/share/prims/jni.cpp, line 616]
Event: 8.329 Thread 0x000001da0156a000 Exception <a 'java/lang/NoSuchMethodError'{0x0000000087703058}: <clinit>> (0x0000000087703058) thrown at [./src/hotspot/share/prims/jni.cpp, line 1366]
Event: 8.330 Thread 0x000001da0156a000 Exception <a 'java/lang/NoSuchMethodError'{0x000000008770d370}: <clinit>> (0x000000008770d370) thrown at [./src/hotspot/share/prims/jni.cpp, line 1366]

Events (20 events):
Event: 8.326 loading class org/gradle/tooling/internal/provider/runner/OperationDependenciesResolver
Event: 8.326 loading class org/gradle/tooling/internal/provider/runner/OperationDependenciesResolver done
Event: 8.326 loading class org/gradle/tooling/internal/protocol/events/InternalOperationDescriptor
Event: 8.326 loading class org/gradle/tooling/internal/protocol/events/InternalOperationDescriptor done
Event: 8.326 loading class org/gradle/internal/build/event/types/DefaultTaskDescriptor
Event: 8.326 loading class org/gradle/internal/build/event/types/DefaultTaskDescriptor done
Event: 8.326 Executing VM operation: RevokeBias
Event: 8.326 Executing VM operation: RevokeBias done
Event: 8.326 Executing VM operation: RevokeBias
Event: 8.327 Executing VM operation: RevokeBias done
Event: 8.327 loading class org/gradle/tooling/internal/protocol/events/InternalTaskWithExtraInfoDescriptor
Event: 8.327 loading class org/gradle/tooling/internal/protocol/events/InternalTaskWithExtraInfoDescriptor done
Event: 8.327 loading class org/gradle/tooling/internal/protocol/events/InternalTaskDescriptor
Event: 8.327 loading class org/gradle/tooling/internal/protocol/events/InternalTaskDescriptor done
Event: 8.327 loading class org/gradle/internal/build/event/types/DefaultTaskStartedProgressEvent
Event: 8.327 loading class org/gradle/internal/build/event/types/DefaultTaskStartedProgressEvent done
Event: 8.328 loading class org/gradle/internal/build/event/types/DefaultTaskFinishedProgressEvent
Event: 8.328 loading class org/gradle/internal/build/event/types/DefaultTaskFinishedProgressEvent done
Event: 8.328 loading class org/gradle/api/internal/changedetection/TaskExecutionMode
Event: 8.328 loading class org/gradle/api/internal/changedetection/TaskExecutionMode done


Dynamic libraries:
0x00007ff64a880000 - 0x00007ff64a88a000 	C:\Program Files\Android\Android Studio\jre\bin\java.exe
0x00007ffc45740000 - 0x00007ffc45949000 	C:\WINDOWS\SYSTEM32\ntdll.dll
0x00007ffc44a00000 - 0x00007ffc44abd000 	C:\WINDOWS\System32\KERNEL32.DLL
0x00007ffc431e0000 - 0x00007ffc4355c000 	C:\WINDOWS\System32\KERNELBASE.dll
0x00007ffc42c20000 - 0x00007ffc42d31000 	C:\WINDOWS\System32\ucrtbase.dll
0x00007ffc2bab0000 - 0x00007ffc2bac9000 	C:\Program Files\Android\Android Studio\jre\bin\jli.dll
0x00007ffc2bcc0000 - 0x00007ffc2bcd7000 	C:\Program Files\Android\Android Studio\jre\bin\VCRUNTIME140.dll
0x00007ffc44c90000 - 0x00007ffc44e3d000 	C:\WINDOWS\System32\USER32.dll
0x00007ffc42d40000 - 0x00007ffc42d66000 	C:\WINDOWS\System32\win32u.dll
0x00007ffc45110000 - 0x00007ffc45139000 	C:\WINDOWS\System32\GDI32.dll
0x00007ffc42d70000 - 0x00007ffc42e89000 	C:\WINDOWS\System32\gdi32full.dll
0x00007ffc430c0000 - 0x00007ffc4315d000 	C:\WINDOWS\System32\msvcp_win.dll
0x00007ffc2ac00000 - 0x00007ffc2aea5000 	C:\WINDOWS\WinSxS\amd64_microsoft.windows.common-controls_6595b64144ccf1df_6.0.22000.120_none_9d947278b86cc467\COMCTL32.dll
0x00007ffc45140000 - 0x00007ffc451e3000 	C:\WINDOWS\System32\msvcrt.dll
0x00007ffc43a20000 - 0x00007ffc43a51000 	C:\WINDOWS\System32\IMM32.DLL
0x00007ffc2b8b0000 - 0x00007ffc2b94d000 	C:\Program Files\Android\Android Studio\jre\bin\msvcp140.dll
0x00007ffbe8620000 - 0x00007ffbe9122000 	C:\Program Files\Android\Android Studio\jre\bin\server\jvm.dll
0x00007ffc44ac0000 - 0x00007ffc44b6e000 	C:\WINDOWS\System32\ADVAPI32.dll
0x00007ffc44e40000 - 0x00007ffc44ede000 	C:\WINDOWS\System32\sechost.dll
0x00007ffc43630000 - 0x00007ffc43750000 	C:\WINDOWS\System32\RPCRT4.dll
0x00007ffc45050000 - 0x00007ffc45058000 	C:\WINDOWS\System32\PSAPI.DLL
0x00007ffc3f370000 - 0x00007ffc3f379000 	C:\WINDOWS\SYSTEM32\WSOCK32.dll
0x00007ffc437b0000 - 0x00007ffc4381f000 	C:\WINDOWS\System32\WS2_32.dll
0x00007ffc38b50000 - 0x00007ffc38b83000 	C:\WINDOWS\SYSTEM32\WINMM.dll
0x00007ffc35580000 - 0x00007ffc3558a000 	C:\WINDOWS\SYSTEM32\VERSION.dll
0x00007ffc41cd0000 - 0x00007ffc41ce8000 	C:\WINDOWS\SYSTEM32\kernel.appcore.dll
0x00007ffc3bf10000 - 0x00007ffc3bf21000 	C:\Program Files\Android\Android Studio\jre\bin\verify.dll
0x00007ffc40700000 - 0x00007ffc40921000 	C:\WINDOWS\SYSTEM32\DBGHELP.DLL
0x00007ffc35590000 - 0x00007ffc355c1000 	C:\WINDOWS\SYSTEM32\dbgcore.DLL
0x00007ffc43160000 - 0x00007ffc431df000 	C:\WINDOWS\System32\bcryptPrimitives.dll
0x00007ffc3bee0000 - 0x00007ffc3bf09000 	C:\Program Files\Android\Android Studio\jre\bin\java.dll
0x00007ffc3bff0000 - 0x00007ffc3bffb000 	C:\Program Files\Android\Android Studio\jre\bin\jimage.dll
0x00007ffc351e0000 - 0x00007ffc351f8000 	C:\Program Files\Android\Android Studio\jre\bin\zip.dll
0x00007ffc44240000 - 0x00007ffc449f8000 	C:\WINDOWS\System32\SHELL32.dll
0x00007ffc40d40000 - 0x00007ffc415a8000 	C:\WINDOWS\SYSTEM32\windows.storage.dll
0x00007ffc45380000 - 0x00007ffc456f9000 	C:\WINDOWS\System32\combase.dll
0x00007ffc40bd0000 - 0x00007ffc40d36000 	C:\WINDOWS\SYSTEM32\wintypes.dll
0x00007ffc43f60000 - 0x00007ffc4404a000 	C:\WINDOWS\System32\SHCORE.dll
0x00007ffc435d0000 - 0x00007ffc4362d000 	C:\WINDOWS\System32\shlwapi.dll
0x00007ffc42b50000 - 0x00007ffc42b71000 	C:\WINDOWS\SYSTEM32\profapi.dll
0x00007ffc34540000 - 0x00007ffc3455a000 	C:\Program Files\Android\Android Studio\jre\bin\net.dll
0x00007ffc38e80000 - 0x00007ffc38f8c000 	C:\WINDOWS\SYSTEM32\WINHTTP.dll
0x00007ffc420f0000 - 0x00007ffc42157000 	C:\WINDOWS\system32\mswsock.dll
0x00007ffc33360000 - 0x00007ffc33374000 	C:\Program Files\Android\Android Studio\jre\bin\nio.dll
0x00007ffc2b9f0000 - 0x00007ffc2ba17000 	C:\Users\Lenovo\AndroidStudioProjects\Mb1\native\e1d6ef7f7dcc3fd88c89a11ec53ec762bb8ba0a96d01ffa2cd45eb1d1d8dd5c5\windows-amd64\native-platform.dll
0x00007ffc1a970000 - 0x00007ffc1aab4000 	C:\Users\Lenovo\AndroidStudioProjects\Mb1\native\0d407fdbe67a94daf76414ababcb853783967236a71b16ec16e742cd7a986fd3\windows-amd64\native-platform-file-events.dll
0x00007ffc3bf60000 - 0x00007ffc3bf6a000 	C:\Program Files\Android\Android Studio\jre\bin\management.dll
0x00007ffc3bed0000 - 0x00007ffc3bedd000 	C:\Program Files\Android\Android Studio\jre\bin\management_ext.dll
0x00007ffc423d0000 - 0x00007ffc423e8000 	C:\WINDOWS\SYSTEM32\CRYPTSP.dll
0x00007ffc41c30000 - 0x00007ffc41c65000 	C:\WINDOWS\system32\rsaenh.dll
0x00007ffc42190000 - 0x00007ffc421b9000 	C:\WINDOWS\SYSTEM32\USERENV.dll
0x00007ffc42600000 - 0x00007ffc42627000 	C:\WINDOWS\SYSTEM32\bcrypt.dll
0x00007ffc422e0000 - 0x00007ffc422ec000 	C:\WINDOWS\SYSTEM32\CRYPTBASE.dll
0x00007ffc41800000 - 0x00007ffc4182d000 	C:\WINDOWS\SYSTEM32\IPHLPAPI.DLL
0x00007ffc44050000 - 0x00007ffc44059000 	C:\WINDOWS\System32\NSI.dll
0x00007ffc38e60000 - 0x00007ffc38e79000 	C:\WINDOWS\SYSTEM32\dhcpcsvc6.DLL
0x00007ffc390c0000 - 0x00007ffc390de000 	C:\WINDOWS\SYSTEM32\dhcpcsvc.DLL
0x00007ffc41830000 - 0x00007ffc41918000 	C:\WINDOWS\SYSTEM32\DNSAPI.dll

dbghelp: loaded successfully - version: 4.0.5 - missing functions: none
symbol engine: initialized successfully - sym options: 0x614 - pdb path: .;C:\Program Files\Android\Android Studio\jre\bin;C:\WINDOWS\SYSTEM32;C:\WINDOWS\WinSxS\amd64_microsoft.windows.common-controls_6595b64144ccf1df_6.0.22000.120_none_9d947278b86cc467;C:\Program Files\Android\Android Studio\jre\bin\server;C:\Users\Lenovo\AndroidStudioProjects\Mb1\native\e1d6ef7f7dcc3fd88c89a11ec53ec762bb8ba0a96d01ffa2cd45eb1d1d8dd5c5\windows-amd64;C:\Users\Lenovo\AndroidStudioProjects\Mb1\native\0d407fdbe67a94daf76414ababcb853783967236a71b16ec16e742cd7a986fd3\windows-amd64

VM Arguments:
jvm_args: --add-opens=java.base/java.util=ALL-UNNAMED --add-opens=java.base/java.lang=ALL-UNNAMED --add-opens=java.base/java.lang.invoke=ALL-UNNAMED --add-opens=java.base/java.util=ALL-UNNAMED --add-opens=java.prefs/java.util.prefs=ALL-UNNAMED --add-opens=java.prefs/java.util.prefs=ALL-UNNAMED --add-opens=java.base/java.nio.charset=ALL-UNNAMED --add-opens=java.base/java.net=ALL-UNNAMED --add-opens=java.base/java.util.concurrent.atomic=ALL-UNNAMED -Xmx2048m -Dfile.encoding=UTF-8 -Duser.country=IN -Duser.language=en -Duser.variant 
java_command: org.gradle.launcher.daemon.bootstrap.GradleDaemon 7.4
java_class_path (initial): C:\Users\Lenovo\AndroidStudioProjects\Mb1\wrapper\dists\gradle-7.4-bin\c0gwcg53nkjbqw7r0h0umtfvt\gradle-7.4\lib\gradle-launcher-7.4.jar
Launcher Type: SUN_STANDARD

[Global flags]
     intx CICompilerCount                          = 3                                         {product} {ergonomic}
     uint ConcGCThreads                            = 1                                         {product} {ergonomic}
     uint G1ConcRefinementThreads                  = 4                                         {product} {ergonomic}
   size_t G1HeapRegionSize                         = 1048576                                   {product} {ergonomic}
    uintx GCDrainStackTargetSize                   = 64                                        {product} {ergonomic}
   size_t InitialHeapSize                          = 130023424                                 {product} {ergonomic}
   size_t MarkStackSize                            = 4194304                                   {product} {ergonomic}
   size_t MaxHeapSize                              = 2147483648                                {product} {command line}
   size_t MaxNewSize                               = 1287651328                                {product} {ergonomic}
   size_t MinHeapDeltaBytes                        = 1048576                                   {product} {ergonomic}
    uintx NonNMethodCodeHeapSize                   = 5830732                                {pd product} {ergonomic}
    uintx NonProfiledCodeHeapSize                  = 122913754                              {pd product} {ergonomic}
    uintx ProfiledCodeHeapSize                     = 122913754                              {pd product} {ergonomic}
    uintx ReservedCodeCacheSize                    = 251658240                              {pd product} {ergonomic}
     bool SegmentedCodeCache                       = true                                      {product} {ergonomic}
     bool UseCompressedClassPointers               = true                                 {lp64_product} {ergonomic}
     bool UseCompressedOops                        = true                                 {lp64_product} {ergonomic}
     bool UseG1GC                                  = true                                      {product} {ergonomic}
     bool UseLargePagesIndividualAllocation        = false                                  {pd product} {ergonomic}

Logging:
Log output configuration:
 #0: stdout all=warning uptime,level,tags
 #1: stderr all=off uptime,level,tags

Environment Variables:
PATH=D:\Python310\Scripts\;D:\Python310\;C:\ProgramData\Oracle\Java\javapath;C:\Program Files\Common Files\Oracle\Java\javapath;C:\WINDOWS\system32;C:\WINDOWS;C:\WINDOWS\System32\Wbem;C:\WINDOWS\System32\WindowsPowerShell\v1.0\;C:\WINDOWS\System32\OpenSSH\;C:\Program Files\nodejs\;C:\Program Files\Git\cmd;C:\Program Files\dotnet\;C:\Program Files\MySQL\MySQL Shell 8.0\bin\;C:\Users\Lenovo\AppData\Local\Microsoft\WindowsApps;C:\Users\Lenovo\AppData\Local\Programs\Microsoft VS Code\bin;C:\ProgramData\Lenovo\GitHubDesktop\bin;C:\Users\Lenovo\AppData\Local\GitHubDesktop\bin;C:\Program Files\JetBrains\IntelliJ IDEA Community Edition 2021.3\bin;;C:\Program Files\Java\jdk-17.0.1\bin;C:\flutter\bin;C:\Users\Lenovo\AppData\Roaming\npm;C:\Program Files\MongoDB\Server\6.0\bin;
USERNAME=Lenovo
OS=Windows_NT
PROCESSOR_IDENTIFIER=Intel64 Family 6 Model 140 Stepping 1, GenuineIntel



---------------  S Y S T E M  ---------------

OS: Windows 11 , 64 bit Build 22000 (10.0.22000.708)
OS uptime: 0 days 2:37 hours
Hyper-V role detected

CPU:total 4 (initial active 4) (2 cores per cpu, 2 threads per core) family 6 model 140 stepping 1 microcode 0x86, cmov, cx8, fxsr, mmx, sse, sse2, sse3, ssse3, sse4.1, sse4.2, popcnt, avx, avx2, aes, clmul, erms, 3dnowpref, lzcnt, ht, tsc, tscinvbit, bmi1, bmi2, adx, evex, sha, fma

Memory: 4k page, system-wide physical 7890M (952M free)
TotalPageFile size 10606M (AvailPageFile size 5M)
current process WorkingSet (physical memory assigned to process): 458M, peak: 458M
current process commit charge ("private bytes"): 485M, peak: 486M

vm_info: OpenJDK 64-Bit Server VM (11.0.13+0-b1751.21-8125866) for windows-amd64 JRE (11.0.13+0-b1751.21-8125866), built on Feb  2 2022 03:00:22 by "builder" with MS VC++ 14.0 (VS2015)

END.
