#
# There is insufficient memory for the Java Runtime Environment to continue.
# Native memory allocation (mmap) failed to map 37748736 bytes for Failed to commit area from 0x000000008b300000 to 0x000000008d700000 of length 37748736.
# Possible reasons:
#   The system is out of physical RAM or swap space
#   The process is running with CompressedOops enabled, and the Java Heap may be blocking the growth of the native heap
# Possible solutions:
#   Reduce memory load on the system
#   Increase physical memory or swap space
#   Check if swap backing store is full
#   Decrease Java heap size (-Xmx/-Xms)
#   Decrease number of Java threads
#   Decrease Java thread stack sizes (-Xss)
#   Set larger code cache with -XX:ReservedCodeCacheSize=
#   JVM is running with Unscaled Compressed Oops mode in which the Java heap is
#     placed in the first 4GB address space. The Java Heap base address is the
#     maximum limit for the native heap growth. Please use -XX:HeapBaseMinAddress
#     to set the Java Heap base and to place the Java Heap above 4GB virtual address.
# This output file may be truncated or incomplete.
#
#  Out of Memory Error (./src/hotspot/os/windows/os_windows.cpp:3619), pid=2644, tid=16068
#
# JRE version: OpenJDK Runtime Environment (11.0.13) (build 11.0.13+0-b1751.21-8125866)
# Java VM: OpenJDK 64-Bit Server VM (11.0.13+0-b1751.21-8125866, mixed mode, tiered, compressed oops, g1 gc, windows-amd64)
# No core dump will be written. Minidumps are not enabled by default on client versions of Windows
#

---------------  S U M M A R Y ------------

Command Line: --add-opens=java.base/java.util=ALL-UNNAMED --add-opens=java.base/java.lang=ALL-UNNAMED --add-opens=java.base/java.lang.invoke=ALL-UNNAMED --add-opens=java.base/java.util=ALL-UNNAMED --add-opens=java.prefs/java.util.prefs=ALL-UNNAMED --add-opens=java.prefs/java.util.prefs=ALL-UNNAMED --add-opens=java.base/java.nio.charset=ALL-UNNAMED --add-opens=java.base/java.net=ALL-UNNAMED --add-opens=java.base/java.util.concurrent.atomic=ALL-UNNAMED -Xmx2048m -Dfile.encoding=UTF-8 -Duser.country=IN -Duser.language=en -Duser.variant org.gradle.launcher.daemon.bootstrap.GradleDaemon 7.4

Host: 11th Gen Intel(R) Core(TM) i3-1115G4 @ 3.00GHz, 4 cores, 7G,  Windows 11 , 64 bit Build 22000 (10.0.22000.708)
Time: Fri Oct  7 15:01:47 2022 India Standard Time elapsed time: 8.523088 seconds (0d 0h 0m 8s)

---------------  T H R E A D  ---------------

Current thread (0x000002d4a3ae4800):  VMThread "VM Thread" [stack: 0x000000ff08c00000,0x000000ff08d00000] [id=16068]

Stack: [0x000000ff08c00000,0x000000ff08d00000]
[error occurred during error reporting (printing stack bounds), id 0xc0000005, EXCEPTION_ACCESS_VIOLATION (0xc0000005) at pc=0x000002d48d9f12e7]

Native frames: (J=compiled Java code, j=interpreted, Vv=VM code, C=native code)
V  [jvm.dll+0x6100fa]
V  [jvm.dll+0x747090]
V  [jvm.dll+0x7486ad]
V  [jvm.dll+0x748ce5]
V  [jvm.dll+0x748c9b]
V  [jvm.dll+0x60f224]
V  [jvm.dll+0x60f9b8]
C  [ntdll.dll+0xa8b1f]
C  [ntdll.dll+0x35b9a]
C  [ntdll.dll+0xa7b2e]
C  0x000002d48d9f12e7

VM_Operation (0x000000ff0a0f5340): G1CollectForAllocation, mode: safepoint, requested by thread 0x000002d4a6278800


---------------  P R O C E S S  ---------------

Threads class SMR info:
_java_thread_list=0x000002d4a4672e30, length=79, elements={
0x000002d489ecd000, 0x000002d4a3ae6800, 0x000002d4a3af1800, 0x000002d4a4472800,
0x000002d4a3b05000, 0x000002d4a3b06000, 0x000002d4a3b09000, 0x000002d4a3b15000,
0x000002d4a3b19800, 0x000002d4a45c4000, 0x000002d4a54c0000, 0x000002d4a3ad9800,
0x000002d4a6e80000, 0x000002d4a64cb800, 0x000002d4a55d5000, 0x000002d4a5219800,
0x000002d4a6278800, 0x000002d4a6279000, 0x000002d4a6d3d800, 0x000002d4a6d44800,
0x000002d4a6d3c800, 0x000002d4a6d41000, 0x000002d4a6d45800, 0x000002d4a6d43800,
0x000002d4a6d46000, 0x000002d4a6d42000, 0x000002d4a6d43000, 0x000002d4a6d40800,
0x000002d4a6d47000, 0x000002d4a7615800, 0x000002d4a7615000, 0x000002d4a7614000,
0x000002d4a7616800, 0x000002d4a7619000, 0x000002d4a761c000, 0x000002d4a761d000,
0x000002d4a761a800, 0x000002d4a761e000, 0x000002d4a7618000, 0x000002d4a761b800,
0x000002d4a761e800, 0x000002d4a761f800, 0x000002d4a761a000, 0x000002d4a7620800,
0x000002d4aa2ff000, 0x000002d4aa301000, 0x000002d4aa301800, 0x000002d4aa300000,
0x000002d4aa302800, 0x000002d4aa303000, 0x000002d4aa304000, 0x000002d4aa2fe800,
0x000002d4aa305800, 0x000002d4aa305000, 0x000002d4aa30c000, 0x000002d4aa307800,
0x000002d4aa306800, 0x000002d4aa308000, 0x000002d4aa30d000, 0x000002d4aa309000,
0x000002d4aa30a800, 0x000002d4aa30a000, 0x000002d4aa30b800, 0x000002d4a961c800,
0x000002d4a961b000, 0x000002d4a961b800, 0x000002d4a961d800, 0x000002d4a961f000,
0x000002d4a9619800, 0x000002d4a961e000, 0x000002d4a9620000, 0x000002d4a961a000,
0x000002d4a9626800, 0x000002d4a9620800, 0x000002d4a9624000, 0x000002d4a9624800,
0x000002d4a9627000, 0x000002d4a9621800, 0x000002d4a9625800
}

Java Threads: ( => current thread )
  0x000002d489ecd000 JavaThread "main" [_thread_blocked, id=5200, stack(0x000000ff08600000,0x000000ff08700000)]
  0x000002d4a3ae6800 JavaThread "Reference Handler" daemon [_thread_blocked, id=14320, stack(0x000000ff08d00000,0x000000ff08e00000)]
  0x000002d4a3af1800 JavaThread "Finalizer" daemon [_thread_blocked, id=11532, stack(0x000000ff08e00000,0x000000ff08f00000)]
  0x000002d4a4472800 JavaThread "Signal Dispatcher" daemon [_thread_blocked, id=5100, stack(0x000000ff08f00000,0x000000ff09000000)]
  0x000002d4a3b05000 JavaThread "Attach Listener" daemon [_thread_blocked, id=11620, stack(0x000000ff09000000,0x000000ff09100000)]
  0x000002d4a3b06000 JavaThread "Service Thread" daemon [_thread_blocked, id=2608, stack(0x000000ff09100000,0x000000ff09200000)]
  0x000002d4a3b09000 JavaThread "C2 CompilerThread0" daemon [_thread_blocked, id=8448, stack(0x000000ff09200000,0x000000ff09300000)]
  0x000002d4a3b15000 JavaThread "C1 CompilerThread0" daemon [_thread_blocked, id=8648, stack(0x000000ff09300000,0x000000ff09400000)]
  0x000002d4a3b19800 JavaThread "Sweeper thread" daemon [_thread_blocked, id=6220, stack(0x000000ff09400000,0x000000ff09500000)]
  0x000002d4a45c4000 JavaThread "Common-Cleaner" daemon [_thread_blocked, id=15204, stack(0x000000ff09500000,0x000000ff09600000)]
  0x000002d4a54c0000 JavaThread "Daemon health stats" [_thread_blocked, id=15728, stack(0x000000ff09900000,0x000000ff09a00000)]
  0x000002d4a3ad9800 JavaThread "Incoming local TCP Connector on port 52630" [_thread_in_native, id=8, stack(0x000000ff09700000,0x000000ff09800000)]
  0x000002d4a6e80000 JavaThread "Daemon periodic checks" [_thread_blocked, id=4328, stack(0x000000ff09c00000,0x000000ff09d00000)]
  0x000002d4a64cb800 JavaThread "Daemon" [_thread_blocked, id=2692, stack(0x000000ff09d00000,0x000000ff09e00000)]
  0x000002d4a55d5000 JavaThread "Handler for socket connection from /127.0.0.1:52630 to /127.0.0.1:52631" [_thread_in_native, id=1980, stack(0x000000ff09e00000,0x000000ff09f00000)]
  0x000002d4a5219800 JavaThread "Cancel handler" [_thread_blocked, id=5820, stack(0x000000ff09f00000,0x000000ff0a000000)]
  0x000002d4a6278800 JavaThread "Daemon worker" [_thread_blocked, id=14420, stack(0x000000ff0a000000,0x000000ff0a100000)]
  0x000002d4a6279000 JavaThread "Asynchronous log dispatcher for DefaultDaemonConnection: socket connection from /127.0.0.1:52630 to /127.0.0.1:52631" [_thread_blocked, id=9564, stack(0x000000ff0a100000,0x000000ff0a200000)]
  0x000002d4a6d3d800 JavaThread "Stdin handler" [_thread_blocked, id=14592, stack(0x000000ff0a200000,0x000000ff0a300000)]
  0x000002d4a6d44800 JavaThread "Daemon client event forwarder" [_thread_blocked, id=12652, stack(0x000000ff0a300000,0x000000ff0a400000)]
  0x000002d4a6d3c800 JavaThread "C2 CompilerThread1" daemon [_thread_blocked, id=7768, stack(0x000000ff0a400000,0x000000ff0a500000)]
  0x000002d4a6d41000 JavaThread "Cache worker for journal cache (C:\Users\Lenovo\AndroidStudioProjects\Mb1\caches\journal-1)" [_thread_blocked, id=3944, stack(0x000000ff0a500000,0x000000ff0a600000)]
  0x000002d4a6d45800 JavaThread "File lock request listener" [_thread_in_native, id=15172, stack(0x000000ff0a600000,0x000000ff0a700000)]
  0x000002d4a6d43800 JavaThread "Cache worker for file hash cache (C:\Users\Lenovo\AndroidStudioProjects\Mb1\caches\7.4\fileHashes)" [_thread_blocked, id=11120, stack(0x000000ff0a700000,0x000000ff0a800000)]
  0x000002d4a6d46000 JavaThread "File watcher server" daemon [_thread_in_native, id=11324, stack(0x000000ff0a800000,0x000000ff0a900000)]
  0x000002d4a6d42000 JavaThread "File watcher consumer" daemon [_thread_blocked, id=7684, stack(0x000000ff0a900000,0x000000ff0aa00000)]
  0x000002d4a6d43000 JavaThread "Cache worker for checksums cache (D:\EDaanLogin\.gradle\7.4\checksums)" [_thread_blocked, id=12484, stack(0x000000ff0aa00000,0x000000ff0ab00000)]
  0x000002d4a6d40800 JavaThread "Cache worker for cache directory md-rule (C:\Users\Lenovo\AndroidStudioProjects\Mb1\caches\7.4\md-rule)" [_thread_blocked, id=9868, stack(0x000000ff0ab00000,0x000000ff0ac00000)]
  0x000002d4a6d47000 JavaThread "Cache worker for file hash cache (D:\EDaanLogin\.gradle\7.4\fileHashes)" [_thread_blocked, id=4776, stack(0x000000ff0ac00000,0x000000ff0ad00000)]
  0x000002d4a7615800 JavaThread "Cache worker for cache directory md-supplier (C:\Users\Lenovo\AndroidStudioProjects\Mb1\caches\7.4\md-supplier)" [_thread_blocked, id=14008, stack(0x000000ff0ad00000,0x000000ff0ae00000)]
  0x000002d4a7615000 JavaThread "Cache worker for execution history cache (C:\Users\Lenovo\AndroidStudioProjects\Mb1\caches\7.4\executionHistory)" [_thread_blocked, id=12064, stack(0x000000ff0ae00000,0x000000ff0af00000)]
  0x000002d4a7614000 JavaThread "jar transforms" [_thread_blocked, id=2980, stack(0x000000ff0af00000,0x000000ff0b000000)]
  0x000002d4a7616800 JavaThread "Cache worker for file content cache (C:\Users\Lenovo\AndroidStudioProjects\Mb1\caches\7.4\fileContent)" [_thread_blocked, id=12956, stack(0x000000ff0b000000,0x000000ff0b100000)]
  0x000002d4a7619000 JavaThread "jar transforms Thread 2" [_thread_blocked, id=10496, stack(0x000000ff0b100000,0x000000ff0b200000)]
  0x000002d4a761c000 JavaThread "Cache worker for dependencies-accessors (D:\EDaanLogin\.gradle\7.4\dependencies-accessors)" [_thread_blocked, id=14560, stack(0x000000ff0b200000,0x000000ff0b300000)]
  0x000002d4a761d000 JavaThread "jar transforms Thread 3" [_thread_blocked, id=8260, stack(0x000000ff0b300000,0x000000ff0b400000)]
  0x000002d4a761a800 JavaThread "Cache worker for Build Output Cleanup Cache (D:\EDaanLogin\.gradle\buildOutputCleanup)" [_thread_blocked, id=9680, stack(0x000000ff0b400000,0x000000ff0b500000)]
  0x000002d4a761e000 JavaThread "Unconstrained build operations" [_thread_blocked, id=15492, stack(0x000000ff0b500000,0x000000ff0b600000)]
  0x000002d4a7618000 JavaThread "Unconstrained build operations Thread 2" [_thread_blocked, id=2896, stack(0x000000ff0b600000,0x000000ff0b700000)]
  0x000002d4a761b800 JavaThread "Unconstrained build operations Thread 3" [_thread_blocked, id=1120, stack(0x000000ff0b700000,0x000000ff0b800000)]
  0x000002d4a761e800 JavaThread "Unconstrained build operations Thread 4" [_thread_blocked, id=7724, stack(0x000000ff0b800000,0x000000ff0b900000)]
  0x000002d4a761f800 JavaThread "Unconstrained build operations Thread 5" [_thread_blocked, id=10556, stack(0x000000ff0b900000,0x000000ff0ba00000)]
  0x000002d4a761a000 JavaThread "Unconstrained build operations Thread 6" [_thread_blocked, id=8396, stack(0x000000ff0ba00000,0x000000ff0bb00000)]
  0x000002d4a7620800 JavaThread "Unconstrained build operations Thread 7" [_thread_blocked, id=12528, stack(0x000000ff0bb00000,0x000000ff0bc00000)]
  0x000002d4aa2ff000 JavaThread "Unconstrained build operations Thread 8" [_thread_blocked, id=2880, stack(0x000000ff0bc00000,0x000000ff0bd00000)]
  0x000002d4aa301000 JavaThread "Unconstrained build operations Thread 9" [_thread_blocked, id=460, stack(0x000000ff0bd00000,0x000000ff0be00000)]
  0x000002d4aa301800 JavaThread "Unconstrained build operations Thread 10" [_thread_blocked, id=11920, stack(0x000000ff0be00000,0x000000ff0bf00000)]
  0x000002d4aa300000 JavaThread "Unconstrained build operations Thread 11" [_thread_blocked, id=12708, stack(0x000000ff0bf00000,0x000000ff0c000000)]
  0x000002d4aa302800 JavaThread "Unconstrained build operations Thread 12" [_thread_blocked, id=10304, stack(0x000000ff0c000000,0x000000ff0c100000)]
  0x000002d4aa303000 JavaThread "Unconstrained build operations Thread 13" [_thread_blocked, id=14248, stack(0x000000ff0c100000,0x000000ff0c200000)]
  0x000002d4aa304000 JavaThread "Unconstrained build operations Thread 14" [_thread_blocked, id=11148, stack(0x000000ff0c200000,0x000000ff0c300000)]
  0x000002d4aa2fe800 JavaThread "Unconstrained build operations Thread 15" [_thread_blocked, id=9880, stack(0x000000ff0c300000,0x000000ff0c400000)]
  0x000002d4aa305800 JavaThread "Unconstrained build operations Thread 16" [_thread_blocked, id=9788, stack(0x000000ff0c400000,0x000000ff0c500000)]
  0x000002d4aa305000 JavaThread "Unconstrained build operations Thread 17" [_thread_blocked, id=11064, stack(0x000000ff0c500000,0x000000ff0c600000)]
  0x000002d4aa30c000 JavaThread "Unconstrained build operations Thread 18" [_thread_blocked, id=1880, stack(0x000000ff0c600000,0x000000ff0c700000)]
  0x000002d4aa307800 JavaThread "Unconstrained build operations Thread 19" [_thread_blocked, id=10184, stack(0x000000ff0c700000,0x000000ff0c800000)]
  0x000002d4aa306800 JavaThread "Unconstrained build operations Thread 20" [_thread_blocked, id=8160, stack(0x000000ff0c800000,0x000000ff0c900000)]
  0x000002d4aa308000 JavaThread "Unconstrained build operations Thread 21" [_thread_blocked, id=14588, stack(0x000000ff0c900000,0x000000ff0ca00000)]
  0x000002d4aa30d000 JavaThread "Unconstrained build operations Thread 22" [_thread_blocked, id=9264, stack(0x000000ff0ca00000,0x000000ff0cb00000)]
  0x000002d4aa309000 JavaThread "Unconstrained build operations Thread 23" [_thread_blocked, id=9876, stack(0x000000ff0cb00000,0x000000ff0cc00000)]
  0x000002d4aa30a800 JavaThread "Unconstrained build operations Thread 24" [_thread_blocked, id=4932, stack(0x000000ff0cc00000,0x000000ff0cd00000)]
  0x000002d4aa30a000 JavaThread "Unconstrained build operations Thread 25" [_thread_blocked, id=2996, stack(0x000000ff0cd00000,0x000000ff0ce00000)]
  0x000002d4aa30b800 JavaThread "Unconstrained build operations Thread 26" [_thread_blocked, id=2784, stack(0x000000ff0ce00000,0x000000ff0cf00000)]
  0x000002d4a961c800 JavaThread "Unconstrained build operations Thread 27" [_thread_blocked, id=10308, stack(0x000000ff0cf00000,0x000000ff0d000000)]
  0x000002d4a961b000 JavaThread "Unconstrained build operations Thread 28" [_thread_blocked, id=5848, stack(0x000000ff0d000000,0x000000ff0d100000)]
  0x000002d4a961b800 JavaThread "Unconstrained build operations Thread 29" [_thread_blocked, id=11832, stack(0x000000ff0d100000,0x000000ff0d200000)]
  0x000002d4a961d800 JavaThread "Unconstrained build operations Thread 30" [_thread_blocked, id=13232, stack(0x000000ff0d200000,0x000000ff0d300000)]
  0x000002d4a961f000 JavaThread "Unconstrained build operations Thread 31" [_thread_blocked, id=5492, stack(0x000000ff0d300000,0x000000ff0d400000)]
  0x000002d4a9619800 JavaThread "Unconstrained build operations Thread 32" [_thread_blocked, id=7820, stack(0x000000ff0d400000,0x000000ff0d500000)]
  0x000002d4a961e000 JavaThread "Unconstrained build operations Thread 33" [_thread_blocked, id=12704, stack(0x000000ff0d500000,0x000000ff0d600000)]
  0x000002d4a9620000 JavaThread "Unconstrained build operations Thread 34" [_thread_blocked, id=2144, stack(0x000000ff0d600000,0x000000ff0d700000)]
  0x000002d4a961a000 JavaThread "Unconstrained build operations Thread 35" [_thread_blocked, id=11452, stack(0x000000ff0d700000,0x000000ff0d800000)]
  0x000002d4a9626800 JavaThread "Unconstrained build operations Thread 36" [_thread_blocked, id=852, stack(0x000000ff0d800000,0x000000ff0d900000)]
  0x000002d4a9620800 JavaThread "Unconstrained build operations Thread 37" [_thread_blocked, id=13376, stack(0x000000ff0d900000,0x000000ff0da00000)]
  0x000002d4a9624000 JavaThread "Unconstrained build operations Thread 38" [_thread_blocked, id=9956, stack(0x000000ff0da00000,0x000000ff0db00000)]
  0x000002d4a9624800 JavaThread "Unconstrained build operations Thread 39" [_thread_blocked, id=7644, stack(0x000000ff0db00000,0x000000ff0dc00000)]
  0x000002d4a9627000 JavaThread "Unconstrained build operations Thread 40" [_thread_blocked, id=7472, stack(0x000000ff0dc00000,0x000000ff0dd00000)]
  0x000002d4a9621800 JavaThread "jar transforms Thread 4" [_thread_blocked, id=10492, stack(0x000000ff0dd00000,0x000000ff0de00000)]
  0x000002d4a9625800 JavaThread "Memory manager" [_thread_blocked, id=12276, stack(0x000000ff0de00000,0x000000ff0df00000)]

Other Threads:
=>0x000002d4a3ae4800 VMThread "VM Thread" [stack: 0x000000ff08c00000,0x000000ff08d00000] [id=16068]
  0x000002d4a45db800 WatcherThread [stack: 0x000000ff09600000,0x000000ff09700000] [id=13364]
  0x000002d489ee5800 GCTaskThread "GC Thread#0" [stack: 0x000000ff08700000,0x000000ff08800000] [id=8772]
  0x000002d4a4d94800 GCTaskThread "GC Thread#1" [stack: 0x000000ff09800000,0x000000ff09900000] [id=7812]
  0x000002d4a6d8b800 GCTaskThread "GC Thread#2" [stack: 0x000000ff09a00000,0x000000ff09b00000] [id=8872]
  0x000002d4a6530800 GCTaskThread "GC Thread#3" [stack: 0x000000ff09b00000,0x000000ff09c00000] [id=3212]
  0x000002d489f17800 ConcurrentGCThread "G1 Main Marker" [stack: 0x000000ff08800000,0x000000ff08900000] [id=4664]
  0x000002d489f19800 ConcurrentGCThread "G1 Conc#0" [stack: 0x000000ff08900000,0x000000ff08a00000] [id=15548]
  0x000002d489fad800 ConcurrentGCThread "G1 Refine#0" [stack: 0x000000ff08a00000,0x000000ff08b00000] [id=2212]
  0x000002d4a3932800 ConcurrentGCThread "G1 Young RemSet Sampling" [stack: 0x000000ff08b00000,0x000000ff08c00000] [id=9332]

Threads with active compile tasks:
C2 CompilerThread0   8535 7463       4       sun.reflect.generics.visitor.Reifier::visitClassTypeSignature (381 bytes)

VM state:at safepoint (normal execution)

VM Mutex/Monitor currently owned by a thread:  ([mutex/lock_event])
[0x000002d489ec9070] Threads_lock - owner thread: 0x000002d4a3ae4800
[0x000002d489eca300] Heap_lock - owner thread: 0x000002d4a6278800

Heap address: 0x0000000080000000, size: 2048 MB, Compressed Oops mode: 32-bit
Narrow klass base: 0x0000000000000000, Narrow klass shift: 3
Compressed class space size: 1073741824 Address: 0x0000000100000000

Heap:
 garbage-first heap   total 220160K, used 59922K [0x0000000080000000, 0x0000000100000000)
  region size 1024K, 10 young (10240K), 10 survivors (10240K)
 Metaspace       used 77946K, capacity 79688K, committed 79932K, reserved 1118208K
  class space    used 10084K, capacity 10732K, committed 10828K, reserved 1048576K
Heap Regions: E=young(eden), S=young(survivor), O=old, HS=humongous(starts), HC=humongous(continues), CS=collection set, F=free, A=archive, TAMS=top-at-mark-start (previous, next)
|   0|0x0000000080000000, 0x0000000080100000, 0x0000000080100000|100%|HS|  |TAMS 0x0000000080100000, 0x0000000080000000| Complete 
|   1|0x0000000080100000, 0x0000000080200000, 0x0000000080200000|100%|HC|  |TAMS 0x0000000080200000, 0x0000000080100000| Complete 
|   2|0x0000000080200000, 0x0000000080300000, 0x0000000080300000|100%|HC|  |TAMS 0x0000000080300000, 0x0000000080200000| Complete 
|   3|0x0000000080300000, 0x0000000080400000, 0x0000000080400000|100%| O|  |TAMS 0x0000000080400000, 0x0000000080300000| Untracked 
|   4|0x0000000080400000, 0x0000000080500000, 0x0000000080500000|100%| O|  |TAMS 0x0000000080500000, 0x0000000080400000| Untracked 
|   5|0x0000000080500000, 0x0000000080600000, 0x0000000080600000|100%| O|  |TAMS 0x0000000080600000, 0x0000000080500000| Untracked 
|   6|0x0000000080600000, 0x0000000080700000, 0x0000000080700000|100%| O|  |TAMS 0x0000000080700000, 0x0000000080600000| Untracked 
|   7|0x0000000080700000, 0x0000000080800000, 0x0000000080800000|100%| O|  |TAMS 0x0000000080800000, 0x0000000080700000| Untracked 
|   8|0x0000000080800000, 0x0000000080900000, 0x0000000080900000|100%| O|  |TAMS 0x0000000080900000, 0x0000000080800000| Untracked 
|   9|0x0000000080900000, 0x0000000080a00000, 0x0000000080a00000|100%| O|  |TAMS 0x0000000080a00000, 0x0000000080900000| Untracked 
|  10|0x0000000080a00000, 0x0000000080b00000, 0x0000000080b00000|100%| O|  |TAMS 0x0000000080b00000, 0x0000000080a00000| Untracked 
|  11|0x0000000080b00000, 0x0000000080c00000, 0x0000000080c00000|100%| O|  |TAMS 0x0000000080c00000, 0x0000000080b00000| Untracked 
|  12|0x0000000080c00000, 0x0000000080d00000, 0x0000000080d00000|100%| O|  |TAMS 0x0000000080d00000, 0x0000000080c00000| Untracked 
|  13|0x0000000080d00000, 0x0000000080e00000, 0x0000000080e00000|100%| O|  |TAMS 0x0000000080e00000, 0x0000000080d00000| Untracked 
|  14|0x0000000080e00000, 0x0000000080f00000, 0x0000000080f00000|100%| O|  |TAMS 0x0000000080f00000, 0x0000000080e00000| Untracked 
|  15|0x0000000080f00000, 0x0000000081000000, 0x0000000081000000|100%| O|  |TAMS 0x0000000081000000, 0x0000000080f00000| Untracked 
|  16|0x0000000081000000, 0x0000000081100000, 0x0000000081100000|100%| O|  |TAMS 0x0000000081100000, 0x0000000081000000| Untracked 
|  17|0x0000000081100000, 0x0000000081200000, 0x0000000081200000|100%|HS|  |TAMS 0x0000000081200000, 0x0000000081100000| Complete 
|  18|0x0000000081200000, 0x0000000081300000, 0x0000000081300000|100%| O|  |TAMS 0x0000000081300000, 0x0000000081200000| Untracked 
|  19|0x0000000081300000, 0x0000000081400000, 0x0000000081400000|100%| O|  |TAMS 0x0000000081400000, 0x0000000081300000| Untracked 
|  20|0x0000000081400000, 0x0000000081500000, 0x0000000081500000|100%| O|  |TAMS 0x0000000081500000, 0x0000000081400000| Untracked 
|  21|0x0000000081500000, 0x0000000081600000, 0x0000000081600000|100%| O|  |TAMS 0x0000000081600000, 0x0000000081500000| Untracked 
|  22|0x0000000081600000, 0x0000000081700000, 0x0000000081700000|100%| O|  |TAMS 0x0000000081700000, 0x0000000081600000| Untracked 
|  23|0x0000000081700000, 0x0000000081800000, 0x0000000081800000|100%|HS|  |TAMS 0x0000000081800000, 0x0000000081700000| Complete 
|  24|0x0000000081800000, 0x0000000081900000, 0x0000000081900000|100%| O|  |TAMS 0x0000000081900000, 0x0000000081800000| Untracked 
|  25|0x0000000081900000, 0x0000000081a00000, 0x0000000081a00000|100%|HS|  |TAMS 0x0000000081a00000, 0x0000000081900000| Complete 
|  26|0x0000000081a00000, 0x0000000081b00000, 0x0000000081b00000|100%|HC|  |TAMS 0x0000000081b00000, 0x0000000081a00000| Complete 
|  27|0x0000000081b00000, 0x0000000081c00000, 0x0000000081c00000|100%| O|  |TAMS 0x0000000081c00000, 0x0000000081b00000| Untracked 
|  28|0x0000000081c00000, 0x0000000081d00000, 0x0000000081d00000|100%| O|  |TAMS 0x0000000081d00000, 0x0000000081c00000| Untracked 
|  29|0x0000000081d00000, 0x0000000081e00000, 0x0000000081e00000|100%| O|  |TAMS 0x0000000081e00000, 0x0000000081d00000| Untracked 
|  30|0x0000000081e00000, 0x0000000081f00000, 0x0000000081f00000|100%| O|  |TAMS 0x0000000081f00000, 0x0000000081e00000| Untracked 
|  31|0x0000000081f00000, 0x0000000082000000, 0x0000000082000000|100%| O|  |TAMS 0x0000000082000000, 0x0000000081f00000| Untracked 
|  32|0x0000000082000000, 0x0000000082100000, 0x0000000082100000|100%| O|  |TAMS 0x0000000082100000, 0x0000000082000000| Untracked 
|  33|0x0000000082100000, 0x0000000082200000, 0x0000000082200000|100%| O|  |TAMS 0x0000000082200000, 0x0000000082100000| Untracked 
|  34|0x0000000082200000, 0x0000000082300000, 0x0000000082300000|100%| O|  |TAMS 0x0000000082300000, 0x0000000082200000| Untracked 
|  35|0x0000000082300000, 0x0000000082400000, 0x0000000082400000|100%| O|  |TAMS 0x0000000082400000, 0x0000000082300000| Untracked 
|  36|0x0000000082400000, 0x0000000082500000, 0x0000000082500000|100%| O|  |TAMS 0x0000000082500000, 0x0000000082400000| Untracked 
|  37|0x0000000082500000, 0x0000000082600000, 0x0000000082600000|100%| O|  |TAMS 0x0000000082600000, 0x0000000082500000| Untracked 
|  38|0x0000000082600000, 0x0000000082700000, 0x0000000082700000|100%| O|  |TAMS 0x0000000082700000, 0x0000000082600000| Untracked 
|  39|0x0000000082700000, 0x0000000082800000, 0x0000000082800000|100%| O|  |TAMS 0x00000000827faa00, 0x0000000082700000| Untracked 
|  40|0x0000000082800000, 0x0000000082900000, 0x0000000082900000|100%| O|  |TAMS 0x0000000082800000, 0x0000000082800000| Untracked 
|  41|0x0000000082900000, 0x0000000082a00000, 0x0000000082a00000|100%| O|  |TAMS 0x0000000082900000, 0x0000000082900000| Untracked 
|  42|0x0000000082a00000, 0x0000000082b00000, 0x0000000082b00000|100%| O|  |TAMS 0x0000000082a00000, 0x0000000082a00000| Untracked 
|  43|0x0000000082b00000, 0x0000000082c00000, 0x0000000082c00000|100%| O|  |TAMS 0x0000000082b00000, 0x0000000082b00000| Untracked 
|  44|0x0000000082c00000, 0x0000000082d00000, 0x0000000082d00000|100%| O|  |TAMS 0x0000000082c00000, 0x0000000082c00000| Untracked 
|  45|0x0000000082d00000, 0x0000000082e00000, 0x0000000082e00000|100%| O|  |TAMS 0x0000000082d00000, 0x0000000082d00000| Untracked 
|  46|0x0000000082e00000, 0x0000000082f00000, 0x0000000082f00000|100%| O|  |TAMS 0x0000000082e00000, 0x0000000082e00000| Untracked 
|  47|0x0000000082f00000, 0x0000000083000000, 0x0000000083000000|100%| O|  |TAMS 0x0000000082f00000, 0x0000000082f00000| Untracked 
|  48|0x0000000083000000, 0x00000000830aaa00, 0x0000000083100000| 66%| O|  |TAMS 0x0000000083000000, 0x0000000083000000| Untracked 
|  49|0x0000000083100000, 0x0000000083100000, 0x0000000083200000|  0%| F|  |TAMS 0x0000000083100000, 0x0000000083100000| Untracked 
|  50|0x0000000083200000, 0x0000000083200000, 0x0000000083300000|  0%| F|  |TAMS 0x0000000083200000, 0x0000000083200000| Untracked 
|  51|0x0000000083300000, 0x0000000083300000, 0x0000000083400000|  0%| F|  |TAMS 0x0000000083300000, 0x0000000083300000| Untracked 
|  52|0x0000000083400000, 0x0000000083400000, 0x0000000083500000|  0%| F|  |TAMS 0x0000000083400000, 0x0000000083400000| Untracked 
|  53|0x0000000083500000, 0x0000000083500000, 0x0000000083600000|  0%| F|  |TAMS 0x0000000083500000, 0x0000000083500000| Untracked 
|  54|0x0000000083600000, 0x0000000083600000, 0x0000000083700000|  0%| F|  |TAMS 0x0000000083600000, 0x0000000083600000| Untracked 
|  55|0x0000000083700000, 0x0000000083700000, 0x0000000083800000|  0%| F|  |TAMS 0x0000000083700000, 0x0000000083700000| Untracked 
|  56|0x0000000083800000, 0x0000000083800000, 0x0000000083900000|  0%| F|  |TAMS 0x0000000083800000, 0x0000000083800000| Untracked 
|  57|0x0000000083900000, 0x0000000083900000, 0x0000000083a00000|  0%| F|  |TAMS 0x0000000083900000, 0x0000000083900000| Untracked 
|  58|0x0000000083a00000, 0x0000000083a00000, 0x0000000083b00000|  0%| F|  |TAMS 0x0000000083a00000, 0x0000000083a00000| Untracked 
|  59|0x0000000083b00000, 0x0000000083b00000, 0x0000000083c00000|  0%| F|  |TAMS 0x0000000083b00000, 0x0000000083b00000| Untracked 
|  60|0x0000000083c00000, 0x0000000083c00000, 0x0000000083d00000|  0%| F|  |TAMS 0x0000000083c00000, 0x0000000083c00000| Untracked 
|  61|0x0000000083d00000, 0x0000000083d00000, 0x0000000083e00000|  0%| F|  |TAMS 0x0000000083d00000, 0x0000000083d00000| Untracked 
|  62|0x0000000083e00000, 0x0000000083e00000, 0x0000000083f00000|  0%| F|  |TAMS 0x0000000083e00000, 0x0000000083e00000| Untracked 
|  63|0x0000000083f00000, 0x0000000083f00000, 0x0000000084000000|  0%| F|  |TAMS 0x0000000083f00000, 0x0000000083f00000| Untracked 
|  64|0x0000000084000000, 0x0000000084000000, 0x0000000084100000|  0%| F|  |TAMS 0x0000000084000000, 0x0000000084000000| Untracked 
|  65|0x0000000084100000, 0x0000000084100000, 0x0000000084200000|  0%| F|  |TAMS 0x0000000084100000, 0x0000000084100000| Untracked 
|  66|0x0000000084200000, 0x0000000084200000, 0x0000000084300000|  0%| F|  |TAMS 0x0000000084200000, 0x0000000084200000| Untracked 
|  67|0x0000000084300000, 0x0000000084300000, 0x0000000084400000|  0%| F|  |TAMS 0x0000000084300000, 0x0000000084300000| Untracked 
|  68|0x0000000084400000, 0x0000000084400000, 0x0000000084500000|  0%| F|  |TAMS 0x0000000084400000, 0x0000000084400000| Untracked 
|  69|0x0000000084500000, 0x0000000084500000, 0x0000000084600000|  0%| F|  |TAMS 0x0000000084500000, 0x0000000084500000| Untracked 
|  70|0x0000000084600000, 0x0000000084600000, 0x0000000084700000|  0%| F|  |TAMS 0x0000000084600000, 0x0000000084600000| Untracked 
|  71|0x0000000084700000, 0x0000000084700000, 0x0000000084800000|  0%| F|  |TAMS 0x0000000084700000, 0x0000000084700000| Untracked 
|  72|0x0000000084800000, 0x0000000084800000, 0x0000000084900000|  0%| F|  |TAMS 0x0000000084800000, 0x0000000084800000| Untracked 
|  73|0x0000000084900000, 0x0000000084900000, 0x0000000084a00000|  0%| F|  |TAMS 0x0000000084900000, 0x0000000084900000| Untracked 
|  74|0x0000000084a00000, 0x0000000084a00000, 0x0000000084b00000|  0%| F|  |TAMS 0x0000000084a00000, 0x0000000084a00000| Untracked 
|  75|0x0000000084b00000, 0x0000000084b00000, 0x0000000084c00000|  0%| F|  |TAMS 0x0000000084b00000, 0x0000000084b00000| Untracked 
|  76|0x0000000084c00000, 0x0000000084c00000, 0x0000000084d00000|  0%| F|  |TAMS 0x0000000084c00000, 0x0000000084c00000| Untracked 
|  77|0x0000000084d00000, 0x0000000084d00000, 0x0000000084e00000|  0%| F|  |TAMS 0x0000000084d00000, 0x0000000084d00000| Untracked 
|  78|0x0000000084e00000, 0x0000000084e00000, 0x0000000084f00000|  0%| F|  |TAMS 0x0000000084e00000, 0x0000000084e00000| Untracked 
|  79|0x0000000084f00000, 0x0000000084f00000, 0x0000000085000000|  0%| F|  |TAMS 0x0000000084f00000, 0x0000000084f00000| Untracked 
|  80|0x0000000085000000, 0x0000000085000000, 0x0000000085100000|  0%| F|  |TAMS 0x0000000085000000, 0x0000000085000000| Untracked 
|  81|0x0000000085100000, 0x0000000085100000, 0x0000000085200000|  0%| F|  |TAMS 0x0000000085100000, 0x0000000085100000| Untracked 
|  82|0x0000000085200000, 0x0000000085200000, 0x0000000085300000|  0%| F|  |TAMS 0x0000000085200000, 0x0000000085200000| Untracked 
|  83|0x0000000085300000, 0x0000000085300000, 0x0000000085400000|  0%| F|  |TAMS 0x0000000085300000, 0x0000000085300000| Untracked 
|  84|0x0000000085400000, 0x0000000085400000, 0x0000000085500000|  0%| F|  |TAMS 0x0000000085400000, 0x0000000085400000| Untracked 
|  85|0x0000000085500000, 0x0000000085500000, 0x0000000085600000|  0%| F|  |TAMS 0x0000000085500000, 0x0000000085500000| Untracked 
|  86|0x0000000085600000, 0x00000000856da130, 0x0000000085700000| 85%| S|CS|TAMS 0x0000000085600000, 0x0000000085600000| Complete 
|  87|0x0000000085700000, 0x0000000085800000, 0x0000000085800000|100%| S|CS|TAMS 0x0000000085700000, 0x0000000085700000| Complete 
|  88|0x0000000085800000, 0x0000000085900000, 0x0000000085900000|100%| S|CS|TAMS 0x0000000085800000, 0x0000000085800000| Complete 
|  89|0x0000000085900000, 0x0000000085a00000, 0x0000000085a00000|100%| S|CS|TAMS 0x0000000085900000, 0x0000000085900000| Complete 
|  90|0x0000000085a00000, 0x0000000085b00000, 0x0000000085b00000|100%| S|CS|TAMS 0x0000000085a00000, 0x0000000085a00000| Complete 
|  91|0x0000000085b00000, 0x0000000085c00000, 0x0000000085c00000|100%| S|CS|TAMS 0x0000000085b00000, 0x0000000085b00000| Complete 
|  92|0x0000000085c00000, 0x0000000085d00000, 0x0000000085d00000|100%| S|CS|TAMS 0x0000000085c00000, 0x0000000085c00000| Complete 
|  93|0x0000000085d00000, 0x0000000085e00000, 0x0000000085e00000|100%| S|CS|TAMS 0x0000000085d00000, 0x0000000085d00000| Complete 
|  94|0x0000000085e00000, 0x0000000085f00000, 0x0000000085f00000|100%| S|CS|TAMS 0x0000000085e00000, 0x0000000085e00000| Complete 
|  95|0x0000000085f00000, 0x0000000086000000, 0x0000000086000000|100%| S|CS|TAMS 0x0000000085f00000, 0x0000000085f00000| Complete 
|  96|0x0000000086000000, 0x0000000086000000, 0x0000000086100000|  0%| F|  |TAMS 0x0000000086000000, 0x0000000086000000| Untracked 
|  97|0x0000000086100000, 0x0000000086100000, 0x0000000086200000|  0%| F|  |TAMS 0x0000000086100000, 0x0000000086100000| Untracked 
|  98|0x0000000086200000, 0x0000000086200000, 0x0000000086300000|  0%| F|  |TAMS 0x0000000086200000, 0x0000000086200000| Untracked 
|  99|0x0000000086300000, 0x0000000086300000, 0x0000000086400000|  0%| F|  |TAMS 0x0000000086300000, 0x0000000086300000| Untracked 
| 100|0x0000000086400000, 0x0000000086400000, 0x0000000086500000|  0%| F|  |TAMS 0x0000000086400000, 0x0000000086400000| Untracked 
| 101|0x0000000086500000, 0x0000000086500000, 0x0000000086600000|  0%| F|  |TAMS 0x0000000086500000, 0x0000000086500000| Untracked 
| 102|0x0000000086600000, 0x0000000086600000, 0x0000000086700000|  0%| F|  |TAMS 0x0000000086600000, 0x0000000086600000| Untracked 
| 103|0x0000000086700000, 0x0000000086700000, 0x0000000086800000|  0%| F|  |TAMS 0x0000000086700000, 0x0000000086700000| Untracked 
| 104|0x0000000086800000, 0x0000000086800000, 0x0000000086900000|  0%| F|  |TAMS 0x0000000086800000, 0x0000000086800000| Untracked 
| 105|0x0000000086900000, 0x0000000086900000, 0x0000000086a00000|  0%| F|  |TAMS 0x0000000086900000, 0x0000000086900000| Untracked 
| 106|0x0000000086a00000, 0x0000000086a00000, 0x0000000086b00000|  0%| F|  |TAMS 0x0000000086a00000, 0x0000000086a00000| Untracked 
| 107|0x0000000086b00000, 0x0000000086b00000, 0x0000000086c00000|  0%| F|  |TAMS 0x0000000086b00000, 0x0000000086b00000| Untracked 
| 108|0x0000000086c00000, 0x0000000086c00000, 0x0000000086d00000|  0%| F|  |TAMS 0x0000000086c00000, 0x0000000086c00000| Untracked 
| 109|0x0000000086d00000, 0x0000000086d00000, 0x0000000086e00000|  0%| F|  |TAMS 0x0000000086d00000, 0x0000000086d00000| Untracked 
| 110|0x0000000086e00000, 0x0000000086e00000, 0x0000000086f00000|  0%| F|  |TAMS 0x0000000086e00000, 0x0000000086e00000| Untracked 
| 111|0x0000000086f00000, 0x0000000086f00000, 0x0000000087000000|  0%| F|  |TAMS 0x0000000086f00000, 0x0000000086f00000| Untracked 
| 112|0x0000000087000000, 0x0000000087000000, 0x0000000087100000|  0%| F|  |TAMS 0x0000000087000000, 0x0000000087000000| Untracked 
| 113|0x0000000087100000, 0x0000000087100000, 0x0000000087200000|  0%| F|  |TAMS 0x0000000087100000, 0x0000000087100000| Untracked 
| 114|0x0000000087200000, 0x0000000087200000, 0x0000000087300000|  0%| F|  |TAMS 0x0000000087200000, 0x0000000087200000| Untracked 
| 115|0x0000000087300000, 0x0000000087300000, 0x0000000087400000|  0%| F|  |TAMS 0x0000000087300000, 0x0000000087300000| Untracked 
| 116|0x0000000087400000, 0x0000000087400000, 0x0000000087500000|  0%| F|  |TAMS 0x0000000087400000, 0x0000000087400000| Untracked 
| 117|0x0000000087500000, 0x0000000087500000, 0x0000000087600000|  0%| F|  |TAMS 0x0000000087500000, 0x0000000087500000| Untracked 
| 118|0x0000000087600000, 0x0000000087600000, 0x0000000087700000|  0%| F|  |TAMS 0x0000000087600000, 0x0000000087600000| Untracked 
| 119|0x0000000087700000, 0x0000000087700000, 0x0000000087800000|  0%| F|  |TAMS 0x0000000087700000, 0x0000000087700000| Untracked 
| 120|0x0000000087800000, 0x0000000087800000, 0x0000000087900000|  0%| F|  |TAMS 0x0000000087800000, 0x0000000087800000| Untracked 
| 121|0x0000000087900000, 0x0000000087900000, 0x0000000087a00000|  0%| F|  |TAMS 0x0000000087900000, 0x0000000087900000| Untracked 
| 122|0x0000000087a00000, 0x0000000087a00000, 0x0000000087b00000|  0%| F|  |TAMS 0x0000000087a00000, 0x0000000087a00000| Untracked 
| 123|0x0000000087b00000, 0x0000000087b00000, 0x0000000087c00000|  0%| F|  |TAMS 0x0000000087b00000, 0x0000000087b00000| Untracked 
| 124|0x0000000087c00000, 0x0000000087c00000, 0x0000000087d00000|  0%| F|  |TAMS 0x0000000087c00000, 0x0000000087c00000| Untracked 
| 125|0x0000000087d00000, 0x0000000087d00000, 0x0000000087e00000|  0%| F|  |TAMS 0x0000000087d00000, 0x0000000087d00000| Untracked 
| 126|0x0000000087e00000, 0x0000000087e00000, 0x0000000087f00000|  0%| F|  |TAMS 0x0000000087e00000, 0x0000000087e00000| Untracked 
| 127|0x0000000087f00000, 0x0000000087f00000, 0x0000000088000000|  0%| F|  |TAMS 0x0000000087f00000, 0x0000000087f00000| Untracked 
| 128|0x0000000088000000, 0x0000000088000000, 0x0000000088100000|  0%| F|  |TAMS 0x0000000088000000, 0x0000000088000000| Untracked 
| 129|0x0000000088100000, 0x0000000088100000, 0x0000000088200000|  0%| F|  |TAMS 0x0000000088100000, 0x0000000088100000| Untracked 
| 130|0x0000000088200000, 0x0000000088200000, 0x0000000088300000|  0%| F|  |TAMS 0x0000000088200000, 0x0000000088200000| Untracked 
| 131|0x0000000088300000, 0x0000000088300000, 0x0000000088400000|  0%| F|  |TAMS 0x0000000088300000, 0x0000000088300000| Untracked 
| 132|0x0000000088400000, 0x0000000088400000, 0x0000000088500000|  0%| F|  |TAMS 0x0000000088400000, 0x0000000088400000| Untracked 
| 133|0x0000000088500000, 0x0000000088500000, 0x0000000088600000|  0%| F|  |TAMS 0x0000000088500000, 0x0000000088500000| Untracked 
| 134|0x0000000088600000, 0x0000000088600000, 0x0000000088700000|  0%| F|  |TAMS 0x0000000088600000, 0x0000000088600000| Untracked 
| 135|0x0000000088700000, 0x0000000088700000, 0x0000000088800000|  0%| F|  |TAMS 0x0000000088700000, 0x0000000088700000| Untracked 
| 136|0x0000000088800000, 0x0000000088800000, 0x0000000088900000|  0%| F|  |TAMS 0x0000000088800000, 0x0000000088800000| Untracked 
| 137|0x0000000088900000, 0x0000000088900000, 0x0000000088a00000|  0%| F|  |TAMS 0x0000000088900000, 0x0000000088900000| Untracked 
| 138|0x0000000088a00000, 0x0000000088a00000, 0x0000000088b00000|  0%| F|  |TAMS 0x0000000088a00000, 0x0000000088a00000| Untracked 
| 139|0x0000000088b00000, 0x0000000088b00000, 0x0000000088c00000|  0%| F|  |TAMS 0x0000000088b00000, 0x0000000088b00000| Untracked 
| 140|0x0000000088c00000, 0x0000000088c00000, 0x0000000088d00000|  0%| F|  |TAMS 0x0000000088c00000, 0x0000000088c00000| Untracked 
| 141|0x0000000088d00000, 0x0000000088d00000, 0x0000000088e00000|  0%| F|  |TAMS 0x0000000088d00000, 0x0000000088d00000| Untracked 
| 142|0x0000000088e00000, 0x0000000088e00000, 0x0000000088f00000|  0%| F|  |TAMS 0x0000000088e00000, 0x0000000088e00000| Untracked 
| 143|0x0000000088f00000, 0x0000000088f00000, 0x0000000089000000|  0%| F|  |TAMS 0x0000000088f00000, 0x0000000088f00000| Untracked 
| 144|0x0000000089000000, 0x0000000089000000, 0x0000000089100000|  0%| F|  |TAMS 0x0000000089000000, 0x0000000089000000| Untracked 
| 145|0x0000000089100000, 0x0000000089100000, 0x0000000089200000|  0%| F|  |TAMS 0x0000000089100000, 0x0000000089100000| Untracked 
| 146|0x0000000089200000, 0x0000000089200000, 0x0000000089300000|  0%| F|  |TAMS 0x0000000089200000, 0x0000000089200000| Untracked 
| 147|0x0000000089300000, 0x0000000089300000, 0x0000000089400000|  0%| F|  |TAMS 0x0000000089300000, 0x0000000089300000| Untracked 
| 148|0x0000000089400000, 0x0000000089400000, 0x0000000089500000|  0%| F|  |TAMS 0x0000000089400000, 0x0000000089400000| Untracked 
| 149|0x0000000089500000, 0x0000000089500000, 0x0000000089600000|  0%| F|  |TAMS 0x0000000089500000, 0x0000000089500000| Untracked 
| 150|0x0000000089600000, 0x0000000089600000, 0x0000000089700000|  0%| F|  |TAMS 0x0000000089600000, 0x0000000089600000| Untracked 
| 151|0x0000000089700000, 0x0000000089700000, 0x0000000089800000|  0%| F|  |TAMS 0x0000000089700000, 0x0000000089700000| Untracked 
| 152|0x0000000089800000, 0x0000000089800000, 0x0000000089900000|  0%| F|  |TAMS 0x0000000089800000, 0x0000000089800000| Untracked 
| 153|0x0000000089900000, 0x0000000089900000, 0x0000000089a00000|  0%| F|  |TAMS 0x0000000089900000, 0x0000000089900000| Untracked 
| 154|0x0000000089a00000, 0x0000000089a00000, 0x0000000089b00000|  0%| F|  |TAMS 0x0000000089a00000, 0x0000000089a00000| Untracked 
| 155|0x0000000089b00000, 0x0000000089b00000, 0x0000000089c00000|  0%| F|  |TAMS 0x0000000089b00000, 0x0000000089b00000| Untracked 
| 156|0x0000000089c00000, 0x0000000089c00000, 0x0000000089d00000|  0%| F|  |TAMS 0x0000000089c00000, 0x0000000089c00000| Untracked 
| 157|0x0000000089d00000, 0x0000000089d00000, 0x0000000089e00000|  0%| F|  |TAMS 0x0000000089d00000, 0x0000000089d00000| Untracked 
| 158|0x0000000089e00000, 0x0000000089e00000, 0x0000000089f00000|  0%| F|  |TAMS 0x0000000089e00000, 0x0000000089e00000| Untracked 
| 159|0x0000000089f00000, 0x0000000089f00000, 0x000000008a000000|  0%| F|  |TAMS 0x0000000089f00000, 0x0000000089f00000| Untracked 
| 160|0x000000008a000000, 0x000000008a000000, 0x000000008a100000|  0%| F|  |TAMS 0x000000008a000000, 0x000000008a000000| Untracked 
| 161|0x000000008a100000, 0x000000008a100000, 0x000000008a200000|  0%| F|  |TAMS 0x000000008a100000, 0x000000008a100000| Untracked 
| 162|0x000000008a200000, 0x000000008a200000, 0x000000008a300000|  0%| F|  |TAMS 0x000000008a200000, 0x000000008a200000| Untracked 
| 163|0x000000008a300000, 0x000000008a300000, 0x000000008a400000|  0%| F|  |TAMS 0x000000008a300000, 0x000000008a300000| Untracked 
| 164|0x000000008a400000, 0x000000008a400000, 0x000000008a500000|  0%| F|  |TAMS 0x000000008a400000, 0x000000008a400000| Untracked 
| 165|0x000000008a500000, 0x000000008a500000, 0x000000008a600000|  0%| F|  |TAMS 0x000000008a500000, 0x000000008a500000| Untracked 
| 166|0x000000008a600000, 0x000000008a600000, 0x000000008a700000|  0%| F|  |TAMS 0x000000008a600000, 0x000000008a600000| Untracked 
| 167|0x000000008a700000, 0x000000008a700000, 0x000000008a800000|  0%| F|  |TAMS 0x000000008a700000, 0x000000008a700000| Untracked 
| 168|0x000000008a800000, 0x000000008a800000, 0x000000008a900000|  0%| F|  |TAMS 0x000000008a800000, 0x000000008a800000| Untracked 
| 169|0x000000008a900000, 0x000000008a900000, 0x000000008aa00000|  0%| F|  |TAMS 0x000000008a900000, 0x000000008a900000| Untracked 
| 170|0x000000008aa00000, 0x000000008aa00000, 0x000000008ab00000|  0%| F|  |TAMS 0x000000008aa00000, 0x000000008aa00000| Untracked 
| 171|0x000000008ab00000, 0x000000008ab00000, 0x000000008ac00000|  0%| F|  |TAMS 0x000000008ab00000, 0x000000008ab00000| Untracked 
| 172|0x000000008ac00000, 0x000000008ac00000, 0x000000008ad00000|  0%| F|  |TAMS 0x000000008ac00000, 0x000000008ac00000| Untracked 
| 173|0x000000008ad00000, 0x000000008ad00000, 0x000000008ae00000|  0%| F|  |TAMS 0x000000008ad00000, 0x000000008ad00000| Untracked 
| 174|0x000000008ae00000, 0x000000008ae00000, 0x000000008af00000|  0%| F|  |TAMS 0x000000008ae00000, 0x000000008ae00000| Untracked 
| 175|0x000000008af00000, 0x000000008af00000, 0x000000008b000000|  0%| F|  |TAMS 0x000000008af00000, 0x000000008af00000| Untracked 
| 176|0x000000008b000000, 0x000000008b000000, 0x000000008b100000|  0%| F|  |TAMS 0x000000008b000000, 0x000000008b000000| Untracked 
| 177|0x000000008b100000, 0x000000008b100000, 0x000000008b200000|  0%| F|  |TAMS 0x000000008b100000, 0x000000008b100000| Untracked 
| 178|0x000000008b200000, 0x000000008b200000, 0x000000008b300000|  0%| F|  |TAMS 0x000000008b200000, 0x000000008b200000| Untracked 

Card table byte_map: [0x000002d49cdf0000,0x000002d49d1f0000] _byte_map_base: 0x000002d49c9f0000

Marking Bits (Prev, Next): (CMBitMap*) 0x000002d489f0e818, (CMBitMap*) 0x000002d489f0e850
 Prev Bits: [0x000002d49d5f0000, 0x000002d49f5f0000)
 Next Bits: [0x000002d49f5f0000, 0x000002d4a15f0000)

Polling page: 0x000002d487ea0000

Metaspace:

Usage:
  Non-class:     67.34 MB capacity,    66.27 MB ( 98%) used,   903.52 KB (  1%) free+waste,   190.75 KB ( <1%) overhead. 
      Class:     10.48 MB capacity,     9.85 MB ( 94%) used,   559.48 KB (  5%) free+waste,    87.81 KB ( <1%) overhead. 
       Both:     77.82 MB capacity,    76.12 MB ( 98%) used,     1.43 MB (  2%) free+waste,   278.56 KB ( <1%) overhead. 

Virtual space:
  Non-class space:       68.00 MB reserved,      67.48 MB (>99%) committed 
      Class space:        1.00 GB reserved,      10.57 MB (  1%) committed 
             Both:        1.07 GB reserved,      78.06 MB (  7%) committed 

Chunk freelists:
   Non-Class:  20.00 KB
       Class:  20.00 KB
        Both:  40.00 KB

MaxMetaspaceSize: 17179869184.00 GB
CompressedClassSpaceSize: 1.00 GB
Initial GC threshold: 20.80 MB
Current GC threshold: 110.31 MB
CDS: off

CodeHeap 'non-profiled nmethods': size=120064Kb used=4414Kb max_used=4414Kb free=115649Kb
 bounds [0x000002d4954b0000, 0x000002d495900000, 0x000002d49c9f0000]
CodeHeap 'profiled nmethods': size=120000Kb used=15906Kb max_used=15906Kb free=104093Kb
 bounds [0x000002d48df80000, 0x000002d48ef10000, 0x000002d4954b0000]
CodeHeap 'non-nmethods': size=5696Kb used=2361Kb max_used=2405Kb free=3335Kb
 bounds [0x000002d48d9f0000, 0x000002d48dc60000, 0x000002d48df80000]
 total_blobs=8355 nmethods=7487 adapters=780
 compilation: enabled
              stopped_count=0, restarted_count=0
 full_count=0

Compilation events (20 events):
Event: 8.503 Thread 0x000002d4a3b15000 nmethod 7507 0x000002d48eefbf10 code [0x000002d48eefc0e0, 0x000002d48eefc308]
Event: 8.503 Thread 0x000002d4a3b15000 7508       3       com.sun.xml.bind.v2.model.impl.TypeInfoSetImpl::getClassInfo (86 bytes)
Event: 8.503 Thread 0x000002d4a3b15000 nmethod 7508 0x000002d48eefc410 code [0x000002d48eefc660, 0x000002d48eefd1c8]
Event: 8.504 Thread 0x000002d4a3b15000 7509       3       com.sun.xml.bind.v2.model.annotation.RuntimeInlineAnnotationReader::getMethodAnnotation (11 bytes)
Event: 8.504 Thread 0x000002d4a3b15000 nmethod 7509 0x000002d48eefd490 code [0x000002d48eefd6e0, 0x000002d48eefdfd8]
Event: 8.504 Thread 0x000002d4a3b15000 7510       3       com.sun.xml.bind.v2.model.annotation.RuntimeInlineAnnotationReader::getMethodAnnotation (10 bytes)
Event: 8.505 Thread 0x000002d4a3b15000 nmethod 7510 0x000002d48eefe310 code [0x000002d48eefe560, 0x000002d48eefecf8]
Event: 8.505 Thread 0x000002d4a3b15000 7512       3       com.sun.xml.bind.v2.model.impl.ElementPropertyInfoImpl::getTypes (469 bytes)
Event: 8.508 Thread 0x000002d4a3b15000 nmethod 7512 0x000002d48eeff010 code [0x000002d48eeff7c0, 0x000002d48ef04748]
Event: 8.508 Thread 0x000002d4a3b15000 7514       3       com.sun.xml.bind.v2.model.nav.ReflectionNavigator::erasure (9 bytes)
Event: 8.508 Thread 0x000002d4a3b15000 nmethod 7514 0x000002d48ef06010 code [0x000002d48ef061e0, 0x000002d48ef06568]
Event: 8.508 Thread 0x000002d4a3b15000 7511       3       com.sun.xml.bind.v2.model.impl.RuntimeElementPropertyInfoImpl::getTypes (5 bytes)
Event: 8.508 Thread 0x000002d4a3b15000 nmethod 7511 0x000002d48ef06690 code [0x000002d48ef06840, 0x000002d48ef06968]
Event: 8.508 Thread 0x000002d4a3b15000 7513       3       com.sun.xml.bind.v2.model.impl.ElementPropertyInfoImpl::kind (4 bytes)
Event: 8.508 Thread 0x000002d4a3b15000 nmethod 7513 0x000002d48ef06a10 code [0x000002d48ef06bc0, 0x000002d48ef06cd8]
Event: 8.509 Thread 0x000002d4a3b15000 7515       3       com.sun.xml.bind.v2.model.impl.ModelBuilder::getTypeInfo (116 bytes)
Event: 8.509 Thread 0x000002d4a3b15000 nmethod 7515 0x000002d48ef06d90 code [0x000002d48ef07040, 0x000002d48ef08098]
Event: 8.509 Thread 0x000002d4a3b15000 7516       3       com.sun.xml.bind.v2.model.impl.RuntimeTypeInfoSetImpl::getTypeInfo (9 bytes)
Event: 8.509 Thread 0x000002d4a3b15000 nmethod 7516 0x000002d48ef08510 code [0x000002d48ef086e0, 0x000002d48ef08a68]
Event: 8.510 Thread 0x000002d4a6d3c800 nmethod 7499 0x000002d4958fe990 code [0x000002d4958febe0, 0x000002d4958ff440]

GC Heap History (20 events):
Event: 1.924 GC heap after
{Heap after GC invocations=3 (full 0):
 garbage-first heap   total 126976K, used 16753K [0x0000000080000000, 0x0000000100000000)
  region size 1024K, 2 young (2048K), 2 survivors (2048K)
 Metaspace       used 20747K, capacity 21191K, committed 21296K, reserved 1069056K
  class space    used 2521K, capacity 2686K, committed 2688K, reserved 1048576K
}
Event: 2.436 GC heap before
{Heap before GC invocations=4 (full 0):
 garbage-first heap   total 126976K, used 73073K [0x0000000080000000, 0x0000000100000000)
  region size 1024K, 57 young (58368K), 2 survivors (2048K)
 Metaspace       used 26604K, capacity 27221K, committed 27388K, reserved 1073152K
  class space    used 3439K, capacity 3642K, committed 3660K, reserved 1048576K
}
Event: 2.444 GC heap after
{Heap after GC invocations=5 (full 0):
 garbage-first heap   total 126976K, used 18697K [0x0000000080000000, 0x0000000100000000)
  region size 1024K, 4 young (4096K), 4 survivors (4096K)
 Metaspace       used 26604K, capacity 27221K, committed 27388K, reserved 1073152K
  class space    used 3439K, capacity 3642K, committed 3660K, reserved 1048576K
}
Event: 3.064 GC heap before
{Heap before GC invocations=5 (full 0):
 garbage-first heap   total 126976K, used 79113K [0x0000000080000000, 0x0000000100000000)
  region size 1024K, 63 young (64512K), 4 survivors (4096K)
 Metaspace       used 34140K, capacity 34881K, committed 35196K, reserved 1079296K
  class space    used 4386K, capacity 4686K, committed 4812K, reserved 1048576K
}
Event: 3.072 GC heap after
{Heap after GC invocations=6 (full 0):
 garbage-first heap   total 152576K, used 21711K [0x0000000080000000, 0x0000000100000000)
  region size 1024K, 7 young (7168K), 7 survivors (7168K)
 Metaspace       used 34140K, capacity 34881K, committed 35196K, reserved 1079296K
  class space    used 4386K, capacity 4686K, committed 4812K, reserved 1048576K
}
Event: 3.131 GC heap before
{Heap before GC invocations=6 (full 0):
 garbage-first heap   total 152576K, used 24783K [0x0000000080000000, 0x0000000100000000)
  region size 1024K, 11 young (11264K), 7 survivors (7168K)
 Metaspace       used 35175K, capacity 35945K, committed 35964K, reserved 1081344K
  class space    used 4513K, capacity 4808K, committed 4812K, reserved 1048576K
}
Event: 3.142 GC heap after
{Heap after GC invocations=7 (full 0):
 garbage-first heap   total 152576K, used 22483K [0x0000000080000000, 0x0000000100000000)
  region size 1024K, 6 young (6144K), 6 survivors (6144K)
 Metaspace       used 35175K, capacity 35945K, committed 35964K, reserved 1081344K
  class space    used 4513K, capacity 4808K, committed 4812K, reserved 1048576K
}
Event: 3.698 GC heap before
{Heap before GC invocations=8 (full 0):
 garbage-first heap   total 152576K, used 88019K [0x0000000080000000, 0x0000000100000000)
  region size 1024K, 68 young (69632K), 6 survivors (6144K)
 Metaspace       used 39798K, capacity 40738K, committed 40956K, reserved 1085440K
  class space    used 5038K, capacity 5375K, committed 5452K, reserved 1048576K
}
Event: 3.709 GC heap after
{Heap after GC invocations=9 (full 0):
 garbage-first heap   total 152576K, used 27578K [0x0000000080000000, 0x0000000100000000)
  region size 1024K, 9 young (9216K), 9 survivors (9216K)
 Metaspace       used 39798K, capacity 40738K, committed 40956K, reserved 1085440K
  class space    used 5038K, capacity 5375K, committed 5452K, reserved 1048576K
}
Event: 4.297 GC heap before
{Heap before GC invocations=9 (full 0):
 garbage-first heap   total 152576K, used 94138K [0x0000000080000000, 0x0000000100000000)
  region size 1024K, 73 young (74752K), 9 survivors (9216K)
 Metaspace       used 45819K, capacity 46890K, committed 47228K, reserved 1089536K
  class space    used 5815K, capacity 6224K, committed 6348K, reserved 1048576K
}
Event: 4.307 GC heap after
{Heap after GC invocations=10 (full 0):
 garbage-first heap   total 152576K, used 29681K [0x0000000080000000, 0x0000000100000000)
  region size 1024K, 8 young (8192K), 8 survivors (8192K)
 Metaspace       used 45819K, capacity 46890K, committed 47228K, reserved 1089536K
  class space    used 5815K, capacity 6224K, committed 6348K, reserved 1048576K
}
Event: 5.202 GC heap before
{Heap before GC invocations=10 (full 0):
 garbage-first heap   total 152576K, used 102385K [0x0000000080000000, 0x0000000100000000)
  region size 1024K, 75 young (76800K), 8 survivors (8192K)
 Metaspace       used 49164K, capacity 50507K, committed 50684K, reserved 1093632K
  class space    used 6209K, capacity 6650K, committed 6732K, reserved 1048576K
}
Event: 5.212 GC heap after
{Heap after GC invocations=11 (full 0):
 garbage-first heap   total 183296K, used 41065K [0x0000000080000000, 0x0000000100000000)
  region size 1024K, 10 young (10240K), 10 survivors (10240K)
 Metaspace       used 49164K, capacity 50507K, committed 50684K, reserved 1093632K
  class space    used 6209K, capacity 6650K, committed 6732K, reserved 1048576K
}
Event: 6.047 GC heap before
{Heap before GC invocations=11 (full 0):
 garbage-first heap   total 183296K, used 110697K [0x0000000080000000, 0x0000000100000000)
  region size 1024K, 79 young (80896K), 10 survivors (10240K)
 Metaspace       used 59018K, capacity 60381K, committed 60580K, reserved 1101824K
  class space    used 7384K, capacity 7890K, committed 8012K, reserved 1048576K
}
Event: 6.060 GC heap after
{Heap after GC invocations=12 (full 0):
 garbage-first heap   total 183296K, used 43673K [0x0000000080000000, 0x0000000100000000)
  region size 1024K, 3 young (3072K), 3 survivors (3072K)
 Metaspace       used 59018K, capacity 60381K, committed 60580K, reserved 1101824K
  class space    used 7384K, capacity 7890K, committed 8012K, reserved 1048576K
}
Event: 6.907 GC heap before
{Heap before GC invocations=13 (full 0):
 garbage-first heap   total 183296K, used 132761K [0x0000000080000000, 0x0000000100000000)
  region size 1024K, 83 young (84992K), 3 survivors (3072K)
 Metaspace       used 65684K, capacity 67170K, committed 67516K, reserved 1107968K
  class space    used 8214K, capacity 8774K, committed 8908K, reserved 1048576K
}
Event: 6.920 GC heap after
{Heap after GC invocations=14 (full 0):
 garbage-first heap   total 183296K, used 50856K [0x0000000080000000, 0x0000000100000000)
  region size 1024K, 10 young (10240K), 10 survivors (10240K)
 Metaspace       used 65684K, capacity 67170K, committed 67516K, reserved 1107968K
  class space    used 8214K, capacity 8774K, committed 8908K, reserved 1048576K
}
Event: 7.655 GC heap before
{Heap before GC invocations=15 (full 0):
 garbage-first heap   total 183296K, used 131752K [0x0000000080000000, 0x0000000100000000)
  region size 1024K, 89 young (91136K), 10 survivors (10240K)
 Metaspace       used 70787K, capacity 72339K, committed 72508K, reserved 1112064K
  class space    used 9053K, capacity 9682K, committed 9804K, reserved 1048576K
}
Event: 7.666 GC heap after
{Heap after GC invocations=16 (full 0):
 garbage-first heap   total 183296K, used 55359K [0x0000000080000000, 0x0000000100000000)
  region size 1024K, 6 young (6144K), 6 survivors (6144K)
 Metaspace       used 70787K, capacity 72339K, committed 72508K, reserved 1112064K
  class space    used 9053K, capacity 9682K, committed 9804K, reserved 1048576K
}
Event: 8.512 GC heap before
{Heap before GC invocations=16 (full 0):
 garbage-first heap   total 183296K, used 136255K [0x0000000080000000, 0x0000000100000000)
  region size 1024K, 85 young (87040K), 6 survivors (6144K)
 Metaspace       used 77946K, capacity 79688K, committed 79932K, reserved 1118208K
  class space    used 10084K, capacity 10732K, committed 10828K, reserved 1048576K
}

Deoptimization events (20 events):
Event: 8.186 Thread 0x000002d4a6278800 DEOPT PACKING pc=0x000002d49587448c sp=0x000000ff0a0f82e0
Event: 8.186 Thread 0x000002d4a6278800 DEOPT UNPACKING pc=0x000002d48d9f85af sp=0x000000ff0a0f8290 mode 2
Event: 8.221 Thread 0x000002d4a6278800 Uncommon trap: trap_request=0xffffffde fr.pc=0x000002d49587448c relative=0x00000000000015cc
Event: 8.221 Thread 0x000002d4a6278800 Uncommon trap: reason=class_check action=maybe_recompile pc=0x000002d49587448c method=java.util.concurrent.ConcurrentHashMap.computeIfAbsent(Ljava/lang/Object;Ljava/util/function/Function;)Ljava/lang/Object; @ 241 c2
Event: 8.221 Thread 0x000002d4a6278800 DEOPT PACKING pc=0x000002d49587448c sp=0x000000ff0a0f6f00
Event: 8.221 Thread 0x000002d4a6278800 DEOPT UNPACKING pc=0x000002d48d9f85af sp=0x000000ff0a0f6eb0 mode 2
Event: 8.244 Thread 0x000002d4a6278800 DEOPT PACKING pc=0x000002d48eba7627 sp=0x000000ff0a0f7480
Event: 8.244 Thread 0x000002d4a6278800 DEOPT UNPACKING pc=0x000002d48da39d0e sp=0x000000ff0a0f6910 mode 0
Event: 8.247 Thread 0x000002d4a6278800 Uncommon trap: trap_request=0xffffffde fr.pc=0x000002d49587448c relative=0x00000000000015cc
Event: 8.247 Thread 0x000002d4a6278800 Uncommon trap: reason=class_check action=maybe_recompile pc=0x000002d49587448c method=java.util.concurrent.ConcurrentHashMap.computeIfAbsent(Ljava/lang/Object;Ljava/util/function/Function;)Ljava/lang/Object; @ 241 c2
Event: 8.247 Thread 0x000002d4a6278800 DEOPT PACKING pc=0x000002d49587448c sp=0x000000ff0a0f83b0
Event: 8.247 Thread 0x000002d4a6278800 DEOPT UNPACKING pc=0x000002d48d9f85af sp=0x000000ff0a0f8360 mode 2
Event: 8.318 Thread 0x000002d4a6278800 Uncommon trap: trap_request=0xffffff4d fr.pc=0x000002d49572c144 relative=0x0000000000001dc4
Event: 8.318 Thread 0x000002d4a6278800 Uncommon trap: reason=unstable_if action=reinterpret pc=0x000002d49572c144 method=sun.nio.fs.WindowsPathParser.normalize(Ljava/lang/StringBuilder;Ljava/lang/String;I)Ljava/lang/String; @ 172 c2
Event: 8.318 Thread 0x000002d4a6278800 DEOPT PACKING pc=0x000002d49572c144 sp=0x000000ff0a0f8b30
Event: 8.318 Thread 0x000002d4a6278800 DEOPT UNPACKING pc=0x000002d48d9f85af sp=0x000000ff0a0f8b20 mode 2
Event: 8.455 Thread 0x000002d4a6278800 Uncommon trap: trap_request=0xfffffff4 fr.pc=0x000002d4957d4b3c relative=0x0000000000001b3c
Event: 8.455 Thread 0x000002d4a6278800 Uncommon trap: reason=null_check action=make_not_entrant pc=0x000002d4957d4b3c method=java.lang.Class.createAnnotationData(I)Ljava/lang/Class$AnnotationData; @ 14 c2
Event: 8.455 Thread 0x000002d4a6278800 DEOPT PACKING pc=0x000002d4957d4b3c sp=0x000000ff0a0f6c70
Event: 8.455 Thread 0x000002d4a6278800 DEOPT UNPACKING pc=0x000002d48d9f85af sp=0x000000ff0a0f6c20 mode 2

Classes redefined (0 events):
No events

Internal exceptions (20 events):
Event: 7.208 Thread 0x000002d4a6278800 Exception <a 'java/lang/ClassNotFoundException'{0x0000000088963800}: com/android/build/gradle/internal/CompileOptions$AgpDecoratedBeanInfo> (0x0000000088963800) thrown at [./src/hotspot/share/classfile/systemDictionary.cpp, line 231]
Event: 7.208 Thread 0x000002d4a6278800 Exception <a 'java/lang/ClassNotFoundException'{0x000000008897f840}: com/android/build/gradle/internal/CompileOptionsBeanInfo> (0x000000008897f840) thrown at [./src/hotspot/share/classfile/systemDictionary.cpp, line 231]
Event: 7.208 Thread 0x000002d4a6278800 Exception <a 'java/lang/ClassNotFoundException'{0x000000008899c550}: com/android/build/gradle/internal/CompileOptionsCustomizer> (0x000000008899c550) thrown at [./src/hotspot/share/classfile/systemDictionary.cpp, line 231]
Event: 7.209 Thread 0x000002d4a6278800 Exception <a 'java/lang/ClassNotFoundException'{0x00000000889c6fc0}: com/android/build/gradle/internal/CompileOptions$AgpDecoratedCustomizer> (0x00000000889c6fc0) thrown at [./src/hotspot/share/classfile/systemDictionary.cpp, line 231]
Event: 7.209 Thread 0x000002d4a6278800 Exception <a 'java/lang/ClassNotFoundException'{0x00000000889f45e8}: com/android/build/gradle/internal/CompileOptions$AgpDecorated_DecoratedCustomizer> (0x00000000889f45e8) thrown at [./src/hotspot/share/classfile/systemDictionary.cpp, line 231]
Event: 7.223 Thread 0x000002d4a6278800 Exception <a 'java/lang/ClassNotFoundException'{0x000000008872fa68}: org/gradle/api/internal/artifacts/dsl/dependencies/DefaultDependencyHandler_DecoratedBeanInfo> (0x000000008872fa68) thrown at [./src/hotspot/share/classfile/systemDictionary.cpp, line 231]
Event: 7.224 Thread 0x000002d4a6278800 Exception <a 'java/lang/ClassNotFoundException'{0x0000000088780028}: org/gradle/api/internal/artifacts/dsl/dependencies/DefaultDependencyHandlerBeanInfo> (0x0000000088780028) thrown at [./src/hotspot/share/classfile/systemDictionary.cpp, line 231]
Event: 7.224 Thread 0x000002d4a6278800 Exception <a 'java/lang/ClassNotFoundException'{0x00000000887d0a58}: org/gradle/api/internal/artifacts/dsl/dependencies/DefaultDependencyHandlerCustomizer> (0x00000000887d0a58) thrown at [./src/hotspot/share/classfile/systemDictionary.cpp, line 231]
Event: 7.226 Thread 0x000002d4a6278800 Exception <a 'java/lang/ClassNotFoundException'{0x000000008864b970}: org/gradle/api/internal/artifacts/dsl/dependencies/DefaultDependencyHandler_DecoratedCustomizer> (0x000000008864b970) thrown at [./src/hotspot/share/classfile/systemDictionary.cpp, line 231]
Event: 7.858 Thread 0x000002d4a6278800 Exception <a 'java/lang/ClassNotFoundException'{0x000000008a35e408}: com/android/build/gradle/internal/api/ApkVariantOutputImpl_DecoratedBeanInfo> (0x000000008a35e408) thrown at [./src/hotspot/share/classfile/systemDictionary.cpp, line 231]
Event: 7.859 Thread 0x000002d4a6278800 Exception <a 'java/lang/ClassNotFoundException'{0x000000008a37ab70}: com/android/build/gradle/internal/api/ApkVariantOutputImplBeanInfo> (0x000000008a37ab70) thrown at [./src/hotspot/share/classfile/systemDictionary.cpp, line 231]
Event: 7.859 Thread 0x000002d4a6278800 Exception <a 'java/lang/ClassNotFoundException'{0x000000008a397d18}: com/android/build/gradle/internal/api/BaseVariantOutputImplBeanInfo> (0x000000008a397d18) thrown at [./src/hotspot/share/classfile/systemDictionary.cpp, line 231]
Event: 7.859 Thread 0x000002d4a6278800 Exception <a 'java/lang/ClassNotFoundException'{0x000000008a3b4d00}: com/android/build/gradle/internal/api/BaseVariantOutputImplCustomizer> (0x000000008a3b4d00) thrown at [./src/hotspot/share/classfile/systemDictionary.cpp, line 231]
Event: 7.860 Thread 0x000002d4a6278800 Exception <a 'java/lang/ClassNotFoundException'{0x000000008a3e4360}: com/android/build/gradle/internal/api/ApkVariantOutputImplCustomizer> (0x000000008a3e4360) thrown at [./src/hotspot/share/classfile/systemDictionary.cpp, line 231]
Event: 7.861 Thread 0x000002d4a6278800 Exception <a 'java/lang/ClassNotFoundException'{0x000000008a2105b0}: com/android/build/gradle/internal/api/ApkVariantOutputImpl_DecoratedCustomizer> (0x000000008a2105b0) thrown at [./src/hotspot/share/classfile/systemDictionary.cpp, line 231]
Event: 7.870 Thread 0x000002d4a6278800 Exception <a 'java/lang/NoClassDefFoundError'{0x000000008a17d430}: org/jetbrains/kotlin/gradle/plugin/KotlinBasePluginWrapper> (0x000000008a17d430) thrown at [./src/hotspot/share/classfile/systemDictionary.cpp, line 220]
Event: 8.176 Thread 0x000002d4a6278800 Exception <a 'java/lang/NoSuchMethodError'{0x00000000884b4cf0}: 'java.lang.Object java.lang.invoke.Invokers$Holder.linkToTargetMethod(java.lang.Object, int, java.lang.Object)'> (0x00000000884b4cf0) thrown at [./src/hotspot/share/interpreter/linkResolver.cpp, line 773]
Event: 8.288 Thread 0x000002d4a6278800 Exception <a 'sun/nio/fs/WindowsException'{0x0000000087a415e0}> (0x0000000087a415e0) thrown at [./src/hotspot/share/prims/jni.cpp, line 616]
Event: 8.381 Thread 0x000002d4a6278800 Exception <a 'java/lang/NullPointerException'{0x00000000870687e0}> (0x00000000870687e0) thrown at [./src/hotspot/share/interpreter/linkResolver.cpp, line 1440]
Event: 8.455 Thread 0x000002d4a6278800 Implicit null exception at 0x000002d4957d30c7 to 0x000002d4957d4b14

Events (20 events):
Event: 8.507 loading class com/sun/xml/bind/v2/runtime/unmarshaller/TextLoader done
Event: 8.507 loading class com/sun/xml/bind/v2/runtime/unmarshaller/XsiTypeLoader
Event: 8.507 loading class com/sun/xml/bind/v2/runtime/unmarshaller/XsiTypeLoader done
Event: 8.509 loading class com/sun/xml/bind/v2/runtime/unmarshaller/StructureLoader
Event: 8.509 loading class com/sun/xml/bind/v2/runtime/unmarshaller/StructureLoader done
Event: 8.509 loading class com/sun/xml/bind/v2/runtime/property/Property
Event: 8.509 loading class com/sun/xml/bind/v2/runtime/property/Property done
Event: 8.509 loading class com/sun/xml/bind/v2/runtime/property/StructureLoaderBuilder
Event: 8.509 loading class com/sun/xml/bind/v2/runtime/property/StructureLoaderBuilder done
Event: 8.510 loading class com/sun/xml/bind/v2/runtime/property/AttributeProperty
Event: 8.510 loading class com/sun/xml/bind/v2/runtime/property/AttributeProperty done
Event: 8.510 loading class com/sun/xml/bind/v2/runtime/property/PropertyImpl
Event: 8.510 loading class com/sun/xml/bind/v2/runtime/property/PropertyImpl done
Event: 8.511 loading class com/sun/xml/bind/v2/runtime/property/PropertyFactory
Event: 8.511 loading class com/sun/xml/bind/v2/runtime/property/PropertyFactory done
Event: 8.512 loading class java/lang/InstantiationError
Event: 8.512 loading class java/lang/InstantiationError done
Event: 8.512 loading class com/sun/xml/bind/v2/runtime/property/SingleElementLeafProperty
Event: 8.512 loading class com/sun/xml/bind/v2/runtime/property/SingleElementLeafProperty done
Event: 8.512 Executing VM operation: G1CollectForAllocation


Dynamic libraries:
0x00007ff64a880000 - 0x00007ff64a88a000 	C:\Program Files\Android\Android Studio\jre\bin\java.exe
0x00007ffc45740000 - 0x00007ffc45949000 	C:\WINDOWS\SYSTEM32\ntdll.dll
0x00007ffc44a00000 - 0x00007ffc44abd000 	C:\WINDOWS\System32\KERNEL32.DLL
0x00007ffc431e0000 - 0x00007ffc4355c000 	C:\WINDOWS\System32\KERNELBASE.dll
0x00007ffc42c20000 - 0x00007ffc42d31000 	C:\WINDOWS\System32\ucrtbase.dll
0x00007ffc3c000000 - 0x00007ffc3c017000 	C:\Program Files\Android\Android Studio\jre\bin\VCRUNTIME140.dll
0x00007ffc2bcc0000 - 0x00007ffc2bcd9000 	C:\Program Files\Android\Android Studio\jre\bin\jli.dll
0x00007ffc44c90000 - 0x00007ffc44e3d000 	C:\WINDOWS\System32\USER32.dll
0x00007ffc2ac00000 - 0x00007ffc2aea5000 	C:\WINDOWS\WinSxS\amd64_microsoft.windows.common-controls_6595b64144ccf1df_6.0.22000.120_none_9d947278b86cc467\COMCTL32.dll
0x00007ffc42d40000 - 0x00007ffc42d66000 	C:\WINDOWS\System32\win32u.dll
0x00007ffc45140000 - 0x00007ffc451e3000 	C:\WINDOWS\System32\msvcrt.dll
0x00007ffc45110000 - 0x00007ffc45139000 	C:\WINDOWS\System32\GDI32.dll
0x00007ffc42d70000 - 0x00007ffc42e89000 	C:\WINDOWS\System32\gdi32full.dll
0x00007ffc430c0000 - 0x00007ffc4315d000 	C:\WINDOWS\System32\msvcp_win.dll
0x00007ffc43a20000 - 0x00007ffc43a51000 	C:\WINDOWS\System32\IMM32.DLL
0x00007ffc2b950000 - 0x00007ffc2b9ed000 	C:\Program Files\Android\Android Studio\jre\bin\msvcp140.dll
0x00007ffbe8620000 - 0x00007ffbe9122000 	C:\Program Files\Android\Android Studio\jre\bin\server\jvm.dll
0x00007ffc44ac0000 - 0x00007ffc44b6e000 	C:\WINDOWS\System32\ADVAPI32.dll
0x00007ffc44e40000 - 0x00007ffc44ede000 	C:\WINDOWS\System32\sechost.dll
0x00007ffc43630000 - 0x00007ffc43750000 	C:\WINDOWS\System32\RPCRT4.dll
0x00007ffc45050000 - 0x00007ffc45058000 	C:\WINDOWS\System32\PSAPI.DLL
0x00007ffc3f370000 - 0x00007ffc3f379000 	C:\WINDOWS\SYSTEM32\WSOCK32.dll
0x00007ffc35580000 - 0x00007ffc3558a000 	C:\WINDOWS\SYSTEM32\VERSION.dll
0x00007ffc38b50000 - 0x00007ffc38b83000 	C:\WINDOWS\SYSTEM32\WINMM.dll
0x00007ffc437b0000 - 0x00007ffc4381f000 	C:\WINDOWS\System32\WS2_32.dll
0x00007ffc41cd0000 - 0x00007ffc41ce8000 	C:\WINDOWS\SYSTEM32\kernel.appcore.dll
0x00007ffc3bf10000 - 0x00007ffc3bf21000 	C:\Program Files\Android\Android Studio\jre\bin\verify.dll
0x00007ffc40700000 - 0x00007ffc40921000 	C:\WINDOWS\SYSTEM32\DBGHELP.DLL
0x00007ffc35590000 - 0x00007ffc355c1000 	C:\WINDOWS\SYSTEM32\dbgcore.DLL
0x00007ffc43160000 - 0x00007ffc431df000 	C:\WINDOWS\System32\bcryptPrimitives.dll
0x00007ffc3bee0000 - 0x00007ffc3bf09000 	C:\Program Files\Android\Android Studio\jre\bin\java.dll
0x00007ffc3bff0000 - 0x00007ffc3bffb000 	C:\Program Files\Android\Android Studio\jre\bin\jimage.dll
0x00007ffc351e0000 - 0x00007ffc351f8000 	C:\Program Files\Android\Android Studio\jre\bin\zip.dll
0x00007ffc44240000 - 0x00007ffc449f8000 	C:\WINDOWS\System32\SHELL32.dll
0x00007ffc40d40000 - 0x00007ffc415a8000 	C:\WINDOWS\SYSTEM32\windows.storage.dll
0x00007ffc45380000 - 0x00007ffc456f9000 	C:\WINDOWS\System32\combase.dll
0x00007ffc40bd0000 - 0x00007ffc40d36000 	C:\WINDOWS\SYSTEM32\wintypes.dll
0x00007ffc43f60000 - 0x00007ffc4404a000 	C:\WINDOWS\System32\SHCORE.dll
0x00007ffc435d0000 - 0x00007ffc4362d000 	C:\WINDOWS\System32\shlwapi.dll
0x00007ffc42b50000 - 0x00007ffc42b71000 	C:\WINDOWS\SYSTEM32\profapi.dll
0x00007ffc34540000 - 0x00007ffc3455a000 	C:\Program Files\Android\Android Studio\jre\bin\net.dll
0x00007ffc38e80000 - 0x00007ffc38f8c000 	C:\WINDOWS\SYSTEM32\WINHTTP.dll
0x00007ffc420f0000 - 0x00007ffc42157000 	C:\WINDOWS\system32\mswsock.dll
0x00007ffc33360000 - 0x00007ffc33374000 	C:\Program Files\Android\Android Studio\jre\bin\nio.dll
0x00007ffc2b9f0000 - 0x00007ffc2ba17000 	C:\Users\Lenovo\AndroidStudioProjects\Mb1\native\e1d6ef7f7dcc3fd88c89a11ec53ec762bb8ba0a96d01ffa2cd45eb1d1d8dd5c5\windows-amd64\native-platform.dll
0x00007ffc29ee0000 - 0x00007ffc2a024000 	C:\Users\Lenovo\AndroidStudioProjects\Mb1\native\0d407fdbe67a94daf76414ababcb853783967236a71b16ec16e742cd7a986fd3\windows-amd64\native-platform-file-events.dll
0x00007ffc3bf60000 - 0x00007ffc3bf6a000 	C:\Program Files\Android\Android Studio\jre\bin\management.dll
0x00007ffc3bed0000 - 0x00007ffc3bedd000 	C:\Program Files\Android\Android Studio\jre\bin\management_ext.dll
0x00007ffc423d0000 - 0x00007ffc423e8000 	C:\WINDOWS\SYSTEM32\CRYPTSP.dll
0x00007ffc41c30000 - 0x00007ffc41c65000 	C:\WINDOWS\system32\rsaenh.dll
0x00007ffc42190000 - 0x00007ffc421b9000 	C:\WINDOWS\SYSTEM32\USERENV.dll
0x00007ffc42600000 - 0x00007ffc42627000 	C:\WINDOWS\SYSTEM32\bcrypt.dll
0x00007ffc422e0000 - 0x00007ffc422ec000 	C:\WINDOWS\SYSTEM32\CRYPTBASE.dll
0x00007ffc41800000 - 0x00007ffc4182d000 	C:\WINDOWS\SYSTEM32\IPHLPAPI.DLL
0x00007ffc44050000 - 0x00007ffc44059000 	C:\WINDOWS\System32\NSI.dll
0x00007ffc38e60000 - 0x00007ffc38e79000 	C:\WINDOWS\SYSTEM32\dhcpcsvc6.DLL
0x00007ffc390c0000 - 0x00007ffc390de000 	C:\WINDOWS\SYSTEM32\dhcpcsvc.DLL
0x00007ffc41830000 - 0x00007ffc41918000 	C:\WINDOWS\SYSTEM32\DNSAPI.dll

dbghelp: loaded successfully - version: 4.0.5 - missing functions: none
symbol engine: initialized successfully - sym options: 0x614 - pdb path: .;C:\Program Files\Android\Android Studio\jre\bin;C:\WINDOWS\SYSTEM32;C:\WINDOWS\WinSxS\amd64_microsoft.windows.common-controls_6595b64144ccf1df_6.0.22000.120_none_9d947278b86cc467;C:\Program Files\Android\Android Studio\jre\bin\server;C:\Users\Lenovo\AndroidStudioProjects\Mb1\native\e1d6ef7f7dcc3fd88c89a11ec53ec762bb8ba0a96d01ffa2cd45eb1d1d8dd5c5\windows-amd64;C:\Users\Lenovo\AndroidStudioProjects\Mb1\native\0d407fdbe67a94daf76414ababcb853783967236a71b16ec16e742cd7a986fd3\windows-amd64

VM Arguments:
jvm_args: --add-opens=java.base/java.util=ALL-UNNAMED --add-opens=java.base/java.lang=ALL-UNNAMED --add-opens=java.base/java.lang.invoke=ALL-UNNAMED --add-opens=java.base/java.util=ALL-UNNAMED --add-opens=java.prefs/java.util.prefs=ALL-UNNAMED --add-opens=java.prefs/java.util.prefs=ALL-UNNAMED --add-opens=java.base/java.nio.charset=ALL-UNNAMED --add-opens=java.base/java.net=ALL-UNNAMED --add-opens=java.base/java.util.concurrent.atomic=ALL-UNNAMED -Xmx2048m -Dfile.encoding=UTF-8 -Duser.country=IN -Duser.language=en -Duser.variant 
java_command: org.gradle.launcher.daemon.bootstrap.GradleDaemon 7.4
java_class_path (initial): C:\Users\Lenovo\AndroidStudioProjects\Mb1\wrapper\dists\gradle-7.4-bin\c0gwcg53nkjbqw7r0h0umtfvt\gradle-7.4\lib\gradle-launcher-7.4.jar
Launcher Type: SUN_STANDARD

[Global flags]
     intx CICompilerCount                          = 3                                         {product} {ergonomic}
     uint ConcGCThreads                            = 1                                         {product} {ergonomic}
     uint G1ConcRefinementThreads                  = 4                                         {product} {ergonomic}
   size_t G1HeapRegionSize                         = 1048576                                   {product} {ergonomic}
    uintx GCDrainStackTargetSize                   = 64                                        {product} {ergonomic}
   size_t InitialHeapSize                          = 130023424                                 {product} {ergonomic}
   size_t MarkStackSize                            = 4194304                                   {product} {ergonomic}
   size_t MaxHeapSize                              = 2147483648                                {product} {command line}
   size_t MaxNewSize                               = 1287651328                                {product} {ergonomic}
   size_t MinHeapDeltaBytes                        = 1048576                                   {product} {ergonomic}
    uintx NonNMethodCodeHeapSize                   = 5830732                                {pd product} {ergonomic}
    uintx NonProfiledCodeHeapSize                  = 122913754                              {pd product} {ergonomic}
    uintx ProfiledCodeHeapSize                     = 122913754                              {pd product} {ergonomic}
    uintx ReservedCodeCacheSize                    = 251658240                              {pd product} {ergonomic}
     bool SegmentedCodeCache                       = true                                      {product} {ergonomic}
     bool UseCompressedClassPointers               = true                                 {lp64_product} {ergonomic}
     bool UseCompressedOops                        = true                                 {lp64_product} {ergonomic}
     bool UseG1GC                                  = true                                      {product} {ergonomic}
     bool UseLargePagesIndividualAllocation        = false                                  {pd product} {ergonomic}

Logging:
Log output configuration:
 #0: stdout all=warning uptime,level,tags
 #1: stderr all=off uptime,level,tags

Environment Variables:
PATH=D:\Python310\Scripts\;D:\Python310\;C:\ProgramData\Oracle\Java\javapath;C:\Program Files\Common Files\Oracle\Java\javapath;C:\WINDOWS\system32;C:\WINDOWS;C:\WINDOWS\System32\Wbem;C:\WINDOWS\System32\WindowsPowerShell\v1.0\;C:\WINDOWS\System32\OpenSSH\;C:\Program Files\nodejs\;C:\Program Files\Git\cmd;C:\Program Files\dotnet\;C:\Program Files\MySQL\MySQL Shell 8.0\bin\;C:\Users\Lenovo\AppData\Local\Microsoft\WindowsApps;C:\Users\Lenovo\AppData\Local\Programs\Microsoft VS Code\bin;C:\ProgramData\Lenovo\GitHubDesktop\bin;C:\Users\Lenovo\AppData\Local\GitHubDesktop\bin;C:\Program Files\JetBrains\IntelliJ IDEA Community Edition 2021.3\bin;;C:\Program Files\Java\jdk-17.0.1\bin;C:\flutter\bin;C:\Users\Lenovo\AppData\Roaming\npm;C:\Program Files\MongoDB\Server\6.0\bin;
USERNAME=Lenovo
OS=Windows_NT
PROCESSOR_IDENTIFIER=Intel64 Family 6 Model 140 Stepping 1, GenuineIntel



---------------  S Y S T E M  ---------------

OS: Windows 11 , 64 bit Build 22000 (10.0.22000.708)
OS uptime: 0 days 2:36 hours
Hyper-V role detected

CPU:total 4 (initial active 4) (2 cores per cpu, 2 threads per core) family 6 model 140 stepping 1 microcode 0x86, cmov, cx8, fxsr, mmx, sse, sse2, sse3, ssse3, sse4.1, sse4.2, popcnt, avx, avx2, aes, clmul, erms, 3dnowpref, lzcnt, ht, tsc, tscinvbit, bmi1, bmi2, adx, evex, sha, fma

Memory: 4k page, system-wide physical 7890M (844M free)
TotalPageFile size 10606M (AvailPageFile size 37M)
current process WorkingSet (physical memory assigned to process): 401M, peak: 403M
current process commit charge ("private bytes"): 429M, peak: 465M

vm_info: OpenJDK 64-Bit Server VM (11.0.13+0-b1751.21-8125866) for windows-amd64 JRE (11.0.13+0-b1751.21-8125866), built on Feb  2 2022 03:00:22 by "builder" with MS VC++ 14.0 (VS2015)

END.
