#
# There is insufficient memory for the Java Runtime Environment to continue.
# Native memory allocation (mmap) failed to map 37748736 bytes for Failed to commit area from 0x000000008b300000 to 0x000000008d700000 of length 37748736.
# Possible reasons:
#   The system is out of physical RAM or swap space
#   The process is running with CompressedOops enabled, and the Java Heap may be blocking the growth of the native heap
# Possible solutions:
#   Reduce memory load on the system
#   Increase physical memory or swap space
#   Check if swap backing store is full
#   Decrease Java heap size (-Xmx/-Xms)
#   Decrease number of Java threads
#   Decrease Java thread stack sizes (-Xss)
#   Set larger code cache with -XX:ReservedCodeCacheSize=
#   JVM is running with Unscaled Compressed Oops mode in which the Java heap is
#     placed in the first 4GB address space. The Java Heap base address is the
#     maximum limit for the native heap growth. Please use -XX:HeapBaseMinAddress
#     to set the Java Heap base and to place the Java Heap above 4GB virtual address.
# This output file may be truncated or incomplete.
#
#  Out of Memory Error (./src/hotspot/os/windows/os_windows.cpp:3619), pid=16160, tid=15760
#
# JRE version: OpenJDK Runtime Environment (11.0.13) (build 11.0.13+0-b1751.21-8125866)
# Java VM: OpenJDK 64-Bit Server VM (11.0.13+0-b1751.21-8125866, mixed mode, tiered, compressed oops, g1 gc, windows-amd64)
# No core dump will be written. Minidumps are not enabled by default on client versions of Windows
#

---------------  S U M M A R Y ------------

Command Line: --add-opens=java.base/java.util=ALL-UNNAMED --add-opens=java.base/java.lang=ALL-UNNAMED --add-opens=java.base/java.lang.invoke=ALL-UNNAMED --add-opens=java.base/java.util=ALL-UNNAMED --add-opens=java.prefs/java.util.prefs=ALL-UNNAMED --add-opens=java.prefs/java.util.prefs=ALL-UNNAMED --add-opens=java.base/java.nio.charset=ALL-UNNAMED --add-opens=java.base/java.net=ALL-UNNAMED --add-opens=java.base/java.util.concurrent.atomic=ALL-UNNAMED -Xmx2048m -Dfile.encoding=UTF-8 -Duser.country=IN -Duser.language=en -Duser.variant org.gradle.launcher.daemon.bootstrap.GradleDaemon 7.4

Host: 11th Gen Intel(R) Core(TM) i3-1115G4 @ 3.00GHz, 4 cores, 7G,  Windows 11 , 64 bit Build 22000 (10.0.22000.708)
Time: Fri Oct  7 15:04:07 2022 India Standard Time elapsed time: 11.054883 seconds (0d 0h 0m 11s)

---------------  T H R E A D  ---------------

Current thread (0x000001bba412f800):  VMThread "VM Thread" [stack: 0x000000b431400000,0x000000b431500000] [id=15760]

Stack: [0x000000b431400000,0x000000b431500000]
[error occurred during error reporting (printing stack bounds), id 0xc0000005, EXCEPTION_ACCESS_VIOLATION (0xc0000005) at pc=0x000001bb8e0512e7]

Native frames: (J=compiled Java code, j=interpreted, Vv=VM code, C=native code)
V  [jvm.dll+0x6100fa]
V  [jvm.dll+0x747090]
V  [jvm.dll+0x7486ad]
V  [jvm.dll+0x748ce5]
V  [jvm.dll+0x748c9b]
V  [jvm.dll+0x60f224]
V  [jvm.dll+0x60f9b8]
C  [ntdll.dll+0xa8b1f]
C  [ntdll.dll+0x35b9a]
C  [ntdll.dll+0xa7b2e]
C  0x000001bb8e0512e7

VM_Operation (0x000000b436ff7fe0): G1CollectForAllocation, mode: safepoint, requested by thread 0x000001bbae398000


---------------  P R O C E S S  ---------------

Threads class SMR info:
_java_thread_list=0x000001bbae1ed460, length=88, elements={
0x000001bb8a52d000, 0x000001bba4131800, 0x000001bba413d000, 0x000001bba4ac2800,
0x000001bba4153800, 0x000001bba4154800, 0x000001bba4155800, 0x000001bba415f800,
0x000001bba4161000, 0x000001bba4bfd000, 0x000001bba6647000, 0x000001bba7f2d800,
0x000001bba6eeb800, 0x000001bba7f1c800, 0x000001bba59c3000, 0x000001bba58cf800,
0x000001bba640e800, 0x000001bba7c2e800, 0x000001bba6a91800, 0x000001bba6bc6800,
0x000001bba77f5000, 0x000001bba7e36000, 0x000001bba7e39800, 0x000001bba7e34000,
0x000001bba7e37000, 0x000001bba7e38800, 0x000001bba7e35800, 0x000001bba7e38000,
0x000001bba7e3a800, 0x000001bba7e34800, 0x000001bba83f4000, 0x000001bba83f4800,
0x000001bba83f3000, 0x000001bba83f6800, 0x000001bba83f9800, 0x000001bba83f8000,
0x000001bba83fa800, 0x000001bba83fb000, 0x000001bba83f5800, 0x000001bba83fe800,
0x000001bba8400000, 0x000001bba8401800, 0x000001bba8401000, 0x000001bba83ff800,
0x000001bba83fc000, 0x000001bba83fd000, 0x000001bba83fd800, 0x000001bba858d800,
0x000001bba8592000, 0x000001bba8591000, 0x000001bba858e800, 0x000001bba858c000,
0x000001bba8592800, 0x000001bba858f800, 0x000001bba8590000, 0x000001bba858d000,
0x000001bba8594000, 0x000001bba8596000, 0x000001bba8595000, 0x000001bba8596800,
0x000001bba8599000, 0x000001bba8593800, 0x000001bba8597800, 0x000001bba859a000,
0x000001bba8598800, 0x000001bba859b000, 0x000001bba4d4e800, 0x000001bba4d51800,
0x000001bba4d4f000, 0x000001bba4d55800, 0x000001bba4d51000, 0x000001bba4d50000,
0x000001bba4d58000, 0x000001bba4d52800, 0x000001bba4d53800, 0x000001bba4d56800,
0x000001bba4d57800, 0x000001bba4d55000, 0x000001bba4d59000, 0x000001bba4d5a000,
0x000001bba4d54000, 0x000001bba4d5c000, 0x000001bba4d5d000, 0x000001bba4d5a800,
0x000001bba4d5b800, 0x000001bbae394000, 0x000001bbae397800, 0x000001bbae398000
}

Java Threads: ( => current thread )
  0x000001bb8a52d000 JavaThread "main" [_thread_blocked, id=13860, stack(0x000000b430e00000,0x000000b430f00000)]
  0x000001bba4131800 JavaThread "Reference Handler" daemon [_thread_blocked, id=3892, stack(0x000000b431500000,0x000000b431600000)]
  0x000001bba413d000 JavaThread "Finalizer" daemon [_thread_blocked, id=14980, stack(0x000000b431600000,0x000000b431700000)]
  0x000001bba4ac2800 JavaThread "Signal Dispatcher" daemon [_thread_blocked, id=7280, stack(0x000000b431700000,0x000000b431800000)]
  0x000001bba4153800 JavaThread "Attach Listener" daemon [_thread_blocked, id=8136, stack(0x000000b431800000,0x000000b431900000)]
  0x000001bba4154800 JavaThread "Service Thread" daemon [_thread_blocked, id=9636, stack(0x000000b431900000,0x000000b431a00000)]
  0x000001bba4155800 JavaThread "C2 CompilerThread0" daemon [_thread_blocked, id=12512, stack(0x000000b431a00000,0x000000b431b00000)]
  0x000001bba415f800 JavaThread "C1 CompilerThread0" daemon [_thread_blocked, id=6496, stack(0x000000b431b00000,0x000000b431c00000)]
  0x000001bba4161000 JavaThread "Sweeper thread" daemon [_thread_blocked, id=15580, stack(0x000000b431c00000,0x000000b431d00000)]
  0x000001bba4bfd000 JavaThread "Common-Cleaner" daemon [_thread_blocked, id=9432, stack(0x000000b431d00000,0x000000b431e00000)]
  0x000001bba6647000 JavaThread "Daemon health stats" [_thread_blocked, id=11352, stack(0x000000b432100000,0x000000b432200000)]
  0x000001bba7f2d800 JavaThread "Incoming local TCP Connector on port 52658" [_thread_in_native, id=3760, stack(0x000000b431f00000,0x000000b432000000)]
  0x000001bba6eeb800 JavaThread "Daemon periodic checks" [_thread_blocked, id=4048, stack(0x000000b432400000,0x000000b432500000)]
  0x000001bba7f1c800 JavaThread "Daemon" [_thread_blocked, id=12204, stack(0x000000b432500000,0x000000b432600000)]
  0x000001bba59c3000 JavaThread "Handler for socket connection from /127.0.0.1:52658 to /127.0.0.1:52659" [_thread_in_native, id=9124, stack(0x000000b432600000,0x000000b432700000)]
  0x000001bba58cf800 JavaThread "Cancel handler" [_thread_blocked, id=7800, stack(0x000000b432700000,0x000000b432800000)]
  0x000001bba640e800 JavaThread "Daemon worker" [_thread_blocked, id=14152, stack(0x000000b432800000,0x000000b432900000)]
  0x000001bba7c2e800 JavaThread "Asynchronous log dispatcher for DefaultDaemonConnection: socket connection from /127.0.0.1:52658 to /127.0.0.1:52659" [_thread_blocked, id=10484, stack(0x000000b432900000,0x000000b432a00000)]
  0x000001bba6a91800 JavaThread "Stdin handler" [_thread_blocked, id=4200, stack(0x000000b432a00000,0x000000b432b00000)]
  0x000001bba6bc6800 JavaThread "Daemon client event forwarder" [_thread_blocked, id=6960, stack(0x000000b432b00000,0x000000b432c00000)]
  0x000001bba77f5000 JavaThread "C2 CompilerThread1" daemon [_thread_blocked, id=11024, stack(0x000000b432c00000,0x000000b432d00000)]
  0x000001bba7e36000 JavaThread "Cache worker for journal cache (C:\Users\Lenovo\AndroidStudioProjects\Mb1\caches\journal-1)" [_thread_blocked, id=13868, stack(0x000000b432d00000,0x000000b432e00000)]
  0x000001bba7e39800 JavaThread "File lock request listener" [_thread_in_native, id=3028, stack(0x000000b432e00000,0x000000b432f00000)]
  0x000001bba7e34000 JavaThread "Cache worker for file hash cache (C:\Users\Lenovo\AndroidStudioProjects\Mb1\caches\7.4\fileHashes)" [_thread_blocked, id=5528, stack(0x000000b432f00000,0x000000b433000000)]
  0x000001bba7e37000 JavaThread "File watcher server" daemon [_thread_blocked, id=5548, stack(0x000000b433000000,0x000000b433100000)]
  0x000001bba7e38800 JavaThread "File watcher consumer" daemon [_thread_blocked, id=12856, stack(0x000000b433100000,0x000000b433200000)]
  0x000001bba7e35800 JavaThread "Cache worker for checksums cache (D:\EDaanLogin\.gradle\7.4\checksums)" [_thread_blocked, id=2016, stack(0x000000b433200000,0x000000b433300000)]
  0x000001bba7e38000 JavaThread "Cache worker for cache directory md-rule (C:\Users\Lenovo\AndroidStudioProjects\Mb1\caches\7.4\md-rule)" [_thread_blocked, id=5012, stack(0x000000b433300000,0x000000b433400000)]
  0x000001bba7e3a800 JavaThread "Cache worker for file hash cache (D:\EDaanLogin\.gradle\7.4\fileHashes)" [_thread_blocked, id=4420, stack(0x000000b433400000,0x000000b433500000)]
  0x000001bba7e34800 JavaThread "Cache worker for cache directory md-supplier (C:\Users\Lenovo\AndroidStudioProjects\Mb1\caches\7.4\md-supplier)" [_thread_blocked, id=2892, stack(0x000000b433500000,0x000000b433600000)]
  0x000001bba83f4000 JavaThread "Cache worker for execution history cache (C:\Users\Lenovo\AndroidStudioProjects\Mb1\caches\7.4\executionHistory)" [_thread_blocked, id=3800, stack(0x000000b433600000,0x000000b433700000)]
  0x000001bba83f4800 JavaThread "jar transforms" [_thread_blocked, id=3344, stack(0x000000b433700000,0x000000b433800000)]
  0x000001bba83f3000 JavaThread "Cache worker for file content cache (C:\Users\Lenovo\AndroidStudioProjects\Mb1\caches\7.4\fileContent)" [_thread_blocked, id=7324, stack(0x000000b433800000,0x000000b433900000)]
  0x000001bba83f6800 JavaThread "jar transforms Thread 2" [_thread_blocked, id=2096, stack(0x000000b433900000,0x000000b433a00000)]
  0x000001bba83f9800 JavaThread "Cache worker for dependencies-accessors (D:\EDaanLogin\.gradle\7.4\dependencies-accessors)" [_thread_blocked, id=1196, stack(0x000000b433a00000,0x000000b433b00000)]
  0x000001bba83f8000 JavaThread "jar transforms Thread 3" [_thread_blocked, id=13252, stack(0x000000b433b00000,0x000000b433c00000)]
  0x000001bba83fa800 JavaThread "Cache worker for Build Output Cleanup Cache (D:\EDaanLogin\.gradle\buildOutputCleanup)" [_thread_blocked, id=3668, stack(0x000000b433c00000,0x000000b433d00000)]
  0x000001bba83fb000 JavaThread "Unconstrained build operations" [_thread_blocked, id=5396, stack(0x000000b433d00000,0x000000b433e00000)]
  0x000001bba83f5800 JavaThread "Unconstrained build operations Thread 2" [_thread_blocked, id=12744, stack(0x000000b433e00000,0x000000b433f00000)]
  0x000001bba83fe800 JavaThread "Unconstrained build operations Thread 3" [_thread_blocked, id=3408, stack(0x000000b433f00000,0x000000b434000000)]
  0x000001bba8400000 JavaThread "Unconstrained build operations Thread 4" [_thread_blocked, id=3472, stack(0x000000b434000000,0x000000b434100000)]
  0x000001bba8401800 JavaThread "Unconstrained build operations Thread 5" [_thread_blocked, id=12224, stack(0x000000b434100000,0x000000b434200000)]
  0x000001bba8401000 JavaThread "Unconstrained build operations Thread 6" [_thread_blocked, id=10364, stack(0x000000b434200000,0x000000b434300000)]
  0x000001bba83ff800 JavaThread "Unconstrained build operations Thread 7" [_thread_blocked, id=11524, stack(0x000000b434300000,0x000000b434400000)]
  0x000001bba83fc000 JavaThread "Unconstrained build operations Thread 8" [_thread_blocked, id=2484, stack(0x000000b434400000,0x000000b434500000)]
  0x000001bba83fd000 JavaThread "Unconstrained build operations Thread 9" [_thread_blocked, id=9776, stack(0x000000b434500000,0x000000b434600000)]
  0x000001bba83fd800 JavaThread "Unconstrained build operations Thread 10" [_thread_blocked, id=5352, stack(0x000000b434600000,0x000000b434700000)]
  0x000001bba858d800 JavaThread "Unconstrained build operations Thread 11" [_thread_blocked, id=6804, stack(0x000000b434700000,0x000000b434800000)]
  0x000001bba8592000 JavaThread "Unconstrained build operations Thread 12" [_thread_blocked, id=8000, stack(0x000000b434800000,0x000000b434900000)]
  0x000001bba8591000 JavaThread "Unconstrained build operations Thread 13" [_thread_blocked, id=14156, stack(0x000000b434900000,0x000000b434a00000)]
  0x000001bba858e800 JavaThread "Unconstrained build operations Thread 14" [_thread_blocked, id=10280, stack(0x000000b434a00000,0x000000b434b00000)]
  0x000001bba858c000 JavaThread "Unconstrained build operations Thread 15" [_thread_blocked, id=1780, stack(0x000000b434b00000,0x000000b434c00000)]
  0x000001bba8592800 JavaThread "Unconstrained build operations Thread 16" [_thread_blocked, id=7436, stack(0x000000b434c00000,0x000000b434d00000)]
  0x000001bba858f800 JavaThread "Unconstrained build operations Thread 17" [_thread_blocked, id=13184, stack(0x000000b434d00000,0x000000b434e00000)]
  0x000001bba8590000 JavaThread "Unconstrained build operations Thread 18" [_thread_blocked, id=14536, stack(0x000000b434e00000,0x000000b434f00000)]
  0x000001bba858d000 JavaThread "Unconstrained build operations Thread 19" [_thread_blocked, id=14504, stack(0x000000b434f00000,0x000000b435000000)]
  0x000001bba8594000 JavaThread "Unconstrained build operations Thread 20" [_thread_blocked, id=5884, stack(0x000000b435000000,0x000000b435100000)]
  0x000001bba8596000 JavaThread "Unconstrained build operations Thread 21" [_thread_blocked, id=12464, stack(0x000000b435100000,0x000000b435200000)]
  0x000001bba8595000 JavaThread "Unconstrained build operations Thread 22" [_thread_blocked, id=14860, stack(0x000000b435200000,0x000000b435300000)]
  0x000001bba8596800 JavaThread "Unconstrained build operations Thread 23" [_thread_blocked, id=10024, stack(0x000000b435300000,0x000000b435400000)]
  0x000001bba8599000 JavaThread "Unconstrained build operations Thread 24" [_thread_blocked, id=16104, stack(0x000000b435400000,0x000000b435500000)]
  0x000001bba8593800 JavaThread "Unconstrained build operations Thread 25" [_thread_blocked, id=224, stack(0x000000b435500000,0x000000b435600000)]
  0x000001bba8597800 JavaThread "Unconstrained build operations Thread 26" [_thread_blocked, id=15260, stack(0x000000b435600000,0x000000b435700000)]
  0x000001bba859a000 JavaThread "Unconstrained build operations Thread 27" [_thread_blocked, id=16280, stack(0x000000b435700000,0x000000b435800000)]
  0x000001bba8598800 JavaThread "Unconstrained build operations Thread 28" [_thread_blocked, id=3564, stack(0x000000b435800000,0x000000b435900000)]
  0x000001bba859b000 JavaThread "Unconstrained build operations Thread 29" [_thread_blocked, id=8816, stack(0x000000b435900000,0x000000b435a00000)]
  0x000001bba4d4e800 JavaThread "Unconstrained build operations Thread 30" [_thread_blocked, id=15684, stack(0x000000b435a00000,0x000000b435b00000)]
  0x000001bba4d51800 JavaThread "Unconstrained build operations Thread 31" [_thread_blocked, id=10856, stack(0x000000b435b00000,0x000000b435c00000)]
  0x000001bba4d4f000 JavaThread "Unconstrained build operations Thread 32" [_thread_blocked, id=3428, stack(0x000000b435c00000,0x000000b435d00000)]
  0x000001bba4d55800 JavaThread "Unconstrained build operations Thread 33" [_thread_blocked, id=11660, stack(0x000000b435d00000,0x000000b435e00000)]
  0x000001bba4d51000 JavaThread "Unconstrained build operations Thread 34" [_thread_blocked, id=14224, stack(0x000000b435e00000,0x000000b435f00000)]
  0x000001bba4d50000 JavaThread "Unconstrained build operations Thread 35" [_thread_blocked, id=15164, stack(0x000000b435f00000,0x000000b436000000)]
  0x000001bba4d58000 JavaThread "Unconstrained build operations Thread 36" [_thread_blocked, id=15680, stack(0x000000b436000000,0x000000b436100000)]
  0x000001bba4d52800 JavaThread "Unconstrained build operations Thread 37" [_thread_blocked, id=1428, stack(0x000000b436100000,0x000000b436200000)]
  0x000001bba4d53800 JavaThread "Unconstrained build operations Thread 38" [_thread_blocked, id=8224, stack(0x000000b436200000,0x000000b436300000)]
  0x000001bba4d56800 JavaThread "Unconstrained build operations Thread 39" [_thread_blocked, id=9984, stack(0x000000b436300000,0x000000b436400000)]
  0x000001bba4d57800 JavaThread "Unconstrained build operations Thread 40" [_thread_blocked, id=7336, stack(0x000000b436400000,0x000000b436500000)]
  0x000001bba4d55000 JavaThread "jar transforms Thread 4" [_thread_blocked, id=2496, stack(0x000000b436500000,0x000000b436600000)]
  0x000001bba4d59000 JavaThread "Memory manager" [_thread_blocked, id=15916, stack(0x000000b436600000,0x000000b436700000)]
  0x000001bba4d5a000 JavaThread "build event listener" [_thread_blocked, id=12364, stack(0x000000b436700000,0x000000b436800000)]
  0x000001bba4d54000 JavaThread "pool-3-thread-1" [_thread_blocked, id=1796, stack(0x000000b436800000,0x000000b436900000)]
  0x000001bba4d5c000 JavaThread "build event listener" [_thread_blocked, id=1620, stack(0x000000b436900000,0x000000b436a00000)]
  0x000001bba4d5d000 JavaThread "included builds" [_thread_blocked, id=15656, stack(0x000000b436a00000,0x000000b436b00000)]
  0x000001bba4d5a800 JavaThread "Execution worker for ':'" [_thread_blocked, id=11360, stack(0x000000b436b00000,0x000000b436c00000)]
  0x000001bba4d5b800 JavaThread "Execution worker for ':' Thread 2" [_thread_blocked, id=14572, stack(0x000000b436c00000,0x000000b436d00000)]
  0x000001bbae394000 JavaThread "Execution worker for ':' Thread 3" [_thread_blocked, id=15364, stack(0x000000b436d00000,0x000000b436e00000)]
  0x000001bbae397800 JavaThread "Cache worker for execution history cache (D:\EDaanLogin\.gradle\7.4\executionHistory)" [_thread_blocked, id=16268, stack(0x000000b436e00000,0x000000b436f00000)]
  0x000001bbae398000 JavaThread "WorkerExecutor Queue" [_thread_blocked, id=3592, stack(0x000000b436f00000,0x000000b437000000)]

Other Threads:
=>0x000001bba412f800 VMThread "VM Thread" [stack: 0x000000b431400000,0x000000b431500000] [id=15760]
  0x000001bba4c2e000 WatcherThread [stack: 0x000000b431e00000,0x000000b431f00000] [id=7528]
  0x000001bb8a546000 GCTaskThread "GC Thread#0" [stack: 0x000000b430f00000,0x000000b431000000] [id=4924]
  0x000001bba5562000 GCTaskThread "GC Thread#1" [stack: 0x000000b432000000,0x000000b432100000] [id=6368]
  0x000001bba602e000 GCTaskThread "GC Thread#2" [stack: 0x000000b432200000,0x000000b432300000] [id=15640]
  0x000001bba6037000 GCTaskThread "GC Thread#3" [stack: 0x000000b432300000,0x000000b432400000] [id=7588]
  0x000001bb8a579000 ConcurrentGCThread "G1 Main Marker" [stack: 0x000000b431000000,0x000000b431100000] [id=2876]
  0x000001bb8a57b000 ConcurrentGCThread "G1 Conc#0" [stack: 0x000000b431100000,0x000000b431200000] [id=16200]
  0x000001bb8a60a800 ConcurrentGCThread "G1 Refine#0" [stack: 0x000000b431200000,0x000000b431300000] [id=7960]
  0x000001bb8a60d800 ConcurrentGCThread "G1 Young RemSet Sampling" [stack: 0x000000b431300000,0x000000b431400000] [id=6532]

Threads with active compile tasks:
C2 CompilerThread0  11061 10033       4       org.gradle.internal.snapshot.impl.AbstractValueProcessor::processValue (745 bytes)
C1 CompilerThread0  11061 10073   !   3       org.gradle.internal.operations.DefaultBuildOperationQueue::completeOperations (47 bytes)
C2 CompilerThread1  11061 10071       4       java.io.File::<init> (47 bytes)

VM state:at safepoint (normal execution)

VM Mutex/Monitor currently owned by a thread:  ([mutex/lock_event])
[0x000001bb8a528a60] Threads_lock - owner thread: 0x000001bba412f800
[0x000001bb8a528d30] Heap_lock - owner thread: 0x000001bbae398000

Heap address: 0x0000000080000000, size: 2048 MB, Compressed Oops mode: 32-bit
Narrow klass base: 0x0000000000000000, Narrow klass shift: 3
Compressed class space size: 1073741824 Address: 0x0000000100000000

Heap:
 garbage-first heap   total 220160K, used 75669K [0x0000000080000000, 0x0000000100000000)
  region size 1024K, 7 young (7168K), 7 survivors (7168K)
 Metaspace       used 86494K, capacity 88629K, committed 88872K, reserved 1126400K
  class space    used 11083K, capacity 11883K, committed 11980K, reserved 1048576K
Heap Regions: E=young(eden), S=young(survivor), O=old, HS=humongous(starts), HC=humongous(continues), CS=collection set, F=free, A=archive, TAMS=top-at-mark-start (previous, next)
|   0|0x0000000080000000, 0x0000000080100000, 0x0000000080100000|100%|HS|  |TAMS 0x0000000080100000, 0x0000000080000000| Complete 
|   1|0x0000000080100000, 0x0000000080200000, 0x0000000080200000|100%|HC|  |TAMS 0x0000000080200000, 0x0000000080100000| Complete 
|   2|0x0000000080200000, 0x0000000080300000, 0x0000000080300000|100%|HC|  |TAMS 0x0000000080300000, 0x0000000080200000| Complete 
|   3|0x0000000080300000, 0x0000000080400000, 0x0000000080400000|100%| O|  |TAMS 0x0000000080400000, 0x0000000080300000| Untracked 
|   4|0x0000000080400000, 0x0000000080500000, 0x0000000080500000|100%| O|  |TAMS 0x0000000080500000, 0x0000000080400000| Untracked 
|   5|0x0000000080500000, 0x0000000080600000, 0x0000000080600000|100%| O|  |TAMS 0x0000000080600000, 0x0000000080500000| Untracked 
|   6|0x0000000080600000, 0x0000000080700000, 0x0000000080700000|100%| O|  |TAMS 0x0000000080700000, 0x0000000080600000| Untracked 
|   7|0x0000000080700000, 0x0000000080800000, 0x0000000080800000|100%| O|  |TAMS 0x0000000080800000, 0x0000000080700000| Untracked 
|   8|0x0000000080800000, 0x0000000080900000, 0x0000000080900000|100%| O|  |TAMS 0x0000000080900000, 0x0000000080800000| Untracked 
|   9|0x0000000080900000, 0x0000000080a00000, 0x0000000080a00000|100%| O|  |TAMS 0x0000000080a00000, 0x0000000080900000| Untracked 
|  10|0x0000000080a00000, 0x0000000080b00000, 0x0000000080b00000|100%| O|  |TAMS 0x0000000080b00000, 0x0000000080a00000| Untracked 
|  11|0x0000000080b00000, 0x0000000080c00000, 0x0000000080c00000|100%| O|  |TAMS 0x0000000080c00000, 0x0000000080b00000| Untracked 
|  12|0x0000000080c00000, 0x0000000080d00000, 0x0000000080d00000|100%| O|  |TAMS 0x0000000080d00000, 0x0000000080c00000| Untracked 
|  13|0x0000000080d00000, 0x0000000080e00000, 0x0000000080e00000|100%| O|  |TAMS 0x0000000080e00000, 0x0000000080d00000| Untracked 
|  14|0x0000000080e00000, 0x0000000080f00000, 0x0000000080f00000|100%| O|  |TAMS 0x0000000080f00000, 0x0000000080e00000| Untracked 
|  15|0x0000000080f00000, 0x0000000081000000, 0x0000000081000000|100%|HS|  |TAMS 0x0000000081000000, 0x0000000080f00000| Complete 
|  16|0x0000000081000000, 0x0000000081100000, 0x0000000081100000|100%| O|  |TAMS 0x0000000081100000, 0x0000000081000000| Untracked 
|  17|0x0000000081100000, 0x0000000081200000, 0x0000000081200000|100%| O|  |TAMS 0x0000000081200000, 0x0000000081100000| Untracked 
|  18|0x0000000081200000, 0x0000000081300000, 0x0000000081300000|100%| O|  |TAMS 0x0000000081300000, 0x0000000081200000| Untracked 
|  19|0x0000000081300000, 0x0000000081400000, 0x0000000081400000|100%| O|  |TAMS 0x0000000081400000, 0x0000000081300000| Untracked 
|  20|0x0000000081400000, 0x0000000081500000, 0x0000000081500000|100%| O|  |TAMS 0x0000000081500000, 0x0000000081400000| Untracked 
|  21|0x0000000081500000, 0x0000000081600000, 0x0000000081600000|100%| O|  |TAMS 0x0000000081600000, 0x0000000081500000| Untracked 
|  22|0x0000000081600000, 0x0000000081700000, 0x0000000081700000|100%| O|  |TAMS 0x0000000081700000, 0x0000000081600000| Untracked 
|  23|0x0000000081700000, 0x0000000081800000, 0x0000000081800000|100%|HS|  |TAMS 0x0000000081800000, 0x0000000081700000| Complete 
|  24|0x0000000081800000, 0x0000000081900000, 0x0000000081900000|100%| O|  |TAMS 0x0000000081900000, 0x0000000081800000| Untracked 
|  25|0x0000000081900000, 0x0000000081a00000, 0x0000000081a00000|100%|HS|  |TAMS 0x0000000081a00000, 0x0000000081900000| Complete 
|  26|0x0000000081a00000, 0x0000000081b00000, 0x0000000081b00000|100%|HC|  |TAMS 0x0000000081b00000, 0x0000000081a00000| Complete 
|  27|0x0000000081b00000, 0x0000000081c00000, 0x0000000081c00000|100%| O|  |TAMS 0x0000000081c00000, 0x0000000081b00000| Untracked 
|  28|0x0000000081c00000, 0x0000000081d00000, 0x0000000081d00000|100%| O|  |TAMS 0x0000000081d00000, 0x0000000081c00000| Untracked 
|  29|0x0000000081d00000, 0x0000000081e00000, 0x0000000081e00000|100%| O|  |TAMS 0x0000000081e00000, 0x0000000081d00000| Untracked 
|  30|0x0000000081e00000, 0x0000000081f00000, 0x0000000081f00000|100%| O|  |TAMS 0x0000000081f00000, 0x0000000081e00000| Untracked 
|  31|0x0000000081f00000, 0x0000000082000000, 0x0000000082000000|100%| O|  |TAMS 0x0000000082000000, 0x0000000081f00000| Untracked 
|  32|0x0000000082000000, 0x0000000082100000, 0x0000000082100000|100%| O|  |TAMS 0x0000000082100000, 0x0000000082000000| Untracked 
|  33|0x0000000082100000, 0x0000000082200000, 0x0000000082200000|100%| O|  |TAMS 0x0000000082200000, 0x0000000082100000| Untracked 
|  34|0x0000000082200000, 0x0000000082300000, 0x0000000082300000|100%| O|  |TAMS 0x0000000082300000, 0x0000000082200000| Untracked 
|  35|0x0000000082300000, 0x0000000082400000, 0x0000000082400000|100%| O|  |TAMS 0x0000000082400000, 0x0000000082300000| Untracked 
|  36|0x0000000082400000, 0x0000000082500000, 0x0000000082500000|100%| O|  |TAMS 0x0000000082500000, 0x0000000082400000| Untracked 
|  37|0x0000000082500000, 0x0000000082600000, 0x0000000082600000|100%| O|  |TAMS 0x0000000082600000, 0x0000000082500000| Untracked 
|  38|0x0000000082600000, 0x0000000082700000, 0x0000000082700000|100%| O|  |TAMS 0x0000000082700000, 0x0000000082600000| Untracked 
|  39|0x0000000082700000, 0x0000000082800000, 0x0000000082800000|100%| O|  |TAMS 0x0000000082800000, 0x0000000082700000| Untracked 
|  40|0x0000000082800000, 0x0000000082900000, 0x0000000082900000|100%| O|  |TAMS 0x0000000082900000, 0x0000000082800000| Untracked 
|  41|0x0000000082900000, 0x0000000082a00000, 0x0000000082a00000|100%| O|  |TAMS 0x0000000082900000, 0x0000000082900000| Untracked 
|  42|0x0000000082a00000, 0x0000000082b00000, 0x0000000082b00000|100%| O|  |TAMS 0x0000000082a00000, 0x0000000082a00000| Untracked 
|  43|0x0000000082b00000, 0x0000000082c00000, 0x0000000082c00000|100%| O|  |TAMS 0x0000000082b00000, 0x0000000082b00000| Untracked 
|  44|0x0000000082c00000, 0x0000000082d00000, 0x0000000082d00000|100%| O|  |TAMS 0x0000000082c00000, 0x0000000082c00000| Untracked 
|  45|0x0000000082d00000, 0x0000000082e00000, 0x0000000082e00000|100%| O|  |TAMS 0x0000000082d00000, 0x0000000082d00000| Untracked 
|  46|0x0000000082e00000, 0x0000000082f00000, 0x0000000082f00000|100%| O|  |TAMS 0x0000000082e00000, 0x0000000082e00000| Untracked 
|  47|0x0000000082f00000, 0x0000000083000000, 0x0000000083000000|100%| O|  |TAMS 0x0000000082f00000, 0x0000000082f00000| Untracked 
|  48|0x0000000083000000, 0x0000000083100000, 0x0000000083100000|100%| O|  |TAMS 0x0000000083000000, 0x0000000083000000| Untracked 
|  49|0x0000000083100000, 0x0000000083200000, 0x0000000083200000|100%| O|  |TAMS 0x0000000083100000, 0x0000000083100000| Untracked 
|  50|0x0000000083200000, 0x0000000083300000, 0x0000000083300000|100%| O|  |TAMS 0x0000000083200000, 0x0000000083200000| Untracked 
|  51|0x0000000083300000, 0x0000000083400000, 0x0000000083400000|100%| O|  |TAMS 0x0000000083300000, 0x0000000083300000| Untracked 
|  52|0x0000000083400000, 0x0000000083500000, 0x0000000083500000|100%| O|  |TAMS 0x0000000083400000, 0x0000000083400000| Untracked 
|  53|0x0000000083500000, 0x0000000083600000, 0x0000000083600000|100%| O|  |TAMS 0x0000000083500000, 0x0000000083500000| Untracked 
|  54|0x0000000083600000, 0x0000000083700000, 0x0000000083700000|100%| O|  |TAMS 0x0000000083600000, 0x0000000083600000| Untracked 
|  55|0x0000000083700000, 0x0000000083800000, 0x0000000083800000|100%| O|  |TAMS 0x0000000083700000, 0x0000000083700000| Untracked 
|  56|0x0000000083800000, 0x0000000083900000, 0x0000000083900000|100%| O|  |TAMS 0x0000000083800000, 0x0000000083800000| Untracked 
|  57|0x0000000083900000, 0x0000000083a00000, 0x0000000083a00000|100%| O|  |TAMS 0x0000000083900000, 0x0000000083900000| Untracked 
|  58|0x0000000083a00000, 0x0000000083b00000, 0x0000000083b00000|100%| O|  |TAMS 0x0000000083a00000, 0x0000000083a00000| Untracked 
|  59|0x0000000083b00000, 0x0000000083c00000, 0x0000000083c00000|100%| O|  |TAMS 0x0000000083b00000, 0x0000000083b00000| Untracked 
|  60|0x0000000083c00000, 0x0000000083d00000, 0x0000000083d00000|100%| O|  |TAMS 0x0000000083c00000, 0x0000000083c00000| Untracked 
|  61|0x0000000083d00000, 0x0000000083e00000, 0x0000000083e00000|100%| O|  |TAMS 0x0000000083d00000, 0x0000000083d00000| Untracked 
|  62|0x0000000083e00000, 0x0000000083f00000, 0x0000000083f00000|100%| O|  |TAMS 0x0000000083e00000, 0x0000000083e00000| Untracked 
|  63|0x0000000083f00000, 0x0000000084000000, 0x0000000084000000|100%| O|  |TAMS 0x0000000083f00000, 0x0000000083f00000| Untracked 
|  64|0x0000000084000000, 0x0000000084100000, 0x0000000084100000|100%| O|  |TAMS 0x0000000084000000, 0x0000000084000000| Untracked 
|  65|0x0000000084100000, 0x0000000084200000, 0x0000000084200000|100%| O|  |TAMS 0x0000000084100000, 0x0000000084100000| Untracked 
|  66|0x0000000084200000, 0x00000000842e5600, 0x0000000084300000| 89%| O|  |TAMS 0x0000000084200000, 0x0000000084200000| Untracked 
|  67|0x0000000084300000, 0x0000000084300000, 0x0000000084400000|  0%| F|  |TAMS 0x0000000084300000, 0x0000000084300000| Untracked 
|  68|0x0000000084400000, 0x0000000084400000, 0x0000000084500000|  0%| F|  |TAMS 0x0000000084400000, 0x0000000084400000| Untracked 
|  69|0x0000000084500000, 0x0000000084500000, 0x0000000084600000|  0%| F|  |TAMS 0x0000000084500000, 0x0000000084500000| Untracked 
|  70|0x0000000084600000, 0x0000000084600000, 0x0000000084700000|  0%| F|  |TAMS 0x0000000084600000, 0x0000000084600000| Untracked 
|  71|0x0000000084700000, 0x0000000084700000, 0x0000000084800000|  0%| F|  |TAMS 0x0000000084700000, 0x0000000084700000| Untracked 
|  72|0x0000000084800000, 0x0000000084800000, 0x0000000084900000|  0%| F|  |TAMS 0x0000000084800000, 0x0000000084800000| Untracked 
|  73|0x0000000084900000, 0x0000000084900000, 0x0000000084a00000|  0%| F|  |TAMS 0x0000000084900000, 0x0000000084900000| Untracked 
|  74|0x0000000084a00000, 0x0000000084a00000, 0x0000000084b00000|  0%| F|  |TAMS 0x0000000084a00000, 0x0000000084a00000| Untracked 
|  75|0x0000000084b00000, 0x0000000084b00000, 0x0000000084c00000|  0%| F|  |TAMS 0x0000000084b00000, 0x0000000084b00000| Untracked 
|  76|0x0000000084c00000, 0x0000000084c00000, 0x0000000084d00000|  0%| F|  |TAMS 0x0000000084c00000, 0x0000000084c00000| Untracked 
|  77|0x0000000084d00000, 0x0000000084d00000, 0x0000000084e00000|  0%| F|  |TAMS 0x0000000084d00000, 0x0000000084d00000| Untracked 
|  78|0x0000000084e00000, 0x0000000084e00000, 0x0000000084f00000|  0%| F|  |TAMS 0x0000000084e00000, 0x0000000084e00000| Untracked 
|  79|0x0000000084f00000, 0x0000000084f00000, 0x0000000085000000|  0%| F|  |TAMS 0x0000000084f00000, 0x0000000084f00000| Untracked 
|  80|0x0000000085000000, 0x0000000085000000, 0x0000000085100000|  0%| F|  |TAMS 0x0000000085000000, 0x0000000085000000| Untracked 
|  81|0x0000000085100000, 0x0000000085100000, 0x0000000085200000|  0%| F|  |TAMS 0x0000000085100000, 0x0000000085100000| Untracked 
|  82|0x0000000085200000, 0x0000000085200000, 0x0000000085300000|  0%| F|  |TAMS 0x0000000085200000, 0x0000000085200000| Untracked 
|  83|0x0000000085300000, 0x0000000085300000, 0x0000000085400000|  0%| F|  |TAMS 0x0000000085300000, 0x0000000085300000| Untracked 
|  84|0x0000000085400000, 0x0000000085400000, 0x0000000085500000|  0%| F|  |TAMS 0x0000000085400000, 0x0000000085400000| Untracked 
|  85|0x0000000085500000, 0x0000000085500000, 0x0000000085600000|  0%| F|  |TAMS 0x0000000085500000, 0x0000000085500000| Untracked 
|  86|0x0000000085600000, 0x0000000085600000, 0x0000000085700000|  0%| F|  |TAMS 0x0000000085600000, 0x0000000085600000| Untracked 
|  87|0x0000000085700000, 0x0000000085700000, 0x0000000085800000|  0%| F|  |TAMS 0x0000000085700000, 0x0000000085700000| Untracked 
|  88|0x0000000085800000, 0x0000000085800000, 0x0000000085900000|  0%| F|  |TAMS 0x0000000085800000, 0x0000000085800000| Untracked 
|  89|0x0000000085900000, 0x0000000085900000, 0x0000000085a00000|  0%| F|  |TAMS 0x0000000085900000, 0x0000000085900000| Untracked 
|  90|0x0000000085a00000, 0x0000000085a00000, 0x0000000085b00000|  0%| F|  |TAMS 0x0000000085a00000, 0x0000000085a00000| Untracked 
|  91|0x0000000085b00000, 0x0000000085b00000, 0x0000000085c00000|  0%| F|  |TAMS 0x0000000085b00000, 0x0000000085b00000| Untracked 
|  92|0x0000000085c00000, 0x0000000085c00000, 0x0000000085d00000|  0%| F|  |TAMS 0x0000000085c00000, 0x0000000085c00000| Untracked 
|  93|0x0000000085d00000, 0x0000000085d00000, 0x0000000085e00000|  0%| F|  |TAMS 0x0000000085d00000, 0x0000000085d00000| Untracked 
|  94|0x0000000085e00000, 0x0000000085e00000, 0x0000000085f00000|  0%| F|  |TAMS 0x0000000085e00000, 0x0000000085e00000| Untracked 
|  95|0x0000000085f00000, 0x0000000086000000, 0x0000000086000000|100%| S|CS|TAMS 0x0000000085f00000, 0x0000000085f00000| Complete 
|  96|0x0000000086000000, 0x0000000086100000, 0x0000000086100000|100%| S|CS|TAMS 0x0000000086000000, 0x0000000086000000| Complete 
|  97|0x0000000086100000, 0x0000000086100000, 0x0000000086200000|  0%| F|  |TAMS 0x0000000086100000, 0x0000000086100000| Untracked 
|  98|0x0000000086200000, 0x0000000086200000, 0x0000000086300000|  0%| F|  |TAMS 0x0000000086200000, 0x0000000086200000| Untracked 
|  99|0x0000000086300000, 0x0000000086400000, 0x0000000086400000|100%| S|CS|TAMS 0x0000000086300000, 0x0000000086300000| Complete 
| 100|0x0000000086400000, 0x0000000086500000, 0x0000000086500000|100%| S|CS|TAMS 0x0000000086400000, 0x0000000086400000| Complete 
| 101|0x0000000086500000, 0x0000000086600000, 0x0000000086600000|100%| S|CS|TAMS 0x0000000086500000, 0x0000000086500000| Complete 
| 102|0x0000000086600000, 0x0000000086700000, 0x0000000086700000|100%| S|CS|TAMS 0x0000000086600000, 0x0000000086600000| Complete 
| 103|0x0000000086700000, 0x0000000086800000, 0x0000000086800000|100%| S|CS|TAMS 0x0000000086700000, 0x0000000086700000| Complete 
| 104|0x0000000086800000, 0x0000000086800000, 0x0000000086900000|  0%| F|  |TAMS 0x0000000086800000, 0x0000000086800000| Untracked 
| 105|0x0000000086900000, 0x0000000086900000, 0x0000000086a00000|  0%| F|  |TAMS 0x0000000086900000, 0x0000000086900000| Untracked 
| 106|0x0000000086a00000, 0x0000000086a00000, 0x0000000086b00000|  0%| F|  |TAMS 0x0000000086a00000, 0x0000000086a00000| Untracked 
| 107|0x0000000086b00000, 0x0000000086b00000, 0x0000000086c00000|  0%| F|  |TAMS 0x0000000086b00000, 0x0000000086b00000| Untracked 
| 108|0x0000000086c00000, 0x0000000086c00000, 0x0000000086d00000|  0%| F|  |TAMS 0x0000000086c00000, 0x0000000086c00000| Untracked 
| 109|0x0000000086d00000, 0x0000000086d00000, 0x0000000086e00000|  0%| F|  |TAMS 0x0000000086d00000, 0x0000000086d00000| Untracked 
| 110|0x0000000086e00000, 0x0000000086e00000, 0x0000000086f00000|  0%| F|  |TAMS 0x0000000086e00000, 0x0000000086e00000| Untracked 
| 111|0x0000000086f00000, 0x0000000086f00000, 0x0000000087000000|  0%| F|  |TAMS 0x0000000086f00000, 0x0000000086f00000| Untracked 
| 112|0x0000000087000000, 0x0000000087000000, 0x0000000087100000|  0%| F|  |TAMS 0x0000000087000000, 0x0000000087000000| Untracked 
| 113|0x0000000087100000, 0x0000000087100000, 0x0000000087200000|  0%| F|  |TAMS 0x0000000087100000, 0x0000000087100000| Untracked 
| 114|0x0000000087200000, 0x0000000087200000, 0x0000000087300000|  0%| F|  |TAMS 0x0000000087200000, 0x0000000087200000| Untracked 
| 115|0x0000000087300000, 0x0000000087300000, 0x0000000087400000|  0%| F|  |TAMS 0x0000000087300000, 0x0000000087300000| Untracked 
| 116|0x0000000087400000, 0x0000000087400000, 0x0000000087500000|  0%| F|  |TAMS 0x0000000087400000, 0x0000000087400000| Untracked 
| 117|0x0000000087500000, 0x0000000087500000, 0x0000000087600000|  0%| F|  |TAMS 0x0000000087500000, 0x0000000087500000| Untracked 
| 118|0x0000000087600000, 0x0000000087600000, 0x0000000087700000|  0%| F|  |TAMS 0x0000000087600000, 0x0000000087600000| Untracked 
| 119|0x0000000087700000, 0x0000000087700000, 0x0000000087800000|  0%| F|  |TAMS 0x0000000087700000, 0x0000000087700000| Untracked 
| 120|0x0000000087800000, 0x0000000087800000, 0x0000000087900000|  0%| F|  |TAMS 0x0000000087800000, 0x0000000087800000| Untracked 
| 121|0x0000000087900000, 0x0000000087900000, 0x0000000087a00000|  0%| F|  |TAMS 0x0000000087900000, 0x0000000087900000| Untracked 
| 122|0x0000000087a00000, 0x0000000087a00000, 0x0000000087b00000|  0%| F|  |TAMS 0x0000000087a00000, 0x0000000087a00000| Untracked 
| 123|0x0000000087b00000, 0x0000000087b00000, 0x0000000087c00000|  0%| F|  |TAMS 0x0000000087b00000, 0x0000000087b00000| Untracked 
| 124|0x0000000087c00000, 0x0000000087c00000, 0x0000000087d00000|  0%| F|  |TAMS 0x0000000087c00000, 0x0000000087c00000| Untracked 
| 125|0x0000000087d00000, 0x0000000087d00000, 0x0000000087e00000|  0%| F|  |TAMS 0x0000000087d00000, 0x0000000087d00000| Untracked 
| 126|0x0000000087e00000, 0x0000000087e00000, 0x0000000087f00000|  0%| F|  |TAMS 0x0000000087e00000, 0x0000000087e00000| Untracked 
| 127|0x0000000087f00000, 0x0000000087f00000, 0x0000000088000000|  0%| F|  |TAMS 0x0000000087f00000, 0x0000000087f00000| Untracked 
| 128|0x0000000088000000, 0x0000000088000000, 0x0000000088100000|  0%| F|  |TAMS 0x0000000088000000, 0x0000000088000000| Untracked 
| 129|0x0000000088100000, 0x0000000088100000, 0x0000000088200000|  0%| F|  |TAMS 0x0000000088100000, 0x0000000088100000| Untracked 
| 130|0x0000000088200000, 0x0000000088200000, 0x0000000088300000|  0%| F|  |TAMS 0x0000000088200000, 0x0000000088200000| Untracked 
| 131|0x0000000088300000, 0x0000000088300000, 0x0000000088400000|  0%| F|  |TAMS 0x0000000088300000, 0x0000000088300000| Untracked 
| 132|0x0000000088400000, 0x0000000088400000, 0x0000000088500000|  0%| F|  |TAMS 0x0000000088400000, 0x0000000088400000| Untracked 
| 133|0x0000000088500000, 0x0000000088500000, 0x0000000088600000|  0%| F|  |TAMS 0x0000000088500000, 0x0000000088500000| Untracked 
| 134|0x0000000088600000, 0x0000000088600000, 0x0000000088700000|  0%| F|  |TAMS 0x0000000088600000, 0x0000000088600000| Untracked 
| 135|0x0000000088700000, 0x0000000088700000, 0x0000000088800000|  0%| F|  |TAMS 0x0000000088700000, 0x0000000088700000| Untracked 
| 136|0x0000000088800000, 0x0000000088800000, 0x0000000088900000|  0%| F|  |TAMS 0x0000000088800000, 0x0000000088800000| Untracked 
| 137|0x0000000088900000, 0x0000000088900000, 0x0000000088a00000|  0%| F|  |TAMS 0x0000000088900000, 0x0000000088900000| Untracked 
| 138|0x0000000088a00000, 0x0000000088a00000, 0x0000000088b00000|  0%| F|  |TAMS 0x0000000088a00000, 0x0000000088a00000| Untracked 
| 139|0x0000000088b00000, 0x0000000088b00000, 0x0000000088c00000|  0%| F|  |TAMS 0x0000000088b00000, 0x0000000088b00000| Untracked 
| 140|0x0000000088c00000, 0x0000000088c00000, 0x0000000088d00000|  0%| F|  |TAMS 0x0000000088c00000, 0x0000000088c00000| Untracked 
| 141|0x0000000088d00000, 0x0000000088d00000, 0x0000000088e00000|  0%| F|  |TAMS 0x0000000088d00000, 0x0000000088d00000| Untracked 
| 142|0x0000000088e00000, 0x0000000088e00000, 0x0000000088f00000|  0%| F|  |TAMS 0x0000000088e00000, 0x0000000088e00000| Untracked 
| 143|0x0000000088f00000, 0x0000000088f00000, 0x0000000089000000|  0%| F|  |TAMS 0x0000000088f00000, 0x0000000088f00000| Untracked 
| 144|0x0000000089000000, 0x0000000089000000, 0x0000000089100000|  0%| F|  |TAMS 0x0000000089000000, 0x0000000089000000| Untracked 
| 145|0x0000000089100000, 0x0000000089100000, 0x0000000089200000|  0%| F|  |TAMS 0x0000000089100000, 0x0000000089100000| Untracked 
| 146|0x0000000089200000, 0x0000000089200000, 0x0000000089300000|  0%| F|  |TAMS 0x0000000089200000, 0x0000000089200000| Untracked 
| 147|0x0000000089300000, 0x0000000089300000, 0x0000000089400000|  0%| F|  |TAMS 0x0000000089300000, 0x0000000089300000| Untracked 
| 148|0x0000000089400000, 0x0000000089400000, 0x0000000089500000|  0%| F|  |TAMS 0x0000000089400000, 0x0000000089400000| Untracked 
| 149|0x0000000089500000, 0x0000000089500000, 0x0000000089600000|  0%| F|  |TAMS 0x0000000089500000, 0x0000000089500000| Untracked 
| 150|0x0000000089600000, 0x0000000089600000, 0x0000000089700000|  0%| F|  |TAMS 0x0000000089600000, 0x0000000089600000| Untracked 
| 151|0x0000000089700000, 0x0000000089700000, 0x0000000089800000|  0%| F|  |TAMS 0x0000000089700000, 0x0000000089700000| Untracked 
| 152|0x0000000089800000, 0x0000000089800000, 0x0000000089900000|  0%| F|  |TAMS 0x0000000089800000, 0x0000000089800000| Untracked 
| 153|0x0000000089900000, 0x0000000089900000, 0x0000000089a00000|  0%| F|  |TAMS 0x0000000089900000, 0x0000000089900000| Untracked 
| 154|0x0000000089a00000, 0x0000000089a00000, 0x0000000089b00000|  0%| F|  |TAMS 0x0000000089a00000, 0x0000000089a00000| Untracked 
| 155|0x0000000089b00000, 0x0000000089b00000, 0x0000000089c00000|  0%| F|  |TAMS 0x0000000089b00000, 0x0000000089b00000| Untracked 
| 156|0x0000000089c00000, 0x0000000089c00000, 0x0000000089d00000|  0%| F|  |TAMS 0x0000000089c00000, 0x0000000089c00000| Untracked 
| 157|0x0000000089d00000, 0x0000000089d00000, 0x0000000089e00000|  0%| F|  |TAMS 0x0000000089d00000, 0x0000000089d00000| Untracked 
| 158|0x0000000089e00000, 0x0000000089e00000, 0x0000000089f00000|  0%| F|  |TAMS 0x0000000089e00000, 0x0000000089e00000| Untracked 
| 159|0x0000000089f00000, 0x0000000089f00000, 0x000000008a000000|  0%| F|  |TAMS 0x0000000089f00000, 0x0000000089f00000| Untracked 
| 160|0x000000008a000000, 0x000000008a000000, 0x000000008a100000|  0%| F|  |TAMS 0x000000008a000000, 0x000000008a000000| Untracked 
| 161|0x000000008a100000, 0x000000008a100000, 0x000000008a200000|  0%| F|  |TAMS 0x000000008a100000, 0x000000008a100000| Untracked 
| 162|0x000000008a200000, 0x000000008a200000, 0x000000008a300000|  0%| F|  |TAMS 0x000000008a200000, 0x000000008a200000| Untracked 
| 163|0x000000008a300000, 0x000000008a300000, 0x000000008a400000|  0%| F|  |TAMS 0x000000008a300000, 0x000000008a300000| Untracked 
| 164|0x000000008a400000, 0x000000008a400000, 0x000000008a500000|  0%| F|  |TAMS 0x000000008a400000, 0x000000008a400000| Untracked 
| 165|0x000000008a500000, 0x000000008a500000, 0x000000008a600000|  0%| F|  |TAMS 0x000000008a500000, 0x000000008a500000| Untracked 
| 166|0x000000008a600000, 0x000000008a600000, 0x000000008a700000|  0%| F|  |TAMS 0x000000008a600000, 0x000000008a600000| Untracked 
| 167|0x000000008a700000, 0x000000008a700000, 0x000000008a800000|  0%| F|  |TAMS 0x000000008a700000, 0x000000008a700000| Untracked 
| 168|0x000000008a800000, 0x000000008a800000, 0x000000008a900000|  0%| F|  |TAMS 0x000000008a800000, 0x000000008a800000| Untracked 
| 169|0x000000008a900000, 0x000000008a900000, 0x000000008aa00000|  0%| F|  |TAMS 0x000000008a900000, 0x000000008a900000| Untracked 
| 170|0x000000008aa00000, 0x000000008aa00000, 0x000000008ab00000|  0%| F|  |TAMS 0x000000008aa00000, 0x000000008aa00000| Untracked 
| 171|0x000000008ab00000, 0x000000008ab00000, 0x000000008ac00000|  0%| F|  |TAMS 0x000000008ab00000, 0x000000008ab00000| Untracked 
| 172|0x000000008ac00000, 0x000000008ac00000, 0x000000008ad00000|  0%| F|  |TAMS 0x000000008ac00000, 0x000000008ac00000| Untracked 
| 173|0x000000008ad00000, 0x000000008ad00000, 0x000000008ae00000|  0%| F|  |TAMS 0x000000008ad00000, 0x000000008ad00000| Untracked 
| 174|0x000000008ae00000, 0x000000008ae00000, 0x000000008af00000|  0%| F|  |TAMS 0x000000008ae00000, 0x000000008ae00000| Untracked 
| 175|0x000000008af00000, 0x000000008af00000, 0x000000008b000000|  0%| F|  |TAMS 0x000000008af00000, 0x000000008af00000| Untracked 
| 176|0x000000008b000000, 0x000000008b000000, 0x000000008b100000|  0%| F|  |TAMS 0x000000008b000000, 0x000000008b000000| Untracked 
| 177|0x000000008b100000, 0x000000008b100000, 0x000000008b200000|  0%| F|  |TAMS 0x000000008b100000, 0x000000008b100000| Untracked 
| 178|0x000000008b200000, 0x000000008b200000, 0x000000008b300000|  0%| F|  |TAMS 0x000000008b200000, 0x000000008b200000| Untracked 

Card table byte_map: [0x000001bb9d450000,0x000001bb9d850000] _byte_map_base: 0x000001bb9d050000

Marking Bits (Prev, Next): (CMBitMap*) 0x000001bb8a5701f8, (CMBitMap*) 0x000001bb8a570230
 Prev Bits: [0x000001bb9dc50000, 0x000001bb9fc50000)
 Next Bits: [0x000001bb9fc50000, 0x000001bba1c50000)

Polling page: 0x000001bb884a0000

Metaspace:

Usage:
  Non-class:     74.95 MB capacity,    73.64 MB ( 98%) used,     1.06 MB (  1%) free+waste,   247.69 KB ( <1%) overhead. 
      Class:     11.60 MB capacity,    10.82 MB ( 93%) used,   688.05 KB (  6%) free+waste,   111.31 KB ( <1%) overhead. 
       Both:     86.55 MB capacity,    84.47 MB ( 98%) used,     1.73 MB (  2%) free+waste,   359.00 KB ( <1%) overhead. 

Virtual space:
  Non-class space:       76.00 MB reserved,      75.09 MB ( 99%) committed 
      Class space:        1.00 GB reserved,      11.70 MB (  1%) committed 
             Both:        1.07 GB reserved,      86.79 MB (  8%) committed 

Chunk freelists:
   Non-Class:  18.00 KB
       Class:  21.00 KB
        Both:  39.00 KB

MaxMetaspaceSize: 17179869184.00 GB
CompressedClassSpaceSize: 1.00 GB
Initial GC threshold: 20.80 MB
Current GC threshold: 110.48 MB
CDS: off

CodeHeap 'non-profiled nmethods': size=120064Kb used=5777Kb max_used=5777Kb free=114286Kb
 bounds [0x000001bb95b10000, 0x000001bb960c0000, 0x000001bb9d050000]
CodeHeap 'profiled nmethods': size=120000Kb used=21384Kb max_used=21384Kb free=98616Kb
 bounds [0x000001bb8e5e0000, 0x000001bb8fad0000, 0x000001bb95b10000]
CodeHeap 'non-nmethods': size=5696Kb used=2377Kb max_used=2453Kb free=3318Kb
 bounds [0x000001bb8e050000, 0x000001bb8e2c0000, 0x000001bb8e5e0000]
 total_blobs=10919 nmethods=10036 adapters=794
 compilation: enabled
              stopped_count=0, restarted_count=0
 full_count=0

Compilation events (20 events):
Event: 11.002 Thread 0x000001bba415f800 nmethod 10066 0x000001bb8fabce90 code [0x000001bb8fabd040, 0x000001bb8fabd1c8]
Event: 11.018 Thread 0x000001bba77f5000 nmethod 10037 0x000001bb960af590 code [0x000001bb960af800, 0x000001bb960b2950]
Event: 11.018 Thread 0x000001bba77f5000 10063       4       java.util.Optional::map (30 bytes)
Event: 11.020 Thread 0x000001bba415f800 10068       3       org.gradle.internal.execution.history.impl.FileCollectionFingerprintSerializer::readRootHashes (78 bytes)
Event: 11.020 Thread 0x000001bba77f5000 nmethod 10063 0x000001bb960b3e90 code [0x000001bb960b4040, 0x000001bb960b41f8]
Event: 11.020 Thread 0x000001bba77f5000 10048       4       jdk.internal.misc.Unsafe::checkOffset (32 bytes)
Event: 11.023 Thread 0x000001bba77f5000 nmethod 10048 0x000001bb960b4310 code [0x000001bb960b44a0, 0x000001bb960b4538]
Event: 11.024 Thread 0x000001bba415f800 nmethod 10068 0x000001bb8fabd290 code [0x000001bb8fabd540, 0x000001bb8fabe418]
Event: 11.024 Thread 0x000001bba77f5000 10071       4       java.io.File::<init> (47 bytes)
Event: 11.024 Thread 0x000001bba415f800 10070       2       java.util.TimSort::sort (229 bytes)
Event: 11.024 Thread 0x000001bba415f800 nmethod 10070 0x000001bb8fabe910 code [0x000001bb8fabeb40, 0x000001bb8fabefd8]
Event: 11.024 Thread 0x000001bba415f800 10072       3       org.gradle.internal.fingerprint.impl.EmptyCurrentFileCollectionFingerprint::getRootHashes (4 bytes)
Event: 11.024 Thread 0x000001bba415f800 nmethod 10072 0x000001bb8fabf390 code [0x000001bb8fabf540, 0x000001bb8fabf6f8]
Event: 11.024 Thread 0x000001bba415f800 10069       3       com.google.common.collect.ImmutableMultimap::builder (8 bytes)
Event: 11.025 Thread 0x000001bba415f800 nmethod 10069 0x000001bb8fabf810 code [0x000001bb8fabfa00, 0x000001bb8fabfef8]
Event: 11.025 Thread 0x000001bba415f800 10075       3       org.gradle.api.internal.artifacts.transform.TransformingAsyncArtifactListener$TransformedArtifact::lambda$visit$1 (65 bytes)
Event: 11.025 Thread 0x000001bba415f800 nmethod 10075 0x000001bb8fac0110 code [0x000001bb8fac0340, 0x000001bb8fac0a78]
Event: 11.025 Thread 0x000001bba415f800 10074       3       org.gradle.api.internal.file.collections.DefaultConfigurableFileCollection$1::visitCollection (43 bytes)
Event: 11.026 Thread 0x000001bba415f800 nmethod 10074 0x000001bb8fac0c90 code [0x000001bb8fac0f20, 0x000001bb8fac1c08]
Event: 11.026 Thread 0x000001bba415f800 10073   !   3       org.gradle.internal.operations.DefaultBuildOperationQueue::completeOperations (47 bytes)

GC Heap History (20 events):
Event: 2.600 GC heap after
{Heap after GC invocations=5 (full 0):
 garbage-first heap   total 126976K, used 18891K [0x0000000080000000, 0x0000000100000000)
  region size 1024K, 4 young (4096K), 4 survivors (4096K)
 Metaspace       used 26698K, capacity 27317K, committed 27520K, reserved 1073152K
  class space    used 3449K, capacity 3674K, committed 3712K, reserved 1048576K
}
Event: 3.333 GC heap before
{Heap before GC invocations=5 (full 0):
 garbage-first heap   total 126976K, used 79307K [0x0000000080000000, 0x0000000100000000)
  region size 1024K, 64 young (65536K), 4 survivors (4096K)
 Metaspace       used 35209K, capacity 35977K, committed 36048K, reserved 1081344K
  class space    used 4526K, capacity 4840K, committed 4864K, reserved 1048576K
}
Event: 3.341 GC heap after
{Heap after GC invocations=6 (full 0):
 garbage-first heap   total 152576K, used 22385K [0x0000000080000000, 0x0000000100000000)
  region size 1024K, 8 young (8192K), 8 survivors (8192K)
 Metaspace       used 35209K, capacity 35977K, committed 36048K, reserved 1081344K
  class space    used 4526K, capacity 4840K, committed 4864K, reserved 1048576K
}
Event: 4.306 GC heap before
{Heap before GC invocations=7 (full 0):
 garbage-first heap   total 152576K, used 98161K [0x0000000080000000, 0x0000000100000000)
  region size 1024K, 80 young (81920K), 8 survivors (8192K)
 Metaspace       used 40941K, capacity 41877K, committed 42192K, reserved 1085440K
  class space    used 5183K, capacity 5520K, committed 5632K, reserved 1048576K
}
Event: 4.320 GC heap after
{Heap after GC invocations=8 (full 0):
 garbage-first heap   total 152576K, used 28309K [0x0000000080000000, 0x0000000100000000)
  region size 1024K, 10 young (10240K), 10 survivors (10240K)
 Metaspace       used 40941K, capacity 41877K, committed 42192K, reserved 1085440K
  class space    used 5183K, capacity 5520K, committed 5632K, reserved 1048576K
}
Event: 4.967 GC heap before
{Heap before GC invocations=8 (full 0):
 garbage-first heap   total 152576K, used 102037K [0x0000000080000000, 0x0000000100000000)
  region size 1024K, 82 young (83968K), 10 survivors (10240K)
 Metaspace       used 47333K, capacity 48418K, committed 48720K, reserved 1091584K
  class space    used 6028K, capacity 6459K, committed 6528K, reserved 1048576K
}
Event: 4.978 GC heap after
{Heap after GC invocations=9 (full 0):
 garbage-first heap   total 152576K, used 29750K [0x0000000080000000, 0x0000000100000000)
  region size 1024K, 8 young (8192K), 8 survivors (8192K)
 Metaspace       used 47333K, capacity 48418K, committed 48720K, reserved 1091584K
  class space    used 6028K, capacity 6459K, committed 6528K, reserved 1048576K
}
Event: 5.715 GC heap before
{Heap before GC invocations=9 (full 0):
 garbage-first heap   total 152576K, used 109622K [0x0000000080000000, 0x0000000100000000)
  region size 1024K, 82 young (83968K), 8 survivors (8192K)
 Metaspace       used 52440K, capacity 53676K, committed 53968K, reserved 1095680K
  class space    used 6629K, capacity 7088K, committed 7168K, reserved 1048576K
}
Event: 5.725 GC heap after
{Heap after GC invocations=10 (full 0):
 garbage-first heap   total 152576K, used 42263K [0x0000000080000000, 0x0000000100000000)
  region size 1024K, 11 young (11264K), 11 survivors (11264K)
 Metaspace       used 52440K, capacity 53676K, committed 53968K, reserved 1095680K
  class space    used 6629K, capacity 7088K, committed 7168K, reserved 1048576K
}
Event: 6.270 GC heap before
{Heap before GC invocations=10 (full 0):
 garbage-first heap   total 152576K, used 86295K [0x0000000080000000, 0x0000000100000000)
  region size 1024K, 55 young (56320K), 11 survivors (11264K)
 Metaspace       used 59134K, capacity 60483K, committed 60508K, reserved 1101824K
  class space    used 7409K, capacity 7924K, committed 7936K, reserved 1048576K
}
Event: 6.285 GC heap after
{Heap after GC invocations=11 (full 0):
 garbage-first heap   total 183296K, used 44383K [0x0000000080000000, 0x0000000100000000)
  region size 1024K, 3 young (3072K), 3 survivors (3072K)
 Metaspace       used 59134K, capacity 60483K, committed 60508K, reserved 1101824K
  class space    used 7409K, capacity 7924K, committed 7936K, reserved 1048576K
}
Event: 7.180 GC heap before
{Heap before GC invocations=12 (full 0):
 garbage-first heap   total 183296K, used 138591K [0x0000000080000000, 0x0000000100000000)
  region size 1024K, 88 young (90112K), 3 survivors (3072K)
 Metaspace       used 66044K, capacity 67469K, committed 67624K, reserved 1107968K
  class space    used 8298K, capacity 8849K, committed 8908K, reserved 1048576K
}
Event: 7.191 GC heap after
{Heap after GC invocations=13 (full 0):
 garbage-first heap   total 183296K, used 50604K [0x0000000080000000, 0x0000000100000000)
  region size 1024K, 9 young (9216K), 9 survivors (9216K)
 Metaspace       used 66044K, capacity 67469K, committed 67624K, reserved 1107968K
  class space    used 8298K, capacity 8849K, committed 8908K, reserved 1048576K
}
Event: 7.917 GC heap before
{Heap before GC invocations=14 (full 0):
 garbage-first heap   total 183296K, used 136620K [0x0000000080000000, 0x0000000100000000)
  region size 1024K, 93 young (95232K), 9 survivors (9216K)
 Metaspace       used 72020K, capacity 73620K, committed 73768K, reserved 1114112K
  class space    used 9236K, capacity 9849K, committed 9932K, reserved 1048576K
}
Event: 7.930 GC heap after
{Heap after GC invocations=15 (full 0):
 garbage-first heap   total 183296K, used 56305K [0x0000000080000000, 0x0000000100000000)
  region size 1024K, 6 young (6144K), 6 survivors (6144K)
 Metaspace       used 72020K, capacity 73620K, committed 73768K, reserved 1114112K
  class space    used 9236K, capacity 9849K, committed 9932K, reserved 1048576K
}
Event: 8.823 GC heap before
{Heap before GC invocations=15 (full 0):
 garbage-first heap   total 183296K, used 140273K [0x0000000080000000, 0x0000000100000000)
  region size 1024K, 88 young (90112K), 6 survivors (6144K)
 Metaspace       used 80004K, capacity 81795K, committed 82088K, reserved 1120256K
  class space    used 10334K, capacity 11027K, committed 11084K, reserved 1048576K
}
Event: 8.832 GC heap after
{Heap after GC invocations=16 (full 0):
 garbage-first heap   total 183296K, used 61303K [0x0000000080000000, 0x0000000100000000)
  region size 1024K, 11 young (11264K), 11 survivors (11264K)
 Metaspace       used 80004K, capacity 81795K, committed 82088K, reserved 1120256K
  class space    used 10334K, capacity 11027K, committed 11084K, reserved 1048576K
}
Event: 9.831 GC heap before
{Heap before GC invocations=16 (full 0):
 garbage-first heap   total 183296K, used 142199K [0x0000000080000000, 0x0000000100000000)
  region size 1024K, 91 young (93184K), 11 survivors (11264K)
 Metaspace       used 84674K, capacity 86663K, committed 86824K, reserved 1124352K
  class space    used 10903K, capacity 11685K, committed 11724K, reserved 1048576K
}
Event: 9.847 GC heap after
{Heap after GC invocations=17 (full 0):
 garbage-first heap   total 183296K, used 68480K [0x0000000080000000, 0x0000000100000000)
  region size 1024K, 12 young (12288K), 12 survivors (12288K)
 Metaspace       used 84674K, capacity 86663K, committed 86824K, reserved 1124352K
  class space    used 10903K, capacity 11685K, committed 11724K, reserved 1048576K
}
Event: 11.026 GC heap before
{Heap before GC invocations=17 (full 0):
 garbage-first heap   total 183296K, used 144256K [0x0000000080000000, 0x0000000100000000)
  region size 1024K, 87 young (89088K), 12 survivors (12288K)
 Metaspace       used 86494K, capacity 88629K, committed 88872K, reserved 1126400K
  class space    used 11083K, capacity 11883K, committed 11980K, reserved 1048576K
}

Deoptimization events (20 events):
Event: 10.829 Thread 0x000001bba4d5a800 Uncommon trap: trap_request=0xffffffc6 fr.pc=0x000001bb95e3dcf0 relative=0x00000000000000b0
Event: 10.829 Thread 0x000001bba4d5a800 Uncommon trap: reason=bimorphic_or_optimized_type_check action=maybe_recompile pc=0x000001bb95e3dcf0 method=com.google.common.collect.RegularImmutableMap.checkNoConflictInKeyBucket(Ljava/lang/Object;Ljava/util/Map$Entry;Lcom/google/common/collect/Immutabl
Event: 10.829 Thread 0x000001bba4d5a800 DEOPT PACKING pc=0x000001bb95e3dcf0 sp=0x000000b436bfcdc0
Event: 10.829 Thread 0x000001bba4d5a800 DEOPT UNPACKING pc=0x000001bb8e0585af sp=0x000000b436bfcd68 mode 2
Event: 10.851 Thread 0x000001bba4d5a800 Uncommon trap: trap_request=0xffffff7e fr.pc=0x000001bb96096c40 relative=0x0000000000000100
Event: 10.851 Thread 0x000001bba4d5a800 Uncommon trap: reason=predicate action=maybe_recompile pc=0x000001bb96096c40 method=com.google.common.collect.ImmutableList.hashCode()I @ 11 c2
Event: 10.851 Thread 0x000001bba4d5a800 DEOPT PACKING pc=0x000001bb96096c40 sp=0x000000b436bfbbb0
Event: 10.851 Thread 0x000001bba4d5a800 DEOPT UNPACKING pc=0x000001bb8e0585af sp=0x000000b436bfbb38 mode 2
Event: 11.020 Thread 0x000001bba83fd000 Uncommon trap: trap_request=0xffffff7e fr.pc=0x000001bb960b1e24 relative=0x0000000000002624
Event: 11.020 Thread 0x000001bba83fd000 Uncommon trap: reason=predicate action=maybe_recompile pc=0x000001bb960b1e24 method=java.util.TimSort.reverseRange([Ljava/lang/Object;II)V @ 5 c2
Event: 11.020 Thread 0x000001bba83fd000 DEOPT PACKING pc=0x000001bb960b1e24 sp=0x000000b4345fc280
Event: 11.020 Thread 0x000001bba83fd000 DEOPT UNPACKING pc=0x000001bb8e0585af sp=0x000000b4345fc160 mode 2
Event: 11.023 Thread 0x000001bba8592800 Uncommon trap: trap_request=0xffffff4d fr.pc=0x000001bb95ffa374 relative=0x0000000000001d34
Event: 11.023 Thread 0x000001bba8592800 Uncommon trap: reason=unstable_if action=reinterpret pc=0x000001bb95ffa374 method=java.util.concurrent.ConcurrentHashMap.addCount(JI)V @ 34 c2
Event: 11.023 Thread 0x000001bba8592800 DEOPT PACKING pc=0x000001bb95ffa374 sp=0x000000b434cfe1c0
Event: 11.023 Thread 0x000001bba8592800 DEOPT UNPACKING pc=0x000001bb8e0585af sp=0x000000b434cfe0c8 mode 2
Event: 11.024 Thread 0x000001bba8591000 Uncommon trap: trap_request=0xffffff4d fr.pc=0x000001bb95ffa350 relative=0x0000000000001d10
Event: 11.024 Thread 0x000001bba8591000 Uncommon trap: reason=unstable_if action=reinterpret pc=0x000001bb95ffa350 method=java.util.concurrent.ConcurrentHashMap.addCount(JI)V @ 7 c2
Event: 11.024 Thread 0x000001bba8591000 DEOPT PACKING pc=0x000001bb95ffa350 sp=0x000000b4349fe3c0
Event: 11.024 Thread 0x000001bba8591000 DEOPT UNPACKING pc=0x000001bb8e0585af sp=0x000000b4349fe2c8 mode 2

Classes redefined (0 events):
No events

Internal exceptions (20 events):
Event: 9.279 Thread 0x000001bba4d5d000 Exception <a 'java/lang/NoSuchMethodError'{0x0000000088e37c40}: 'int java.lang.invoke.DirectMethodHandle$Holder.invokeSpecial(java.lang.Object, java.lang.Object, java.lang.Object, java.lang.Object, java.lang.Object)'> (0x0000000088e37c40) thrown at [./src/hotspot/share/interpreter/linkResolver.cpp, line 773]
Event: 9.437 Thread 0x000001bba4d5d000 Exception <a 'java/lang/NoSuchMethodError'{0x000000008874c658}: 'void java.lang.invoke.DirectMethodHandle$Holder.invokeStatic(java.lang.Object, java.lang.Object, java.lang.Object, java.lang.Object, int, java.lang.Object, java.lang.Object)'> (0x000000008874c658) thrown at [./src/hotspot/share/interpreter/linkResolver.cpp, line 773]
Event: 9.460 Thread 0x000001bba4d55800 Exception <a 'java/lang/NoSuchMethodError'{0x0000000088126bd0}: 'java.lang.Object java.lang.invoke.DirectMethodHandle$Holder.invokeSpecialIFC(java.lang.Object, java.lang.Object, java.lang.Object)'> (0x0000000088126bd0) thrown at [./src/hotspot/share/interpreter/linkResolver.cpp, line 773]
Event: 9.460 Thread 0x000001bba83f5800 Exception <a 'java/lang/NoSuchMethodError'{0x0000000088113398}: 'java.lang.Object java.lang.invoke.DirectMethodHandle$Holder.invokeSpecialIFC(java.lang.Object, java.lang.Object, java.lang.Object)'> (0x0000000088113398) thrown at [./src/hotspot/share/interpreter/linkResolver.cpp, line 773]
Event: 9.460 Thread 0x000001bba83fe800 Exception <a 'java/lang/NoSuchMethodError'{0x00000000882fdb88}: 'java.lang.Object java.lang.invoke.DirectMethodHandle$Holder.invokeSpecialIFC(java.lang.Object, java.lang.Object, java.lang.Object)'> (0x00000000882fdb88) thrown at [./src/hotspot/share/interpreter/linkResolver.cpp, line 773]
Event: 9.461 Thread 0x000001bba4d5d000 Exception <a 'java/lang/NoSuchMethodError'{0x00000000882e8c00}: 'java.lang.Object java.lang.invoke.DirectMethodHandle$Holder.invokeSpecialIFC(java.lang.Object, java.lang.Object, java.lang.Object)'> (0x00000000882e8c00) thrown at [./src/hotspot/share/interpreter/linkResolver.cpp, line 773]
Event: 9.757 Thread 0x000001bba4d4e800 Exception <a 'java/lang/NoSuchMethodError'{0x0000000088301710}: 'void java.lang.invoke.DirectMethodHandle$Holder.invokeVirtual(java.lang.Object, java.lang.Object)'> (0x0000000088301710) thrown at [./src/hotspot/share/interpreter/linkResolver.cpp, line 773]
Event: 9.758 Thread 0x000001bba83fd000 Exception <a 'java/lang/NoSuchMethodError'{0x0000000088334bc8}: 'void java.lang.invoke.DirectMethodHandle$Holder.invokeVirtual(java.lang.Object, java.lang.Object)'> (0x0000000088334bc8) thrown at [./src/hotspot/share/interpreter/linkResolver.cpp, line 773]
Event: 10.030 Thread 0x000001bba4d5d000 Exception <a 'java/lang/NoSuchMethodError'{0x000000008a1e0cb0}: 'void java.lang.invoke.DirectMethodHandle$Holder.invokeInterface(java.lang.Object, java.lang.Object, java.lang.Object, java.lang.Object)'> (0x000000008a1e0cb0) thrown at [./src/hotspot/share/interpreter/linkResolver.cpp, line 773]
Event: 10.141 Thread 0x000001bba4d5d000 Implicit null exception at 0x000001bb9601b0db to 0x000001bb9601b16c
Event: 10.316 Thread 0x000001bba4d5d000 Exception <a 'java/lang/NoSuchMethodError'{0x000000008903d450}: <clinit>> (0x000000008903d450) thrown at [./src/hotspot/share/prims/jni.cpp, line 1366]
Event: 10.316 Thread 0x000001bba4d5d000 Exception <a 'java/lang/NoSuchMethodError'{0x000000008903ed00}: <clinit>> (0x000000008903ed00) thrown at [./src/hotspot/share/prims/jni.cpp, line 1366]
Event: 10.316 Thread 0x000001bba4d5d000 Exception <a 'java/lang/NoSuchMethodError'{0x0000000089041ba8}: <clinit>> (0x0000000089041ba8) thrown at [./src/hotspot/share/prims/jni.cpp, line 1366]
Event: 10.318 Thread 0x000001bba4d5d000 Exception <a 'java/lang/NoSuchMethodError'{0x000000008905d5d8}: <clinit>> (0x000000008905d5d8) thrown at [./src/hotspot/share/prims/jni.cpp, line 1366]
Event: 10.318 Thread 0x000001bba4d5d000 Exception <a 'java/lang/NoSuchMethodError'{0x000000008905eab8}: <clinit>> (0x000000008905eab8) thrown at [./src/hotspot/share/prims/jni.cpp, line 1366]
Event: 10.399 Thread 0x000001bba4d5d000 Implicit null exception at 0x000001bb9605f0f9 to 0x000001bb9605fa20
Event: 10.761 Thread 0x000001bba4d5d000 Exception <a 'java/lang/NoSuchMethodError'{0x0000000087532858}: <clinit>> (0x0000000087532858) thrown at [./src/hotspot/share/prims/jni.cpp, line 1366]
Event: 10.776 Thread 0x000001bba4d5d000 Exception <a 'java/lang/NoSuchMethodError'{0x000000008756bdb0}: <clinit>> (0x000000008756bdb0) thrown at [./src/hotspot/share/prims/jni.cpp, line 1366]
Event: 10.778 Thread 0x000001bba4d5d000 Exception <a 'java/lang/NoSuchMethodError'{0x000000008759d6c8}: <clinit>> (0x000000008759d6c8) thrown at [./src/hotspot/share/prims/jni.cpp, line 1366]
Event: 10.778 Thread 0x000001bba4d5d000 Exception <a 'java/lang/NoSuchMethodError'{0x00000000875b18d0}: <clinit>> (0x00000000875b18d0) thrown at [./src/hotspot/share/prims/jni.cpp, line 1366]

Events (20 events):
Event: 11.017 loading class kotlin/reflect/jvm/internal/impl/builtins/jvm/JvmBuiltIns done
Event: 11.018 loading class kotlin/reflect/jvm/internal/impl/builtins/KotlinBuiltIns
Event: 11.018 loading class kotlin/reflect/jvm/internal/impl/builtins/KotlinBuiltIns done
Event: 11.019 loading class kotlin/reflect/jvm/internal/impl/descriptors/DeclarationDescriptor
Event: 11.019 loading class kotlin/reflect/jvm/internal/impl/descriptors/DeclarationDescriptor done
Event: 11.020 loading class kotlin/reflect/jvm/internal/impl/descriptors/Named
Event: 11.020 loading class kotlin/reflect/jvm/internal/impl/descriptors/Named done
Event: 11.020 loading class kotlin/reflect/jvm/internal/impl/descriptors/annotations/Annotated
Event: 11.020 loading class kotlin/reflect/jvm/internal/impl/descriptors/annotations/Annotated done
Event: 11.021 loading class kotlin/reflect/jvm/internal/impl/descriptors/ClassifierDescriptor
Event: 11.021 loading class kotlin/reflect/jvm/internal/impl/descriptors/ClassifierDescriptor done
Event: 11.024 Executing VM operation: RevokeBias
Event: 11.025 Executing VM operation: RevokeBias done
Event: 11.025 loading class kotlin/reflect/jvm/internal/impl/descriptors/DeclarationDescriptorNonRoot
Event: 11.025 loading class kotlin/reflect/jvm/internal/impl/descriptors/DeclarationDescriptorNonRoot done
Event: 11.026 loading class kotlin/reflect/jvm/internal/impl/descriptors/DeclarationDescriptorWithSource
Event: 11.026 loading class kotlin/reflect/jvm/internal/impl/descriptors/DeclarationDescriptorWithSource done
Event: 11.026 loading class kotlin/reflect/jvm/internal/impl/incremental/components/LookupLocation
Event: 11.026 loading class kotlin/reflect/jvm/internal/impl/incremental/components/LookupLocation done
Event: 11.026 Executing VM operation: G1CollectForAllocation


Dynamic libraries:
0x00007ff64a880000 - 0x00007ff64a88a000 	C:\Program Files\Android\Android Studio\jre\bin\java.exe
0x00007ffc45740000 - 0x00007ffc45949000 	C:\WINDOWS\SYSTEM32\ntdll.dll
0x00007ffc44a00000 - 0x00007ffc44abd000 	C:\WINDOWS\System32\KERNEL32.DLL
0x00007ffc431e0000 - 0x00007ffc4355c000 	C:\WINDOWS\System32\KERNELBASE.dll
0x00007ffc42c20000 - 0x00007ffc42d31000 	C:\WINDOWS\System32\ucrtbase.dll
0x00007ffc2bcc0000 - 0x00007ffc2bcd9000 	C:\Program Files\Android\Android Studio\jre\bin\jli.dll
0x00007ffc2bab0000 - 0x00007ffc2bac7000 	C:\Program Files\Android\Android Studio\jre\bin\VCRUNTIME140.dll
0x00007ffc44c90000 - 0x00007ffc44e3d000 	C:\WINDOWS\System32\USER32.dll
0x00007ffc42d40000 - 0x00007ffc42d66000 	C:\WINDOWS\System32\win32u.dll
0x00007ffc2ac00000 - 0x00007ffc2aea5000 	C:\WINDOWS\WinSxS\amd64_microsoft.windows.common-controls_6595b64144ccf1df_6.0.22000.120_none_9d947278b86cc467\COMCTL32.dll
0x00007ffc45110000 - 0x00007ffc45139000 	C:\WINDOWS\System32\GDI32.dll
0x00007ffc45140000 - 0x00007ffc451e3000 	C:\WINDOWS\System32\msvcrt.dll
0x00007ffc42d70000 - 0x00007ffc42e89000 	C:\WINDOWS\System32\gdi32full.dll
0x00007ffc430c0000 - 0x00007ffc4315d000 	C:\WINDOWS\System32\msvcp_win.dll
0x00007ffc43a20000 - 0x00007ffc43a51000 	C:\WINDOWS\System32\IMM32.DLL
0x00007ffc2b8b0000 - 0x00007ffc2b94d000 	C:\Program Files\Android\Android Studio\jre\bin\msvcp140.dll
0x00007ffbe8620000 - 0x00007ffbe9122000 	C:\Program Files\Android\Android Studio\jre\bin\server\jvm.dll
0x00007ffc44ac0000 - 0x00007ffc44b6e000 	C:\WINDOWS\System32\ADVAPI32.dll
0x00007ffc44e40000 - 0x00007ffc44ede000 	C:\WINDOWS\System32\sechost.dll
0x00007ffc43630000 - 0x00007ffc43750000 	C:\WINDOWS\System32\RPCRT4.dll
0x00007ffc45050000 - 0x00007ffc45058000 	C:\WINDOWS\System32\PSAPI.DLL
0x00007ffc3f370000 - 0x00007ffc3f379000 	C:\WINDOWS\SYSTEM32\WSOCK32.dll
0x00007ffc437b0000 - 0x00007ffc4381f000 	C:\WINDOWS\System32\WS2_32.dll
0x00007ffc38b50000 - 0x00007ffc38b83000 	C:\WINDOWS\SYSTEM32\WINMM.dll
0x00007ffc35580000 - 0x00007ffc3558a000 	C:\WINDOWS\SYSTEM32\VERSION.dll
0x00007ffc41cd0000 - 0x00007ffc41ce8000 	C:\WINDOWS\SYSTEM32\kernel.appcore.dll
0x00007ffc3bf10000 - 0x00007ffc3bf21000 	C:\Program Files\Android\Android Studio\jre\bin\verify.dll
0x00007ffc40700000 - 0x00007ffc40921000 	C:\WINDOWS\SYSTEM32\DBGHELP.DLL
0x00007ffc35590000 - 0x00007ffc355c1000 	C:\WINDOWS\SYSTEM32\dbgcore.DLL
0x00007ffc43160000 - 0x00007ffc431df000 	C:\WINDOWS\System32\bcryptPrimitives.dll
0x00007ffc3bee0000 - 0x00007ffc3bf09000 	C:\Program Files\Android\Android Studio\jre\bin\java.dll
0x00007ffc3bff0000 - 0x00007ffc3bffb000 	C:\Program Files\Android\Android Studio\jre\bin\jimage.dll
0x00007ffc351e0000 - 0x00007ffc351f8000 	C:\Program Files\Android\Android Studio\jre\bin\zip.dll
0x00007ffc44240000 - 0x00007ffc449f8000 	C:\WINDOWS\System32\SHELL32.dll
0x00007ffc40d40000 - 0x00007ffc415a8000 	C:\WINDOWS\SYSTEM32\windows.storage.dll
0x00007ffc45380000 - 0x00007ffc456f9000 	C:\WINDOWS\System32\combase.dll
0x00007ffc40bd0000 - 0x00007ffc40d36000 	C:\WINDOWS\SYSTEM32\wintypes.dll
0x00007ffc43f60000 - 0x00007ffc4404a000 	C:\WINDOWS\System32\SHCORE.dll
0x00007ffc435d0000 - 0x00007ffc4362d000 	C:\WINDOWS\System32\shlwapi.dll
0x00007ffc42b50000 - 0x00007ffc42b71000 	C:\WINDOWS\SYSTEM32\profapi.dll
0x00007ffc34540000 - 0x00007ffc3455a000 	C:\Program Files\Android\Android Studio\jre\bin\net.dll
0x00007ffc38e80000 - 0x00007ffc38f8c000 	C:\WINDOWS\SYSTEM32\WINHTTP.dll
0x00007ffc420f0000 - 0x00007ffc42157000 	C:\WINDOWS\system32\mswsock.dll
0x00007ffc33360000 - 0x00007ffc33374000 	C:\Program Files\Android\Android Studio\jre\bin\nio.dll
0x00007ffc2b9f0000 - 0x00007ffc2ba17000 	C:\Users\Lenovo\AndroidStudioProjects\Mb1\native\e1d6ef7f7dcc3fd88c89a11ec53ec762bb8ba0a96d01ffa2cd45eb1d1d8dd5c5\windows-amd64\native-platform.dll
0x00007ffc1a970000 - 0x00007ffc1aab4000 	C:\Users\Lenovo\AndroidStudioProjects\Mb1\native\0d407fdbe67a94daf76414ababcb853783967236a71b16ec16e742cd7a986fd3\windows-amd64\native-platform-file-events.dll
0x00007ffc3bf60000 - 0x00007ffc3bf6a000 	C:\Program Files\Android\Android Studio\jre\bin\management.dll
0x00007ffc3bed0000 - 0x00007ffc3bedd000 	C:\Program Files\Android\Android Studio\jre\bin\management_ext.dll
0x00007ffc423d0000 - 0x00007ffc423e8000 	C:\WINDOWS\SYSTEM32\CRYPTSP.dll
0x00007ffc41c30000 - 0x00007ffc41c65000 	C:\WINDOWS\system32\rsaenh.dll
0x00007ffc42190000 - 0x00007ffc421b9000 	C:\WINDOWS\SYSTEM32\USERENV.dll
0x00007ffc42600000 - 0x00007ffc42627000 	C:\WINDOWS\SYSTEM32\bcrypt.dll
0x00007ffc422e0000 - 0x00007ffc422ec000 	C:\WINDOWS\SYSTEM32\CRYPTBASE.dll
0x00007ffc41800000 - 0x00007ffc4182d000 	C:\WINDOWS\SYSTEM32\IPHLPAPI.DLL
0x00007ffc44050000 - 0x00007ffc44059000 	C:\WINDOWS\System32\NSI.dll
0x00007ffc38e60000 - 0x00007ffc38e79000 	C:\WINDOWS\SYSTEM32\dhcpcsvc6.DLL
0x00007ffc390c0000 - 0x00007ffc390de000 	C:\WINDOWS\SYSTEM32\dhcpcsvc.DLL
0x00007ffc41830000 - 0x00007ffc41918000 	C:\WINDOWS\SYSTEM32\DNSAPI.dll

dbghelp: loaded successfully - version: 4.0.5 - missing functions: none
symbol engine: initialized successfully - sym options: 0x614 - pdb path: .;C:\Program Files\Android\Android Studio\jre\bin;C:\WINDOWS\SYSTEM32;C:\WINDOWS\WinSxS\amd64_microsoft.windows.common-controls_6595b64144ccf1df_6.0.22000.120_none_9d947278b86cc467;C:\Program Files\Android\Android Studio\jre\bin\server;C:\Users\Lenovo\AndroidStudioProjects\Mb1\native\e1d6ef7f7dcc3fd88c89a11ec53ec762bb8ba0a96d01ffa2cd45eb1d1d8dd5c5\windows-amd64;C:\Users\Lenovo\AndroidStudioProjects\Mb1\native\0d407fdbe67a94daf76414ababcb853783967236a71b16ec16e742cd7a986fd3\windows-amd64

VM Arguments:
jvm_args: --add-opens=java.base/java.util=ALL-UNNAMED --add-opens=java.base/java.lang=ALL-UNNAMED --add-opens=java.base/java.lang.invoke=ALL-UNNAMED --add-opens=java.base/java.util=ALL-UNNAMED --add-opens=java.prefs/java.util.prefs=ALL-UNNAMED --add-opens=java.prefs/java.util.prefs=ALL-UNNAMED --add-opens=java.base/java.nio.charset=ALL-UNNAMED --add-opens=java.base/java.net=ALL-UNNAMED --add-opens=java.base/java.util.concurrent.atomic=ALL-UNNAMED -Xmx2048m -Dfile.encoding=UTF-8 -Duser.country=IN -Duser.language=en -Duser.variant 
java_command: org.gradle.launcher.daemon.bootstrap.GradleDaemon 7.4
java_class_path (initial): C:\Users\Lenovo\AndroidStudioProjects\Mb1\wrapper\dists\gradle-7.4-bin\c0gwcg53nkjbqw7r0h0umtfvt\gradle-7.4\lib\gradle-launcher-7.4.jar
Launcher Type: SUN_STANDARD

[Global flags]
     intx CICompilerCount                          = 3                                         {product} {ergonomic}
     uint ConcGCThreads                            = 1                                         {product} {ergonomic}
     uint G1ConcRefinementThreads                  = 4                                         {product} {ergonomic}
   size_t G1HeapRegionSize                         = 1048576                                   {product} {ergonomic}
    uintx GCDrainStackTargetSize                   = 64                                        {product} {ergonomic}
   size_t InitialHeapSize                          = 130023424                                 {product} {ergonomic}
   size_t MarkStackSize                            = 4194304                                   {product} {ergonomic}
   size_t MaxHeapSize                              = 2147483648                                {product} {command line}
   size_t MaxNewSize                               = 1287651328                                {product} {ergonomic}
   size_t MinHeapDeltaBytes                        = 1048576                                   {product} {ergonomic}
    uintx NonNMethodCodeHeapSize                   = 5830732                                {pd product} {ergonomic}
    uintx NonProfiledCodeHeapSize                  = 122913754                              {pd product} {ergonomic}
    uintx ProfiledCodeHeapSize                     = 122913754                              {pd product} {ergonomic}
    uintx ReservedCodeCacheSize                    = 251658240                              {pd product} {ergonomic}
     bool SegmentedCodeCache                       = true                                      {product} {ergonomic}
     bool UseCompressedClassPointers               = true                                 {lp64_product} {ergonomic}
     bool UseCompressedOops                        = true                                 {lp64_product} {ergonomic}
     bool UseG1GC                                  = true                                      {product} {ergonomic}
     bool UseLargePagesIndividualAllocation        = false                                  {pd product} {ergonomic}

Logging:
Log output configuration:
 #0: stdout all=warning uptime,level,tags
 #1: stderr all=off uptime,level,tags

Environment Variables:
PATH=D:\Python310\Scripts\;D:\Python310\;C:\ProgramData\Oracle\Java\javapath;C:\Program Files\Common Files\Oracle\Java\javapath;C:\WINDOWS\system32;C:\WINDOWS;C:\WINDOWS\System32\Wbem;C:\WINDOWS\System32\WindowsPowerShell\v1.0\;C:\WINDOWS\System32\OpenSSH\;C:\Program Files\nodejs\;C:\Program Files\Git\cmd;C:\Program Files\dotnet\;C:\Program Files\MySQL\MySQL Shell 8.0\bin\;C:\Users\Lenovo\AppData\Local\Microsoft\WindowsApps;C:\Users\Lenovo\AppData\Local\Programs\Microsoft VS Code\bin;C:\ProgramData\Lenovo\GitHubDesktop\bin;C:\Users\Lenovo\AppData\Local\GitHubDesktop\bin;C:\Program Files\JetBrains\IntelliJ IDEA Community Edition 2021.3\bin;;C:\Program Files\Java\jdk-17.0.1\bin;C:\flutter\bin;C:\Users\Lenovo\AppData\Roaming\npm;C:\Program Files\MongoDB\Server\6.0\bin;
USERNAME=Lenovo
OS=Windows_NT
PROCESSOR_IDENTIFIER=Intel64 Family 6 Model 140 Stepping 1, GenuineIntel



---------------  S Y S T E M  ---------------

OS: Windows 11 , 64 bit Build 22000 (10.0.22000.708)
OS uptime: 0 days 2:38 hours
Hyper-V role detected

CPU:total 4 (initial active 4) (2 cores per cpu, 2 threads per core) family 6 model 140 stepping 1 microcode 0x86, cmov, cx8, fxsr, mmx, sse, sse2, sse3, ssse3, sse4.1, sse4.2, popcnt, avx, avx2, aes, clmul, erms, 3dnowpref, lzcnt, ht, tsc, tscinvbit, bmi1, bmi2, adx, evex, sha, fma

Memory: 4k page, system-wide physical 7890M (973M free)
TotalPageFile size 10606M (AvailPageFile size 26M)
current process WorkingSet (physical memory assigned to process): 425M, peak: 433M
current process commit charge ("private bytes"): 454M, peak: 490M

vm_info: OpenJDK 64-Bit Server VM (11.0.13+0-b1751.21-8125866) for windows-amd64 JRE (11.0.13+0-b1751.21-8125866), built on Feb  2 2022 03:00:22 by "builder" with MS VC++ 14.0 (VS2015)

END.
