#
# There is insufficient memory for the Java Runtime Environment to continue.
# Native memory allocation (malloc) failed to allocate 1184336 bytes for Chunk::new
# Possible reasons:
#   The system is out of physical RAM or swap space
#   The process is running with CompressedOops enabled, and the Java Heap may be blocking the growth of the native heap
# Possible solutions:
#   Reduce memory load on the system
#   Increase physical memory or swap space
#   Check if swap backing store is full
#   Decrease Java heap size (-Xmx/-Xms)
#   Decrease number of Java threads
#   Decrease Java thread stack sizes (-Xss)
#   Set larger code cache with -XX:ReservedCodeCacheSize=
#   JVM is running with Unscaled Compressed Oops mode in which the Java heap is
#     placed in the first 4GB address space. The Java Heap base address is the
#     maximum limit for the native heap growth. Please use -XX:HeapBaseMinAddress
#     to set the Java Heap base and to place the Java Heap above 4GB virtual address.
# This output file may be truncated or incomplete.
#
#  Out of Memory Error (./src/hotspot/share/memory/arena.cpp:197), pid=1672, tid=1760
#
# JRE version: OpenJDK Runtime Environment (11.0.13) (build 11.0.13+0-b1751.21-8125866)
# Java VM: OpenJDK 64-Bit Server VM (11.0.13+0-b1751.21-8125866, mixed mode, tiered, compressed oops, g1 gc, windows-amd64)
# No core dump will be written. Minidumps are not enabled by default on client versions of Windows
#

---------------  S U M M A R Y ------------

Command Line: --add-opens=java.base/java.util=ALL-UNNAMED --add-opens=java.base/java.lang=ALL-UNNAMED --add-opens=java.base/java.lang.invoke=ALL-UNNAMED --add-opens=java.base/java.util=ALL-UNNAMED --add-opens=java.prefs/java.util.prefs=ALL-UNNAMED --add-opens=java.prefs/java.util.prefs=ALL-UNNAMED --add-opens=java.base/java.nio.charset=ALL-UNNAMED --add-opens=java.base/java.net=ALL-UNNAMED --add-opens=java.base/java.util.concurrent.atomic=ALL-UNNAMED -Xmx2048m -Dfile.encoding=UTF-8 -Duser.country=IN -Duser.language=en -Duser.variant org.gradle.launcher.daemon.bootstrap.GradleDaemon 7.4

Host: 11th Gen Intel(R) Core(TM) i3-1115G4 @ 3.00GHz, 4 cores, 7G,  Windows 11 , 64 bit Build 22000 (10.0.22000.708)
Time: Fri Oct  7 15:02:12 2022 India Standard Time elapsed time: 11.601020 seconds (0d 0h 0m 11s)

---------------  T H R E A D  ---------------

Current thread (0x000001d5df255800):  JavaThread "C2 CompilerThread0" daemon [_thread_in_native, id=1760, stack(0x000000a228800000,0x000000a228900000)]


Current CompileTask:
C2:  11601 11313       4       com.google.common.collect.ImmutableSortedMap$Builder::build (87 bytes)

Stack: [0x000000a228800000,0x000000a228900000]
Native frames: (J=compiled Java code, j=interpreted, Vv=VM code, C=native code)
V  [jvm.dll+0x6100fa]
V  [jvm.dll+0x747090]
V  [jvm.dll+0x7486ad]
V  [jvm.dll+0x748d83]
V  [jvm.dll+0x24ab48]
V  [jvm.dll+0xc04dc]
V  [jvm.dll+0xc0a0c]
V  [jvm.dll+0x35eb9d]
V  [jvm.dll+0x19d9bc]
V  [jvm.dll+0x2033be]
V  [jvm.dll+0x202437]
V  [jvm.dll+0x188e01]
V  [jvm.dll+0x21106b]
V  [jvm.dll+0x20f8c1]
V  [jvm.dll+0x70de0f]
V  [jvm.dll+0x706a75]
V  [jvm.dll+0x60ed66]
C  [ucrtbase.dll+0x26c0c]
C  [KERNEL32.DLL+0x154e0]
C  [ntdll.dll+0x485b]


---------------  P R O C E S S  ---------------

Threads class SMR info:
_java_thread_list=0x000001d5e8e5c9f0, length=91, elements={
0x000001d5c562c800, 0x000001d5df22e800, 0x000001d5df23a800, 0x000001d5dfbc2800,
0x000001d5df251000, 0x000001d5df251800, 0x000001d5df255800, 0x000001d5df25f000,
0x000001d5df261000, 0x000001d5dfcfd000, 0x000001d5dff79000, 0x000001d5e1375800,
0x000001d5e13b3000, 0x000001d5e1380000, 0x000001d5e19f6800, 0x000001d5e1339800,
0x000001d5e174e800, 0x000001d5e133a800, 0x000001d5e1ed3800, 0x000001d5e2311800,
0x000001d5e1f73000, 0x000001d5e21f4000, 0x000001d5e21f3000, 0x000001d5e21f4800,
0x000001d5e21ef800, 0x000001d5e21f1800, 0x000001d5e21ef000, 0x000001d5e21f0800,
0x000001d5e21f2000, 0x000001d5e21f5800, 0x000001d5e2f9a000, 0x000001d5e2f9e000,
0x000001d5e2f9f000, 0x000001d5e2f9c800, 0x000001d5e2f9b000, 0x000001d5e32a1000,
0x000001d5e329f800, 0x000001d5e32a2000, 0x000001d5e32a3000, 0x000001d5e329e800,
0x000001d5e32a3800, 0x000001d5e329e000, 0x000001d5e32aa000, 0x000001d5e32a7800,
0x000001d5e32a9800, 0x000001d5e32a4800, 0x000001d5e32a7000, 0x000001d5e32a8800,
0x000001d5e32ab000, 0x000001d5e32a5800, 0x000001d5e32ac000, 0x000001d5e32a6000,
0x000001d5e32ac800, 0x000001d5e2f72000, 0x000001d5e2f73000, 0x000001d5e2f74800,
0x000001d5e2f73800, 0x000001d5e2f75800, 0x000001d5e2f77000, 0x000001d5e2f76000,
0x000001d5e2f71800, 0x000001d5e2f7b000, 0x000001d5e2f79800, 0x000001d5e2f7d800,
0x000001d5e2f7c000, 0x000001d5e2f78000, 0x000001d5e2f7c800, 0x000001d5e2f7e800,
0x000001d5e2f78800, 0x000001d5e2f7f000, 0x000001d5e2f80000, 0x000001d5e2f7a800,
0x000001d5e53f1000, 0x000001d5e53f2000, 0x000001d5e53ee000, 0x000001d5e53ec800,
0x000001d5e53f3000, 0x000001d5e53f0800, 0x000001d5e53ed000, 0x000001d5e53f4800,
0x000001d5e53ee800, 0x000001d5e53f5800, 0x000001d5e53ef800, 0x000001d5e53fb000,
0x000001d5e53f7800, 0x000001d5e53f6000, 0x000001d5e53f9800, 0x000001d5e53f8800,
0x000001d5e53f7000, 0x000001d5e53fa000, 0x000001d5e275e000
}

Java Threads: ( => current thread )
  0x000001d5c562c800 JavaThread "main" [_thread_blocked, id=12488, stack(0x000000a227c00000,0x000000a227d00000)]
  0x000001d5df22e800 JavaThread "Reference Handler" daemon [_thread_blocked, id=14700, stack(0x000000a228300000,0x000000a228400000)]
  0x000001d5df23a800 JavaThread "Finalizer" daemon [_thread_blocked, id=6520, stack(0x000000a228400000,0x000000a228500000)]
  0x000001d5dfbc2800 JavaThread "Signal Dispatcher" daemon [_thread_blocked, id=9928, stack(0x000000a228500000,0x000000a228600000)]
  0x000001d5df251000 JavaThread "Attach Listener" daemon [_thread_blocked, id=11136, stack(0x000000a228600000,0x000000a228700000)]
  0x000001d5df251800 JavaThread "Service Thread" daemon [_thread_blocked, id=14088, stack(0x000000a228700000,0x000000a228800000)]
=>0x000001d5df255800 JavaThread "C2 CompilerThread0" daemon [_thread_in_native, id=1760, stack(0x000000a228800000,0x000000a228900000)]
  0x000001d5df25f000 JavaThread "C1 CompilerThread0" daemon [_thread_blocked, id=1260, stack(0x000000a228900000,0x000000a228a00000)]
  0x000001d5df261000 JavaThread "Sweeper thread" daemon [_thread_blocked, id=11508, stack(0x000000a228a00000,0x000000a228b00000)]
  0x000001d5dfcfd000 JavaThread "Common-Cleaner" daemon [_thread_blocked, id=9500, stack(0x000000a228b00000,0x000000a228c00000)]
  0x000001d5dff79000 JavaThread "C2 CompilerThread1" daemon [_thread_in_native, id=16052, stack(0x000000a228d00000,0x000000a228e00000)]
  0x000001d5e1375800 JavaThread "Daemon health stats" [_thread_blocked, id=12200, stack(0x000000a229000000,0x000000a229100000)]
  0x000001d5e13b3000 JavaThread "Incoming local TCP Connector on port 52638" [_thread_in_native, id=14068, stack(0x000000a229100000,0x000000a229200000)]
  0x000001d5e1380000 JavaThread "Daemon periodic checks" [_thread_blocked, id=11112, stack(0x000000a229200000,0x000000a229300000)]
  0x000001d5e19f6800 JavaThread "Daemon" [_thread_blocked, id=12468, stack(0x000000a229300000,0x000000a229400000)]
  0x000001d5e1339800 JavaThread "Handler for socket connection from /127.0.0.1:52638 to /127.0.0.1:52639" [_thread_in_native, id=15168, stack(0x000000a229400000,0x000000a229500000)]
  0x000001d5e174e800 JavaThread "Cancel handler" [_thread_blocked, id=5516, stack(0x000000a229500000,0x000000a229600000)]
  0x000001d5e133a800 JavaThread "Daemon worker" [_thread_blocked, id=9172, stack(0x000000a229600000,0x000000a229700000)]
  0x000001d5e1ed3800 JavaThread "Asynchronous log dispatcher for DefaultDaemonConnection: socket connection from /127.0.0.1:52638 to /127.0.0.1:52639" [_thread_blocked, id=13092, stack(0x000000a229700000,0x000000a229800000)]
  0x000001d5e2311800 JavaThread "Stdin handler" [_thread_blocked, id=10596, stack(0x000000a229800000,0x000000a229900000)]
  0x000001d5e1f73000 JavaThread "Daemon client event forwarder" [_thread_in_native, id=14844, stack(0x000000a229900000,0x000000a229a00000)]
  0x000001d5e21f4000 JavaThread "Cache worker for journal cache (C:\Users\Lenovo\AndroidStudioProjects\Mb1\caches\journal-1)" [_thread_blocked, id=6104, stack(0x000000a229c00000,0x000000a229d00000)]
  0x000001d5e21f3000 JavaThread "File lock request listener" [_thread_in_native, id=2400, stack(0x000000a229d00000,0x000000a229e00000)]
  0x000001d5e21f4800 JavaThread "Cache worker for file hash cache (C:\Users\Lenovo\AndroidStudioProjects\Mb1\caches\7.4\fileHashes)" [_thread_blocked, id=10740, stack(0x000000a229e00000,0x000000a229f00000)]
  0x000001d5e21ef800 JavaThread "File watcher server" daemon [_thread_in_native, id=11776, stack(0x000000a229f00000,0x000000a22a000000)]
  0x000001d5e21f1800 JavaThread "File watcher consumer" daemon [_thread_blocked, id=14584, stack(0x000000a22a000000,0x000000a22a100000)]
  0x000001d5e21ef000 JavaThread "Cache worker for checksums cache (D:\EDaanLogin\.gradle\7.4\checksums)" [_thread_blocked, id=2536, stack(0x000000a22a100000,0x000000a22a200000)]
  0x000001d5e21f0800 JavaThread "Cache worker for cache directory md-rule (C:\Users\Lenovo\AndroidStudioProjects\Mb1\caches\7.4\md-rule)" [_thread_blocked, id=11488, stack(0x000000a22a200000,0x000000a22a300000)]
  0x000001d5e21f2000 JavaThread "Cache worker for file hash cache (D:\EDaanLogin\.gradle\7.4\fileHashes)" [_thread_blocked, id=12260, stack(0x000000a22a300000,0x000000a22a400000)]
  0x000001d5e21f5800 JavaThread "Cache worker for cache directory md-supplier (C:\Users\Lenovo\AndroidStudioProjects\Mb1\caches\7.4\md-supplier)" [_thread_blocked, id=5936, stack(0x000000a22a400000,0x000000a22a500000)]
  0x000001d5e2f9a000 JavaThread "Cache worker for execution history cache (C:\Users\Lenovo\AndroidStudioProjects\Mb1\caches\7.4\executionHistory)" [_thread_blocked, id=4512, stack(0x000000a22a500000,0x000000a22a600000)]
  0x000001d5e2f9e000 JavaThread "jar transforms" [_thread_blocked, id=12244, stack(0x000000a22a600000,0x000000a22a700000)]
  0x000001d5e2f9f000 JavaThread "Cache worker for file content cache (C:\Users\Lenovo\AndroidStudioProjects\Mb1\caches\7.4\fileContent)" [_thread_blocked, id=5356, stack(0x000000a22a700000,0x000000a22a800000)]
  0x000001d5e2f9c800 JavaThread "jar transforms Thread 2" [_thread_blocked, id=16276, stack(0x000000a22a800000,0x000000a22a900000)]
  0x000001d5e2f9b000 JavaThread "Cache worker for dependencies-accessors (D:\EDaanLogin\.gradle\7.4\dependencies-accessors)" [_thread_blocked, id=6172, stack(0x000000a22a900000,0x000000a22aa00000)]
  0x000001d5e32a1000 JavaThread "jar transforms Thread 3" [_thread_blocked, id=13248, stack(0x000000a22aa00000,0x000000a22ab00000)]
  0x000001d5e329f800 JavaThread "Cache worker for Build Output Cleanup Cache (D:\EDaanLogin\.gradle\buildOutputCleanup)" [_thread_blocked, id=7200, stack(0x000000a22ab00000,0x000000a22ac00000)]
  0x000001d5e32a2000 JavaThread "Unconstrained build operations" [_thread_blocked, id=15008, stack(0x000000a22ac00000,0x000000a22ad00000)]
  0x000001d5e32a3000 JavaThread "Unconstrained build operations Thread 2" [_thread_blocked, id=5384, stack(0x000000a22ad00000,0x000000a22ae00000)]
  0x000001d5e329e800 JavaThread "Unconstrained build operations Thread 3" [_thread_blocked, id=10504, stack(0x000000a22ae00000,0x000000a22af00000)]
  0x000001d5e32a3800 JavaThread "Unconstrained build operations Thread 4" [_thread_blocked, id=7288, stack(0x000000a22af00000,0x000000a22b000000)]
  0x000001d5e329e000 JavaThread "Unconstrained build operations Thread 5" [_thread_blocked, id=10476, stack(0x000000a22b000000,0x000000a22b100000)]
  0x000001d5e32aa000 JavaThread "Unconstrained build operations Thread 6" [_thread_blocked, id=11616, stack(0x000000a22b100000,0x000000a22b200000)]
  0x000001d5e32a7800 JavaThread "Unconstrained build operations Thread 7" [_thread_blocked, id=13332, stack(0x000000a22b200000,0x000000a22b300000)]
  0x000001d5e32a9800 JavaThread "Unconstrained build operations Thread 8" [_thread_blocked, id=5608, stack(0x000000a22b300000,0x000000a22b400000)]
  0x000001d5e32a4800 JavaThread "Unconstrained build operations Thread 9" [_thread_blocked, id=5408, stack(0x000000a22b400000,0x000000a22b500000)]
  0x000001d5e32a7000 JavaThread "Unconstrained build operations Thread 10" [_thread_blocked, id=16008, stack(0x000000a22b500000,0x000000a22b600000)]
  0x000001d5e32a8800 JavaThread "Unconstrained build operations Thread 11" [_thread_blocked, id=8076, stack(0x000000a22b600000,0x000000a22b700000)]
  0x000001d5e32ab000 JavaThread "Unconstrained build operations Thread 12" [_thread_blocked, id=7420, stack(0x000000a22b700000,0x000000a22b800000)]
  0x000001d5e32a5800 JavaThread "Unconstrained build operations Thread 13" [_thread_blocked, id=9960, stack(0x000000a22b800000,0x000000a22b900000)]
  0x000001d5e32ac000 JavaThread "Unconstrained build operations Thread 14" [_thread_blocked, id=5192, stack(0x000000a22b900000,0x000000a22ba00000)]
  0x000001d5e32a6000 JavaThread "Unconstrained build operations Thread 15" [_thread_blocked, id=6676, stack(0x000000a22ba00000,0x000000a22bb00000)]
  0x000001d5e32ac800 JavaThread "Unconstrained build operations Thread 16" [_thread_blocked, id=2408, stack(0x000000a22bb00000,0x000000a22bc00000)]
  0x000001d5e2f72000 JavaThread "Unconstrained build operations Thread 17" [_thread_blocked, id=12304, stack(0x000000a22bc00000,0x000000a22bd00000)]
  0x000001d5e2f73000 JavaThread "Unconstrained build operations Thread 18" [_thread_blocked, id=8896, stack(0x000000a22bd00000,0x000000a22be00000)]
  0x000001d5e2f74800 JavaThread "Unconstrained build operations Thread 19" [_thread_blocked, id=15512, stack(0x000000a22be00000,0x000000a22bf00000)]
  0x000001d5e2f73800 JavaThread "Unconstrained build operations Thread 20" [_thread_blocked, id=15984, stack(0x000000a22bf00000,0x000000a22c000000)]
  0x000001d5e2f75800 JavaThread "Unconstrained build operations Thread 21" [_thread_blocked, id=10600, stack(0x000000a22c000000,0x000000a22c100000)]
  0x000001d5e2f77000 JavaThread "Unconstrained build operations Thread 22" [_thread_blocked, id=8072, stack(0x000000a22c100000,0x000000a22c200000)]
  0x000001d5e2f76000 JavaThread "Unconstrained build operations Thread 23" [_thread_blocked, id=12008, stack(0x000000a22c200000,0x000000a22c300000)]
  0x000001d5e2f71800 JavaThread "Unconstrained build operations Thread 24" [_thread_blocked, id=5696, stack(0x000000a22c300000,0x000000a22c400000)]
  0x000001d5e2f7b000 JavaThread "Unconstrained build operations Thread 25" [_thread_blocked, id=13320, stack(0x000000a22c400000,0x000000a22c500000)]
  0x000001d5e2f79800 JavaThread "Unconstrained build operations Thread 26" [_thread_blocked, id=4168, stack(0x000000a22c500000,0x000000a22c600000)]
  0x000001d5e2f7d800 JavaThread "Unconstrained build operations Thread 27" [_thread_blocked, id=12892, stack(0x000000a22c600000,0x000000a22c700000)]
  0x000001d5e2f7c000 JavaThread "Unconstrained build operations Thread 28" [_thread_blocked, id=13140, stack(0x000000a22c700000,0x000000a22c800000)]
  0x000001d5e2f78000 JavaThread "Unconstrained build operations Thread 29" [_thread_blocked, id=9924, stack(0x000000a22c800000,0x000000a22c900000)]
  0x000001d5e2f7c800 JavaThread "Unconstrained build operations Thread 30" [_thread_blocked, id=2988, stack(0x000000a22c900000,0x000000a22ca00000)]
  0x000001d5e2f7e800 JavaThread "Unconstrained build operations Thread 31" [_thread_blocked, id=14260, stack(0x000000a22ca00000,0x000000a22cb00000)]
  0x000001d5e2f78800 JavaThread "Unconstrained build operations Thread 32" [_thread_blocked, id=16368, stack(0x000000a22cb00000,0x000000a22cc00000)]
  0x000001d5e2f7f000 JavaThread "Unconstrained build operations Thread 33" [_thread_blocked, id=11692, stack(0x000000a22cc00000,0x000000a22cd00000)]
  0x000001d5e2f80000 JavaThread "Unconstrained build operations Thread 34" [_thread_blocked, id=7304, stack(0x000000a22cd00000,0x000000a22ce00000)]
  0x000001d5e2f7a800 JavaThread "Unconstrained build operations Thread 35" [_thread_blocked, id=3488, stack(0x000000a22ce00000,0x000000a22cf00000)]
  0x000001d5e53f1000 JavaThread "Unconstrained build operations Thread 36" [_thread_blocked, id=7368, stack(0x000000a22cf00000,0x000000a22d000000)]
  0x000001d5e53f2000 JavaThread "Unconstrained build operations Thread 37" [_thread_blocked, id=16184, stack(0x000000a22d000000,0x000000a22d100000)]
  0x000001d5e53ee000 JavaThread "Unconstrained build operations Thread 38" [_thread_blocked, id=10568, stack(0x000000a22d100000,0x000000a22d200000)]
  0x000001d5e53ec800 JavaThread "Unconstrained build operations Thread 39" [_thread_blocked, id=2684, stack(0x000000a22d200000,0x000000a22d300000)]
  0x000001d5e53f3000 JavaThread "Unconstrained build operations Thread 40" [_thread_blocked, id=8092, stack(0x000000a22d300000,0x000000a22d400000)]
  0x000001d5e53f0800 JavaThread "jar transforms Thread 4" [_thread_blocked, id=10172, stack(0x000000a22d400000,0x000000a22d500000)]
  0x000001d5e53ed000 JavaThread "Memory manager" [_thread_blocked, id=4936, stack(0x000000a22d500000,0x000000a22d600000)]
  0x000001d5e53f4800 JavaThread "build event listener" [_thread_blocked, id=15876, stack(0x000000a22d600000,0x000000a22d700000)]
  0x000001d5e53ee800 JavaThread "pool-3-thread-1" [_thread_blocked, id=15724, stack(0x000000a22d700000,0x000000a22d800000)]
  0x000001d5e53f5800 JavaThread "build event listener" [_thread_blocked, id=5828, stack(0x000000a22d800000,0x000000a22d900000)]
  0x000001d5e53ef800 JavaThread "included builds" [_thread_blocked, id=11052, stack(0x000000a22d900000,0x000000a22da00000)]
  0x000001d5e53fb000 JavaThread "Execution worker for ':'" [_thread_blocked, id=1900, stack(0x000000a22da00000,0x000000a22db00000)]
  0x000001d5e53f7800 JavaThread "Execution worker for ':' Thread 2" [_thread_blocked, id=9204, stack(0x000000a22db00000,0x000000a22dc00000)]
  0x000001d5e53f6000 JavaThread "Execution worker for ':' Thread 3" [_thread_blocked, id=14548, stack(0x000000a22dc00000,0x000000a22dd00000)]
  0x000001d5e53f9800 JavaThread "Cache worker for execution history cache (D:\EDaanLogin\.gradle\7.4\executionHistory)" [_thread_blocked, id=12888, stack(0x000000a22dd00000,0x000000a22de00000)]
  0x000001d5e53f8800 JavaThread "WorkerExecutor Queue" [_thread_blocked, id=9860, stack(0x000000a22de00000,0x000000a22df00000)]
  0x000001d5e53f7000 JavaThread "WorkerExecutor Queue Thread 2" [_thread_in_vm, id=12056, stack(0x000000a22df00000,0x000000a22e000000)]
  0x000001d5e53fa000 JavaThread "WorkerExecutor Queue Thread 3" [_thread_blocked, id=5048, stack(0x000000a22e000000,0x000000a22e100000)]
  0x000001d5e275e000 JavaThread "WorkerExecutor Queue Thread 4" [_thread_blocked, id=6332, stack(0x000000a22e100000,0x000000a22e200000)]

Other Threads:
  0x000001d5df22c800 VMThread "VM Thread" [stack: 0x000000a228200000,0x000000a228300000] [id=15920]
  0x000001d5dfd24800 WatcherThread [stack: 0x000000a228c00000,0x000000a228d00000] [id=13900]
  0x000001d5c5645000 GCTaskThread "GC Thread#0" [stack: 0x000000a227d00000,0x000000a227e00000] [id=12028]
  0x000001d5dffb5800 GCTaskThread "GC Thread#1" [stack: 0x000000a228e00000,0x000000a228f00000] [id=10520]
  0x000001d5e2037800 GCTaskThread "GC Thread#2" [stack: 0x000000a229a00000,0x000000a229b00000] [id=11008]
  0x000001d5e1af9800 GCTaskThread "GC Thread#3" [stack: 0x000000a229b00000,0x000000a229c00000] [id=4052]
  0x000001d5c5677000 ConcurrentGCThread "G1 Main Marker" [stack: 0x000000a227e00000,0x000000a227f00000] [id=6864]
  0x000001d5c5679000 ConcurrentGCThread "G1 Conc#0" [stack: 0x000000a227f00000,0x000000a228000000] [id=9864]
  0x000001d5c5708800 ConcurrentGCThread "G1 Refine#0" [stack: 0x000000a228000000,0x000000a228100000] [id=16152]
  0x000001d5e0b93800 ConcurrentGCThread "G1 Refine#1" [stack: 0x000000a228f00000,0x000000a229000000] [id=11640]
  0x000001d5c570b800 ConcurrentGCThread "G1 Young RemSet Sampling" [stack: 0x000000a228100000,0x000000a228200000] [id=8584]

Threads with active compile tasks:
C2 CompilerThread0  11620 11313       4       com.google.common.collect.ImmutableSortedMap$Builder::build (87 bytes)
C2 CompilerThread1  11620 11123 %     4       org.gradle.internal.instantiation.generator.AbstractClassGenerator::inspectType @ 207 (560 bytes)

VM state:not at safepoint (normal execution)

VM Mutex/Monitor currently owned by a thread: None

Heap address: 0x0000000080000000, size: 2048 MB, Compressed Oops mode: 32-bit
Narrow klass base: 0x0000000000000000, Narrow klass shift: 3
Compressed class space size: 1073741824 Address: 0x0000000100000000

Heap:
 garbage-first heap   total 220160K, used 95232K [0x0000000080000000, 0x0000000100000000)
  region size 1024K, 9 young (9216K), 6 survivors (6144K)
 Metaspace       used 91759K, capacity 94015K, committed 94044K, reserved 1130496K
  class space    used 11640K, capacity 12469K, committed 12492K, reserved 1048576K
Heap Regions: E=young(eden), S=young(survivor), O=old, HS=humongous(starts), HC=humongous(continues), CS=collection set, F=free, A=archive, TAMS=top-at-mark-start (previous, next)
|   0|0x0000000080000000, 0x0000000080100000, 0x0000000080100000|100%|HS|  |TAMS 0x0000000080100000, 0x0000000080000000| Complete 
|   1|0x0000000080100000, 0x0000000080200000, 0x0000000080200000|100%|HC|  |TAMS 0x0000000080200000, 0x0000000080100000| Complete 
|   2|0x0000000080200000, 0x0000000080300000, 0x0000000080300000|100%|HC|  |TAMS 0x0000000080300000, 0x0000000080200000| Complete 
|   3|0x0000000080300000, 0x0000000080400000, 0x0000000080400000|100%| O|  |TAMS 0x0000000080400000, 0x0000000080300000| Untracked 
|   4|0x0000000080400000, 0x0000000080500000, 0x0000000080500000|100%| O|  |TAMS 0x0000000080500000, 0x0000000080400000| Untracked 
|   5|0x0000000080500000, 0x0000000080600000, 0x0000000080600000|100%| O|  |TAMS 0x0000000080600000, 0x0000000080500000| Untracked 
|   6|0x0000000080600000, 0x0000000080700000, 0x0000000080700000|100%| O|  |TAMS 0x0000000080700000, 0x0000000080600000| Untracked 
|   7|0x0000000080700000, 0x0000000080800000, 0x0000000080800000|100%| O|  |TAMS 0x0000000080800000, 0x0000000080700000| Untracked 
|   8|0x0000000080800000, 0x0000000080900000, 0x0000000080900000|100%| O|  |TAMS 0x0000000080900000, 0x0000000080800000| Untracked 
|   9|0x0000000080900000, 0x0000000080a00000, 0x0000000080a00000|100%| O|  |TAMS 0x0000000080a00000, 0x0000000080900000| Untracked 
|  10|0x0000000080a00000, 0x0000000080b00000, 0x0000000080b00000|100%| O|  |TAMS 0x0000000080b00000, 0x0000000080a00000| Untracked 
|  11|0x0000000080b00000, 0x0000000080c00000, 0x0000000080c00000|100%| O|  |TAMS 0x0000000080c00000, 0x0000000080b00000| Untracked 
|  12|0x0000000080c00000, 0x0000000080d00000, 0x0000000080d00000|100%| O|  |TAMS 0x0000000080d00000, 0x0000000080c00000| Untracked 
|  13|0x0000000080d00000, 0x0000000080e00000, 0x0000000080e00000|100%| O|  |TAMS 0x0000000080e00000, 0x0000000080d00000| Untracked 
|  14|0x0000000080e00000, 0x0000000080f00000, 0x0000000080f00000|100%| O|  |TAMS 0x0000000080f00000, 0x0000000080e00000| Untracked 
|  15|0x0000000080f00000, 0x0000000081000000, 0x0000000081000000|100%| O|  |TAMS 0x0000000081000000, 0x0000000080f00000| Untracked 
|  16|0x0000000081000000, 0x0000000081100000, 0x0000000081100000|100%|HS|  |TAMS 0x0000000081100000, 0x0000000081000000| Complete 
|  17|0x0000000081100000, 0x0000000081200000, 0x0000000081200000|100%| O|  |TAMS 0x0000000081200000, 0x0000000081100000| Untracked 
|  18|0x0000000081200000, 0x0000000081300000, 0x0000000081300000|100%| O|  |TAMS 0x0000000081300000, 0x0000000081200000| Untracked 
|  19|0x0000000081300000, 0x0000000081400000, 0x0000000081400000|100%| O|  |TAMS 0x0000000081400000, 0x0000000081300000| Untracked 
|  20|0x0000000081400000, 0x0000000081500000, 0x0000000081500000|100%| O|  |TAMS 0x0000000081500000, 0x0000000081400000| Untracked 
|  21|0x0000000081500000, 0x0000000081600000, 0x0000000081600000|100%| O|  |TAMS 0x0000000081600000, 0x0000000081500000| Untracked 
|  22|0x0000000081600000, 0x0000000081700000, 0x0000000081700000|100%| O|  |TAMS 0x0000000081700000, 0x0000000081600000| Untracked 
|  23|0x0000000081700000, 0x0000000081800000, 0x0000000081800000|100%|HS|  |TAMS 0x0000000081800000, 0x0000000081700000| Complete 
|  24|0x0000000081800000, 0x0000000081900000, 0x0000000081900000|100%| O|  |TAMS 0x0000000081900000, 0x0000000081800000| Untracked 
|  25|0x0000000081900000, 0x0000000081a00000, 0x0000000081a00000|100%|HS|  |TAMS 0x0000000081a00000, 0x0000000081900000| Complete 
|  26|0x0000000081a00000, 0x0000000081b00000, 0x0000000081b00000|100%|HC|  |TAMS 0x0000000081b00000, 0x0000000081a00000| Complete 
|  27|0x0000000081b00000, 0x0000000081c00000, 0x0000000081c00000|100%| O|  |TAMS 0x0000000081c00000, 0x0000000081b00000| Untracked 
|  28|0x0000000081c00000, 0x0000000081d00000, 0x0000000081d00000|100%| O|  |TAMS 0x0000000081d00000, 0x0000000081c00000| Untracked 
|  29|0x0000000081d00000, 0x0000000081e00000, 0x0000000081e00000|100%| O|  |TAMS 0x0000000081e00000, 0x0000000081d00000| Untracked 
|  30|0x0000000081e00000, 0x0000000081f00000, 0x0000000081f00000|100%| O|  |TAMS 0x0000000081f00000, 0x0000000081e00000| Untracked 
|  31|0x0000000081f00000, 0x0000000082000000, 0x0000000082000000|100%| O|  |TAMS 0x0000000082000000, 0x0000000081f00000| Untracked 
|  32|0x0000000082000000, 0x0000000082100000, 0x0000000082100000|100%| O|  |TAMS 0x0000000082100000, 0x0000000082000000| Untracked 
|  33|0x0000000082100000, 0x0000000082200000, 0x0000000082200000|100%| O|  |TAMS 0x0000000082200000, 0x0000000082100000| Untracked 
|  34|0x0000000082200000, 0x0000000082300000, 0x0000000082300000|100%| O|  |TAMS 0x0000000082300000, 0x0000000082200000| Untracked 
|  35|0x0000000082300000, 0x0000000082400000, 0x0000000082400000|100%| O|  |TAMS 0x0000000082400000, 0x0000000082300000| Untracked 
|  36|0x0000000082400000, 0x0000000082500000, 0x0000000082500000|100%| O|  |TAMS 0x0000000082500000, 0x0000000082400000| Untracked 
|  37|0x0000000082500000, 0x0000000082600000, 0x0000000082600000|100%| O|  |TAMS 0x0000000082600000, 0x0000000082500000| Untracked 
|  38|0x0000000082600000, 0x0000000082700000, 0x0000000082700000|100%| O|  |TAMS 0x0000000082700000, 0x0000000082600000| Untracked 
|  39|0x0000000082700000, 0x0000000082800000, 0x0000000082800000|100%| O|  |TAMS 0x0000000082800000, 0x0000000082700000| Untracked 
|  40|0x0000000082800000, 0x0000000082900000, 0x0000000082900000|100%| O|  |TAMS 0x0000000082800000, 0x0000000082800000| Untracked 
|  41|0x0000000082900000, 0x0000000082a00000, 0x0000000082a00000|100%| O|  |TAMS 0x0000000082900000, 0x0000000082900000| Untracked 
|  42|0x0000000082a00000, 0x0000000082b00000, 0x0000000082b00000|100%| O|  |TAMS 0x0000000082a00000, 0x0000000082a00000| Untracked 
|  43|0x0000000082b00000, 0x0000000082c00000, 0x0000000082c00000|100%| O|  |TAMS 0x0000000082b00000, 0x0000000082b00000| Untracked 
|  44|0x0000000082c00000, 0x0000000082d00000, 0x0000000082d00000|100%| O|  |TAMS 0x0000000082c00000, 0x0000000082c00000| Untracked 
|  45|0x0000000082d00000, 0x0000000082e00000, 0x0000000082e00000|100%| O|  |TAMS 0x0000000082d00000, 0x0000000082d00000| Untracked 
|  46|0x0000000082e00000, 0x0000000082f00000, 0x0000000082f00000|100%| O|  |TAMS 0x0000000082e00000, 0x0000000082e00000| Untracked 
|  47|0x0000000082f00000, 0x0000000083000000, 0x0000000083000000|100%| O|  |TAMS 0x0000000082f00000, 0x0000000082f00000| Untracked 
|  48|0x0000000083000000, 0x0000000083100000, 0x0000000083100000|100%| O|  |TAMS 0x0000000083000000, 0x0000000083000000| Untracked 
|  49|0x0000000083100000, 0x0000000083200000, 0x0000000083200000|100%| O|  |TAMS 0x0000000083100000, 0x0000000083100000| Untracked 
|  50|0x0000000083200000, 0x0000000083300000, 0x0000000083300000|100%| O|  |TAMS 0x0000000083200000, 0x0000000083200000| Untracked 
|  51|0x0000000083300000, 0x0000000083400000, 0x0000000083400000|100%| O|  |TAMS 0x0000000083300000, 0x0000000083300000| Untracked 
|  52|0x0000000083400000, 0x0000000083500000, 0x0000000083500000|100%| O|  |TAMS 0x0000000083400000, 0x0000000083400000| Untracked 
|  53|0x0000000083500000, 0x0000000083600000, 0x0000000083600000|100%| O|  |TAMS 0x0000000083500000, 0x0000000083500000| Untracked 
|  54|0x0000000083600000, 0x0000000083700000, 0x0000000083700000|100%| O|  |TAMS 0x0000000083600000, 0x0000000083600000| Untracked 
|  55|0x0000000083700000, 0x0000000083800000, 0x0000000083800000|100%| O|  |TAMS 0x0000000083700000, 0x0000000083700000| Untracked 
|  56|0x0000000083800000, 0x0000000083900000, 0x0000000083900000|100%| O|  |TAMS 0x0000000083800000, 0x0000000083800000| Untracked 
|  57|0x0000000083900000, 0x0000000083a00000, 0x0000000083a00000|100%| O|  |TAMS 0x0000000083900000, 0x0000000083900000| Untracked 
|  58|0x0000000083a00000, 0x0000000083b00000, 0x0000000083b00000|100%| O|  |TAMS 0x0000000083a00000, 0x0000000083a00000| Untracked 
|  59|0x0000000083b00000, 0x0000000083c00000, 0x0000000083c00000|100%| O|  |TAMS 0x0000000083b00000, 0x0000000083b00000| Untracked 
|  60|0x0000000083c00000, 0x0000000083d00000, 0x0000000083d00000|100%| O|  |TAMS 0x0000000083c00000, 0x0000000083c00000| Untracked 
|  61|0x0000000083d00000, 0x0000000083e00000, 0x0000000083e00000|100%| O|  |TAMS 0x0000000083d00000, 0x0000000083d00000| Untracked 
|  62|0x0000000083e00000, 0x0000000083f00000, 0x0000000083f00000|100%| O|  |TAMS 0x0000000083e00000, 0x0000000083e00000| Untracked 
|  63|0x0000000083f00000, 0x0000000084000000, 0x0000000084000000|100%| O|  |TAMS 0x0000000083f00000, 0x0000000083f00000| Untracked 
|  64|0x0000000084000000, 0x0000000084100000, 0x0000000084100000|100%| O|  |TAMS 0x0000000084000000, 0x0000000084000000| Untracked 
|  65|0x0000000084100000, 0x0000000084200000, 0x0000000084200000|100%| O|  |TAMS 0x0000000084100000, 0x0000000084100000| Untracked 
|  66|0x0000000084200000, 0x0000000084300000, 0x0000000084300000|100%| O|  |TAMS 0x0000000084200000, 0x0000000084200000| Untracked 
|  67|0x0000000084300000, 0x0000000084400000, 0x0000000084400000|100%| O|  |TAMS 0x0000000084300000, 0x0000000084300000| Untracked 
|  68|0x0000000084400000, 0x0000000084500000, 0x0000000084500000|100%| O|  |TAMS 0x0000000084400000, 0x0000000084400000| Untracked 
|  69|0x0000000084500000, 0x0000000084600000, 0x0000000084600000|100%| O|  |TAMS 0x0000000084500000, 0x0000000084500000| Untracked 
|  70|0x0000000084600000, 0x0000000084700000, 0x0000000084700000|100%| O|  |TAMS 0x0000000084600000, 0x0000000084600000| Untracked 
|  71|0x0000000084700000, 0x0000000084800000, 0x0000000084800000|100%| O|  |TAMS 0x0000000084700000, 0x0000000084700000| Untracked 
|  72|0x0000000084800000, 0x0000000084800000, 0x0000000084900000|  0%| F|  |TAMS 0x0000000084800000, 0x0000000084800000| Untracked 
|  73|0x0000000084900000, 0x0000000084900000, 0x0000000084a00000|  0%| F|  |TAMS 0x0000000084900000, 0x0000000084900000| Untracked 
|  74|0x0000000084a00000, 0x0000000084a00000, 0x0000000084b00000|  0%| F|  |TAMS 0x0000000084a00000, 0x0000000084a00000| Untracked 
|  75|0x0000000084b00000, 0x0000000084b00000, 0x0000000084c00000|  0%| F|  |TAMS 0x0000000084b00000, 0x0000000084b00000| Untracked 
|  76|0x0000000084c00000, 0x0000000084d00000, 0x0000000084d00000|100%| O|  |TAMS 0x0000000084c00000, 0x0000000084c00000| Untracked 
|  77|0x0000000084d00000, 0x0000000084e00000, 0x0000000084e00000|100%| O|  |TAMS 0x0000000084d00000, 0x0000000084d00000| Untracked 
|  78|0x0000000084e00000, 0x0000000084f00000, 0x0000000084f00000|100%| O|  |TAMS 0x0000000084e00000, 0x0000000084e00000| Untracked 
|  79|0x0000000084f00000, 0x0000000085000000, 0x0000000085000000|100%| O|  |TAMS 0x0000000084f00000, 0x0000000084f00000| Untracked 
|  80|0x0000000085000000, 0x0000000085100000, 0x0000000085100000|100%| O|  |TAMS 0x0000000085000000, 0x0000000085000000| Untracked 
|  81|0x0000000085100000, 0x0000000085200000, 0x0000000085200000|100%| O|  |TAMS 0x0000000085100000, 0x0000000085100000| Untracked 
|  82|0x0000000085200000, 0x0000000085300000, 0x0000000085300000|100%| O|  |TAMS 0x0000000085200000, 0x0000000085200000| Untracked 
|  83|0x0000000085300000, 0x0000000085400000, 0x0000000085400000|100%| O|  |TAMS 0x0000000085300000, 0x0000000085300000| Untracked 
|  84|0x0000000085400000, 0x0000000085500000, 0x0000000085500000|100%| O|  |TAMS 0x0000000085400000, 0x0000000085400000| Untracked 
|  85|0x0000000085500000, 0x0000000085600000, 0x0000000085600000|100%| O|  |TAMS 0x0000000085500000, 0x0000000085500000| Untracked 
|  86|0x0000000085600000, 0x0000000085700000, 0x0000000085700000|100%| O|  |TAMS 0x0000000085600000, 0x0000000085600000| Untracked 
|  87|0x0000000085700000, 0x0000000085800000, 0x0000000085800000|100%| O|  |TAMS 0x0000000085700000, 0x0000000085700000| Untracked 
|  88|0x0000000085800000, 0x0000000085900000, 0x0000000085900000|100%| O|  |TAMS 0x0000000085800000, 0x0000000085800000| Untracked 
|  89|0x0000000085900000, 0x0000000085900000, 0x0000000085a00000|  0%| F|  |TAMS 0x0000000085900000, 0x0000000085900000| Untracked 
|  90|0x0000000085a00000, 0x0000000085a00000, 0x0000000085b00000|  0%| F|  |TAMS 0x0000000085a00000, 0x0000000085a00000| Untracked 
|  91|0x0000000085b00000, 0x0000000085b00000, 0x0000000085c00000|  0%| F|  |TAMS 0x0000000085b00000, 0x0000000085b00000| Untracked 
|  92|0x0000000085c00000, 0x0000000085c00000, 0x0000000085d00000|  0%| F|  |TAMS 0x0000000085c00000, 0x0000000085c00000| Untracked 
|  93|0x0000000085d00000, 0x0000000085d00000, 0x0000000085e00000|  0%| F|  |TAMS 0x0000000085d00000, 0x0000000085d00000| Untracked 
|  94|0x0000000085e00000, 0x0000000085e00000, 0x0000000085f00000|  0%| F|  |TAMS 0x0000000085e00000, 0x0000000085e00000| Untracked 
|  95|0x0000000085f00000, 0x0000000085f00000, 0x0000000086000000|  0%| F|  |TAMS 0x0000000085f00000, 0x0000000085f00000| Untracked 
|  96|0x0000000086000000, 0x0000000086000000, 0x0000000086100000|  0%| F|  |TAMS 0x0000000086000000, 0x0000000086000000| Untracked 
|  97|0x0000000086100000, 0x0000000086100000, 0x0000000086200000|  0%| F|  |TAMS 0x0000000086100000, 0x0000000086100000| Untracked 
|  98|0x0000000086200000, 0x0000000086200000, 0x0000000086300000|  0%| F|  |TAMS 0x0000000086200000, 0x0000000086200000| Untracked 
|  99|0x0000000086300000, 0x0000000086300000, 0x0000000086400000|  0%| F|  |TAMS 0x0000000086300000, 0x0000000086300000| Untracked 
| 100|0x0000000086400000, 0x0000000086400000, 0x0000000086500000|  0%| F|  |TAMS 0x0000000086400000, 0x0000000086400000| Untracked 
| 101|0x0000000086500000, 0x0000000086500000, 0x0000000086600000|  0%| F|  |TAMS 0x0000000086500000, 0x0000000086500000| Untracked 
| 102|0x0000000086600000, 0x0000000086600000, 0x0000000086700000|  0%| F|  |TAMS 0x0000000086600000, 0x0000000086600000| Untracked 
| 103|0x0000000086700000, 0x0000000086700000, 0x0000000086800000|  0%| F|  |TAMS 0x0000000086700000, 0x0000000086700000| Untracked 
| 104|0x0000000086800000, 0x0000000086800000, 0x0000000086900000|  0%| F|  |TAMS 0x0000000086800000, 0x0000000086800000| Untracked 
| 105|0x0000000086900000, 0x0000000086900000, 0x0000000086a00000|  0%| F|  |TAMS 0x0000000086900000, 0x0000000086900000| Untracked 
| 106|0x0000000086a00000, 0x0000000086a00000, 0x0000000086b00000|  0%| F|  |TAMS 0x0000000086a00000, 0x0000000086a00000| Untracked 
| 107|0x0000000086b00000, 0x0000000086b00000, 0x0000000086c00000|  0%| F|  |TAMS 0x0000000086b00000, 0x0000000086b00000| Untracked 
| 108|0x0000000086c00000, 0x0000000086c00000, 0x0000000086d00000|  0%| F|  |TAMS 0x0000000086c00000, 0x0000000086c00000| Untracked 
| 109|0x0000000086d00000, 0x0000000086d00000, 0x0000000086e00000|  0%| F|  |TAMS 0x0000000086d00000, 0x0000000086d00000| Untracked 
| 110|0x0000000086e00000, 0x0000000086e00000, 0x0000000086f00000|  0%| F|  |TAMS 0x0000000086e00000, 0x0000000086e00000| Untracked 
| 111|0x0000000086f00000, 0x0000000086f00000, 0x0000000087000000|  0%| F|  |TAMS 0x0000000086f00000, 0x0000000086f00000| Untracked 
| 112|0x0000000087000000, 0x0000000087000000, 0x0000000087100000|  0%| F|  |TAMS 0x0000000087000000, 0x0000000087000000| Untracked 
| 113|0x0000000087100000, 0x0000000087100000, 0x0000000087200000|  0%| F|  |TAMS 0x0000000087100000, 0x0000000087100000| Untracked 
| 114|0x0000000087200000, 0x0000000087200000, 0x0000000087300000|  0%| F|  |TAMS 0x0000000087200000, 0x0000000087200000| Untracked 
| 115|0x0000000087300000, 0x0000000087300000, 0x0000000087400000|  0%| F|  |TAMS 0x0000000087300000, 0x0000000087300000| Untracked 
| 116|0x0000000087400000, 0x0000000087400000, 0x0000000087500000|  0%| F|  |TAMS 0x0000000087400000, 0x0000000087400000| Untracked 
| 117|0x0000000087500000, 0x0000000087500000, 0x0000000087600000|  0%| F|  |TAMS 0x0000000087500000, 0x0000000087500000| Untracked 
| 118|0x0000000087600000, 0x0000000087600000, 0x0000000087700000|  0%| F|  |TAMS 0x0000000087600000, 0x0000000087600000| Untracked 
| 119|0x0000000087700000, 0x0000000087700000, 0x0000000087800000|  0%| F|  |TAMS 0x0000000087700000, 0x0000000087700000| Untracked 
| 120|0x0000000087800000, 0x0000000087800000, 0x0000000087900000|  0%| F|  |TAMS 0x0000000087800000, 0x0000000087800000| Untracked 
| 121|0x0000000087900000, 0x0000000087900000, 0x0000000087a00000|  0%| F|  |TAMS 0x0000000087900000, 0x0000000087900000| Untracked 
| 122|0x0000000087a00000, 0x0000000087a00000, 0x0000000087b00000|  0%| F|  |TAMS 0x0000000087a00000, 0x0000000087a00000| Untracked 
| 123|0x0000000087b00000, 0x0000000087b00000, 0x0000000087c00000|  0%| F|  |TAMS 0x0000000087b00000, 0x0000000087b00000| Untracked 
| 124|0x0000000087c00000, 0x0000000087c00000, 0x0000000087d00000|  0%| F|  |TAMS 0x0000000087c00000, 0x0000000087c00000| Untracked 
| 125|0x0000000087d00000, 0x0000000087d00000, 0x0000000087e00000|  0%| F|  |TAMS 0x0000000087d00000, 0x0000000087d00000| Untracked 
| 126|0x0000000087e00000, 0x0000000087e00000, 0x0000000087f00000|  0%| F|  |TAMS 0x0000000087e00000, 0x0000000087e00000| Untracked 
| 127|0x0000000087f00000, 0x0000000087f00000, 0x0000000088000000|  0%| F|  |TAMS 0x0000000087f00000, 0x0000000087f00000| Untracked 
| 128|0x0000000088000000, 0x0000000088100000, 0x0000000088100000|100%| S|CS|TAMS 0x0000000088000000, 0x0000000088000000| Complete 
| 129|0x0000000088100000, 0x0000000088200000, 0x0000000088200000|100%| S|CS|TAMS 0x0000000088100000, 0x0000000088100000| Complete 
| 130|0x0000000088200000, 0x0000000088300000, 0x0000000088300000|100%| S|CS|TAMS 0x0000000088200000, 0x0000000088200000| Complete 
| 131|0x0000000088300000, 0x0000000088400000, 0x0000000088400000|100%| S|CS|TAMS 0x0000000088300000, 0x0000000088300000| Complete 
| 132|0x0000000088400000, 0x0000000088500000, 0x0000000088500000|100%| S|CS|TAMS 0x0000000088400000, 0x0000000088400000| Complete 
| 133|0x0000000088500000, 0x0000000088600000, 0x0000000088600000|100%| S|CS|TAMS 0x0000000088500000, 0x0000000088500000| Complete 
| 134|0x0000000088600000, 0x0000000088600000, 0x0000000088700000|  0%| F|  |TAMS 0x0000000088600000, 0x0000000088600000| Untracked 
| 135|0x0000000088700000, 0x0000000088700000, 0x0000000088800000|  0%| F|  |TAMS 0x0000000088700000, 0x0000000088700000| Untracked 
| 136|0x0000000088800000, 0x0000000088800000, 0x0000000088900000|  0%| F|  |TAMS 0x0000000088800000, 0x0000000088800000| Untracked 
| 137|0x0000000088900000, 0x0000000088900000, 0x0000000088a00000|  0%| F|  |TAMS 0x0000000088900000, 0x0000000088900000| Untracked 
| 138|0x0000000088a00000, 0x0000000088a00000, 0x0000000088b00000|  0%| F|  |TAMS 0x0000000088a00000, 0x0000000088a00000| Untracked 
| 139|0x0000000088b00000, 0x0000000088b00000, 0x0000000088c00000|  0%| F|  |TAMS 0x0000000088b00000, 0x0000000088b00000| Untracked 
| 140|0x0000000088c00000, 0x0000000088c00000, 0x0000000088d00000|  0%| F|  |TAMS 0x0000000088c00000, 0x0000000088c00000| Untracked 
| 141|0x0000000088d00000, 0x0000000088d00000, 0x0000000088e00000|  0%| F|  |TAMS 0x0000000088d00000, 0x0000000088d00000| Untracked 
| 142|0x0000000088e00000, 0x0000000088e00000, 0x0000000088f00000|  0%| F|  |TAMS 0x0000000088e00000, 0x0000000088e00000| Untracked 
| 143|0x0000000088f00000, 0x0000000088f00000, 0x0000000089000000|  0%| F|  |TAMS 0x0000000088f00000, 0x0000000088f00000| Untracked 
| 144|0x0000000089000000, 0x0000000089000000, 0x0000000089100000|  0%| F|  |TAMS 0x0000000089000000, 0x0000000089000000| Untracked 
| 145|0x0000000089100000, 0x0000000089100000, 0x0000000089200000|  0%| F|  |TAMS 0x0000000089100000, 0x0000000089100000| Untracked 
| 146|0x0000000089200000, 0x0000000089200000, 0x0000000089300000|  0%| F|  |TAMS 0x0000000089200000, 0x0000000089200000| Untracked 
| 147|0x0000000089300000, 0x0000000089300000, 0x0000000089400000|  0%| F|  |TAMS 0x0000000089300000, 0x0000000089300000| Untracked 
| 148|0x0000000089400000, 0x0000000089400000, 0x0000000089500000|  0%| F|  |TAMS 0x0000000089400000, 0x0000000089400000| Untracked 
| 149|0x0000000089500000, 0x0000000089500000, 0x0000000089600000|  0%| F|  |TAMS 0x0000000089500000, 0x0000000089500000| Untracked 
| 150|0x0000000089600000, 0x0000000089600000, 0x0000000089700000|  0%| F|  |TAMS 0x0000000089600000, 0x0000000089600000| Untracked 
| 151|0x0000000089700000, 0x0000000089700000, 0x0000000089800000|  0%| F|  |TAMS 0x0000000089700000, 0x0000000089700000| Untracked 
| 152|0x0000000089800000, 0x0000000089800000, 0x0000000089900000|  0%| F|  |TAMS 0x0000000089800000, 0x0000000089800000| Untracked 
| 153|0x0000000089900000, 0x0000000089900000, 0x0000000089a00000|  0%| F|  |TAMS 0x0000000089900000, 0x0000000089900000| Untracked 
| 154|0x0000000089a00000, 0x0000000089a00000, 0x0000000089b00000|  0%| F|  |TAMS 0x0000000089a00000, 0x0000000089a00000| Untracked 
| 155|0x0000000089b00000, 0x0000000089b00000, 0x0000000089c00000|  0%| F|  |TAMS 0x0000000089b00000, 0x0000000089b00000| Untracked 
| 156|0x0000000089c00000, 0x0000000089c00000, 0x0000000089d00000|  0%| F|  |TAMS 0x0000000089c00000, 0x0000000089c00000| Untracked 
| 157|0x0000000089d00000, 0x0000000089d00000, 0x0000000089e00000|  0%| F|  |TAMS 0x0000000089d00000, 0x0000000089d00000| Untracked 
| 158|0x0000000089e00000, 0x0000000089e00000, 0x0000000089f00000|  0%| F|  |TAMS 0x0000000089e00000, 0x0000000089e00000| Untracked 
| 159|0x0000000089f00000, 0x0000000089f00000, 0x000000008a000000|  0%| F|  |TAMS 0x0000000089f00000, 0x0000000089f00000| Untracked 
| 160|0x000000008a000000, 0x000000008a000000, 0x000000008a100000|  0%| F|  |TAMS 0x000000008a000000, 0x000000008a000000| Untracked 
| 161|0x000000008a100000, 0x000000008a100000, 0x000000008a200000|  0%| F|  |TAMS 0x000000008a100000, 0x000000008a100000| Untracked 
| 162|0x000000008a200000, 0x000000008a200000, 0x000000008a300000|  0%| F|  |TAMS 0x000000008a200000, 0x000000008a200000| Untracked 
| 163|0x000000008a300000, 0x000000008a300000, 0x000000008a400000|  0%| F|  |TAMS 0x000000008a300000, 0x000000008a300000| Untracked 
| 164|0x000000008a400000, 0x000000008a400000, 0x000000008a500000|  0%| F|  |TAMS 0x000000008a400000, 0x000000008a400000| Untracked 
| 165|0x000000008a500000, 0x000000008a500000, 0x000000008a600000|  0%| F|  |TAMS 0x000000008a500000, 0x000000008a500000| Untracked 
| 166|0x000000008a600000, 0x000000008a600000, 0x000000008a700000|  0%| F|  |TAMS 0x000000008a600000, 0x000000008a600000| Untracked 
| 167|0x000000008a700000, 0x000000008a700000, 0x000000008a800000|  0%| F|  |TAMS 0x000000008a700000, 0x000000008a700000| Untracked 
| 168|0x000000008a800000, 0x000000008a800000, 0x000000008a900000|  0%| F|  |TAMS 0x000000008a800000, 0x000000008a800000| Untracked 
| 169|0x000000008a900000, 0x000000008a900000, 0x000000008aa00000|  0%| F|  |TAMS 0x000000008a900000, 0x000000008a900000| Untracked 
| 170|0x000000008aa00000, 0x000000008aa00000, 0x000000008ab00000|  0%| F|  |TAMS 0x000000008aa00000, 0x000000008aa00000| Untracked 
| 171|0x000000008ab00000, 0x000000008ab00000, 0x000000008ac00000|  0%| F|  |TAMS 0x000000008ab00000, 0x000000008ab00000| Untracked 
| 172|0x000000008ac00000, 0x000000008ac00000, 0x000000008ad00000|  0%| F|  |TAMS 0x000000008ac00000, 0x000000008ac00000| Untracked 
| 173|0x000000008ad00000, 0x000000008ad00000, 0x000000008ae00000|  0%| F|  |TAMS 0x000000008ad00000, 0x000000008ad00000| Untracked 
| 174|0x000000008ae00000, 0x000000008ae00000, 0x000000008af00000|  0%| F|  |TAMS 0x000000008ae00000, 0x000000008ae00000| Untracked 
| 175|0x000000008af00000, 0x000000008af00000, 0x000000008b000000|  0%| F|  |TAMS 0x000000008af00000, 0x000000008af00000| Untracked 
| 176|0x000000008b000000, 0x000000008b000000, 0x000000008b100000|  0%| F|  |TAMS 0x000000008b000000, 0x000000008b000000| Untracked 
| 177|0x000000008b100000, 0x000000008b100000, 0x000000008b200000|  0%| F|  |TAMS 0x000000008b100000, 0x000000008b100000| Untracked 
| 178|0x000000008b200000, 0x000000008b200000, 0x000000008b300000|  0%| F|  |TAMS 0x000000008b200000, 0x000000008b200000| Untracked 
| 179|0x000000008b300000, 0x000000008b300000, 0x000000008b400000|  0%| F|  |TAMS 0x000000008b300000, 0x000000008b300000| Untracked 
| 180|0x000000008b400000, 0x000000008b400000, 0x000000008b500000|  0%| F|  |TAMS 0x000000008b400000, 0x000000008b400000| Untracked 
| 181|0x000000008b500000, 0x000000008b500000, 0x000000008b600000|  0%| F|  |TAMS 0x000000008b500000, 0x000000008b500000| Untracked 
| 182|0x000000008b600000, 0x000000008b600000, 0x000000008b700000|  0%| F|  |TAMS 0x000000008b600000, 0x000000008b600000| Untracked 
| 183|0x000000008b700000, 0x000000008b700000, 0x000000008b800000|  0%| F|  |TAMS 0x000000008b700000, 0x000000008b700000| Untracked 
| 184|0x000000008b800000, 0x000000008b800000, 0x000000008b900000|  0%| F|  |TAMS 0x000000008b800000, 0x000000008b800000| Untracked 
| 185|0x000000008b900000, 0x000000008b900000, 0x000000008ba00000|  0%| F|  |TAMS 0x000000008b900000, 0x000000008b900000| Untracked 
| 186|0x000000008ba00000, 0x000000008ba00000, 0x000000008bb00000|  0%| F|  |TAMS 0x000000008ba00000, 0x000000008ba00000| Untracked 
| 187|0x000000008bb00000, 0x000000008bb00000, 0x000000008bc00000|  0%| F|  |TAMS 0x000000008bb00000, 0x000000008bb00000| Untracked 
| 188|0x000000008bc00000, 0x000000008bc00000, 0x000000008bd00000|  0%| F|  |TAMS 0x000000008bc00000, 0x000000008bc00000| Untracked 
| 189|0x000000008bd00000, 0x000000008bd00000, 0x000000008be00000|  0%| F|  |TAMS 0x000000008bd00000, 0x000000008bd00000| Untracked 
| 190|0x000000008be00000, 0x000000008be00000, 0x000000008bf00000|  0%| F|  |TAMS 0x000000008be00000, 0x000000008be00000| Untracked 
| 191|0x000000008bf00000, 0x000000008bf00000, 0x000000008c000000|  0%| F|  |TAMS 0x000000008bf00000, 0x000000008bf00000| Untracked 
| 192|0x000000008c000000, 0x000000008c000000, 0x000000008c100000|  0%| F|  |TAMS 0x000000008c000000, 0x000000008c000000| Untracked 
| 193|0x000000008c100000, 0x000000008c100000, 0x000000008c200000|  0%| F|  |TAMS 0x000000008c100000, 0x000000008c100000| Untracked 
| 194|0x000000008c200000, 0x000000008c200000, 0x000000008c300000|  0%| F|  |TAMS 0x000000008c200000, 0x000000008c200000| Untracked 
| 195|0x000000008c300000, 0x000000008c300000, 0x000000008c400000|  0%| F|  |TAMS 0x000000008c300000, 0x000000008c300000| Untracked 
| 196|0x000000008c400000, 0x000000008c400000, 0x000000008c500000|  0%| F|  |TAMS 0x000000008c400000, 0x000000008c400000| Untracked 
| 197|0x000000008c500000, 0x000000008c500000, 0x000000008c600000|  0%| F|  |TAMS 0x000000008c500000, 0x000000008c500000| Untracked 
| 198|0x000000008c600000, 0x000000008c600000, 0x000000008c700000|  0%| F|  |TAMS 0x000000008c600000, 0x000000008c600000| Untracked 
| 199|0x000000008c700000, 0x000000008c700000, 0x000000008c800000|  0%| F|  |TAMS 0x000000008c700000, 0x000000008c700000| Untracked 
| 200|0x000000008c800000, 0x000000008c800000, 0x000000008c900000|  0%| F|  |TAMS 0x000000008c800000, 0x000000008c800000| Untracked 
| 201|0x000000008c900000, 0x000000008c900000, 0x000000008ca00000|  0%| F|  |TAMS 0x000000008c900000, 0x000000008c900000| Untracked 
| 202|0x000000008ca00000, 0x000000008ca00000, 0x000000008cb00000|  0%| F|  |TAMS 0x000000008ca00000, 0x000000008ca00000| Untracked 
| 203|0x000000008cb00000, 0x000000008cb00000, 0x000000008cc00000|  0%| F|  |TAMS 0x000000008cb00000, 0x000000008cb00000| Untracked 
| 204|0x000000008cc00000, 0x000000008cc00000, 0x000000008cd00000|  0%| F|  |TAMS 0x000000008cc00000, 0x000000008cc00000| Untracked 
| 205|0x000000008cd00000, 0x000000008cd00000, 0x000000008ce00000|  0%| F|  |TAMS 0x000000008cd00000, 0x000000008cd00000| Untracked 
| 206|0x000000008ce00000, 0x000000008ce00000, 0x000000008cf00000|  0%| F|  |TAMS 0x000000008ce00000, 0x000000008ce00000| Untracked 
| 207|0x000000008cf00000, 0x000000008cf00000, 0x000000008d000000|  0%| F|  |TAMS 0x000000008cf00000, 0x000000008cf00000| Untracked 
| 208|0x000000008d000000, 0x000000008d000000, 0x000000008d100000|  0%| F|  |TAMS 0x000000008d000000, 0x000000008d000000| Untracked 
| 209|0x000000008d100000, 0x000000008d100000, 0x000000008d200000|  0%| F|  |TAMS 0x000000008d100000, 0x000000008d100000| Untracked 
| 210|0x000000008d200000, 0x000000008d200000, 0x000000008d300000|  0%| F|  |TAMS 0x000000008d200000, 0x000000008d200000| Untracked 
| 211|0x000000008d300000, 0x000000008d300000, 0x000000008d400000|  0%| F|  |TAMS 0x000000008d300000, 0x000000008d300000| Untracked 
| 212|0x000000008d400000, 0x000000008d43d5b0, 0x000000008d500000| 23%| E|  |TAMS 0x000000008d400000, 0x000000008d400000| Complete 
| 213|0x000000008d500000, 0x000000008d600000, 0x000000008d600000|100%| E|CS|TAMS 0x000000008d500000, 0x000000008d500000| Complete 
| 214|0x000000008d600000, 0x000000008d700000, 0x000000008d700000|100%| E|CS|TAMS 0x000000008d600000, 0x000000008d600000| Complete 

Card table byte_map: [0x000001d5d8550000,0x000001d5d8950000] _byte_map_base: 0x000001d5d8150000

Marking Bits (Prev, Next): (CMBitMap*) 0x000001d5c566e0f0, (CMBitMap*) 0x000001d5c566e0b8
 Prev Bits: [0x000001d5dad50000, 0x000001d5dcd50000)
 Next Bits: [0x000001d5d8d50000, 0x000001d5dad50000)

Polling page: 0x000001d5c35c0000

Metaspace:

Usage:
  Non-class:     79.63 MB capacity,    78.24 MB ( 98%) used,     1.14 MB (  1%) free+waste,   262.13 KB ( <1%) overhead. 
      Class:     12.18 MB capacity,    11.37 MB ( 93%) used,   711.13 KB (  6%) free+waste,   116.94 KB ( <1%) overhead. 
       Both:     91.81 MB capacity,    89.61 MB ( 98%) used,     1.83 MB (  2%) free+waste,   379.06 KB ( <1%) overhead. 

Virtual space:
  Non-class space:       80.00 MB reserved,      79.64 MB (>99%) committed 
      Class space:        1.00 GB reserved,      12.20 MB (  1%) committed 
             Both:        1.08 GB reserved,      91.84 MB (  8%) committed 

Chunk freelists:
   Non-Class:  6.00 KB
       Class:  11.00 KB
        Both:  17.00 KB

MaxMetaspaceSize: 17179869184.00 GB
CompressedClassSpaceSize: 1.00 GB
Initial GC threshold: 20.80 MB
Current GC threshold: 99.11 MB
CDS: off

CodeHeap 'non-profiled nmethods': size=120064Kb used=6621Kb max_used=6621Kb free=113442Kb
 bounds [0x000001d5d0c10000, 0x000001d5d1290000, 0x000001d5d8150000]
CodeHeap 'profiled nmethods': size=120000Kb used=24619Kb max_used=24619Kb free=95380Kb
 bounds [0x000001d5c96e0000, 0x000001d5caef0000, 0x000001d5d0c10000]
CodeHeap 'non-nmethods': size=5696Kb used=2391Kb max_used=2442Kb free=3304Kb
 bounds [0x000001d5c9150000, 0x000001d5c93c0000, 0x000001d5c96e0000]
 total_blobs=12186 nmethods=11285 adapters=810
 compilation: enabled
              stopped_count=0, restarted_count=0
 full_count=0

Compilation events (20 events):
Event: 11.571 Thread 0x000001d5df25f000 11350       3       org.gradle.execution.plan.DefaultPlanExecutor$ExecutorWorker$$Lambda$791/0x0000000100ad3040::transform (24 bytes)
Event: 11.571 Thread 0x000001d5df25f000 nmethod 11350 0x000001d5caed6710 code [0x000001d5caed68e0, 0x000001d5caed6b28]
Event: 11.571 Thread 0x000001d5df25f000 11351   !   3       org.gradle.execution.plan.DefaultPlanExecutor$ExecutorWorker::lambda$executeNextNode$2 (135 bytes)
Event: 11.572 Thread 0x000001d5df25f000 nmethod 11351 0x000001d5caed6c10 code [0x000001d5caed6ee0, 0x000001d5caed8018]
Event: 11.572 Thread 0x000001d5df25f000 11354       3       org.gradle.execution.plan.DefaultExecutionPlan::allProjectsLocked (61 bytes)
Event: 11.572 Thread 0x000001d5df25f000 nmethod 11354 0x000001d5caed8690 code [0x000001d5caed8900, 0x000001d5caed9308]
Event: 11.572 Thread 0x000001d5df25f000 11353       3       org.gradle.execution.plan.DefaultExecutionPlan::selectNext (282 bytes)
Event: 11.575 Thread 0x000001d5df25f000 nmethod 11353 0x000001d5caed9610 code [0x000001d5caed9c00, 0x000001d5caedd288]
Event: 11.575 Thread 0x000001d5df25f000 11352       3       org.gradle.execution.plan.DefaultExecutionPlan::hasNodesRemaining (59 bytes)
Event: 11.575 Thread 0x000001d5df25f000 nmethod 11352 0x000001d5caede390 code [0x000001d5caede5c0, 0x000001d5caedecc8]
Event: 11.575 Thread 0x000001d5df25f000 11355       3       org.gradle.internal.execution.steps.SkipUpToDateStep$$Lambda$883/0x0000000100b2ec40::<init> (26 bytes)
Event: 11.575 Thread 0x000001d5df25f000 nmethod 11355 0x000001d5caedee90 code [0x000001d5caedf060, 0x000001d5caedf338]
Event: 11.577 Thread 0x000001d5df25f000 11356       3       org.gradle.internal.execution.steps.ResolveCachingStateStep$2::getAfterExecutionState (10 bytes)
Event: 11.577 Thread 0x000001d5df25f000 nmethod 11356 0x000001d5caedf410 code [0x000001d5caedf5c0, 0x000001d5caedf788]
Event: 11.577 Thread 0x000001d5df25f000 11357       3       kotlin.reflect.jvm.internal.pcollections.HashPMap::getEntries (22 bytes)
Event: 11.578 Thread 0x000001d5df25f000 nmethod 11357 0x000001d5caedf890 code [0x000001d5caedfa60, 0x000001d5caedfda8]
Event: 11.578 Thread 0x000001d5df25f000 11358       3       kotlin.reflect.jvm.internal.pcollections.IntTreePMap::get (10 bytes)
Event: 11.578 Thread 0x000001d5df25f000 nmethod 11358 0x000001d5caedff10 code [0x000001d5caee00c0, 0x000001d5caee0208]
Event: 11.580 Thread 0x000001d5df25f000 11359       3       org.gradle.internal.execution.steps.SkipUpToDateStep::skipExecution (81 bytes)
Event: 11.581 Thread 0x000001d5df25f000 nmethod 11359 0x000001d5caee0310 code [0x000001d5caee0640, 0x000001d5caee1c68]

GC Heap History (20 events):
Event: 2.926 GC heap after
{Heap after GC invocations=8 (full 0):
 garbage-first heap   total 152576K, used 22780K [0x0000000080000000, 0x0000000100000000)
  region size 1024K, 7 young (7168K), 7 survivors (7168K)
 Metaspace       used 35190K, capacity 35978K, committed 36048K, reserved 1081344K
  class space    used 4531K, capacity 4840K, committed 4864K, reserved 1048576K
}
Event: 3.518 GC heap before
{Heap before GC invocations=9 (full 0):
 garbage-first heap   total 152576K, used 92412K [0x0000000080000000, 0x0000000100000000)
  region size 1024K, 73 young (74752K), 7 survivors (7168K)
 Metaspace       used 40403K, capacity 41292K, committed 41628K, reserved 1085440K
  class space    used 5106K, capacity 5453K, committed 5580K, reserved 1048576K
}
Event: 3.528 GC heap after
{Heap after GC invocations=10 (full 0):
 garbage-first heap   total 152576K, used 28413K [0x0000000080000000, 0x0000000100000000)
  region size 1024K, 10 young (10240K), 10 survivors (10240K)
 Metaspace       used 40403K, capacity 41292K, committed 41628K, reserved 1085440K
  class space    used 5106K, capacity 5453K, committed 5580K, reserved 1048576K
}
Event: 4.093 GC heap before
{Heap before GC invocations=10 (full 0):
 garbage-first heap   total 152576K, used 97021K [0x0000000080000000, 0x0000000100000000)
  region size 1024K, 77 young (78848K), 10 survivors (10240K)
 Metaspace       used 46373K, capacity 47506K, committed 47772K, reserved 1091584K
  class space    used 5888K, capacity 6301K, committed 6348K, reserved 1048576K
}
Event: 4.104 GC heap after
{Heap after GC invocations=11 (full 0):
 garbage-first heap   total 152576K, used 29801K [0x0000000080000000, 0x0000000100000000)
  region size 1024K, 8 young (8192K), 8 survivors (8192K)
 Metaspace       used 46373K, capacity 47506K, committed 47772K, reserved 1091584K
  class space    used 5888K, capacity 6301K, committed 6348K, reserved 1048576K
}
Event: 4.826 GC heap before
{Heap before GC invocations=11 (full 0):
 garbage-first heap   total 152576K, used 110697K [0x0000000080000000, 0x0000000100000000)
  region size 1024K, 83 young (84992K), 8 survivors (8192K)
 Metaspace       used 50872K, capacity 52171K, committed 52252K, reserved 1095680K
  class space    used 6429K, capacity 6929K, committed 6988K, reserved 1048576K
}
Event: 4.836 GC heap after
{Heap after GC invocations=12 (full 0):
 garbage-first heap   total 183296K, used 41747K [0x0000000080000000, 0x0000000100000000)
  region size 1024K, 11 young (11264K), 11 survivors (11264K)
 Metaspace       used 50872K, capacity 52171K, committed 52252K, reserved 1095680K
  class space    used 6429K, capacity 6929K, committed 6988K, reserved 1048576K
}
Event: 5.457 GC heap before
{Heap before GC invocations=12 (full 0):
 garbage-first heap   total 183296K, used 97043K [0x0000000080000000, 0x0000000100000000)
  region size 1024K, 66 young (67584K), 11 survivors (11264K)
 Metaspace       used 59165K, capacity 60516K, committed 60636K, reserved 1101824K
  class space    used 7411K, capacity 7935K, committed 8012K, reserved 1048576K
}
Event: 5.473 GC heap after
{Heap after GC invocations=13 (full 0):
 garbage-first heap   total 183296K, used 43674K [0x0000000080000000, 0x0000000100000000)
  region size 1024K, 3 young (3072K), 3 survivors (3072K)
 Metaspace       used 59165K, capacity 60516K, committed 60636K, reserved 1101824K
  class space    used 7411K, capacity 7935K, committed 8012K, reserved 1048576K
}
Event: 6.452 GC heap before
{Heap before GC invocations=14 (full 0):
 garbage-first heap   total 183296K, used 148122K [0x0000000080000000, 0x0000000100000000)
  region size 1024K, 98 young (100352K), 3 survivors (3072K)
 Metaspace       used 66219K, capacity 67698K, committed 67932K, reserved 1107968K
  class space    used 8328K, capacity 8862K, committed 8908K, reserved 1048576K
}
Event: 6.464 GC heap after
{Heap after GC invocations=15 (full 0):
 garbage-first heap   total 183296K, used 51141K [0x0000000080000000, 0x0000000100000000)
  region size 1024K, 10 young (10240K), 10 survivors (10240K)
 Metaspace       used 66219K, capacity 67698K, committed 67932K, reserved 1107968K
  class space    used 8328K, capacity 8862K, committed 8908K, reserved 1048576K
}
Event: 7.199 GC heap before
{Heap before GC invocations=15 (full 0):
 garbage-first heap   total 183296K, used 137157K [0x0000000080000000, 0x0000000100000000)
  region size 1024K, 94 young (96256K), 10 survivors (10240K)
 Metaspace       used 72811K, capacity 74474K, committed 74716K, reserved 1114112K
  class space    used 9346K, capacity 9979K, committed 10060K, reserved 1048576K
}
Event: 7.213 GC heap after
{Heap after GC invocations=16 (full 0):
 garbage-first heap   total 183296K, used 56787K [0x0000000080000000, 0x0000000100000000)
  region size 1024K, 6 young (6144K), 6 survivors (6144K)
 Metaspace       used 72811K, capacity 74474K, committed 74716K, reserved 1114112K
  class space    used 9346K, capacity 9979K, committed 10060K, reserved 1048576K
}
Event: 8.148 GC heap before
{Heap before GC invocations=16 (full 0):
 garbage-first heap   total 183296K, used 140755K [0x0000000080000000, 0x0000000100000000)
  region size 1024K, 88 young (90112K), 6 survivors (6144K)
 Metaspace       used 80872K, capacity 82667K, committed 82780K, reserved 1120256K
  class space    used 10437K, capacity 11106K, committed 11212K, reserved 1048576K
}
Event: 8.160 GC heap after
{Heap after GC invocations=17 (full 0):
 garbage-first heap   total 220160K, used 61970K [0x0000000080000000, 0x0000000100000000)
  region size 1024K, 11 young (11264K), 11 survivors (11264K)
 Metaspace       used 80872K, capacity 82667K, committed 82780K, reserved 1120256K
  class space    used 10437K, capacity 11106K, committed 11212K, reserved 1048576K
}
Event: 9.578 GC heap before
{Heap before GC invocations=17 (full 0):
 garbage-first heap   total 220160K, used 163346K [0x0000000080000000, 0x0000000100000000)
  region size 1024K, 109 young (111616K), 11 survivors (11264K)
 Metaspace       used 86010K, capacity 88180K, committed 88412K, reserved 1126400K
  class space    used 11070K, capacity 11891K, committed 11980K, reserved 1048576K
}
Event: 9.598 GC heap after
{Heap after GC invocations=18 (full 0):
 garbage-first heap   total 220160K, used 75412K [0x0000000080000000, 0x0000000100000000)
  region size 1024K, 14 young (14336K), 14 survivors (14336K)
 Metaspace       used 86010K, capacity 88180K, committed 88412K, reserved 1126400K
  class space    used 11070K, capacity 11891K, committed 11980K, reserved 1048576K
}
Event: 10.674 GC heap before
{Heap before GC invocations=18 (full 0):
 garbage-first heap   total 220160K, used 180884K [0x0000000080000000, 0x0000000100000000)
  region size 1024K, 103 young (105472K), 14 survivors (14336K)
 Metaspace       used 89605K, capacity 91698K, committed 91868K, reserved 1128448K
  class space    used 11423K, capacity 12228K, committed 12364K, reserved 1048576K
}
Event: 10.694 GC heap after
{Heap after GC invocations=19 (full 0):
 garbage-first heap   total 220160K, used 87949K [0x0000000080000000, 0x0000000100000000)
  region size 1024K, 13 young (13312K), 13 survivors (13312K)
 Metaspace       used 89605K, capacity 91698K, committed 91868K, reserved 1128448K
  class space    used 11423K, capacity 12228K, committed 12364K, reserved 1048576K
}
Event: 11.583 GC heap before
{Heap before GC invocations=19 (full 0):
 garbage-first heap   total 220160K, used 169869K [0x0000000080000000, 0x0000000100000000)
  region size 1024K, 94 young (96256K), 13 survivors (13312K)
 Metaspace       used 91695K, capacity 93948K, committed 94044K, reserved 1130496K
  class space    used 11635K, capacity 12469K, committed 12492K, reserved 1048576K
}

Deoptimization events (20 events):
Event: 11.397 Thread 0x000001d5e53f7800 Uncommon trap: trap_request=0xffffffd6 fr.pc=0x000001d5d1278984 relative=0x0000000000000344
Event: 11.397 Thread 0x000001d5e53f7800 Uncommon trap: reason=array_check action=maybe_recompile pc=0x000001d5d1278984 method=java.util.AbstractCollection.toArray([Ljava/lang/Object;)[Ljava/lang/Object; @ 116 c2
Event: 11.397 Thread 0x000001d5e53f7800 DEOPT PACKING pc=0x000001d5d1278984 sp=0x000000a22dbfd2f0
Event: 11.397 Thread 0x000001d5e53f7800 DEOPT UNPACKING pc=0x000001d5c91585af sp=0x000000a22dbfd2a0 mode 2
Event: 11.409 Thread 0x000001d5e53f7800 Uncommon trap: trap_request=0xffffffd6 fr.pc=0x000001d5d1278984 relative=0x0000000000000344
Event: 11.409 Thread 0x000001d5e53f7800 Uncommon trap: reason=array_check action=maybe_recompile pc=0x000001d5d1278984 method=java.util.AbstractCollection.toArray([Ljava/lang/Object;)[Ljava/lang/Object; @ 116 c2
Event: 11.409 Thread 0x000001d5e53f7800 DEOPT PACKING pc=0x000001d5d1278984 sp=0x000000a22dbfb6b0
Event: 11.409 Thread 0x000001d5e53f7800 DEOPT UNPACKING pc=0x000001d5c91585af sp=0x000000a22dbfb650 mode 2
Event: 11.409 Thread 0x000001d5e53f7800 Uncommon trap: trap_request=0xffffffd6 fr.pc=0x000001d5d1278984 relative=0x0000000000000344
Event: 11.409 Thread 0x000001d5e53f7800 Uncommon trap: reason=array_check action=maybe_recompile pc=0x000001d5d1278984 method=java.util.AbstractCollection.toArray([Ljava/lang/Object;)[Ljava/lang/Object; @ 116 c2
Event: 11.409 Thread 0x000001d5e53f7800 DEOPT PACKING pc=0x000001d5d1278984 sp=0x000000a22dbfb6b0
Event: 11.409 Thread 0x000001d5e53f7800 DEOPT UNPACKING pc=0x000001d5c91585af sp=0x000000a22dbfb650 mode 2
Event: 11.416 Thread 0x000001d5e53f7800 Uncommon trap: trap_request=0xffffffbe fr.pc=0x000001d5d1272490 relative=0x0000000000000db0
Event: 11.416 Thread 0x000001d5e53f7800 Uncommon trap: reason=profile_predicate action=maybe_recompile pc=0x000001d5d1272490 method=org.objectweb.asm.ByteVector.encodeUtf8(Ljava/lang/String;II)Lorg/objectweb/asm/ByteVector; @ 16 c2
Event: 11.416 Thread 0x000001d5e53f7800 DEOPT PACKING pc=0x000001d5d1272490 sp=0x000000a22dbfa840
Event: 11.416 Thread 0x000001d5e53f7800 DEOPT UNPACKING pc=0x000001d5c91585af sp=0x000000a22dbfa7e8 mode 2
Event: 11.518 Thread 0x000001d5e53f7000 Uncommon trap: trap_request=0xffffff4d fr.pc=0x000001d5d10b096c relative=0x0000000000000a6c
Event: 11.518 Thread 0x000001d5e53f7000 Uncommon trap: reason=unstable_if action=reinterpret pc=0x000001d5d10b096c method=java.util.jar.JarFile.getVersionedEntry(Ljava/lang/String;Ljava/util/jar/JarEntry;)Ljava/util/jar/JarEntry; @ 7 c2
Event: 11.518 Thread 0x000001d5e53f7000 DEOPT PACKING pc=0x000001d5d10b096c sp=0x000000a22dffa1d0
Event: 11.518 Thread 0x000001d5e53f7000 DEOPT UNPACKING pc=0x000001d5c91585af sp=0x000000a22dffa1b0 mode 2

Classes redefined (0 events):
No events

Internal exceptions (20 events):
Event: 10.358 Thread 0x000001d5e53ef800 Exception <a 'sun/nio/fs/WindowsException'{0x00000000897334d8}> (0x00000000897334d8) thrown at [./src/hotspot/share/prims/jni.cpp, line 616]
Event: 10.364 Thread 0x000001d5e53ef800 Exception <a 'sun/nio/fs/WindowsException'{0x0000000089734510}> (0x0000000089734510) thrown at [./src/hotspot/share/prims/jni.cpp, line 616]
Event: 10.366 Thread 0x000001d5e53ef800 Exception <a 'sun/nio/fs/WindowsException'{0x0000000089735530}> (0x0000000089735530) thrown at [./src/hotspot/share/prims/jni.cpp, line 616]
Event: 10.368 Thread 0x000001d5e53ef800 Exception <a 'sun/nio/fs/WindowsException'{0x0000000089736548}> (0x0000000089736548) thrown at [./src/hotspot/share/prims/jni.cpp, line 616]
Event: 10.371 Thread 0x000001d5e53ef800 Exception <a 'sun/nio/fs/WindowsException'{0x0000000089737518}> (0x0000000089737518) thrown at [./src/hotspot/share/prims/jni.cpp, line 616]
Event: 10.373 Thread 0x000001d5e53ef800 Exception <a 'sun/nio/fs/WindowsException'{0x00000000897384e8}> (0x00000000897384e8) thrown at [./src/hotspot/share/prims/jni.cpp, line 616]
Event: 10.375 Thread 0x000001d5e53ef800 Exception <a 'sun/nio/fs/WindowsException'{0x00000000897394e0}> (0x00000000897394e0) thrown at [./src/hotspot/share/prims/jni.cpp, line 616]
Event: 10.377 Thread 0x000001d5e53ef800 Exception <a 'sun/nio/fs/WindowsException'{0x000000008973a508}> (0x000000008973a508) thrown at [./src/hotspot/share/prims/jni.cpp, line 616]
Event: 10.379 Thread 0x000001d5e53ef800 Exception <a 'sun/nio/fs/WindowsException'{0x000000008973c750}> (0x000000008973c750) thrown at [./src/hotspot/share/prims/jni.cpp, line 616]
Event: 10.380 Thread 0x000001d5e53ef800 Exception <a 'sun/nio/fs/WindowsException'{0x000000008973d720}> (0x000000008973d720) thrown at [./src/hotspot/share/prims/jni.cpp, line 616]
Event: 10.382 Thread 0x000001d5e53ef800 Exception <a 'sun/nio/fs/WindowsException'{0x000000008973e700}> (0x000000008973e700) thrown at [./src/hotspot/share/prims/jni.cpp, line 616]
Event: 10.394 Thread 0x000001d5e53f6000 Exception <a 'java/lang/NoSuchMethodError'{0x000000008911b9d8}: 'java.lang.Object java.lang.invoke.DirectMethodHandle$Holder.newInvokeSpecial(java.lang.Object, java.lang.Object, java.lang.Object, java.lang.Object)'> (0x000000008911b9d8) thrown at [./src/hotspot/share/interpreter/linkResolver.cpp, line 773]
Event: 10.953 Thread 0x000001d5e53f6000 Exception <a 'java/lang/NoSuchMethodError'{0x000000008c77b020}: <clinit>> (0x000000008c77b020) thrown at [./src/hotspot/share/prims/jni.cpp, line 1366]
Event: 10.954 Thread 0x000001d5e53f6000 Exception <a 'java/lang/NoSuchMethodError'{0x000000008c77c610}: <clinit>> (0x000000008c77c610) thrown at [./src/hotspot/share/prims/jni.cpp, line 1366]
Event: 10.954 Thread 0x000001d5e53f6000 Exception <a 'java/lang/NoSuchMethodError'{0x000000008c77f210}: <clinit>> (0x000000008c77f210) thrown at [./src/hotspot/share/prims/jni.cpp, line 1366]
Event: 10.955 Thread 0x000001d5e53f6000 Exception <a 'java/lang/NoSuchMethodError'{0x000000008c796cd0}: <clinit>> (0x000000008c796cd0) thrown at [./src/hotspot/share/prims/jni.cpp, line 1366]
Event: 10.955 Thread 0x000001d5e53f6000 Exception <a 'java/lang/NoSuchMethodError'{0x000000008c797f08}: <clinit>> (0x000000008c797f08) thrown at [./src/hotspot/share/prims/jni.cpp, line 1366]
Event: 11.223 Thread 0x000001d5e53f6000 Exception <a 'java/lang/NoSuchMethodError'{0x000000008ae26620}: <clinit>> (0x000000008ae26620) thrown at [./src/hotspot/share/prims/jni.cpp, line 1366]
Event: 11.226 Thread 0x000001d5e53f6000 Exception <a 'java/lang/NoSuchMethodError'{0x000000008ae572c0}: <clinit>> (0x000000008ae572c0) thrown at [./src/hotspot/share/prims/jni.cpp, line 1366]
Event: 11.226 Thread 0x000001d5e53f6000 Exception <a 'java/lang/NoSuchMethodError'{0x000000008ae69a38}: <clinit>> (0x000000008ae69a38) thrown at [./src/hotspot/share/prims/jni.cpp, line 1366]

Events (20 events):
Event: 11.579 loading class kotlin/reflect/jvm/internal/impl/builtins/jvm/JvmBuiltInsCustomizer$createMockJavaIoSerializableType$mockJavaIoPackageFragment$1 done
Event: 11.579 loading class kotlin/reflect/jvm/internal/impl/descriptors/impl/PackageFragmentDescriptorImpl
Event: 11.579 loading class kotlin/reflect/jvm/internal/impl/descriptors/impl/PackageFragmentDescriptorImpl done
Event: 11.579 loading class kotlin/reflect/jvm/internal/impl/descriptors/PackageFragmentDescriptor
Event: 11.579 loading class kotlin/reflect/jvm/internal/impl/descriptors/PackageFragmentDescriptor done
Event: 11.579 loading class kotlin/reflect/jvm/internal/impl/descriptors/ClassOrPackageFragmentDescriptor
Event: 11.579 loading class kotlin/reflect/jvm/internal/impl/descriptors/ClassOrPackageFragmentDescriptor done
Event: 11.580 loading class kotlin/reflect/jvm/internal/impl/descriptors/impl/DeclarationDescriptorNonRootImpl
Event: 11.580 loading class kotlin/reflect/jvm/internal/impl/descriptors/impl/DeclarationDescriptorNonRootImpl done
Event: 11.581 loading class kotlin/reflect/jvm/internal/impl/descriptors/SourceElement
Event: 11.581 loading class kotlin/reflect/jvm/internal/impl/descriptors/SourceElement done
Event: 11.581 loading class kotlin/reflect/jvm/internal/impl/descriptors/SourceElement$1
Event: 11.581 loading class kotlin/reflect/jvm/internal/impl/descriptors/SourceElement$1 done
Event: 11.582 loading class kotlin/reflect/jvm/internal/impl/renderer/DescriptorRenderer
Event: 11.582 loading class kotlin/reflect/jvm/internal/impl/renderer/DescriptorRenderer done
Event: 11.582 loading class kotlin/reflect/jvm/internal/impl/renderer/DescriptorRenderer$Companion
Event: 11.582 loading class kotlin/reflect/jvm/internal/impl/renderer/DescriptorRenderer$Companion done
Event: 11.583 loading class kotlin/reflect/jvm/internal/impl/renderer/DescriptorRenderer$Companion$COMPACT_WITH_MODIFIERS$1
Event: 11.583 loading class kotlin/reflect/jvm/internal/impl/renderer/DescriptorRenderer$Companion$COMPACT_WITH_MODIFIERS$1 done
Event: 11.583 Executing VM operation: G1CollectForAllocation


Dynamic libraries:
0x00007ff64a880000 - 0x00007ff64a88a000 	C:\Program Files\Android\Android Studio\jre\bin\java.exe
0x00007ffc45740000 - 0x00007ffc45949000 	C:\WINDOWS\SYSTEM32\ntdll.dll
0x00007ffc44a00000 - 0x00007ffc44abd000 	C:\WINDOWS\System32\KERNEL32.DLL
0x00007ffc431e0000 - 0x00007ffc4355c000 	C:\WINDOWS\System32\KERNELBASE.dll
0x00007ffc42c20000 - 0x00007ffc42d31000 	C:\WINDOWS\System32\ucrtbase.dll
0x00007ffc3c000000 - 0x00007ffc3c017000 	C:\Program Files\Android\Android Studio\jre\bin\VCRUNTIME140.dll
0x00007ffc2bcc0000 - 0x00007ffc2bcd9000 	C:\Program Files\Android\Android Studio\jre\bin\jli.dll
0x00007ffc44c90000 - 0x00007ffc44e3d000 	C:\WINDOWS\System32\USER32.dll
0x00007ffc2ac00000 - 0x00007ffc2aea5000 	C:\WINDOWS\WinSxS\amd64_microsoft.windows.common-controls_6595b64144ccf1df_6.0.22000.120_none_9d947278b86cc467\COMCTL32.dll
0x00007ffc45140000 - 0x00007ffc451e3000 	C:\WINDOWS\System32\msvcrt.dll
0x00007ffc45110000 - 0x00007ffc45139000 	C:\WINDOWS\System32\GDI32.dll
0x00007ffc42d40000 - 0x00007ffc42d66000 	C:\WINDOWS\System32\win32u.dll
0x00007ffc42d70000 - 0x00007ffc42e89000 	C:\WINDOWS\System32\gdi32full.dll
0x00007ffc430c0000 - 0x00007ffc4315d000 	C:\WINDOWS\System32\msvcp_win.dll
0x00007ffc43a20000 - 0x00007ffc43a51000 	C:\WINDOWS\System32\IMM32.DLL
0x00007ffc2b950000 - 0x00007ffc2b9ed000 	C:\Program Files\Android\Android Studio\jre\bin\msvcp140.dll
0x00007ffbe8620000 - 0x00007ffbe9122000 	C:\Program Files\Android\Android Studio\jre\bin\server\jvm.dll
0x00007ffc44ac0000 - 0x00007ffc44b6e000 	C:\WINDOWS\System32\ADVAPI32.dll
0x00007ffc44e40000 - 0x00007ffc44ede000 	C:\WINDOWS\System32\sechost.dll
0x00007ffc43630000 - 0x00007ffc43750000 	C:\WINDOWS\System32\RPCRT4.dll
0x00007ffc45050000 - 0x00007ffc45058000 	C:\WINDOWS\System32\PSAPI.DLL
0x00007ffc3f370000 - 0x00007ffc3f379000 	C:\WINDOWS\SYSTEM32\WSOCK32.dll
0x00007ffc437b0000 - 0x00007ffc4381f000 	C:\WINDOWS\System32\WS2_32.dll
0x00007ffc38b50000 - 0x00007ffc38b83000 	C:\WINDOWS\SYSTEM32\WINMM.dll
0x00007ffc35580000 - 0x00007ffc3558a000 	C:\WINDOWS\SYSTEM32\VERSION.dll
0x00007ffc41cd0000 - 0x00007ffc41ce8000 	C:\WINDOWS\SYSTEM32\kernel.appcore.dll
0x00007ffc3bf10000 - 0x00007ffc3bf21000 	C:\Program Files\Android\Android Studio\jre\bin\verify.dll
0x00007ffc40700000 - 0x00007ffc40921000 	C:\WINDOWS\SYSTEM32\DBGHELP.DLL
0x00007ffc35590000 - 0x00007ffc355c1000 	C:\WINDOWS\SYSTEM32\dbgcore.DLL
0x00007ffc43160000 - 0x00007ffc431df000 	C:\WINDOWS\System32\bcryptPrimitives.dll
0x00007ffc3bee0000 - 0x00007ffc3bf09000 	C:\Program Files\Android\Android Studio\jre\bin\java.dll
0x00007ffc3bff0000 - 0x00007ffc3bffb000 	C:\Program Files\Android\Android Studio\jre\bin\jimage.dll
0x00007ffc351e0000 - 0x00007ffc351f8000 	C:\Program Files\Android\Android Studio\jre\bin\zip.dll
0x00007ffc44240000 - 0x00007ffc449f8000 	C:\WINDOWS\System32\SHELL32.dll
0x00007ffc40d40000 - 0x00007ffc415a8000 	C:\WINDOWS\SYSTEM32\windows.storage.dll
0x00007ffc45380000 - 0x00007ffc456f9000 	C:\WINDOWS\System32\combase.dll
0x00007ffc40bd0000 - 0x00007ffc40d36000 	C:\WINDOWS\SYSTEM32\wintypes.dll
0x00007ffc43f60000 - 0x00007ffc4404a000 	C:\WINDOWS\System32\SHCORE.dll
0x00007ffc435d0000 - 0x00007ffc4362d000 	C:\WINDOWS\System32\shlwapi.dll
0x00007ffc42b50000 - 0x00007ffc42b71000 	C:\WINDOWS\SYSTEM32\profapi.dll
0x00007ffc34540000 - 0x00007ffc3455a000 	C:\Program Files\Android\Android Studio\jre\bin\net.dll
0x00007ffc38e80000 - 0x00007ffc38f8c000 	C:\WINDOWS\SYSTEM32\WINHTTP.dll
0x00007ffc420f0000 - 0x00007ffc42157000 	C:\WINDOWS\system32\mswsock.dll
0x00007ffc33360000 - 0x00007ffc33374000 	C:\Program Files\Android\Android Studio\jre\bin\nio.dll
0x00007ffc2b9f0000 - 0x00007ffc2ba17000 	C:\Users\Lenovo\AndroidStudioProjects\Mb1\native\e1d6ef7f7dcc3fd88c89a11ec53ec762bb8ba0a96d01ffa2cd45eb1d1d8dd5c5\windows-amd64\native-platform.dll
0x00007ffc29ee0000 - 0x00007ffc2a024000 	C:\Users\Lenovo\AndroidStudioProjects\Mb1\native\0d407fdbe67a94daf76414ababcb853783967236a71b16ec16e742cd7a986fd3\windows-amd64\native-platform-file-events.dll
0x00007ffc3bf60000 - 0x00007ffc3bf6a000 	C:\Program Files\Android\Android Studio\jre\bin\management.dll
0x00007ffc3bed0000 - 0x00007ffc3bedd000 	C:\Program Files\Android\Android Studio\jre\bin\management_ext.dll
0x00007ffc423d0000 - 0x00007ffc423e8000 	C:\WINDOWS\SYSTEM32\CRYPTSP.dll
0x00007ffc41c30000 - 0x00007ffc41c65000 	C:\WINDOWS\system32\rsaenh.dll
0x00007ffc42190000 - 0x00007ffc421b9000 	C:\WINDOWS\SYSTEM32\USERENV.dll
0x00007ffc42600000 - 0x00007ffc42627000 	C:\WINDOWS\SYSTEM32\bcrypt.dll
0x00007ffc422e0000 - 0x00007ffc422ec000 	C:\WINDOWS\SYSTEM32\CRYPTBASE.dll
0x00007ffc41800000 - 0x00007ffc4182d000 	C:\WINDOWS\SYSTEM32\IPHLPAPI.DLL
0x00007ffc44050000 - 0x00007ffc44059000 	C:\WINDOWS\System32\NSI.dll
0x00007ffc38e60000 - 0x00007ffc38e79000 	C:\WINDOWS\SYSTEM32\dhcpcsvc6.DLL
0x00007ffc390c0000 - 0x00007ffc390de000 	C:\WINDOWS\SYSTEM32\dhcpcsvc.DLL
0x00007ffc41830000 - 0x00007ffc41918000 	C:\WINDOWS\SYSTEM32\DNSAPI.dll
0x00007ffc3ff90000 - 0x00007ffc3ffc4000 	C:\WINDOWS\SYSTEM32\ntmarta.dll

dbghelp: loaded successfully - version: 4.0.5 - missing functions: none
symbol engine: initialized successfully - sym options: 0x614 - pdb path: .;C:\Program Files\Android\Android Studio\jre\bin;C:\WINDOWS\SYSTEM32;C:\WINDOWS\WinSxS\amd64_microsoft.windows.common-controls_6595b64144ccf1df_6.0.22000.120_none_9d947278b86cc467;C:\Program Files\Android\Android Studio\jre\bin\server;C:\Users\Lenovo\AndroidStudioProjects\Mb1\native\e1d6ef7f7dcc3fd88c89a11ec53ec762bb8ba0a96d01ffa2cd45eb1d1d8dd5c5\windows-amd64;C:\Users\Lenovo\AndroidStudioProjects\Mb1\native\0d407fdbe67a94daf76414ababcb853783967236a71b16ec16e742cd7a986fd3\windows-amd64

VM Arguments:
jvm_args: --add-opens=java.base/java.util=ALL-UNNAMED --add-opens=java.base/java.lang=ALL-UNNAMED --add-opens=java.base/java.lang.invoke=ALL-UNNAMED --add-opens=java.base/java.util=ALL-UNNAMED --add-opens=java.prefs/java.util.prefs=ALL-UNNAMED --add-opens=java.prefs/java.util.prefs=ALL-UNNAMED --add-opens=java.base/java.nio.charset=ALL-UNNAMED --add-opens=java.base/java.net=ALL-UNNAMED --add-opens=java.base/java.util.concurrent.atomic=ALL-UNNAMED -Xmx2048m -Dfile.encoding=UTF-8 -Duser.country=IN -Duser.language=en -Duser.variant 
java_command: org.gradle.launcher.daemon.bootstrap.GradleDaemon 7.4
java_class_path (initial): C:\Users\Lenovo\AndroidStudioProjects\Mb1\wrapper\dists\gradle-7.4-bin\c0gwcg53nkjbqw7r0h0umtfvt\gradle-7.4\lib\gradle-launcher-7.4.jar
Launcher Type: SUN_STANDARD

[Global flags]
     intx CICompilerCount                          = 3                                         {product} {ergonomic}
     uint ConcGCThreads                            = 1                                         {product} {ergonomic}
     uint G1ConcRefinementThreads                  = 4                                         {product} {ergonomic}
   size_t G1HeapRegionSize                         = 1048576                                   {product} {ergonomic}
    uintx GCDrainStackTargetSize                   = 64                                        {product} {ergonomic}
   size_t InitialHeapSize                          = 130023424                                 {product} {ergonomic}
   size_t MarkStackSize                            = 4194304                                   {product} {ergonomic}
   size_t MaxHeapSize                              = 2147483648                                {product} {command line}
   size_t MaxNewSize                               = 1287651328                                {product} {ergonomic}
   size_t MinHeapDeltaBytes                        = 1048576                                   {product} {ergonomic}
    uintx NonNMethodCodeHeapSize                   = 5830732                                {pd product} {ergonomic}
    uintx NonProfiledCodeHeapSize                  = 122913754                              {pd product} {ergonomic}
    uintx ProfiledCodeHeapSize                     = 122913754                              {pd product} {ergonomic}
    uintx ReservedCodeCacheSize                    = 251658240                              {pd product} {ergonomic}
     bool SegmentedCodeCache                       = true                                      {product} {ergonomic}
     bool UseCompressedClassPointers               = true                                 {lp64_product} {ergonomic}
     bool UseCompressedOops                        = true                                 {lp64_product} {ergonomic}
     bool UseG1GC                                  = true                                      {product} {ergonomic}
     bool UseLargePagesIndividualAllocation        = false                                  {pd product} {ergonomic}

Logging:
Log output configuration:
 #0: stdout all=warning uptime,level,tags
 #1: stderr all=off uptime,level,tags

Environment Variables:
PATH=D:\Python310\Scripts\;D:\Python310\;C:\ProgramData\Oracle\Java\javapath;C:\Program Files\Common Files\Oracle\Java\javapath;C:\WINDOWS\system32;C:\WINDOWS;C:\WINDOWS\System32\Wbem;C:\WINDOWS\System32\WindowsPowerShell\v1.0\;C:\WINDOWS\System32\OpenSSH\;C:\Program Files\nodejs\;C:\Program Files\Git\cmd;C:\Program Files\dotnet\;C:\Program Files\MySQL\MySQL Shell 8.0\bin\;C:\Users\Lenovo\AppData\Local\Microsoft\WindowsApps;C:\Users\Lenovo\AppData\Local\Programs\Microsoft VS Code\bin;C:\ProgramData\Lenovo\GitHubDesktop\bin;C:\Users\Lenovo\AppData\Local\GitHubDesktop\bin;C:\Program Files\JetBrains\IntelliJ IDEA Community Edition 2021.3\bin;;C:\Program Files\Java\jdk-17.0.1\bin;C:\flutter\bin;C:\Users\Lenovo\AppData\Roaming\npm;C:\Program Files\MongoDB\Server\6.0\bin;
USERNAME=Lenovo
OS=Windows_NT
PROCESSOR_IDENTIFIER=Intel64 Family 6 Model 140 Stepping 1, GenuineIntel



---------------  S Y S T E M  ---------------

OS: Windows 11 , 64 bit Build 22000 (10.0.22000.708)
OS uptime: 0 days 2:36 hours
Hyper-V role detected

CPU:total 4 (initial active 4) (2 cores per cpu, 2 threads per core) family 6 model 140 stepping 1 microcode 0x86, cmov, cx8, fxsr, mmx, sse, sse2, sse3, ssse3, sse4.1, sse4.2, popcnt, avx, avx2, aes, clmul, erms, 3dnowpref, lzcnt, ht, tsc, tscinvbit, bmi1, bmi2, adx, evex, sha, fma

Memory: 4k page, system-wide physical 7890M (800M free)
TotalPageFile size 10606M (AvailPageFile size 8M)
current process WorkingSet (physical memory assigned to process): 476M, peak: 478M
current process commit charge ("private bytes"): 505M, peak: 508M

vm_info: OpenJDK 64-Bit Server VM (11.0.13+0-b1751.21-8125866) for windows-amd64 JRE (11.0.13+0-b1751.21-8125866), built on Feb  2 2022 03:00:22 by "builder" with MS VC++ 14.0 (VS2015)

END.
