#
# There is insufficient memory for the Java Runtime Environment to continue.
# Native memory allocation (malloc) failed to allocate 1370736 bytes for Chunk::new
# Possible reasons:
#   The system is out of physical RAM or swap space
#   The process is running with CompressedOops enabled, and the Java Heap may be blocking the growth of the native heap
# Possible solutions:
#   Reduce memory load on the system
#   Increase physical memory or swap space
#   Check if swap backing store is full
#   Decrease Java heap size (-Xmx/-Xms)
#   Decrease number of Java threads
#   Decrease Java thread stack sizes (-Xss)
#   Set larger code cache with -XX:ReservedCodeCacheSize=
#   JVM is running with Unscaled Compressed Oops mode in which the Java heap is
#     placed in the first 4GB address space. The Java Heap base address is the
#     maximum limit for the native heap growth. Please use -XX:HeapBaseMinAddress
#     to set the Java Heap base and to place the Java Heap above 4GB virtual address.
# This output file may be truncated or incomplete.
#
#  Out of Memory Error (./src/hotspot/share/memory/arena.cpp:197), pid=9500, tid=13332
#
# JRE version: OpenJDK Runtime Environment (11.0.13) (build 11.0.13+0-b1751.21-8125866)
# Java VM: OpenJDK 64-Bit Server VM (11.0.13+0-b1751.21-8125866, mixed mode, tiered, compressed oops, g1 gc, windows-amd64)
# No core dump will be written. Minidumps are not enabled by default on client versions of Windows
#

---------------  S U M M A R Y ------------

Command Line: --add-opens=java.base/java.util=ALL-UNNAMED --add-opens=java.base/java.lang=ALL-UNNAMED --add-opens=java.base/java.lang.invoke=ALL-UNNAMED --add-opens=java.base/java.util=ALL-UNNAMED --add-opens=java.prefs/java.util.prefs=ALL-UNNAMED --add-opens=java.prefs/java.util.prefs=ALL-UNNAMED --add-opens=java.base/java.nio.charset=ALL-UNNAMED --add-opens=java.base/java.net=ALL-UNNAMED --add-opens=java.base/java.util.concurrent.atomic=ALL-UNNAMED -Xmx2048m -Dfile.encoding=UTF-8 -Duser.country=IN -Duser.language=en -Duser.variant org.gradle.launcher.daemon.bootstrap.GradleDaemon 7.4

Host: 11th Gen Intel(R) Core(TM) i3-1115G4 @ 3.00GHz, 4 cores, 7G,  Windows 11 , 64 bit Build 22000 (10.0.22000.708)
Time: Fri Oct  7 15:05:18 2022 India Standard Time elapsed time: 7.069215 seconds (0d 0h 0m 7s)

---------------  T H R E A D  ---------------

Current thread (0x00000244c2b4a800):  JavaThread "C2 CompilerThread1" daemon [_thread_in_native, id=13332, stack(0x000000ef3bd00000,0x000000ef3be00000)]


Current CompileTask:
C2:   7069 6461       4       java.lang.Class::getMethodsRecursive (99 bytes)

Stack: [0x000000ef3bd00000,0x000000ef3be00000]
Native frames: (J=compiled Java code, j=interpreted, Vv=VM code, C=native code)
V  [jvm.dll+0x6100fa]
V  [jvm.dll+0x747090]
V  [jvm.dll+0x7486ad]
V  [jvm.dll+0x748d83]
V  [jvm.dll+0x24ab48]
V  [jvm.dll+0xc04dc]
V  [jvm.dll+0xc0a0c]
V  [jvm.dll+0x35eb5b]
V  [jvm.dll+0x32b833]
V  [jvm.dll+0x32ad2a]
V  [jvm.dll+0x2032b2]
V  [jvm.dll+0x202437]
V  [jvm.dll+0x188e01]
V  [jvm.dll+0x21106b]
V  [jvm.dll+0x20f8c1]
V  [jvm.dll+0x70de0f]
V  [jvm.dll+0x706a75]
V  [jvm.dll+0x60ed66]
C  [ucrtbase.dll+0x26c0c]
C  [KERNEL32.DLL+0x154e0]
C  [ntdll.dll+0x485b]


---------------  P R O C E S S  ---------------

Threads class SMR info:
_java_thread_list=0x00000244c3b57520, length=79, elements={
0x00000244a608d000, 0x00000244bfca0800, 0x00000244bfcac000, 0x00000244c0632800,
0x00000244bfcc3800, 0x00000244bfcc4000, 0x00000244bfcc5800, 0x00000244bfccc800,
0x00000244bfcd6800, 0x00000244c0775000, 0x00000244c15d2000, 0x00000244c2fcc800,
0x00000244c2b82000, 0x00000244c1d59800, 0x00000244c1d5a000, 0x00000244c2e95800,
0x00000244c20bf000, 0x00000244c2b4a800, 0x00000244c2629800, 0x00000244c2c8d800,
0x00000244c29bb800, 0x00000244c29c0800, 0x00000244c29bc800, 0x00000244c29c3000,
0x00000244c29c1800, 0x00000244c29bf000, 0x00000244c29c2800, 0x00000244c29bd800,
0x00000244c29be000, 0x00000244c29c0000, 0x00000244c2a55800, 0x00000244c2a54000,
0x00000244c2a56800, 0x00000244c2a57800, 0x00000244c2a59000, 0x00000244c2a58000,
0x00000244c2a53800, 0x00000244c2a5a000, 0x00000244c2a5d000, 0x00000244c2a5e800,
0x00000244c2a5f800, 0x00000244c2a5e000, 0x00000244c2a60800, 0x00000244c2a5a800,
0x00000244c2a61000, 0x00000244c2a5b800, 0x00000244c2a62000, 0x00000244c2a5c800,
0x00000244c4126000, 0x00000244c4124800, 0x00000244c4123800, 0x00000244c4121000,
0x00000244c4125000, 0x00000244c4127000, 0x00000244c4127800, 0x00000244c4122000,
0x00000244c4128800, 0x00000244c4123000, 0x00000244c412f000, 0x00000244c4129800,
0x00000244c412e000, 0x00000244c4130000, 0x00000244c412a000, 0x00000244c412b000,
0x00000244c412b800, 0x00000244c412c800, 0x00000244c412d800, 0x00000244c66e2000,
0x00000244c66e6000, 0x00000244c66e5000, 0x00000244c66e4800, 0x00000244c66e0800,
0x00000244c66e1000, 0x00000244c66e3800, 0x00000244c66e7000, 0x00000244c66e7800,
0x00000244c66e8800, 0x00000244c66e2800, 0x00000244c66ee000
}

Java Threads: ( => current thread )
  0x00000244a608d000 JavaThread "main" [_thread_blocked, id=13092, stack(0x000000ef3a400000,0x000000ef3a500000)]
  0x00000244bfca0800 JavaThread "Reference Handler" daemon [_thread_blocked, id=10740, stack(0x000000ef3ab00000,0x000000ef3ac00000)]
  0x00000244bfcac000 JavaThread "Finalizer" daemon [_thread_blocked, id=14360, stack(0x000000ef3ac00000,0x000000ef3ad00000)]
  0x00000244c0632800 JavaThread "Signal Dispatcher" daemon [_thread_blocked, id=11776, stack(0x000000ef3ad00000,0x000000ef3ae00000)]
  0x00000244bfcc3800 JavaThread "Attach Listener" daemon [_thread_blocked, id=14584, stack(0x000000ef3ae00000,0x000000ef3af00000)]
  0x00000244bfcc4000 JavaThread "Service Thread" daemon [_thread_blocked, id=2536, stack(0x000000ef3af00000,0x000000ef3b000000)]
  0x00000244bfcc5800 JavaThread "C2 CompilerThread0" daemon [_thread_in_native, id=11488, stack(0x000000ef3b000000,0x000000ef3b100000)]
  0x00000244bfccc800 JavaThread "C1 CompilerThread0" daemon [_thread_blocked, id=12260, stack(0x000000ef3b100000,0x000000ef3b200000)]
  0x00000244bfcd6800 JavaThread "Sweeper thread" daemon [_thread_blocked, id=5936, stack(0x000000ef3b200000,0x000000ef3b300000)]
  0x00000244c0775000 JavaThread "Common-Cleaner" daemon [_thread_blocked, id=4512, stack(0x000000ef3b300000,0x000000ef3b400000)]
  0x00000244c15d2000 JavaThread "Daemon health stats" [_thread_blocked, id=6172, stack(0x000000ef3b700000,0x000000ef3b800000)]
  0x00000244c2fcc800 JavaThread "Incoming local TCP Connector on port 52670" [_thread_in_native, id=13248, stack(0x000000ef3b500000,0x000000ef3b600000)]
  0x00000244c2b82000 JavaThread "Daemon periodic checks" [_thread_blocked, id=7200, stack(0x000000ef3b800000,0x000000ef3b900000)]
  0x00000244c1d59800 JavaThread "Daemon" [_thread_blocked, id=15008, stack(0x000000ef3b900000,0x000000ef3ba00000)]
  0x00000244c1d5a000 JavaThread "Handler for socket connection from /127.0.0.1:52670 to /127.0.0.1:52671" [_thread_in_native, id=5384, stack(0x000000ef3ba00000,0x000000ef3bb00000)]
  0x00000244c2e95800 JavaThread "Cancel handler" [_thread_blocked, id=10504, stack(0x000000ef3bb00000,0x000000ef3bc00000)]
  0x00000244c20bf000 JavaThread "Daemon worker" [_thread_in_Java, id=7288, stack(0x000000ef3bc00000,0x000000ef3bd00000)]
=>0x00000244c2b4a800 JavaThread "C2 CompilerThread1" daemon [_thread_in_native, id=13332, stack(0x000000ef3bd00000,0x000000ef3be00000)]
  0x00000244c2629800 JavaThread "Asynchronous log dispatcher for DefaultDaemonConnection: socket connection from /127.0.0.1:52670 to /127.0.0.1:52671" [_thread_blocked, id=5608, stack(0x000000ef3be00000,0x000000ef3bf00000)]
  0x00000244c2c8d800 JavaThread "Stdin handler" [_thread_blocked, id=5408, stack(0x000000ef3bf00000,0x000000ef3c000000)]
  0x00000244c29bb800 JavaThread "Daemon client event forwarder" [_thread_blocked, id=16008, stack(0x000000ef3c000000,0x000000ef3c100000)]
  0x00000244c29c0800 JavaThread "Cache worker for journal cache (C:\Users\Lenovo\AndroidStudioProjects\Mb1\caches\journal-1)" [_thread_blocked, id=9960, stack(0x000000ef3c300000,0x000000ef3c400000)]
  0x00000244c29bc800 JavaThread "File lock request listener" [_thread_in_native, id=5192, stack(0x000000ef3c400000,0x000000ef3c500000)]
  0x00000244c29c3000 JavaThread "Cache worker for file hash cache (C:\Users\Lenovo\AndroidStudioProjects\Mb1\caches\7.4\fileHashes)" [_thread_blocked, id=6676, stack(0x000000ef3c500000,0x000000ef3c600000)]
  0x00000244c29c1800 JavaThread "File watcher server" daemon [_thread_in_native, id=2408, stack(0x000000ef3c600000,0x000000ef3c700000)]
  0x00000244c29bf000 JavaThread "File watcher consumer" daemon [_thread_blocked, id=12304, stack(0x000000ef3c700000,0x000000ef3c800000)]
  0x00000244c29c2800 JavaThread "Cache worker for checksums cache (D:\EDaanLogin\.gradle\7.4\checksums)" [_thread_blocked, id=8896, stack(0x000000ef3c800000,0x000000ef3c900000)]
  0x00000244c29bd800 JavaThread "Cache worker for cache directory md-rule (C:\Users\Lenovo\AndroidStudioProjects\Mb1\caches\7.4\md-rule)" [_thread_blocked, id=15512, stack(0x000000ef3c900000,0x000000ef3ca00000)]
  0x00000244c29be000 JavaThread "Cache worker for file hash cache (D:\EDaanLogin\.gradle\7.4\fileHashes)" [_thread_blocked, id=13140, stack(0x000000ef3ca00000,0x000000ef3cb00000)]
  0x00000244c29c0000 JavaThread "Cache worker for cache directory md-supplier (C:\Users\Lenovo\AndroidStudioProjects\Mb1\caches\7.4\md-supplier)" [_thread_blocked, id=9924, stack(0x000000ef3cb00000,0x000000ef3cc00000)]
  0x00000244c2a55800 JavaThread "Cache worker for execution history cache (C:\Users\Lenovo\AndroidStudioProjects\Mb1\caches\7.4\executionHistory)" [_thread_blocked, id=2988, stack(0x000000ef3cc00000,0x000000ef3cd00000)]
  0x00000244c2a54000 JavaThread "jar transforms" [_thread_blocked, id=16368, stack(0x000000ef3cd00000,0x000000ef3ce00000)]
  0x00000244c2a56800 JavaThread "Cache worker for file content cache (C:\Users\Lenovo\AndroidStudioProjects\Mb1\caches\7.4\fileContent)" [_thread_blocked, id=11692, stack(0x000000ef3ce00000,0x000000ef3cf00000)]
  0x00000244c2a57800 JavaThread "jar transforms Thread 2" [_thread_blocked, id=7304, stack(0x000000ef3cf00000,0x000000ef3d000000)]
  0x00000244c2a59000 JavaThread "Cache worker for dependencies-accessors (D:\EDaanLogin\.gradle\7.4\dependencies-accessors)" [_thread_blocked, id=7368, stack(0x000000ef3d000000,0x000000ef3d100000)]
  0x00000244c2a58000 JavaThread "jar transforms Thread 3" [_thread_blocked, id=16184, stack(0x000000ef3d100000,0x000000ef3d200000)]
  0x00000244c2a53800 JavaThread "Cache worker for Build Output Cleanup Cache (D:\EDaanLogin\.gradle\buildOutputCleanup)" [_thread_blocked, id=10568, stack(0x000000ef3d200000,0x000000ef3d300000)]
  0x00000244c2a5a000 JavaThread "Unconstrained build operations" [_thread_blocked, id=2684, stack(0x000000ef3d300000,0x000000ef3d400000)]
  0x00000244c2a5d000 JavaThread "Unconstrained build operations Thread 2" [_thread_blocked, id=8092, stack(0x000000ef3d400000,0x000000ef3d500000)]
  0x00000244c2a5e800 JavaThread "Unconstrained build operations Thread 3" [_thread_blocked, id=10172, stack(0x000000ef3d500000,0x000000ef3d600000)]
  0x00000244c2a5f800 JavaThread "Unconstrained build operations Thread 4" [_thread_blocked, id=4936, stack(0x000000ef3d600000,0x000000ef3d700000)]
  0x00000244c2a5e000 JavaThread "Unconstrained build operations Thread 5" [_thread_blocked, id=15876, stack(0x000000ef3d700000,0x000000ef3d800000)]
  0x00000244c2a60800 JavaThread "Unconstrained build operations Thread 6" [_thread_blocked, id=15724, stack(0x000000ef3d800000,0x000000ef3d900000)]
  0x00000244c2a5a800 JavaThread "Unconstrained build operations Thread 7" [_thread_blocked, id=5828, stack(0x000000ef3d900000,0x000000ef3da00000)]
  0x00000244c2a61000 JavaThread "Unconstrained build operations Thread 8" [_thread_blocked, id=11052, stack(0x000000ef3da00000,0x000000ef3db00000)]
  0x00000244c2a5b800 JavaThread "Unconstrained build operations Thread 9" [_thread_blocked, id=1900, stack(0x000000ef3db00000,0x000000ef3dc00000)]
  0x00000244c2a62000 JavaThread "Unconstrained build operations Thread 10" [_thread_blocked, id=9204, stack(0x000000ef3dc00000,0x000000ef3dd00000)]
  0x00000244c2a5c800 JavaThread "Unconstrained build operations Thread 11" [_thread_blocked, id=14548, stack(0x000000ef3dd00000,0x000000ef3de00000)]
  0x00000244c4126000 JavaThread "Unconstrained build operations Thread 12" [_thread_blocked, id=12888, stack(0x000000ef3de00000,0x000000ef3df00000)]
  0x00000244c4124800 JavaThread "Unconstrained build operations Thread 13" [_thread_blocked, id=9860, stack(0x000000ef3df00000,0x000000ef3e000000)]
  0x00000244c4123800 JavaThread "Unconstrained build operations Thread 14" [_thread_blocked, id=12056, stack(0x000000ef3e000000,0x000000ef3e100000)]
  0x00000244c4121000 JavaThread "Unconstrained build operations Thread 15" [_thread_blocked, id=5048, stack(0x000000ef3e100000,0x000000ef3e200000)]
  0x00000244c4125000 JavaThread "Unconstrained build operations Thread 16" [_thread_blocked, id=6332, stack(0x000000ef3e200000,0x000000ef3e300000)]
  0x00000244c4127000 JavaThread "Unconstrained build operations Thread 17" [_thread_blocked, id=14856, stack(0x000000ef3e300000,0x000000ef3e400000)]
  0x00000244c4127800 JavaThread "Unconstrained build operations Thread 18" [_thread_blocked, id=1672, stack(0x000000ef3e400000,0x000000ef3e500000)]
  0x00000244c4122000 JavaThread "Unconstrained build operations Thread 19" [_thread_blocked, id=12896, stack(0x000000ef3e500000,0x000000ef3e600000)]
  0x00000244c4128800 JavaThread "Unconstrained build operations Thread 20" [_thread_blocked, id=7516, stack(0x000000ef3e600000,0x000000ef3e700000)]
  0x00000244c4123000 JavaThread "Unconstrained build operations Thread 21" [_thread_blocked, id=3260, stack(0x000000ef3e700000,0x000000ef3e800000)]
  0x00000244c412f000 JavaThread "Unconstrained build operations Thread 22" [_thread_blocked, id=11028, stack(0x000000ef3e800000,0x000000ef3e900000)]
  0x00000244c4129800 JavaThread "Unconstrained build operations Thread 23" [_thread_blocked, id=4204, stack(0x000000ef3e900000,0x000000ef3ea00000)]
  0x00000244c412e000 JavaThread "Unconstrained build operations Thread 24" [_thread_blocked, id=14388, stack(0x000000ef3ea00000,0x000000ef3eb00000)]
  0x00000244c4130000 JavaThread "Unconstrained build operations Thread 25" [_thread_blocked, id=8636, stack(0x000000ef3eb00000,0x000000ef3ec00000)]
  0x00000244c412a000 JavaThread "Unconstrained build operations Thread 26" [_thread_blocked, id=1708, stack(0x000000ef3ec00000,0x000000ef3ed00000)]
  0x00000244c412b000 JavaThread "Unconstrained build operations Thread 27" [_thread_blocked, id=8604, stack(0x000000ef3ed00000,0x000000ef3ee00000)]
  0x00000244c412b800 JavaThread "Unconstrained build operations Thread 28" [_thread_blocked, id=9616, stack(0x000000ef3ee00000,0x000000ef3ef00000)]
  0x00000244c412c800 JavaThread "Unconstrained build operations Thread 29" [_thread_blocked, id=11472, stack(0x000000ef3ef00000,0x000000ef3f000000)]
  0x00000244c412d800 JavaThread "Unconstrained build operations Thread 30" [_thread_blocked, id=6544, stack(0x000000ef3f000000,0x000000ef3f100000)]
  0x00000244c66e2000 JavaThread "Unconstrained build operations Thread 31" [_thread_blocked, id=14144, stack(0x000000ef3f100000,0x000000ef3f200000)]
  0x00000244c66e6000 JavaThread "Unconstrained build operations Thread 32" [_thread_blocked, id=15320, stack(0x000000ef3f200000,0x000000ef3f300000)]
  0x00000244c66e5000 JavaThread "Unconstrained build operations Thread 33" [_thread_blocked, id=6796, stack(0x000000ef3f300000,0x000000ef3f400000)]
  0x00000244c66e4800 JavaThread "Unconstrained build operations Thread 34" [_thread_blocked, id=12172, stack(0x000000ef3f400000,0x000000ef3f500000)]
  0x00000244c66e0800 JavaThread "Unconstrained build operations Thread 35" [_thread_blocked, id=332, stack(0x000000ef3f500000,0x000000ef3f600000)]
  0x00000244c66e1000 JavaThread "Unconstrained build operations Thread 36" [_thread_blocked, id=2336, stack(0x000000ef3f600000,0x000000ef3f700000)]
  0x00000244c66e3800 JavaThread "Unconstrained build operations Thread 37" [_thread_blocked, id=9076, stack(0x000000ef3f700000,0x000000ef3f800000)]
  0x00000244c66e7000 JavaThread "Unconstrained build operations Thread 38" [_thread_blocked, id=11440, stack(0x000000ef3f800000,0x000000ef3f900000)]
  0x00000244c66e7800 JavaThread "Unconstrained build operations Thread 39" [_thread_blocked, id=608, stack(0x000000ef3f900000,0x000000ef3fa00000)]
  0x00000244c66e8800 JavaThread "Unconstrained build operations Thread 40" [_thread_blocked, id=14664, stack(0x000000ef3fa00000,0x000000ef3fb00000)]
  0x00000244c66e2800 JavaThread "jar transforms Thread 4" [_thread_blocked, id=7948, stack(0x000000ef3fb00000,0x000000ef3fc00000)]
  0x00000244c66ee000 JavaThread "Memory manager" [_thread_blocked, id=9088, stack(0x000000ef3fc00000,0x000000ef3fd00000)]

Other Threads:
  0x00000244bfc9e000 VMThread "VM Thread" [stack: 0x000000ef3aa00000,0x000000ef3ab00000] [id=2400]
  0x00000244c07a0000 WatcherThread [stack: 0x000000ef3b400000,0x000000ef3b500000] [id=12244]
  0x00000244a60a6000 GCTaskThread "GC Thread#0" [stack: 0x000000ef3a500000,0x000000ef3a600000] [id=10596]
  0x00000244c1190000 GCTaskThread "GC Thread#1" [stack: 0x000000ef3b600000,0x000000ef3b700000] [id=16276]
  0x00000244c2972000 GCTaskThread "GC Thread#2" [stack: 0x000000ef3c100000,0x000000ef3c200000] [id=8076]
  0x00000244c262a000 GCTaskThread "GC Thread#3" [stack: 0x000000ef3c200000,0x000000ef3c300000] [id=7420]
  0x00000244a60d8000 ConcurrentGCThread "G1 Main Marker" [stack: 0x000000ef3a600000,0x000000ef3a700000] [id=11008]
  0x00000244a60da000 ConcurrentGCThread "G1 Conc#0" [stack: 0x000000ef3a700000,0x000000ef3a800000] [id=4052]
  0x00000244a6169800 ConcurrentGCThread "G1 Refine#0" [stack: 0x000000ef3a800000,0x000000ef3a900000] [id=6104]
  0x00000244a616c800 ConcurrentGCThread "G1 Young RemSet Sampling" [stack: 0x000000ef3a900000,0x000000ef3aa00000] [id=7296]

Threads with active compile tasks:
C2 CompilerThread0   7082 6506       4       java.lang.PublicMethods::merge (81 bytes)
C2 CompilerThread1   7082 6461       4       java.lang.Class::getMethodsRecursive (99 bytes)

VM state:not at safepoint (normal execution)

VM Mutex/Monitor currently owned by a thread: None

Heap address: 0x0000000080000000, size: 2048 MB, Compressed Oops mode: 32-bit
Narrow klass base: 0x0000000000000000, Narrow klass shift: 3
Compressed class space size: 1073741824 Address: 0x0000000100000000

Heap:
 garbage-first heap   total 222208K, used 58655K [0x0000000080000000, 0x0000000100000000)
  region size 1024K, 10 young (10240K), 5 survivors (5120K)
 Metaspace       used 66955K, capacity 68510K, committed 68636K, reserved 1110016K
  class space    used 8388K, capacity 9004K, committed 9088K, reserved 1048576K
Heap Regions: E=young(eden), S=young(survivor), O=old, HS=humongous(starts), HC=humongous(continues), CS=collection set, F=free, A=archive, TAMS=top-at-mark-start (previous, next)
|   0|0x0000000080000000, 0x0000000080100000, 0x0000000080100000|100%|HS|  |TAMS 0x0000000080100000, 0x0000000080000000| Complete 
|   1|0x0000000080100000, 0x0000000080200000, 0x0000000080200000|100%|HC|  |TAMS 0x0000000080200000, 0x0000000080100000| Complete 
|   2|0x0000000080200000, 0x0000000080300000, 0x0000000080300000|100%|HC|  |TAMS 0x0000000080300000, 0x0000000080200000| Complete 
|   3|0x0000000080300000, 0x0000000080400000, 0x0000000080400000|100%| O|  |TAMS 0x0000000080400000, 0x0000000080300000| Untracked 
|   4|0x0000000080400000, 0x0000000080500000, 0x0000000080500000|100%| O|  |TAMS 0x0000000080500000, 0x0000000080400000| Untracked 
|   5|0x0000000080500000, 0x0000000080600000, 0x0000000080600000|100%| O|  |TAMS 0x0000000080600000, 0x0000000080500000| Untracked 
|   6|0x0000000080600000, 0x0000000080700000, 0x0000000080700000|100%| O|  |TAMS 0x0000000080700000, 0x0000000080600000| Untracked 
|   7|0x0000000080700000, 0x0000000080800000, 0x0000000080800000|100%| O|  |TAMS 0x0000000080800000, 0x0000000080700000| Untracked 
|   8|0x0000000080800000, 0x0000000080900000, 0x0000000080900000|100%| O|  |TAMS 0x0000000080900000, 0x0000000080800000| Untracked 
|   9|0x0000000080900000, 0x0000000080a00000, 0x0000000080a00000|100%| O|  |TAMS 0x0000000080a00000, 0x0000000080900000| Untracked 
|  10|0x0000000080a00000, 0x0000000080b00000, 0x0000000080b00000|100%| O|  |TAMS 0x0000000080b00000, 0x0000000080a00000| Untracked 
|  11|0x0000000080b00000, 0x0000000080c00000, 0x0000000080c00000|100%| O|  |TAMS 0x0000000080c00000, 0x0000000080b00000| Untracked 
|  12|0x0000000080c00000, 0x0000000080d00000, 0x0000000080d00000|100%| O|  |TAMS 0x0000000080d00000, 0x0000000080c00000| Untracked 
|  13|0x0000000080d00000, 0x0000000080e00000, 0x0000000080e00000|100%| O|  |TAMS 0x0000000080e00000, 0x0000000080d00000| Untracked 
|  14|0x0000000080e00000, 0x0000000080f00000, 0x0000000080f00000|100%| O|  |TAMS 0x0000000080f00000, 0x0000000080e00000| Untracked 
|  15|0x0000000080f00000, 0x0000000081000000, 0x0000000081000000|100%| O|  |TAMS 0x0000000081000000, 0x0000000080f00000| Untracked 
|  16|0x0000000081000000, 0x0000000081100000, 0x0000000081100000|100%|HS|  |TAMS 0x0000000081100000, 0x0000000081000000| Complete 
|  17|0x0000000081100000, 0x0000000081200000, 0x0000000081200000|100%| O|  |TAMS 0x0000000081200000, 0x0000000081100000| Untracked 
|  18|0x0000000081200000, 0x0000000081300000, 0x0000000081300000|100%| O|  |TAMS 0x0000000081300000, 0x0000000081200000| Untracked 
|  19|0x0000000081300000, 0x0000000081400000, 0x0000000081400000|100%| O|  |TAMS 0x0000000081400000, 0x0000000081300000| Untracked 
|  20|0x0000000081400000, 0x0000000081500000, 0x0000000081500000|100%| O|  |TAMS 0x0000000081500000, 0x0000000081400000| Untracked 
|  21|0x0000000081500000, 0x0000000081600000, 0x0000000081600000|100%| O|  |TAMS 0x0000000081600000, 0x0000000081500000| Untracked 
|  22|0x0000000081600000, 0x0000000081700000, 0x0000000081700000|100%| O|  |TAMS 0x0000000081700000, 0x0000000081600000| Untracked 
|  23|0x0000000081700000, 0x0000000081800000, 0x0000000081800000|100%| O|  |TAMS 0x0000000081800000, 0x0000000081700000| Untracked 
|  24|0x0000000081800000, 0x0000000081900000, 0x0000000081900000|100%|HS|  |TAMS 0x0000000081900000, 0x0000000081800000| Complete 
|  25|0x0000000081900000, 0x0000000081a00000, 0x0000000081a00000|100%| O|  |TAMS 0x0000000081a00000, 0x0000000081900000| Untracked 
|  26|0x0000000081a00000, 0x0000000081b00000, 0x0000000081b00000|100%|HS|  |TAMS 0x0000000081b00000, 0x0000000081a00000| Complete 
|  27|0x0000000081b00000, 0x0000000081c00000, 0x0000000081c00000|100%|HC|  |TAMS 0x0000000081c00000, 0x0000000081b00000| Complete 
|  28|0x0000000081c00000, 0x0000000081d00000, 0x0000000081d00000|100%| O|  |TAMS 0x0000000081d00000, 0x0000000081c00000| Untracked 
|  29|0x0000000081d00000, 0x0000000081e00000, 0x0000000081e00000|100%| O|  |TAMS 0x0000000081e00000, 0x0000000081d00000| Untracked 
|  30|0x0000000081e00000, 0x0000000081f00000, 0x0000000081f00000|100%| O|  |TAMS 0x0000000081f00000, 0x0000000081e00000| Untracked 
|  31|0x0000000081f00000, 0x0000000082000000, 0x0000000082000000|100%| O|  |TAMS 0x0000000082000000, 0x0000000081f00000| Untracked 
|  32|0x0000000082000000, 0x0000000082100000, 0x0000000082100000|100%| O|  |TAMS 0x0000000082100000, 0x0000000082000000| Untracked 
|  33|0x0000000082100000, 0x0000000082200000, 0x0000000082200000|100%| O|  |TAMS 0x0000000082200000, 0x0000000082100000| Untracked 
|  34|0x0000000082200000, 0x0000000082300000, 0x0000000082300000|100%| O|  |TAMS 0x0000000082300000, 0x0000000082200000| Untracked 
|  35|0x0000000082300000, 0x0000000082400000, 0x0000000082400000|100%| O|  |TAMS 0x0000000082400000, 0x0000000082300000| Untracked 
|  36|0x0000000082400000, 0x0000000082500000, 0x0000000082500000|100%| O|  |TAMS 0x0000000082500000, 0x0000000082400000| Untracked 
|  37|0x0000000082500000, 0x0000000082600000, 0x0000000082600000|100%| O|  |TAMS 0x0000000082600000, 0x0000000082500000| Untracked 
|  38|0x0000000082600000, 0x0000000082700000, 0x0000000082700000|100%| O|  |TAMS 0x0000000082700000, 0x0000000082600000| Untracked 
|  39|0x0000000082700000, 0x0000000082800000, 0x0000000082800000|100%| O|  |TAMS 0x0000000082800000, 0x0000000082700000| Untracked 
|  40|0x0000000082800000, 0x0000000082900000, 0x0000000082900000|100%| O|  |TAMS 0x0000000082900000, 0x0000000082800000| Untracked 
|  41|0x0000000082900000, 0x0000000082a00000, 0x0000000082a00000|100%| O|  |TAMS 0x0000000082a00000, 0x0000000082900000| Untracked 
|  42|0x0000000082a00000, 0x0000000082b00000, 0x0000000082b00000|100%| O|  |TAMS 0x0000000082a77200, 0x0000000082a00000| Untracked 
|  43|0x0000000082b00000, 0x0000000082b00000, 0x0000000082c00000|  0%| F|  |TAMS 0x0000000082b00000, 0x0000000082b00000| Untracked 
|  44|0x0000000082c00000, 0x0000000082d00000, 0x0000000082d00000|100%| O|  |TAMS 0x0000000082c00000, 0x0000000082c00000| Untracked 
|  45|0x0000000082d00000, 0x0000000082e00000, 0x0000000082e00000|100%| O|  |TAMS 0x0000000082d00000, 0x0000000082d00000| Untracked 
|  46|0x0000000082e00000, 0x0000000082f00000, 0x0000000082f00000|100%| O|  |TAMS 0x0000000082e00000, 0x0000000082e00000| Untracked 
|  47|0x0000000082f00000, 0x0000000083000000, 0x0000000083000000|100%| O|  |TAMS 0x0000000082f00000, 0x0000000082f00000| Untracked 
|  48|0x0000000083000000, 0x0000000083100000, 0x0000000083100000|100%| O|  |TAMS 0x0000000083000000, 0x0000000083000000| Untracked 
|  49|0x0000000083100000, 0x0000000083200000, 0x0000000083200000|100%| O|  |TAMS 0x0000000083100000, 0x0000000083100000| Untracked 
|  50|0x0000000083200000, 0x0000000083200000, 0x0000000083300000|  0%| F|  |TAMS 0x0000000083200000, 0x0000000083200000| Untracked 
|  51|0x0000000083300000, 0x0000000083300000, 0x0000000083400000|  0%| F|  |TAMS 0x0000000083300000, 0x0000000083300000| Untracked 
|  52|0x0000000083400000, 0x0000000083400000, 0x0000000083500000|  0%| F|  |TAMS 0x0000000083400000, 0x0000000083400000| Untracked 
|  53|0x0000000083500000, 0x0000000083500000, 0x0000000083600000|  0%| F|  |TAMS 0x0000000083500000, 0x0000000083500000| Untracked 
|  54|0x0000000083600000, 0x0000000083600000, 0x0000000083700000|  0%| F|  |TAMS 0x0000000083600000, 0x0000000083600000| Untracked 
|  55|0x0000000083700000, 0x0000000083700000, 0x0000000083800000|  0%| F|  |TAMS 0x0000000083700000, 0x0000000083700000| Untracked 
|  56|0x0000000083800000, 0x0000000083800000, 0x0000000083900000|  0%| F|  |TAMS 0x0000000083800000, 0x0000000083800000| Untracked 
|  57|0x0000000083900000, 0x0000000083900000, 0x0000000083a00000|  0%| F|  |TAMS 0x0000000083900000, 0x0000000083900000| Untracked 
|  58|0x0000000083a00000, 0x0000000083a00000, 0x0000000083b00000|  0%| F|  |TAMS 0x0000000083a00000, 0x0000000083a00000| Untracked 
|  59|0x0000000083b00000, 0x0000000083b00000, 0x0000000083c00000|  0%| F|  |TAMS 0x0000000083b00000, 0x0000000083b00000| Untracked 
|  60|0x0000000083c00000, 0x0000000083c00000, 0x0000000083d00000|  0%| F|  |TAMS 0x0000000083c00000, 0x0000000083c00000| Untracked 
|  61|0x0000000083d00000, 0x0000000083d00000, 0x0000000083e00000|  0%| F|  |TAMS 0x0000000083d00000, 0x0000000083d00000| Untracked 
|  62|0x0000000083e00000, 0x0000000083e00000, 0x0000000083f00000|  0%| F|  |TAMS 0x0000000083e00000, 0x0000000083e00000| Untracked 
|  63|0x0000000083f00000, 0x0000000083f00000, 0x0000000084000000|  0%| F|  |TAMS 0x0000000083f00000, 0x0000000083f00000| Untracked 
|  64|0x0000000084000000, 0x0000000084000000, 0x0000000084100000|  0%| F|  |TAMS 0x0000000084000000, 0x0000000084000000| Untracked 
|  65|0x0000000084100000, 0x0000000084100000, 0x0000000084200000|  0%| F|  |TAMS 0x0000000084100000, 0x0000000084100000| Untracked 
|  66|0x0000000084200000, 0x0000000084200000, 0x0000000084300000|  0%| F|  |TAMS 0x0000000084200000, 0x0000000084200000| Untracked 
|  67|0x0000000084300000, 0x0000000084300000, 0x0000000084400000|  0%| F|  |TAMS 0x0000000084300000, 0x0000000084300000| Untracked 
|  68|0x0000000084400000, 0x0000000084400000, 0x0000000084500000|  0%| F|  |TAMS 0x0000000084400000, 0x0000000084400000| Untracked 
|  69|0x0000000084500000, 0x0000000084500000, 0x0000000084600000|  0%| F|  |TAMS 0x0000000084500000, 0x0000000084500000| Untracked 
|  70|0x0000000084600000, 0x0000000084600000, 0x0000000084700000|  0%| F|  |TAMS 0x0000000084600000, 0x0000000084600000| Untracked 
|  71|0x0000000084700000, 0x0000000084700000, 0x0000000084800000|  0%| F|  |TAMS 0x0000000084700000, 0x0000000084700000| Untracked 
|  72|0x0000000084800000, 0x0000000084800000, 0x0000000084900000|  0%| F|  |TAMS 0x0000000084800000, 0x0000000084800000| Untracked 
|  73|0x0000000084900000, 0x0000000084900000, 0x0000000084a00000|  0%| F|  |TAMS 0x0000000084900000, 0x0000000084900000| Untracked 
|  74|0x0000000084a00000, 0x0000000084a00000, 0x0000000084b00000|  0%| F|  |TAMS 0x0000000084a00000, 0x0000000084a00000| Untracked 
|  75|0x0000000084b00000, 0x0000000084b00000, 0x0000000084c00000|  0%| F|  |TAMS 0x0000000084b00000, 0x0000000084b00000| Untracked 
|  76|0x0000000084c00000, 0x0000000084c00000, 0x0000000084d00000|  0%| F|  |TAMS 0x0000000084c00000, 0x0000000084c00000| Untracked 
|  77|0x0000000084d00000, 0x0000000084d00000, 0x0000000084e00000|  0%| F|  |TAMS 0x0000000084d00000, 0x0000000084d00000| Untracked 
|  78|0x0000000084e00000, 0x0000000084e00000, 0x0000000084f00000|  0%| F|  |TAMS 0x0000000084e00000, 0x0000000084e00000| Untracked 
|  79|0x0000000084f00000, 0x0000000084f00000, 0x0000000085000000|  0%| F|  |TAMS 0x0000000084f00000, 0x0000000084f00000| Untracked 
|  80|0x0000000085000000, 0x0000000085000000, 0x0000000085100000|  0%| F|  |TAMS 0x0000000085000000, 0x0000000085000000| Untracked 
|  81|0x0000000085100000, 0x0000000085100000, 0x0000000085200000|  0%| F|  |TAMS 0x0000000085100000, 0x0000000085100000| Untracked 
|  82|0x0000000085200000, 0x0000000085200000, 0x0000000085300000|  0%| F|  |TAMS 0x0000000085200000, 0x0000000085200000| Untracked 
|  83|0x0000000085300000, 0x0000000085300000, 0x0000000085400000|  0%| F|  |TAMS 0x0000000085300000, 0x0000000085300000| Untracked 
|  84|0x0000000085400000, 0x0000000085400000, 0x0000000085500000|  0%| F|  |TAMS 0x0000000085400000, 0x0000000085400000| Untracked 
|  85|0x0000000085500000, 0x0000000085500000, 0x0000000085600000|  0%| F|  |TAMS 0x0000000085500000, 0x0000000085500000| Untracked 
|  86|0x0000000085600000, 0x0000000085600000, 0x0000000085700000|  0%| F|  |TAMS 0x0000000085600000, 0x0000000085600000| Untracked 
|  87|0x0000000085700000, 0x0000000085700000, 0x0000000085800000|  0%| F|  |TAMS 0x0000000085700000, 0x0000000085700000| Untracked 
|  88|0x0000000085800000, 0x0000000085800000, 0x0000000085900000|  0%| F|  |TAMS 0x0000000085800000, 0x0000000085800000| Untracked 
|  89|0x0000000085900000, 0x0000000085900000, 0x0000000085a00000|  0%| F|  |TAMS 0x0000000085900000, 0x0000000085900000| Untracked 
|  90|0x0000000085a00000, 0x0000000085a00000, 0x0000000085b00000|  0%| F|  |TAMS 0x0000000085a00000, 0x0000000085a00000| Untracked 
|  91|0x0000000085b00000, 0x0000000085b00000, 0x0000000085c00000|  0%| F|  |TAMS 0x0000000085b00000, 0x0000000085b00000| Untracked 
|  92|0x0000000085c00000, 0x0000000085c00000, 0x0000000085d00000|  0%| F|  |TAMS 0x0000000085c00000, 0x0000000085c00000| Untracked 
|  93|0x0000000085d00000, 0x0000000085d00000, 0x0000000085e00000|  0%| F|  |TAMS 0x0000000085d00000, 0x0000000085d00000| Untracked 
|  94|0x0000000085e00000, 0x0000000085e00000, 0x0000000085f00000|  0%| F|  |TAMS 0x0000000085e00000, 0x0000000085e00000| Untracked 
|  95|0x0000000085f00000, 0x0000000085f00000, 0x0000000086000000|  0%| F|  |TAMS 0x0000000085f00000, 0x0000000085f00000| Untracked 
|  96|0x0000000086000000, 0x0000000086000000, 0x0000000086100000|  0%| F|  |TAMS 0x0000000086000000, 0x0000000086000000| Untracked 
|  97|0x0000000086100000, 0x0000000086100000, 0x0000000086200000|  0%| F|  |TAMS 0x0000000086100000, 0x0000000086100000| Untracked 
|  98|0x0000000086200000, 0x0000000086200000, 0x0000000086300000|  0%| F|  |TAMS 0x0000000086200000, 0x0000000086200000| Untracked 
|  99|0x0000000086300000, 0x0000000086300000, 0x0000000086400000|  0%| F|  |TAMS 0x0000000086300000, 0x0000000086300000| Untracked 
| 100|0x0000000086400000, 0x0000000086400000, 0x0000000086500000|  0%| F|  |TAMS 0x0000000086400000, 0x0000000086400000| Untracked 
| 101|0x0000000086500000, 0x0000000086500000, 0x0000000086600000|  0%| F|  |TAMS 0x0000000086500000, 0x0000000086500000| Untracked 
| 102|0x0000000086600000, 0x0000000086600000, 0x0000000086700000|  0%| F|  |TAMS 0x0000000086600000, 0x0000000086600000| Untracked 
| 103|0x0000000086700000, 0x0000000086700000, 0x0000000086800000|  0%| F|  |TAMS 0x0000000086700000, 0x0000000086700000| Untracked 
| 104|0x0000000086800000, 0x0000000086847f60, 0x0000000086900000| 28%| S|CS|TAMS 0x0000000086800000, 0x0000000086800000| Complete 
| 105|0x0000000086900000, 0x0000000086a00000, 0x0000000086a00000|100%| S|CS|TAMS 0x0000000086900000, 0x0000000086900000| Complete 
| 106|0x0000000086a00000, 0x0000000086b00000, 0x0000000086b00000|100%| S|CS|TAMS 0x0000000086a00000, 0x0000000086a00000| Complete 
| 107|0x0000000086b00000, 0x0000000086c00000, 0x0000000086c00000|100%| S|CS|TAMS 0x0000000086b00000, 0x0000000086b00000| Complete 
| 108|0x0000000086c00000, 0x0000000086d00000, 0x0000000086d00000|100%| S|CS|TAMS 0x0000000086c00000, 0x0000000086c00000| Complete 
| 109|0x0000000086d00000, 0x0000000086d00000, 0x0000000086e00000|  0%| F|  |TAMS 0x0000000086d00000, 0x0000000086d00000| Untracked 
| 110|0x0000000086e00000, 0x0000000086e00000, 0x0000000086f00000|  0%| F|  |TAMS 0x0000000086e00000, 0x0000000086e00000| Untracked 
| 111|0x0000000086f00000, 0x0000000086f00000, 0x0000000087000000|  0%| F|  |TAMS 0x0000000086f00000, 0x0000000086f00000| Untracked 
| 112|0x0000000087000000, 0x0000000087000000, 0x0000000087100000|  0%| F|  |TAMS 0x0000000087000000, 0x0000000087000000| Untracked 
| 113|0x0000000087100000, 0x0000000087100000, 0x0000000087200000|  0%| F|  |TAMS 0x0000000087100000, 0x0000000087100000| Untracked 
| 114|0x0000000087200000, 0x0000000087200000, 0x0000000087300000|  0%| F|  |TAMS 0x0000000087200000, 0x0000000087200000| Untracked 
| 115|0x0000000087300000, 0x0000000087300000, 0x0000000087400000|  0%| F|  |TAMS 0x0000000087300000, 0x0000000087300000| Untracked 
| 116|0x0000000087400000, 0x0000000087400000, 0x0000000087500000|  0%| F|  |TAMS 0x0000000087400000, 0x0000000087400000| Untracked 
| 117|0x0000000087500000, 0x0000000087500000, 0x0000000087600000|  0%| F|  |TAMS 0x0000000087500000, 0x0000000087500000| Untracked 
| 118|0x0000000087600000, 0x0000000087600000, 0x0000000087700000|  0%| F|  |TAMS 0x0000000087600000, 0x0000000087600000| Untracked 
| 119|0x0000000087700000, 0x0000000087700000, 0x0000000087800000|  0%| F|  |TAMS 0x0000000087700000, 0x0000000087700000| Untracked 
| 120|0x0000000087800000, 0x0000000087800000, 0x0000000087900000|  0%| F|  |TAMS 0x0000000087800000, 0x0000000087800000| Untracked 
| 121|0x0000000087900000, 0x0000000087900000, 0x0000000087a00000|  0%| F|  |TAMS 0x0000000087900000, 0x0000000087900000| Untracked 
| 122|0x0000000087a00000, 0x0000000087a00000, 0x0000000087b00000|  0%| F|  |TAMS 0x0000000087a00000, 0x0000000087a00000| Untracked 
| 123|0x0000000087b00000, 0x0000000087b00000, 0x0000000087c00000|  0%| F|  |TAMS 0x0000000087b00000, 0x0000000087b00000| Untracked 
| 124|0x0000000087c00000, 0x0000000087c00000, 0x0000000087d00000|  0%| F|  |TAMS 0x0000000087c00000, 0x0000000087c00000| Untracked 
| 125|0x0000000087d00000, 0x0000000087d00000, 0x0000000087e00000|  0%| F|  |TAMS 0x0000000087d00000, 0x0000000087d00000| Untracked 
| 126|0x0000000087e00000, 0x0000000087e00000, 0x0000000087f00000|  0%| F|  |TAMS 0x0000000087e00000, 0x0000000087e00000| Untracked 
| 127|0x0000000087f00000, 0x0000000087f00000, 0x0000000088000000|  0%| F|  |TAMS 0x0000000087f00000, 0x0000000087f00000| Untracked 
| 128|0x0000000088000000, 0x0000000088000000, 0x0000000088100000|  0%| F|  |TAMS 0x0000000088000000, 0x0000000088000000| Untracked 
| 129|0x0000000088100000, 0x0000000088100000, 0x0000000088200000|  0%| F|  |TAMS 0x0000000088100000, 0x0000000088100000| Untracked 
| 130|0x0000000088200000, 0x0000000088200000, 0x0000000088300000|  0%| F|  |TAMS 0x0000000088200000, 0x0000000088200000| Untracked 
| 131|0x0000000088300000, 0x0000000088300000, 0x0000000088400000|  0%| F|  |TAMS 0x0000000088300000, 0x0000000088300000| Untracked 
| 132|0x0000000088400000, 0x0000000088400000, 0x0000000088500000|  0%| F|  |TAMS 0x0000000088400000, 0x0000000088400000| Untracked 
| 133|0x0000000088500000, 0x0000000088500000, 0x0000000088600000|  0%| F|  |TAMS 0x0000000088500000, 0x0000000088500000| Untracked 
| 134|0x0000000088600000, 0x0000000088600000, 0x0000000088700000|  0%| F|  |TAMS 0x0000000088600000, 0x0000000088600000| Untracked 
| 135|0x0000000088700000, 0x0000000088700000, 0x0000000088800000|  0%| F|  |TAMS 0x0000000088700000, 0x0000000088700000| Untracked 
| 136|0x0000000088800000, 0x0000000088800000, 0x0000000088900000|  0%| F|  |TAMS 0x0000000088800000, 0x0000000088800000| Untracked 
| 137|0x0000000088900000, 0x0000000088900000, 0x0000000088a00000|  0%| F|  |TAMS 0x0000000088900000, 0x0000000088900000| Untracked 
| 138|0x0000000088a00000, 0x0000000088a00000, 0x0000000088b00000|  0%| F|  |TAMS 0x0000000088a00000, 0x0000000088a00000| Untracked 
| 139|0x0000000088b00000, 0x0000000088b00000, 0x0000000088c00000|  0%| F|  |TAMS 0x0000000088b00000, 0x0000000088b00000| Untracked 
| 140|0x0000000088c00000, 0x0000000088c00000, 0x0000000088d00000|  0%| F|  |TAMS 0x0000000088c00000, 0x0000000088c00000| Untracked 
| 141|0x0000000088d00000, 0x0000000088d00000, 0x0000000088e00000|  0%| F|  |TAMS 0x0000000088d00000, 0x0000000088d00000| Untracked 
| 142|0x0000000088e00000, 0x0000000088e00000, 0x0000000088f00000|  0%| F|  |TAMS 0x0000000088e00000, 0x0000000088e00000| Untracked 
| 143|0x0000000088f00000, 0x0000000088f00000, 0x0000000089000000|  0%| F|  |TAMS 0x0000000088f00000, 0x0000000088f00000| Untracked 
| 144|0x0000000089000000, 0x0000000089000000, 0x0000000089100000|  0%| F|  |TAMS 0x0000000089000000, 0x0000000089000000| Untracked 
| 145|0x0000000089100000, 0x0000000089100000, 0x0000000089200000|  0%| F|  |TAMS 0x0000000089100000, 0x0000000089100000| Untracked 
| 146|0x0000000089200000, 0x0000000089200000, 0x0000000089300000|  0%| F|  |TAMS 0x0000000089200000, 0x0000000089200000| Untracked 
| 147|0x0000000089300000, 0x0000000089300000, 0x0000000089400000|  0%| F|  |TAMS 0x0000000089300000, 0x0000000089300000| Untracked 
| 148|0x0000000089400000, 0x0000000089400000, 0x0000000089500000|  0%| F|  |TAMS 0x0000000089400000, 0x0000000089400000| Untracked 
| 149|0x0000000089500000, 0x0000000089500000, 0x0000000089600000|  0%| F|  |TAMS 0x0000000089500000, 0x0000000089500000| Untracked 
| 150|0x0000000089600000, 0x0000000089600000, 0x0000000089700000|  0%| F|  |TAMS 0x0000000089600000, 0x0000000089600000| Untracked 
| 151|0x0000000089700000, 0x0000000089700000, 0x0000000089800000|  0%| F|  |TAMS 0x0000000089700000, 0x0000000089700000| Untracked 
| 152|0x0000000089800000, 0x0000000089800000, 0x0000000089900000|  0%| F|  |TAMS 0x0000000089800000, 0x0000000089800000| Untracked 
| 153|0x0000000089900000, 0x0000000089900000, 0x0000000089a00000|  0%| F|  |TAMS 0x0000000089900000, 0x0000000089900000| Untracked 
| 154|0x0000000089a00000, 0x0000000089a00000, 0x0000000089b00000|  0%| F|  |TAMS 0x0000000089a00000, 0x0000000089a00000| Untracked 
| 155|0x0000000089b00000, 0x0000000089b00000, 0x0000000089c00000|  0%| F|  |TAMS 0x0000000089b00000, 0x0000000089b00000| Untracked 
| 156|0x0000000089c00000, 0x0000000089c00000, 0x0000000089d00000|  0%| F|  |TAMS 0x0000000089c00000, 0x0000000089c00000| Untracked 
| 157|0x0000000089d00000, 0x0000000089d00000, 0x0000000089e00000|  0%| F|  |TAMS 0x0000000089d00000, 0x0000000089d00000| Untracked 
| 158|0x0000000089e00000, 0x0000000089e00000, 0x0000000089f00000|  0%| F|  |TAMS 0x0000000089e00000, 0x0000000089e00000| Untracked 
| 159|0x0000000089f00000, 0x0000000089f00000, 0x000000008a000000|  0%| F|  |TAMS 0x0000000089f00000, 0x0000000089f00000| Untracked 
| 160|0x000000008a000000, 0x000000008a000000, 0x000000008a100000|  0%| F|  |TAMS 0x000000008a000000, 0x000000008a000000| Untracked 
| 161|0x000000008a100000, 0x000000008a100000, 0x000000008a200000|  0%| F|  |TAMS 0x000000008a100000, 0x000000008a100000| Untracked 
| 162|0x000000008a200000, 0x000000008a200000, 0x000000008a300000|  0%| F|  |TAMS 0x000000008a200000, 0x000000008a200000| Untracked 
| 163|0x000000008a300000, 0x000000008a300000, 0x000000008a400000|  0%| F|  |TAMS 0x000000008a300000, 0x000000008a300000| Untracked 
| 164|0x000000008a400000, 0x000000008a400000, 0x000000008a500000|  0%| F|  |TAMS 0x000000008a400000, 0x000000008a400000| Untracked 
| 165|0x000000008a500000, 0x000000008a500000, 0x000000008a600000|  0%| F|  |TAMS 0x000000008a500000, 0x000000008a500000| Untracked 
| 166|0x000000008a600000, 0x000000008a600000, 0x000000008a700000|  0%| F|  |TAMS 0x000000008a600000, 0x000000008a600000| Untracked 
| 167|0x000000008a700000, 0x000000008a700000, 0x000000008a800000|  0%| F|  |TAMS 0x000000008a700000, 0x000000008a700000| Untracked 
| 168|0x000000008a800000, 0x000000008a800000, 0x000000008a900000|  0%| F|  |TAMS 0x000000008a800000, 0x000000008a800000| Untracked 
| 169|0x000000008a900000, 0x000000008a900000, 0x000000008aa00000|  0%| F|  |TAMS 0x000000008a900000, 0x000000008a900000| Untracked 
| 170|0x000000008aa00000, 0x000000008aa00000, 0x000000008ab00000|  0%| F|  |TAMS 0x000000008aa00000, 0x000000008aa00000| Untracked 
| 171|0x000000008ab00000, 0x000000008ab00000, 0x000000008ac00000|  0%| F|  |TAMS 0x000000008ab00000, 0x000000008ab00000| Untracked 
| 172|0x000000008ac00000, 0x000000008ac00000, 0x000000008ad00000|  0%| F|  |TAMS 0x000000008ac00000, 0x000000008ac00000| Untracked 
| 173|0x000000008ad00000, 0x000000008ad00000, 0x000000008ae00000|  0%| F|  |TAMS 0x000000008ad00000, 0x000000008ad00000| Untracked 
| 174|0x000000008ae00000, 0x000000008ae00000, 0x000000008af00000|  0%| F|  |TAMS 0x000000008ae00000, 0x000000008ae00000| Untracked 
| 175|0x000000008af00000, 0x000000008af00000, 0x000000008b000000|  0%| F|  |TAMS 0x000000008af00000, 0x000000008af00000| Untracked 
| 176|0x000000008b000000, 0x000000008b000000, 0x000000008b100000|  0%| F|  |TAMS 0x000000008b000000, 0x000000008b000000| Untracked 
| 177|0x000000008b100000, 0x000000008b100000, 0x000000008b200000|  0%| F|  |TAMS 0x000000008b100000, 0x000000008b100000| Untracked 
| 178|0x000000008b200000, 0x000000008b200000, 0x000000008b300000|  0%| F|  |TAMS 0x000000008b200000, 0x000000008b200000| Untracked 
| 179|0x000000008b300000, 0x000000008b300000, 0x000000008b400000|  0%| F|  |TAMS 0x000000008b300000, 0x000000008b300000| Untracked 
| 180|0x000000008b400000, 0x000000008b400000, 0x000000008b500000|  0%| F|  |TAMS 0x000000008b400000, 0x000000008b400000| Untracked 
| 181|0x000000008b500000, 0x000000008b500000, 0x000000008b600000|  0%| F|  |TAMS 0x000000008b500000, 0x000000008b500000| Untracked 
| 182|0x000000008b600000, 0x000000008b600000, 0x000000008b700000|  0%| F|  |TAMS 0x000000008b600000, 0x000000008b600000| Untracked 
| 183|0x000000008b700000, 0x000000008b700000, 0x000000008b800000|  0%| F|  |TAMS 0x000000008b700000, 0x000000008b700000| Untracked 
| 184|0x000000008b800000, 0x000000008b800000, 0x000000008b900000|  0%| F|  |TAMS 0x000000008b800000, 0x000000008b800000| Untracked 
| 185|0x000000008b900000, 0x000000008b900000, 0x000000008ba00000|  0%| F|  |TAMS 0x000000008b900000, 0x000000008b900000| Untracked 
| 186|0x000000008ba00000, 0x000000008ba00000, 0x000000008bb00000|  0%| F|  |TAMS 0x000000008ba00000, 0x000000008ba00000| Untracked 
| 187|0x000000008bb00000, 0x000000008bb00000, 0x000000008bc00000|  0%| F|  |TAMS 0x000000008bb00000, 0x000000008bb00000| Untracked 
| 188|0x000000008bc00000, 0x000000008bc00000, 0x000000008bd00000|  0%| F|  |TAMS 0x000000008bc00000, 0x000000008bc00000| Untracked 
| 189|0x000000008bd00000, 0x000000008bd00000, 0x000000008be00000|  0%| F|  |TAMS 0x000000008bd00000, 0x000000008bd00000| Untracked 
| 190|0x000000008be00000, 0x000000008be00000, 0x000000008bf00000|  0%| F|  |TAMS 0x000000008be00000, 0x000000008be00000| Untracked 
| 191|0x000000008bf00000, 0x000000008bf00000, 0x000000008c000000|  0%| F|  |TAMS 0x000000008bf00000, 0x000000008bf00000| Untracked 
| 192|0x000000008c000000, 0x000000008c000000, 0x000000008c100000|  0%| F|  |TAMS 0x000000008c000000, 0x000000008c000000| Untracked 
| 193|0x000000008c100000, 0x000000008c100000, 0x000000008c200000|  0%| F|  |TAMS 0x000000008c100000, 0x000000008c100000| Untracked 
| 194|0x000000008c200000, 0x000000008c200000, 0x000000008c300000|  0%| F|  |TAMS 0x000000008c200000, 0x000000008c200000| Untracked 
| 195|0x000000008c300000, 0x000000008c300000, 0x000000008c400000|  0%| F|  |TAMS 0x000000008c300000, 0x000000008c300000| Untracked 
| 196|0x000000008c400000, 0x000000008c400000, 0x000000008c500000|  0%| F|  |TAMS 0x000000008c400000, 0x000000008c400000| Untracked 
| 197|0x000000008c500000, 0x000000008c500000, 0x000000008c600000|  0%| F|  |TAMS 0x000000008c500000, 0x000000008c500000| Untracked 
| 198|0x000000008c600000, 0x000000008c600000, 0x000000008c700000|  0%| F|  |TAMS 0x000000008c600000, 0x000000008c600000| Untracked 
| 199|0x000000008c700000, 0x000000008c700000, 0x000000008c800000|  0%| F|  |TAMS 0x000000008c700000, 0x000000008c700000| Untracked 
| 200|0x000000008c800000, 0x000000008c800000, 0x000000008c900000|  0%| F|  |TAMS 0x000000008c800000, 0x000000008c800000| Untracked 
| 201|0x000000008c900000, 0x000000008c900000, 0x000000008ca00000|  0%| F|  |TAMS 0x000000008c900000, 0x000000008c900000| Untracked 
| 202|0x000000008ca00000, 0x000000008ca00000, 0x000000008cb00000|  0%| F|  |TAMS 0x000000008ca00000, 0x000000008ca00000| Untracked 
| 203|0x000000008cb00000, 0x000000008cb00000, 0x000000008cc00000|  0%| F|  |TAMS 0x000000008cb00000, 0x000000008cb00000| Untracked 
| 204|0x000000008cc00000, 0x000000008cc00000, 0x000000008cd00000|  0%| F|  |TAMS 0x000000008cc00000, 0x000000008cc00000| Untracked 
| 205|0x000000008cd00000, 0x000000008cd00000, 0x000000008ce00000|  0%| F|  |TAMS 0x000000008cd00000, 0x000000008cd00000| Untracked 
| 206|0x000000008ce00000, 0x000000008ce00000, 0x000000008cf00000|  0%| F|  |TAMS 0x000000008ce00000, 0x000000008ce00000| Untracked 
| 207|0x000000008cf00000, 0x000000008cf00000, 0x000000008d000000|  0%| F|  |TAMS 0x000000008cf00000, 0x000000008cf00000| Untracked 
| 208|0x000000008d000000, 0x000000008d000000, 0x000000008d100000|  0%| F|  |TAMS 0x000000008d000000, 0x000000008d000000| Untracked 
| 209|0x000000008d100000, 0x000000008d100000, 0x000000008d200000|  0%| F|  |TAMS 0x000000008d100000, 0x000000008d100000| Untracked 
| 210|0x000000008d200000, 0x000000008d200000, 0x000000008d300000|  0%| F|  |TAMS 0x000000008d200000, 0x000000008d200000| Untracked 
| 211|0x000000008d300000, 0x000000008d300000, 0x000000008d400000|  0%| F|  |TAMS 0x000000008d300000, 0x000000008d300000| Untracked 
| 212|0x000000008d400000, 0x000000008d40f390, 0x000000008d500000|  5%| E|  |TAMS 0x000000008d400000, 0x000000008d400000| Complete 
| 213|0x000000008d500000, 0x000000008d600000, 0x000000008d600000|100%| E|CS|TAMS 0x000000008d500000, 0x000000008d500000| Complete 
| 214|0x000000008d600000, 0x000000008d700000, 0x000000008d700000|100%| E|CS|TAMS 0x000000008d600000, 0x000000008d600000| Complete 
| 215|0x000000008d700000, 0x000000008d800000, 0x000000008d800000|100%| E|CS|TAMS 0x000000008d700000, 0x000000008d700000| Complete 
| 216|0x000000008d800000, 0x000000008d900000, 0x000000008d900000|100%| E|CS|TAMS 0x000000008d800000, 0x000000008d800000| Complete 

Card table byte_map: [0x00000244b8fb0000,0x00000244b93b0000] _byte_map_base: 0x00000244b8bb0000

Marking Bits (Prev, Next): (CMBitMap*) 0x00000244a60cf2c8, (CMBitMap*) 0x00000244a60cf300
 Prev Bits: [0x00000244b97b0000, 0x00000244bb7b0000)
 Next Bits: [0x00000244bb7b0000, 0x00000244bd7b0000)

Polling page: 0x00000244a4010000

Metaspace:

Usage:
  Non-class:     58.17 MB capacity,    57.22 MB ( 98%) used,   813.55 KB (  1%) free+waste,   165.31 KB ( <1%) overhead. 
      Class:      8.79 MB capacity,     8.20 MB ( 93%) used,   533.60 KB (  6%) free+waste,    76.69 KB ( <1%) overhead. 
       Both:     66.97 MB capacity,    65.41 MB ( 98%) used,     1.32 MB (  2%) free+waste,   242.00 KB ( <1%) overhead. 

Virtual space:
  Non-class space:       60.00 MB reserved,      58.40 MB ( 97%) committed 
      Class space:        1.00 GB reserved,       8.88 MB ( <1%) committed 
             Both:        1.06 GB reserved,      67.28 MB (  6%) committed 

Chunk freelists:
   Non-Class:  42.00 KB
       Class:  20.00 KB
        Both:  62.00 KB

MaxMetaspaceSize: 17179869184.00 GB
CompressedClassSpaceSize: 1.00 GB
Initial GC threshold: 20.80 MB
Current GC threshold: 107.75 MB
CDS: off

CodeHeap 'non-profiled nmethods': size=120064Kb used=3800Kb max_used=3800Kb free=116263Kb
 bounds [0x00000244b1670000, 0x00000244b1a30000, 0x00000244b8bb0000]
CodeHeap 'profiled nmethods': size=120000Kb used=13692Kb max_used=13692Kb free=106307Kb
 bounds [0x00000244aa140000, 0x00000244aaea0000, 0x00000244b1670000]
CodeHeap 'non-nmethods': size=5696Kb used=2358Kb max_used=2402Kb free=3337Kb
 bounds [0x00000244a9bb0000, 0x00000244a9e20000, 0x00000244aa140000]
 total_blobs=7351 nmethods=6490 adapters=771
 compilation: enabled
              stopped_count=0, restarted_count=0
 full_count=0

Compilation events (20 events):
Event: 7.050 Thread 0x00000244bfccc800 6521       2       java.lang.StringBuilder::append (10 bytes)
Event: 7.050 Thread 0x00000244bfccc800 nmethod 6521 0x00000244aae9b110 code [0x00000244aae9b2c0, 0x00000244aae9b3e8]
Event: 7.050 Thread 0x00000244bfccc800 6522       2       com.google.common.cache.LocalCache$LoadingValueReference::get (10 bytes)
Event: 7.050 Thread 0x00000244bfccc800 nmethod 6522 0x00000244aae9b490 code [0x00000244aae9b640, 0x00000244aae9b768]
Event: 7.050 Thread 0x00000244bfccc800 6523       2       com.google.common.cache.LocalCache$LoadingValueReference::isActive (10 bytes)
Event: 7.050 Thread 0x00000244bfccc800 nmethod 6523 0x00000244aae9b810 code [0x00000244aae9b9c0, 0x00000244aae9bae8]
Event: 7.051 Thread 0x00000244bfccc800 6524       2       java.lang.String::replace (149 bytes)
Event: 7.052 Thread 0x00000244bfccc800 nmethod 6524 0x00000244aae9bb90 code [0x00000244aae9bde0, 0x00000244aae9c488]
Event: 7.052 Thread 0x00000244bfccc800 6526       2       com.google.common.util.concurrent.AbstractFuture::clearListeners (47 bytes)
Event: 7.052 Thread 0x00000244bfccc800 nmethod 6526 0x00000244aae9ca10 code [0x00000244aae9cbe0, 0x00000244aae9ceb8]
Event: 7.053 Thread 0x00000244bfccc800 6525       2       com.google.common.util.concurrent.AbstractFuture::releaseWaiters (38 bytes)
Event: 7.053 Thread 0x00000244bfccc800 nmethod 6525 0x00000244aae9d010 code [0x00000244aae9d1e0, 0x00000244aae9d508]
Event: 7.056 Thread 0x00000244bfccc800 6527       2       org.gradle.api.internal.provider.AbstractProperty::getValidationDisplayName (16 bytes)
Event: 7.056 Thread 0x00000244bfccc800 nmethod 6527 0x00000244aae9d690 code [0x00000244aae9d840, 0x00000244aae9d958]
Event: 7.058 Thread 0x00000244bfcc5800 nmethod 6503 0x00000244b1a20b10 code [0x00000244b1a20da0, 0x00000244b1a24298]
Event: 7.058 Thread 0x00000244bfcc5800 6502       4       java.util.StringJoiner::<init> (56 bytes)
Event: 7.062 Thread 0x00000244bfcc5800 nmethod 6502 0x00000244b1a25890 code [0x00000244b1a25a40, 0x00000244b1a25e18]
Event: 7.062 Thread 0x00000244bfcc5800 6463       4       java.util.LinkedList$ListItr::hasNext (20 bytes)
Event: 7.062 Thread 0x00000244bfcc5800 nmethod 6463 0x00000244b1a26010 code [0x00000244b1a261a0, 0x00000244b1a26218]
Event: 7.062 Thread 0x00000244bfcc5800 6506       4       java.lang.PublicMethods::merge (81 bytes)

GC Heap History (20 events):
Event: 1.596 GC heap before
{Heap before GC invocations=3 (full 0):
 garbage-first heap   total 126976K, used 51876K [0x0000000080000000, 0x0000000100000000)
  region size 1024K, 41 young (41984K), 2 survivors (2048K)
 Metaspace       used 17370K, capacity 17721K, committed 17792K, reserved 1064960K
  class space    used 2017K, capacity 2147K, committed 2176K, reserved 1048576K
}
Event: 1.601 GC heap after
{Heap after GC invocations=4 (full 0):
 garbage-first heap   total 126976K, used 16507K [0x0000000080000000, 0x0000000100000000)
  region size 1024K, 6 young (6144K), 6 survivors (6144K)
 Metaspace       used 17370K, capacity 17721K, committed 17792K, reserved 1064960K
  class space    used 2017K, capacity 2147K, committed 2176K, reserved 1048576K
}
Event: 1.816 GC heap before
{Heap before GC invocations=4 (full 0):
 garbage-first heap   total 126976K, used 48251K [0x0000000080000000, 0x0000000100000000)
  region size 1024K, 38 young (38912K), 6 survivors (6144K)
 Metaspace       used 20790K, capacity 21193K, committed 21296K, reserved 1069056K
  class space    used 2534K, capacity 2688K, committed 2688K, reserved 1048576K
}
Event: 1.821 GC heap after
{Heap after GC invocations=5 (full 0):
 garbage-first heap   total 152576K, used 17391K [0x0000000080000000, 0x0000000100000000)
  region size 1024K, 6 young (6144K), 6 survivors (6144K)
 Metaspace       used 20790K, capacity 21193K, committed 21296K, reserved 1069056K
  class space    used 2534K, capacity 2688K, committed 2688K, reserved 1048576K
}
Event: 2.333 GC heap before
{Heap before GC invocations=6 (full 0):
 garbage-first heap   total 152576K, used 80879K [0x0000000080000000, 0x0000000100000000)
  region size 1024K, 68 young (69632K), 6 survivors (6144K)
 Metaspace       used 27001K, capacity 27611K, committed 27776K, reserved 1073152K
  class space    used 3506K, capacity 3708K, committed 3712K, reserved 1048576K
}
Event: 2.339 GC heap after
{Heap after GC invocations=7 (full 0):
 garbage-first heap   total 152576K, used 19761K [0x0000000080000000, 0x0000000100000000)
  region size 1024K, 4 young (4096K), 4 survivors (4096K)
 Metaspace       used 27001K, capacity 27611K, committed 27776K, reserved 1073152K
  class space    used 3506K, capacity 3708K, committed 3712K, reserved 1048576K
}
Event: 2.920 GC heap before
{Heap before GC invocations=7 (full 0):
 garbage-first heap   total 152576K, used 75057K [0x0000000080000000, 0x0000000100000000)
  region size 1024K, 59 young (60416K), 4 survivors (4096K)
 Metaspace       used 35191K, capacity 35978K, committed 36048K, reserved 1081344K
  class space    used 4531K, capacity 4840K, committed 4864K, reserved 1048576K
}
Event: 2.929 GC heap after
{Heap after GC invocations=8 (full 0):
 garbage-first heap   total 152576K, used 22944K [0x0000000080000000, 0x0000000100000000)
  region size 1024K, 7 young (7168K), 7 survivors (7168K)
 Metaspace       used 35191K, capacity 35978K, committed 36048K, reserved 1081344K
  class space    used 4531K, capacity 4840K, committed 4864K, reserved 1048576K
}
Event: 3.510 GC heap before
{Heap before GC invocations=9 (full 0):
 garbage-first heap   total 152576K, used 99744K [0x0000000080000000, 0x0000000100000000)
  region size 1024K, 79 young (80896K), 7 survivors (7168K)
 Metaspace       used 40835K, capacity 41809K, committed 42140K, reserved 1085440K
  class space    used 5174K, capacity 5519K, committed 5632K, reserved 1048576K
}
Event: 3.521 GC heap after
{Heap after GC invocations=10 (full 0):
 garbage-first heap   total 152576K, used 29143K [0x0000000080000000, 0x0000000100000000)
  region size 1024K, 10 young (10240K), 10 survivors (10240K)
 Metaspace       used 40835K, capacity 41809K, committed 42140K, reserved 1085440K
  class space    used 5174K, capacity 5519K, committed 5632K, reserved 1048576K
}
Event: 4.118 GC heap before
{Heap before GC invocations=10 (full 0):
 garbage-first heap   total 152576K, used 105943K [0x0000000080000000, 0x0000000100000000)
  region size 1024K, 85 young (87040K), 10 survivors (10240K)
 Metaspace       used 47452K, capacity 48557K, committed 48668K, reserved 1091584K
  class space    used 6048K, capacity 6463K, committed 6528K, reserved 1048576K
}
Event: 4.130 GC heap after
{Heap after GC invocations=11 (full 0):
 garbage-first heap   total 183296K, used 30878K [0x0000000080000000, 0x0000000100000000)
  region size 1024K, 8 young (8192K), 8 survivors (8192K)
 Metaspace       used 47452K, capacity 48557K, committed 48668K, reserved 1091584K
  class space    used 6048K, capacity 6463K, committed 6528K, reserved 1048576K
}
Event: 5.426 GC heap before
{Heap before GC invocations=11 (full 0):
 garbage-first heap   total 183296K, used 136350K [0x0000000080000000, 0x0000000100000000)
  region size 1024K, 107 young (109568K), 8 survivors (8192K)
 Metaspace       used 56684K, capacity 58108K, committed 58268K, reserved 1099776K
  class space    used 7092K, capacity 7627K, committed 7680K, reserved 1048576K
}
Event: 5.444 GC heap after
{Heap after GC invocations=12 (full 0):
 garbage-first heap   total 183296K, used 42889K [0x0000000080000000, 0x0000000100000000)
  region size 1024K, 14 young (14336K), 14 survivors (14336K)
 Metaspace       used 56684K, capacity 58108K, committed 58268K, reserved 1099776K
  class space    used 7092K, capacity 7627K, committed 7680K, reserved 1048576K
}
Event: 5.864 GC heap before
{Heap before GC invocations=12 (full 0):
 garbage-first heap   total 183296K, used 60297K [0x0000000080000000, 0x0000000100000000)
  region size 1024K, 32 young (32768K), 14 survivors (14336K)
 Metaspace       used 59167K, capacity 60561K, committed 60572K, reserved 1101824K
  class space    used 7401K, capacity 7927K, committed 7936K, reserved 1048576K
}
Event: 5.886 GC heap after
{Heap after GC invocations=13 (full 0):
 garbage-first heap   total 183296K, used 45532K [0x0000000080000000, 0x0000000100000000)
  region size 1024K, 2 young (2048K), 2 survivors (2048K)
 Metaspace       used 59167K, capacity 60561K, committed 60572K, reserved 1101824K
  class space    used 7401K, capacity 7927K, committed 7936K, reserved 1048576K
}
Event: 6.622 GC heap before
{Heap before GC invocations=14 (full 0):
 garbage-first heap   total 183296K, used 114140K [0x0000000080000000, 0x0000000100000000)
  region size 1024K, 63 young (64512K), 2 survivors (2048K)
 Metaspace       used 64210K, capacity 65682K, committed 65948K, reserved 1105920K
  class space    used 8026K, capacity 8581K, committed 8704K, reserved 1048576K
}
Event: 6.632 GC heap after
{Heap after GC invocations=15 (full 0):
 garbage-first heap   total 183296K, used 50466K [0x0000000080000000, 0x0000000100000000)
  region size 1024K, 7 young (7168K), 7 survivors (7168K)
 Metaspace       used 64210K, capacity 65682K, committed 65948K, reserved 1105920K
  class space    used 8026K, capacity 8581K, committed 8704K, reserved 1048576K
}
Event: 7.031 GC heap before
{Heap before GC invocations=16 (full 0):
 garbage-first heap   total 183296K, used 114978K [0x0000000080000000, 0x0000000100000000)
  region size 1024K, 70 young (71680K), 7 survivors (7168K)
 Metaspace       used 66487K, capacity 68062K, committed 68252K, reserved 1107968K
  class space    used 8337K, capacity 8940K, committed 8960K, reserved 1048576K
}
Event: 7.044 GC heap after
{Heap after GC invocations=17 (full 0):
 garbage-first heap   total 222208K, used 54559K [0x0000000080000000, 0x0000000100000000)
  region size 1024K, 5 young (5120K), 5 survivors (5120K)
 Metaspace       used 66487K, capacity 68062K, committed 68252K, reserved 1107968K
  class space    used 8337K, capacity 8940K, committed 8960K, reserved 1048576K
}

Deoptimization events (20 events):
Event: 6.826 Thread 0x00000244c20bf000 Uncommon trap: trap_request=0xffffff4d fr.pc=0x00000244b1787888 relative=0x0000000000000628
Event: 6.826 Thread 0x00000244c20bf000 Uncommon trap: reason=unstable_if action=reinterpret pc=0x00000244b1787888 method=java.lang.AbstractStringBuilder.appendChars(Ljava/lang/CharSequence;II)V @ 43 c2
Event: 6.826 Thread 0x00000244c20bf000 DEOPT PACKING pc=0x00000244b1787888 sp=0x000000ef3bcf62b0
Event: 6.826 Thread 0x00000244c20bf000 DEOPT UNPACKING pc=0x00000244a9bb85af sp=0x000000ef3bcf61e0 mode 2
Event: 6.826 Thread 0x00000244c20bf000 Uncommon trap: trap_request=0xffffff4d fr.pc=0x00000244b169ecb4 relative=0x00000000000001f4
Event: 6.826 Thread 0x00000244c20bf000 Uncommon trap: reason=unstable_if action=reinterpret pc=0x00000244b169ecb4 method=java.lang.AbstractStringBuilder.isLatin1()Z @ 10 c2
Event: 6.826 Thread 0x00000244c20bf000 DEOPT PACKING pc=0x00000244b169ecb4 sp=0x000000ef3bcf6230
Event: 6.826 Thread 0x00000244c20bf000 DEOPT UNPACKING pc=0x00000244a9bb85af sp=0x000000ef3bcf6170 mode 2
Event: 6.826 Thread 0x00000244c20bf000 Uncommon trap: trap_request=0xffffff4d fr.pc=0x00000244b178644c relative=0x000000000000056c
Event: 6.826 Thread 0x00000244c20bf000 Uncommon trap: reason=unstable_if action=reinterpret pc=0x00000244b178644c method=java.lang.AbstractStringBuilder.appendChars(Ljava/lang/CharSequence;II)V @ 4 c2
Event: 6.826 Thread 0x00000244c20bf000 DEOPT PACKING pc=0x00000244b178644c sp=0x000000ef3bcf62c0
Event: 6.826 Thread 0x00000244c20bf000 DEOPT UNPACKING pc=0x00000244a9bb85af sp=0x000000ef3bcf61a8 mode 2
Event: 6.898 Thread 0x00000244c20bf000 Uncommon trap: trap_request=0xffffff4d fr.pc=0x00000244b19faca0 relative=0x0000000000000360
Event: 6.898 Thread 0x00000244c20bf000 Uncommon trap: reason=unstable_if action=reinterpret pc=0x00000244b19faca0 method=java.util.StringJoiner.add(Ljava/lang/CharSequence;)Ljava/util/StringJoiner; @ 33 c2
Event: 6.898 Thread 0x00000244c20bf000 DEOPT PACKING pc=0x00000244b19faca0 sp=0x000000ef3bcf5660
Event: 6.898 Thread 0x00000244c20bf000 DEOPT UNPACKING pc=0x00000244a9bb85af sp=0x000000ef3bcf5610 mode 2
Event: 6.994 Thread 0x00000244c20bf000 Uncommon trap: trap_request=0xffffff4d fr.pc=0x00000244b188b364 relative=0x0000000000005b64
Event: 6.994 Thread 0x00000244c20bf000 Uncommon trap: reason=unstable_if action=reinterpret pc=0x00000244b188b364 method=org.codehaus.groovy.runtime.metaclass.MetaMethodIndex.isOverridden(Lgroovy/lang/MetaMethod;Lgroovy/lang/MetaMethod;)Z @ 33 c2
Event: 6.994 Thread 0x00000244c20bf000 DEOPT PACKING pc=0x00000244b188b364 sp=0x000000ef3bcf4430
Event: 6.994 Thread 0x00000244c20bf000 DEOPT UNPACKING pc=0x00000244a9bb85af sp=0x000000ef3bcf4448 mode 2

Classes redefined (0 events):
No events

Internal exceptions (20 events):
Event: 6.997 Thread 0x00000244c20bf000 Exception <a 'java/lang/ClassNotFoundException'{0x0000000087b76d20}: com/android/builder/core/AbstractBuildTypeCustomizer> (0x0000000087b76d20) thrown at [./src/hotspot/share/classfile/systemDictionary.cpp, line 231]
Event: 6.997 Thread 0x00000244c20bf000 Exception <a 'java/lang/ClassNotFoundException'{0x0000000087bb0778}: com/android/build/gradle/internal/dsl/BuildTypeCustomizer> (0x0000000087bb0778) thrown at [./src/hotspot/share/classfile/systemDictionary.cpp, line 231]
Event: 6.999 Thread 0x00000244c20bf000 Exception <a 'java/lang/ClassNotFoundException'{0x0000000087a46ee8}: com/android/build/gradle/internal/dsl/BuildType$AgpDecoratedCustomizer> (0x0000000087a46ee8) thrown at [./src/hotspot/share/classfile/systemDictionary.cpp, line 231]
Event: 6.999 Thread 0x00000244c20bf000 Exception <a 'java/lang/ClassNotFoundException'{0x0000000087aa8830}: com/android/build/gradle/internal/dsl/BuildType$AgpDecorated_DecoratedCustomizer> (0x0000000087aa8830) thrown at [./src/hotspot/share/classfile/systemDictionary.cpp, line 231]
Event: 7.002 Thread 0x00000244c20bf000 Exception <a 'java/lang/ClassNotFoundException'{0x0000000087982d68}: build_4yok7wnengh0gtcxcqejupbfz$_run_closure1$_closure4BeanInfo> (0x0000000087982d68) thrown at [./src/hotspot/share/classfile/systemDictionary.cpp, line 231]
Event: 7.003 Thread 0x00000244c20bf000 Exception <a 'java/lang/ClassNotFoundException'{0x0000000087995400}: build_4yok7wnengh0gtcxcqejupbfz$_run_closure1$_closure4Customizer> (0x0000000087995400) thrown at [./src/hotspot/share/classfile/systemDictionary.cpp, line 231]
Event: 7.004 Thread 0x00000244c20bf000 Exception <a 'java/lang/ClassNotFoundException'{0x00000000879c0650}: build_4yok7wnengh0gtcxcqejupbfz$_run_closure1BeanInfo> (0x00000000879c0650) thrown at [./src/hotspot/share/classfile/systemDictionary.cpp, line 231]
Event: 7.004 Thread 0x00000244c20bf000 Exception <a 'java/lang/ClassNotFoundException'{0x00000000879d24b0}: build_4yok7wnengh0gtcxcqejupbfz$_run_closure1Customizer> (0x00000000879d24b0) thrown at [./src/hotspot/share/classfile/systemDictionary.cpp, line 231]
Event: 7.007 Thread 0x00000244c20bf000 Exception <a 'java/lang/ClassNotFoundException'{0x00000000878373b8}: org/gradle/api/JavaVersionBeanInfo> (0x00000000878373b8) thrown at [./src/hotspot/share/classfile/systemDictionary.cpp, line 231]
Event: 7.007 Thread 0x00000244c20bf000 Exception <a 'java/lang/ClassNotFoundException'{0x0000000087866238}: org/gradle/api/JavaVersionCustomizer> (0x0000000087866238) thrown at [./src/hotspot/share/classfile/systemDictionary.cpp, line 231]
Event: 7.009 Thread 0x00000244c20bf000 Exception <a 'java/lang/ClassNotFoundException'{0x00000000878d12f8}: com/android/build/gradle/internal/CompileOptions$AgpDecorated_DecoratedBeanInfo> (0x00000000878d12f8) thrown at [./src/hotspot/share/classfile/systemDictionary.cpp, line 231]
Event: 7.009 Thread 0x00000244c20bf000 Exception <a 'java/lang/ClassNotFoundException'{0x00000000878ef930}: com/android/build/gradle/internal/CompileOptions$AgpDecoratedBeanInfo> (0x00000000878ef930) thrown at [./src/hotspot/share/classfile/systemDictionary.cpp, line 231]
Event: 7.009 Thread 0x00000244c20bf000 Exception <a 'java/lang/ClassNotFoundException'{0x000000008770bee0}: com/android/build/gradle/internal/CompileOptionsBeanInfo> (0x000000008770bee0) thrown at [./src/hotspot/share/classfile/systemDictionary.cpp, line 231]
Event: 7.010 Thread 0x00000244c20bf000 Exception <a 'java/lang/ClassNotFoundException'{0x00000000877289a0}: com/android/build/gradle/internal/CompileOptionsCustomizer> (0x00000000877289a0) thrown at [./src/hotspot/share/classfile/systemDictionary.cpp, line 231]
Event: 7.010 Thread 0x00000244c20bf000 Exception <a 'java/lang/ClassNotFoundException'{0x0000000087753410}: com/android/build/gradle/internal/CompileOptions$AgpDecoratedCustomizer> (0x0000000087753410) thrown at [./src/hotspot/share/classfile/systemDictionary.cpp, line 231]
Event: 7.011 Thread 0x00000244c20bf000 Exception <a 'java/lang/ClassNotFoundException'{0x0000000087780cc8}: com/android/build/gradle/internal/CompileOptions$AgpDecorated_DecoratedCustomizer> (0x0000000087780cc8) thrown at [./src/hotspot/share/classfile/systemDictionary.cpp, line 231]
Event: 7.020 Thread 0x00000244c20bf000 Exception <a 'java/lang/ClassNotFoundException'{0x00000000876bc358}: org/gradle/api/internal/artifacts/dsl/dependencies/DefaultDependencyHandler_DecoratedBeanInfo> (0x00000000876bc358) thrown at [./src/hotspot/share/classfile/systemDictionary.cpp, line 231]
Event: 7.020 Thread 0x00000244c20bf000 Exception <a 'java/lang/ClassNotFoundException'{0x000000008750cde0}: org/gradle/api/internal/artifacts/dsl/dependencies/DefaultDependencyHandlerBeanInfo> (0x000000008750cde0) thrown at [./src/hotspot/share/classfile/systemDictionary.cpp, line 231]
Event: 7.021 Thread 0x00000244c20bf000 Exception <a 'java/lang/ClassNotFoundException'{0x000000008755d5b0}: org/gradle/api/internal/artifacts/dsl/dependencies/DefaultDependencyHandlerCustomizer> (0x000000008755d5b0) thrown at [./src/hotspot/share/classfile/systemDictionary.cpp, line 231]
Event: 7.022 Thread 0x00000244c20bf000 Exception <a 'java/lang/ClassNotFoundException'{0x00000000875d8220}: org/gradle/api/internal/artifacts/dsl/dependencies/DefaultDependencyHandler_DecoratedCustomizer> (0x00000000875d8220) thrown at [./src/hotspot/share/classfile/systemDictionary.cpp, line 231]

Events (20 events):
Event: 7.062 loading class com/android/build/api/component/impl/ComponentIdentityImpl
Event: 7.062 loading class com/android/build/api/component/impl/ComponentIdentityImpl done
Event: 7.063 loading class com/android/build/gradle/internal/core/VariantDslInfoImpl$dslNamespaceProvider$1$1
Event: 7.063 loading class com/android/build/gradle/internal/core/VariantDslInfoImpl$dslNamespaceProvider$1$1 done
Event: 7.063 loading class com/android/build/gradle/internal/core/VariantDslInfoImpl$mergedFlavor$2
Event: 7.063 loading class com/android/build/gradle/internal/core/VariantDslInfoImpl$mergedFlavor$2 done
Event: 7.063 loading class com/android/build/gradle/internal/core/MergedNdkConfig
Event: 7.063 loading class com/android/build/gradle/internal/core/MergedNdkConfig done
Event: 7.063 loading class com/android/build/gradle/internal/core/MergedOptions
Event: 7.063 loading class com/android/build/gradle/internal/core/MergedOptions done
Event: 7.063 loading class com/android/build/gradle/internal/core/MergedExternalNativeBuildOptions
Event: 7.063 loading class com/android/build/gradle/internal/core/MergedExternalNativeBuildOptions done
Event: 7.064 loading class com/android/build/gradle/internal/core/MergedExternalNativeNdkBuildOptions
Event: 7.064 loading class com/android/build/gradle/internal/core/MergedExternalNativeNdkBuildOptions done
Event: 7.064 loading class com/android/build/gradle/internal/core/MergedExternalNativeCmakeOptions
Event: 7.064 loading class com/android/build/gradle/internal/core/MergedExternalNativeCmakeOptions done
Event: 7.064 loading class com/android/build/gradle/internal/core/MergedJavaCompileOptions
Event: 7.064 loading class com/android/build/gradle/internal/core/MergedJavaCompileOptions done
Event: 7.064 loading class com/android/build/gradle/internal/core/MergedJavaCompileOptions$AgpDecorated
Event: 7.064 loading class com/android/build/gradle/internal/core/MergedJavaCompileOptions$AgpDecorated done


Dynamic libraries:
0x00007ff64a880000 - 0x00007ff64a88a000 	C:\Program Files\Android\Android Studio\jre\bin\java.exe
0x00007ffc45740000 - 0x00007ffc45949000 	C:\WINDOWS\SYSTEM32\ntdll.dll
0x00007ffc44a00000 - 0x00007ffc44abd000 	C:\WINDOWS\System32\KERNEL32.DLL
0x00007ffc431e0000 - 0x00007ffc4355c000 	C:\WINDOWS\System32\KERNELBASE.dll
0x00007ffc42c20000 - 0x00007ffc42d31000 	C:\WINDOWS\System32\ucrtbase.dll
0x00007ffc3c000000 - 0x00007ffc3c017000 	C:\Program Files\Android\Android Studio\jre\bin\VCRUNTIME140.dll
0x00007ffc2bcc0000 - 0x00007ffc2bcd9000 	C:\Program Files\Android\Android Studio\jre\bin\jli.dll
0x00007ffc44c90000 - 0x00007ffc44e3d000 	C:\WINDOWS\System32\USER32.dll
0x00007ffc2ac00000 - 0x00007ffc2aea5000 	C:\WINDOWS\WinSxS\amd64_microsoft.windows.common-controls_6595b64144ccf1df_6.0.22000.120_none_9d947278b86cc467\COMCTL32.dll
0x00007ffc45140000 - 0x00007ffc451e3000 	C:\WINDOWS\System32\msvcrt.dll
0x00007ffc45110000 - 0x00007ffc45139000 	C:\WINDOWS\System32\GDI32.dll
0x00007ffc42d40000 - 0x00007ffc42d66000 	C:\WINDOWS\System32\win32u.dll
0x00007ffc42d70000 - 0x00007ffc42e89000 	C:\WINDOWS\System32\gdi32full.dll
0x00007ffc430c0000 - 0x00007ffc4315d000 	C:\WINDOWS\System32\msvcp_win.dll
0x00007ffc43a20000 - 0x00007ffc43a51000 	C:\WINDOWS\System32\IMM32.DLL
0x00007ffc2b950000 - 0x00007ffc2b9ed000 	C:\Program Files\Android\Android Studio\jre\bin\msvcp140.dll
0x00007ffbe8620000 - 0x00007ffbe9122000 	C:\Program Files\Android\Android Studio\jre\bin\server\jvm.dll
0x00007ffc44ac0000 - 0x00007ffc44b6e000 	C:\WINDOWS\System32\ADVAPI32.dll
0x00007ffc44e40000 - 0x00007ffc44ede000 	C:\WINDOWS\System32\sechost.dll
0x00007ffc43630000 - 0x00007ffc43750000 	C:\WINDOWS\System32\RPCRT4.dll
0x00007ffc45050000 - 0x00007ffc45058000 	C:\WINDOWS\System32\PSAPI.DLL
0x00007ffc3f370000 - 0x00007ffc3f379000 	C:\WINDOWS\SYSTEM32\WSOCK32.dll
0x00007ffc437b0000 - 0x00007ffc4381f000 	C:\WINDOWS\System32\WS2_32.dll
0x00007ffc38b50000 - 0x00007ffc38b83000 	C:\WINDOWS\SYSTEM32\WINMM.dll
0x00007ffc35580000 - 0x00007ffc3558a000 	C:\WINDOWS\SYSTEM32\VERSION.dll
0x00007ffc41cd0000 - 0x00007ffc41ce8000 	C:\WINDOWS\SYSTEM32\kernel.appcore.dll
0x00007ffc3bf10000 - 0x00007ffc3bf21000 	C:\Program Files\Android\Android Studio\jre\bin\verify.dll
0x00007ffc40700000 - 0x00007ffc40921000 	C:\WINDOWS\SYSTEM32\DBGHELP.DLL
0x00007ffc35590000 - 0x00007ffc355c1000 	C:\WINDOWS\SYSTEM32\dbgcore.DLL
0x00007ffc43160000 - 0x00007ffc431df000 	C:\WINDOWS\System32\bcryptPrimitives.dll
0x00007ffc3bee0000 - 0x00007ffc3bf09000 	C:\Program Files\Android\Android Studio\jre\bin\java.dll
0x00007ffc3bff0000 - 0x00007ffc3bffb000 	C:\Program Files\Android\Android Studio\jre\bin\jimage.dll
0x00007ffc351e0000 - 0x00007ffc351f8000 	C:\Program Files\Android\Android Studio\jre\bin\zip.dll
0x00007ffc44240000 - 0x00007ffc449f8000 	C:\WINDOWS\System32\SHELL32.dll
0x00007ffc40d40000 - 0x00007ffc415a8000 	C:\WINDOWS\SYSTEM32\windows.storage.dll
0x00007ffc45380000 - 0x00007ffc456f9000 	C:\WINDOWS\System32\combase.dll
0x00007ffc40bd0000 - 0x00007ffc40d36000 	C:\WINDOWS\SYSTEM32\wintypes.dll
0x00007ffc43f60000 - 0x00007ffc4404a000 	C:\WINDOWS\System32\SHCORE.dll
0x00007ffc435d0000 - 0x00007ffc4362d000 	C:\WINDOWS\System32\shlwapi.dll
0x00007ffc42b50000 - 0x00007ffc42b71000 	C:\WINDOWS\SYSTEM32\profapi.dll
0x00007ffc34540000 - 0x00007ffc3455a000 	C:\Program Files\Android\Android Studio\jre\bin\net.dll
0x00007ffc38e80000 - 0x00007ffc38f8c000 	C:\WINDOWS\SYSTEM32\WINHTTP.dll
0x00007ffc420f0000 - 0x00007ffc42157000 	C:\WINDOWS\system32\mswsock.dll
0x00007ffc33360000 - 0x00007ffc33374000 	C:\Program Files\Android\Android Studio\jre\bin\nio.dll
0x00007ffc2b9f0000 - 0x00007ffc2ba17000 	C:\Users\Lenovo\AndroidStudioProjects\Mb1\native\e1d6ef7f7dcc3fd88c89a11ec53ec762bb8ba0a96d01ffa2cd45eb1d1d8dd5c5\windows-amd64\native-platform.dll
0x00007ffc1a970000 - 0x00007ffc1aab4000 	C:\Users\Lenovo\AndroidStudioProjects\Mb1\native\0d407fdbe67a94daf76414ababcb853783967236a71b16ec16e742cd7a986fd3\windows-amd64\native-platform-file-events.dll
0x00007ffc3bf60000 - 0x00007ffc3bf6a000 	C:\Program Files\Android\Android Studio\jre\bin\management.dll
0x00007ffc3bed0000 - 0x00007ffc3bedd000 	C:\Program Files\Android\Android Studio\jre\bin\management_ext.dll
0x00007ffc423d0000 - 0x00007ffc423e8000 	C:\WINDOWS\SYSTEM32\CRYPTSP.dll
0x00007ffc41c30000 - 0x00007ffc41c65000 	C:\WINDOWS\system32\rsaenh.dll
0x00007ffc42190000 - 0x00007ffc421b9000 	C:\WINDOWS\SYSTEM32\USERENV.dll
0x00007ffc42600000 - 0x00007ffc42627000 	C:\WINDOWS\SYSTEM32\bcrypt.dll
0x00007ffc422e0000 - 0x00007ffc422ec000 	C:\WINDOWS\SYSTEM32\CRYPTBASE.dll
0x00007ffc41800000 - 0x00007ffc4182d000 	C:\WINDOWS\SYSTEM32\IPHLPAPI.DLL
0x00007ffc44050000 - 0x00007ffc44059000 	C:\WINDOWS\System32\NSI.dll
0x00007ffc38e60000 - 0x00007ffc38e79000 	C:\WINDOWS\SYSTEM32\dhcpcsvc6.DLL
0x00007ffc390c0000 - 0x00007ffc390de000 	C:\WINDOWS\SYSTEM32\dhcpcsvc.DLL
0x00007ffc41830000 - 0x00007ffc41918000 	C:\WINDOWS\SYSTEM32\DNSAPI.dll

dbghelp: loaded successfully - version: 4.0.5 - missing functions: none
symbol engine: initialized successfully - sym options: 0x614 - pdb path: .;C:\Program Files\Android\Android Studio\jre\bin;C:\WINDOWS\SYSTEM32;C:\WINDOWS\WinSxS\amd64_microsoft.windows.common-controls_6595b64144ccf1df_6.0.22000.120_none_9d947278b86cc467;C:\Program Files\Android\Android Studio\jre\bin\server;C:\Users\Lenovo\AndroidStudioProjects\Mb1\native\e1d6ef7f7dcc3fd88c89a11ec53ec762bb8ba0a96d01ffa2cd45eb1d1d8dd5c5\windows-amd64;C:\Users\Lenovo\AndroidStudioProjects\Mb1\native\0d407fdbe67a94daf76414ababcb853783967236a71b16ec16e742cd7a986fd3\windows-amd64

VM Arguments:
jvm_args: --add-opens=java.base/java.util=ALL-UNNAMED --add-opens=java.base/java.lang=ALL-UNNAMED --add-opens=java.base/java.lang.invoke=ALL-UNNAMED --add-opens=java.base/java.util=ALL-UNNAMED --add-opens=java.prefs/java.util.prefs=ALL-UNNAMED --add-opens=java.prefs/java.util.prefs=ALL-UNNAMED --add-opens=java.base/java.nio.charset=ALL-UNNAMED --add-opens=java.base/java.net=ALL-UNNAMED --add-opens=java.base/java.util.concurrent.atomic=ALL-UNNAMED -Xmx2048m -Dfile.encoding=UTF-8 -Duser.country=IN -Duser.language=en -Duser.variant 
java_command: org.gradle.launcher.daemon.bootstrap.GradleDaemon 7.4
java_class_path (initial): C:\Users\Lenovo\AndroidStudioProjects\Mb1\wrapper\dists\gradle-7.4-bin\c0gwcg53nkjbqw7r0h0umtfvt\gradle-7.4\lib\gradle-launcher-7.4.jar
Launcher Type: SUN_STANDARD

[Global flags]
     intx CICompilerCount                          = 3                                         {product} {ergonomic}
     uint ConcGCThreads                            = 1                                         {product} {ergonomic}
     uint G1ConcRefinementThreads                  = 4                                         {product} {ergonomic}
   size_t G1HeapRegionSize                         = 1048576                                   {product} {ergonomic}
    uintx GCDrainStackTargetSize                   = 64                                        {product} {ergonomic}
   size_t InitialHeapSize                          = 130023424                                 {product} {ergonomic}
   size_t MarkStackSize                            = 4194304                                   {product} {ergonomic}
   size_t MaxHeapSize                              = 2147483648                                {product} {command line}
   size_t MaxNewSize                               = 1287651328                                {product} {ergonomic}
   size_t MinHeapDeltaBytes                        = 1048576                                   {product} {ergonomic}
    uintx NonNMethodCodeHeapSize                   = 5830732                                {pd product} {ergonomic}
    uintx NonProfiledCodeHeapSize                  = 122913754                              {pd product} {ergonomic}
    uintx ProfiledCodeHeapSize                     = 122913754                              {pd product} {ergonomic}
    uintx ReservedCodeCacheSize                    = 251658240                              {pd product} {ergonomic}
     bool SegmentedCodeCache                       = true                                      {product} {ergonomic}
     bool UseCompressedClassPointers               = true                                 {lp64_product} {ergonomic}
     bool UseCompressedOops                        = true                                 {lp64_product} {ergonomic}
     bool UseG1GC                                  = true                                      {product} {ergonomic}
     bool UseLargePagesIndividualAllocation        = false                                  {pd product} {ergonomic}

Logging:
Log output configuration:
 #0: stdout all=warning uptime,level,tags
 #1: stderr all=off uptime,level,tags

Environment Variables:
PATH=D:\Python310\Scripts\;D:\Python310\;C:\ProgramData\Oracle\Java\javapath;C:\Program Files\Common Files\Oracle\Java\javapath;C:\WINDOWS\system32;C:\WINDOWS;C:\WINDOWS\System32\Wbem;C:\WINDOWS\System32\WindowsPowerShell\v1.0\;C:\WINDOWS\System32\OpenSSH\;C:\Program Files\nodejs\;C:\Program Files\Git\cmd;C:\Program Files\dotnet\;C:\Program Files\MySQL\MySQL Shell 8.0\bin\;C:\Users\Lenovo\AppData\Local\Microsoft\WindowsApps;C:\Users\Lenovo\AppData\Local\Programs\Microsoft VS Code\bin;C:\ProgramData\Lenovo\GitHubDesktop\bin;C:\Users\Lenovo\AppData\Local\GitHubDesktop\bin;C:\Program Files\JetBrains\IntelliJ IDEA Community Edition 2021.3\bin;;C:\Program Files\Java\jdk-17.0.1\bin;C:\flutter\bin;C:\Users\Lenovo\AppData\Roaming\npm;C:\Program Files\MongoDB\Server\6.0\bin;
USERNAME=Lenovo
OS=Windows_NT
PROCESSOR_IDENTIFIER=Intel64 Family 6 Model 140 Stepping 1, GenuineIntel



---------------  S Y S T E M  ---------------

OS: Windows 11 , 64 bit Build 22000 (10.0.22000.708)
OS uptime: 0 days 2:39 hours
Hyper-V role detected

CPU:total 4 (initial active 4) (2 cores per cpu, 2 threads per core) family 6 model 140 stepping 1 microcode 0x86, cmov, cx8, fxsr, mmx, sse, sse2, sse3, ssse3, sse4.1, sse4.2, popcnt, avx, avx2, aes, clmul, erms, 3dnowpref, lzcnt, ht, tsc, tscinvbit, bmi1, bmi2, adx, evex, sha, fma

Memory: 4k page, system-wide physical 7890M (1002M free)
TotalPageFile size 10606M (AvailPageFile size 5M)
current process WorkingSet (physical memory assigned to process): 384M, peak: 384M
current process commit charge ("private bytes"): 454M, peak: 455M

vm_info: OpenJDK 64-Bit Server VM (11.0.13+0-b1751.21-8125866) for windows-amd64 JRE (11.0.13+0-b1751.21-8125866), built on Feb  2 2022 03:00:22 by "builder" with MS VC++ 14.0 (VS2015)

END.
