#
# There is insufficient memory for the Java Runtime Environment to continue.
# Native memory allocation (mmap) failed to map 37748736 bytes for Failed to commit area from 0x000000008b300000 to 0x000000008d700000 of length 37748736.
# Possible reasons:
#   The system is out of physical RAM or swap space
#   The process is running with CompressedOops enabled, and the Java Heap may be blocking the growth of the native heap
# Possible solutions:
#   Reduce memory load on the system
#   Increase physical memory or swap space
#   Check if swap backing store is full
#   Decrease Java heap size (-Xmx/-Xms)
#   Decrease number of Java threads
#   Decrease Java thread stack sizes (-Xss)
#   Set larger code cache with -XX:ReservedCodeCacheSize=
#   JVM is running with Unscaled Compressed Oops mode in which the Java heap is
#     placed in the first 4GB address space. The Java Heap base address is the
#     maximum limit for the native heap growth. Please use -XX:HeapBaseMinAddress
#     to set the Java Heap base and to place the Java Heap above 4GB virtual address.
# This output file may be truncated or incomplete.
#
#  Out of Memory Error (./src/hotspot/os/windows/os_windows.cpp:3619), pid=12740, tid=10320
#
# JRE version: OpenJDK Runtime Environment (11.0.13) (build 11.0.13+0-b1751.21-8125866)
# Java VM: OpenJDK 64-Bit Server VM (11.0.13+0-b1751.21-8125866, mixed mode, tiered, compressed oops, g1 gc, windows-amd64)
# No core dump will be written. Minidumps are not enabled by default on client versions of Windows
#

---------------  S U M M A R Y ------------

Command Line: --add-opens=java.base/java.util=ALL-UNNAMED --add-opens=java.base/java.lang=ALL-UNNAMED --add-opens=java.base/java.lang.invoke=ALL-UNNAMED --add-opens=java.base/java.util=ALL-UNNAMED --add-opens=java.prefs/java.util.prefs=ALL-UNNAMED --add-opens=java.prefs/java.util.prefs=ALL-UNNAMED --add-opens=java.base/java.nio.charset=ALL-UNNAMED --add-opens=java.base/java.net=ALL-UNNAMED --add-opens=java.base/java.util.concurrent.atomic=ALL-UNNAMED -Xmx2048m -Dfile.encoding=UTF-8 -Duser.country=IN -Duser.language=en -Duser.variant org.gradle.launcher.daemon.bootstrap.GradleDaemon 7.4

Host: 11th Gen Intel(R) Core(TM) i3-1115G4 @ 3.00GHz, 4 cores, 7G,  Windows 11 , 64 bit Build 22000 (10.0.22000.708)
Time: Fri Oct  7 15:04:29 2022 India Standard Time elapsed time: 9.345514 seconds (0d 0h 0m 9s)

---------------  T H R E A D  ---------------

Current thread (0x000001862e40f000):  VMThread "VM Thread" [stack: 0x0000004d8ea00000,0x0000004d8eb00000] [id=10320]

Stack: [0x0000004d8ea00000,0x0000004d8eb00000]
[error occurred during error reporting (printing stack bounds), id 0xc0000005, EXCEPTION_ACCESS_VIOLATION (0xc0000005) at pc=0x00000186183312e7]

Native frames: (J=compiled Java code, j=interpreted, Vv=VM code, C=native code)
V  [jvm.dll+0x6100fa]
V  [jvm.dll+0x747090]
V  [jvm.dll+0x7486ad]
V  [jvm.dll+0x748ce5]
V  [jvm.dll+0x748c9b]
V  [jvm.dll+0x60f224]
V  [jvm.dll+0x60f9b8]
C  [ntdll.dll+0xa8b1f]
C  [ntdll.dll+0x35b9a]
C  [ntdll.dll+0xa7b2e]
C  0x00000186183312e7

VM_Operation (0x0000004d941fa630): G1CollectForAllocation, mode: safepoint, requested by thread 0x0000018635c6a000


---------------  P R O C E S S  ---------------

Threads class SMR info:
_java_thread_list=0x00000186359fec50, length=87, elements={
0x000001861480d000, 0x000001862e411800, 0x000001862e414800, 0x000001862eda2800,
0x000001862e434800, 0x000001862e435800, 0x000001862e438800, 0x000001862e43a000,
0x000001862e44d000, 0x000001862eeef800, 0x0000018630692800, 0x00000186311d5800,
0x00000186311d4000, 0x00000186311d6800, 0x00000186311d7000, 0x00000186311d2800,
0x00000186311d8000, 0x00000186311d9000, 0x00000186311d3000, 0x00000186311d5000,
0x000001862e442000, 0x0000018630ff5000, 0x0000018630ffa000, 0x0000018630ff8800,
0x0000018630ff9000, 0x0000018630ff4800, 0x0000018630ff6800, 0x0000018630ff6000,
0x0000018630ffc800, 0x0000018630ffd800, 0x0000018630ffb000, 0x0000018630ffb800,
0x0000018630ff7800, 0x0000018630fff000, 0x0000018630fff800, 0x0000018631002000,
0x0000018631000800, 0x0000018631003000, 0x0000018631001800, 0x00000186353ef000,
0x00000186353f4000, 0x00000186353f0000, 0x00000186353f0800, 0x00000186353f1800,
0x00000186353f2800, 0x00000186353f3000, 0x00000186353ee800, 0x00000186353f7800,
0x00000186353fa800, 0x00000186353f5000, 0x00000186353f6800, 0x00000186353f8000,
0x00000186353f9000, 0x00000186353f9800, 0x00000186353fb800, 0x00000186353f5800,
0x00000186353fc000, 0x00000186353fd000, 0x0000018635386000, 0x0000018635382000,
0x0000018635381000, 0x0000018635383000, 0x0000018635384800, 0x0000018635383800,
0x0000018635380800, 0x0000018635387800, 0x000001863538b000, 0x0000018635388800,
0x0000018635389800, 0x000001863538a000, 0x0000018635385000, 0x000001863538b800,
0x000001863538c800, 0x0000018635387000, 0x000001863538f000, 0x000001863538d800,
0x000001863538e000, 0x0000018635c67000, 0x0000018635c64800, 0x0000018635c67800,
0x0000018635c65000, 0x0000018635c68800, 0x0000018635c69800, 0x0000018635c6a000,
0x0000018635c6b000, 0x0000018635c66000, 0x00000186362a2000
}

Java Threads: ( => current thread )
  0x000001861480d000 JavaThread "main" [_thread_blocked, id=11772, stack(0x0000004d8e400000,0x0000004d8e500000)]
  0x000001862e411800 JavaThread "Reference Handler" daemon [_thread_blocked, id=15500, stack(0x0000004d8eb00000,0x0000004d8ec00000)]
  0x000001862e414800 JavaThread "Finalizer" daemon [_thread_blocked, id=2420, stack(0x0000004d8ec00000,0x0000004d8ed00000)]
  0x000001862eda2800 JavaThread "Signal Dispatcher" daemon [_thread_blocked, id=12256, stack(0x0000004d8ed00000,0x0000004d8ee00000)]
  0x000001862e434800 JavaThread "Attach Listener" daemon [_thread_blocked, id=3648, stack(0x0000004d8ee00000,0x0000004d8ef00000)]
  0x000001862e435800 JavaThread "Service Thread" daemon [_thread_blocked, id=14732, stack(0x0000004d8ef00000,0x0000004d8f000000)]
  0x000001862e438800 JavaThread "C2 CompilerThread0" daemon [_thread_blocked, id=12824, stack(0x0000004d8f000000,0x0000004d8f100000)]
  0x000001862e43a000 JavaThread "C1 CompilerThread0" daemon [_thread_blocked, id=6516, stack(0x0000004d8f100000,0x0000004d8f200000)]
  0x000001862e44d000 JavaThread "Sweeper thread" daemon [_thread_blocked, id=12440, stack(0x0000004d8f200000,0x0000004d8f300000)]
  0x000001862eeef800 JavaThread "Common-Cleaner" daemon [_thread_blocked, id=11936, stack(0x0000004d8f300000,0x0000004d8f400000)]
  0x0000018630692800 JavaThread "Daemon health stats" [_thread_blocked, id=10332, stack(0x0000004d8f700000,0x0000004d8f800000)]
  0x00000186311d5800 JavaThread "Incoming local TCP Connector on port 52664" [_thread_in_native, id=15504, stack(0x0000004d8f500000,0x0000004d8f600000)]
  0x00000186311d4000 JavaThread "Daemon periodic checks" [_thread_blocked, id=2872, stack(0x0000004d8fa00000,0x0000004d8fb00000)]
  0x00000186311d6800 JavaThread "Daemon" [_thread_blocked, id=7232, stack(0x0000004d8fb00000,0x0000004d8fc00000)]
  0x00000186311d7000 JavaThread "Handler for socket connection from /127.0.0.1:52664 to /127.0.0.1:52665" [_thread_in_native, id=14600, stack(0x0000004d8fc00000,0x0000004d8fd00000)]
  0x00000186311d2800 JavaThread "Cancel handler" [_thread_blocked, id=7392, stack(0x0000004d8fd00000,0x0000004d8fe00000)]
  0x00000186311d8000 JavaThread "Daemon worker" [_thread_blocked, id=9732, stack(0x0000004d8fe00000,0x0000004d8ff00000)]
  0x00000186311d9000 JavaThread "Asynchronous log dispatcher for DefaultDaemonConnection: socket connection from /127.0.0.1:52664 to /127.0.0.1:52665" [_thread_blocked, id=16260, stack(0x0000004d8ff00000,0x0000004d90000000)]
  0x00000186311d3000 JavaThread "Stdin handler" [_thread_blocked, id=16040, stack(0x0000004d90000000,0x0000004d90100000)]
  0x00000186311d5000 JavaThread "Daemon client event forwarder" [_thread_blocked, id=12432, stack(0x0000004d90100000,0x0000004d90200000)]
  0x000001862e442000 JavaThread "C2 CompilerThread1" daemon [_thread_blocked, id=3964, stack(0x0000004d90200000,0x0000004d90300000)]
  0x0000018630ff5000 JavaThread "Cache worker for journal cache (C:\Users\Lenovo\AndroidStudioProjects\Mb1\caches\journal-1)" [_thread_blocked, id=14424, stack(0x0000004d90300000,0x0000004d90400000)]
  0x0000018630ffa000 JavaThread "File lock request listener" [_thread_in_native, id=7836, stack(0x0000004d90400000,0x0000004d90500000)]
  0x0000018630ff8800 JavaThread "Cache worker for file hash cache (C:\Users\Lenovo\AndroidStudioProjects\Mb1\caches\7.4\fileHashes)" [_thread_blocked, id=6740, stack(0x0000004d90500000,0x0000004d90600000)]
  0x0000018630ff9000 JavaThread "File watcher server" daemon [_thread_blocked, id=2812, stack(0x0000004d90600000,0x0000004d90700000)]
  0x0000018630ff4800 JavaThread "File watcher consumer" daemon [_thread_blocked, id=10840, stack(0x0000004d90700000,0x0000004d90800000)]
  0x0000018630ff6800 JavaThread "Cache worker for checksums cache (D:\EDaanLogin\.gradle\7.4\checksums)" [_thread_blocked, id=12192, stack(0x0000004d90800000,0x0000004d90900000)]
  0x0000018630ff6000 JavaThread "Cache worker for cache directory md-rule (C:\Users\Lenovo\AndroidStudioProjects\Mb1\caches\7.4\md-rule)" [_thread_blocked, id=2092, stack(0x0000004d90900000,0x0000004d90a00000)]
  0x0000018630ffc800 JavaThread "Cache worker for file hash cache (D:\EDaanLogin\.gradle\7.4\fileHashes)" [_thread_blocked, id=9948, stack(0x0000004d90a00000,0x0000004d90b00000)]
  0x0000018630ffd800 JavaThread "Cache worker for cache directory md-supplier (C:\Users\Lenovo\AndroidStudioProjects\Mb1\caches\7.4\md-supplier)" [_thread_blocked, id=5872, stack(0x0000004d90b00000,0x0000004d90c00000)]
  0x0000018630ffb000 JavaThread "Cache worker for execution history cache (C:\Users\Lenovo\AndroidStudioProjects\Mb1\caches\7.4\executionHistory)" [_thread_blocked, id=4436, stack(0x0000004d90c00000,0x0000004d90d00000)]
  0x0000018630ffb800 JavaThread "jar transforms" [_thread_blocked, id=14528, stack(0x0000004d90d00000,0x0000004d90e00000)]
  0x0000018630ff7800 JavaThread "Cache worker for file content cache (C:\Users\Lenovo\AndroidStudioProjects\Mb1\caches\7.4\fileContent)" [_thread_blocked, id=4152, stack(0x0000004d90e00000,0x0000004d90f00000)]
  0x0000018630fff000 JavaThread "jar transforms Thread 2" [_thread_blocked, id=8156, stack(0x0000004d90f00000,0x0000004d91000000)]
  0x0000018630fff800 JavaThread "Cache worker for dependencies-accessors (D:\EDaanLogin\.gradle\7.4\dependencies-accessors)" [_thread_blocked, id=16204, stack(0x0000004d91000000,0x0000004d91100000)]
  0x0000018631002000 JavaThread "jar transforms Thread 3" [_thread_blocked, id=11320, stack(0x0000004d91100000,0x0000004d91200000)]
  0x0000018631000800 JavaThread "Cache worker for Build Output Cleanup Cache (D:\EDaanLogin\.gradle\buildOutputCleanup)" [_thread_blocked, id=15756, stack(0x0000004d91200000,0x0000004d91300000)]
  0x0000018631003000 JavaThread "Unconstrained build operations" [_thread_blocked, id=10448, stack(0x0000004d91300000,0x0000004d91400000)]
  0x0000018631001800 JavaThread "Unconstrained build operations Thread 2" [_thread_blocked, id=11196, stack(0x0000004d91400000,0x0000004d91500000)]
  0x00000186353ef000 JavaThread "Unconstrained build operations Thread 3" [_thread_blocked, id=1264, stack(0x0000004d91500000,0x0000004d91600000)]
  0x00000186353f4000 JavaThread "Unconstrained build operations Thread 4" [_thread_blocked, id=6108, stack(0x0000004d91600000,0x0000004d91700000)]
  0x00000186353f0000 JavaThread "Unconstrained build operations Thread 5" [_thread_blocked, id=14804, stack(0x0000004d91700000,0x0000004d91800000)]
  0x00000186353f0800 JavaThread "Unconstrained build operations Thread 6" [_thread_blocked, id=10540, stack(0x0000004d91800000,0x0000004d91900000)]
  0x00000186353f1800 JavaThread "Unconstrained build operations Thread 7" [_thread_blocked, id=6276, stack(0x0000004d91900000,0x0000004d91a00000)]
  0x00000186353f2800 JavaThread "Unconstrained build operations Thread 8" [_thread_blocked, id=6036, stack(0x0000004d91a00000,0x0000004d91b00000)]
  0x00000186353f3000 JavaThread "Unconstrained build operations Thread 9" [_thread_blocked, id=12904, stack(0x0000004d91b00000,0x0000004d91c00000)]
  0x00000186353ee800 JavaThread "Unconstrained build operations Thread 10" [_thread_blocked, id=6604, stack(0x0000004d91c00000,0x0000004d91d00000)]
  0x00000186353f7800 JavaThread "Unconstrained build operations Thread 11" [_thread_blocked, id=3452, stack(0x0000004d91d00000,0x0000004d91e00000)]
  0x00000186353fa800 JavaThread "Unconstrained build operations Thread 12" [_thread_blocked, id=11888, stack(0x0000004d91e00000,0x0000004d91f00000)]
  0x00000186353f5000 JavaThread "Unconstrained build operations Thread 13" [_thread_blocked, id=11636, stack(0x0000004d91f00000,0x0000004d92000000)]
  0x00000186353f6800 JavaThread "Unconstrained build operations Thread 14" [_thread_blocked, id=16272, stack(0x0000004d92000000,0x0000004d92100000)]
  0x00000186353f8000 JavaThread "Unconstrained build operations Thread 15" [_thread_blocked, id=7880, stack(0x0000004d92100000,0x0000004d92200000)]
  0x00000186353f9000 JavaThread "Unconstrained build operations Thread 16" [_thread_blocked, id=10580, stack(0x0000004d92200000,0x0000004d92300000)]
  0x00000186353f9800 JavaThread "Unconstrained build operations Thread 17" [_thread_blocked, id=12092, stack(0x0000004d92300000,0x0000004d92400000)]
  0x00000186353fb800 JavaThread "Unconstrained build operations Thread 18" [_thread_blocked, id=11500, stack(0x0000004d92400000,0x0000004d92500000)]
  0x00000186353f5800 JavaThread "Unconstrained build operations Thread 19" [_thread_blocked, id=11632, stack(0x0000004d92500000,0x0000004d92600000)]
  0x00000186353fc000 JavaThread "Unconstrained build operations Thread 20" [_thread_blocked, id=8100, stack(0x0000004d92600000,0x0000004d92700000)]
  0x00000186353fd000 JavaThread "Unconstrained build operations Thread 21" [_thread_blocked, id=15572, stack(0x0000004d92700000,0x0000004d92800000)]
  0x0000018635386000 JavaThread "Unconstrained build operations Thread 22" [_thread_blocked, id=9300, stack(0x0000004d92800000,0x0000004d92900000)]
  0x0000018635382000 JavaThread "Unconstrained build operations Thread 23" [_thread_blocked, id=11960, stack(0x0000004d92900000,0x0000004d92a00000)]
  0x0000018635381000 JavaThread "Unconstrained build operations Thread 24" [_thread_blocked, id=7980, stack(0x0000004d92a00000,0x0000004d92b00000)]
  0x0000018635383000 JavaThread "Unconstrained build operations Thread 25" [_thread_blocked, id=11812, stack(0x0000004d92b00000,0x0000004d92c00000)]
  0x0000018635384800 JavaThread "Unconstrained build operations Thread 26" [_thread_blocked, id=16304, stack(0x0000004d92c00000,0x0000004d92d00000)]
  0x0000018635383800 JavaThread "Unconstrained build operations Thread 27" [_thread_blocked, id=13984, stack(0x0000004d92d00000,0x0000004d92e00000)]
  0x0000018635380800 JavaThread "Unconstrained build operations Thread 28" [_thread_blocked, id=6400, stack(0x0000004d92e00000,0x0000004d92f00000)]
  0x0000018635387800 JavaThread "Unconstrained build operations Thread 29" [_thread_blocked, id=15312, stack(0x0000004d92f00000,0x0000004d93000000)]
  0x000001863538b000 JavaThread "Unconstrained build operations Thread 30" [_thread_blocked, id=14076, stack(0x0000004d93000000,0x0000004d93100000)]
  0x0000018635388800 JavaThread "Unconstrained build operations Thread 31" [_thread_blocked, id=8868, stack(0x0000004d93100000,0x0000004d93200000)]
  0x0000018635389800 JavaThread "Unconstrained build operations Thread 32" [_thread_blocked, id=576, stack(0x0000004d93200000,0x0000004d93300000)]
  0x000001863538a000 JavaThread "Unconstrained build operations Thread 33" [_thread_blocked, id=10136, stack(0x0000004d93300000,0x0000004d93400000)]
  0x0000018635385000 JavaThread "Unconstrained build operations Thread 34" [_thread_blocked, id=3788, stack(0x0000004d93400000,0x0000004d93500000)]
  0x000001863538b800 JavaThread "Unconstrained build operations Thread 35" [_thread_blocked, id=5208, stack(0x0000004d93500000,0x0000004d93600000)]
  0x000001863538c800 JavaThread "Unconstrained build operations Thread 36" [_thread_blocked, id=11244, stack(0x0000004d93600000,0x0000004d93700000)]
  0x0000018635387000 JavaThread "Unconstrained build operations Thread 37" [_thread_blocked, id=1956, stack(0x0000004d93700000,0x0000004d93800000)]
  0x000001863538f000 JavaThread "Unconstrained build operations Thread 38" [_thread_blocked, id=12228, stack(0x0000004d93800000,0x0000004d93900000)]
  0x000001863538d800 JavaThread "Unconstrained build operations Thread 39" [_thread_blocked, id=14196, stack(0x0000004d93900000,0x0000004d93a00000)]
  0x000001863538e000 JavaThread "Unconstrained build operations Thread 40" [_thread_blocked, id=15576, stack(0x0000004d93a00000,0x0000004d93b00000)]
  0x0000018635c67000 JavaThread "jar transforms Thread 4" [_thread_blocked, id=3664, stack(0x0000004d93b00000,0x0000004d93c00000)]
  0x0000018635c64800 JavaThread "Memory manager" [_thread_blocked, id=2736, stack(0x0000004d93c00000,0x0000004d93d00000)]
  0x0000018635c67800 JavaThread "build event listener" [_thread_blocked, id=10180, stack(0x0000004d93d00000,0x0000004d93e00000)]
  0x0000018635c65000 JavaThread "pool-3-thread-1" [_thread_blocked, id=9284, stack(0x0000004d93e00000,0x0000004d93f00000)]
  0x0000018635c68800 JavaThread "build event listener" [_thread_blocked, id=1248, stack(0x0000004d93f00000,0x0000004d94000000)]
  0x0000018635c69800 JavaThread "included builds" [_thread_blocked, id=2668, stack(0x0000004d94000000,0x0000004d94100000)]
  0x0000018635c6a000 JavaThread "Execution worker for ':'" [_thread_blocked, id=12716, stack(0x0000004d94100000,0x0000004d94200000)]
  0x0000018635c6b000 JavaThread "Execution worker for ':' Thread 2" [_thread_blocked, id=12660, stack(0x0000004d94200000,0x0000004d94300000)]
  0x0000018635c66000 JavaThread "Execution worker for ':' Thread 3" [_thread_blocked, id=9712, stack(0x0000004d94300000,0x0000004d94400000)]
  0x00000186362a2000 JavaThread "Cache worker for execution history cache (D:\EDaanLogin\.gradle\7.4\executionHistory)" [_thread_blocked, id=7468, stack(0x0000004d94400000,0x0000004d94500000)]

Other Threads:
=>0x000001862e40f000 VMThread "VM Thread" [stack: 0x0000004d8ea00000,0x0000004d8eb00000] [id=10320]
  0x000001862eefb000 WatcherThread [stack: 0x0000004d8f400000,0x0000004d8f500000] [id=9744]
  0x0000018614828000 GCTaskThread "GC Thread#0" [stack: 0x0000004d8e500000,0x0000004d8e600000] [id=9176]
  0x000001862f5c3000 GCTaskThread "GC Thread#1" [stack: 0x0000004d8f600000,0x0000004d8f700000] [id=5524]
  0x00000186306ab000 GCTaskThread "GC Thread#2" [stack: 0x0000004d8f800000,0x0000004d8f900000] [id=12736]
  0x00000186306b4000 GCTaskThread "GC Thread#3" [stack: 0x0000004d8f900000,0x0000004d8fa00000] [id=10576]
  0x000001861485a800 ConcurrentGCThread "G1 Main Marker" [stack: 0x0000004d8e600000,0x0000004d8e700000] [id=7828]
  0x000001861485c000 ConcurrentGCThread "G1 Conc#0" [stack: 0x0000004d8e700000,0x0000004d8e800000] [id=14508]
  0x00000186148eb000 ConcurrentGCThread "G1 Refine#0" [stack: 0x0000004d8e800000,0x0000004d8e900000] [id=13164]
  0x00000186148ee000 ConcurrentGCThread "G1 Young RemSet Sampling" [stack: 0x0000004d8e900000,0x0000004d8ea00000] [id=14676]

Threads with active compile tasks:
C1 CompilerThread0   9351 9117   !   3       org.gradle.internal.execution.fingerprint.impl.DefaultInputFingerprinter$InputCollectingVisitor::visitInputProperty (115 bytes)

VM state:at safepoint (normal execution)

VM Mutex/Monitor currently owned by a thread:  ([mutex/lock_event])
[0x000001861480aa70] Threads_lock - owner thread: 0x000001862e40f000
[0x000001861480a5f0] Heap_lock - owner thread: 0x0000018635c6a000

Heap address: 0x0000000080000000, size: 2048 MB, Compressed Oops mode: 32-bit
Narrow klass base: 0x0000000000000000, Narrow klass shift: 3
Compressed class space size: 1073741824 Address: 0x0000000100000000

Heap:
 garbage-first heap   total 220160K, used 69562K [0x0000000080000000, 0x0000000100000000)
  region size 1024K, 12 young (12288K), 12 survivors (12288K)
 Metaspace       used 84803K, capacity 86792K, committed 86876K, reserved 1124352K
  class space    used 10909K, capacity 11681K, committed 11724K, reserved 1048576K
Heap Regions: E=young(eden), S=young(survivor), O=old, HS=humongous(starts), HC=humongous(continues), CS=collection set, F=free, A=archive, TAMS=top-at-mark-start (previous, next)
|   0|0x0000000080000000, 0x0000000080100000, 0x0000000080100000|100%|HS|  |TAMS 0x0000000080100000, 0x0000000080000000| Complete 
|   1|0x0000000080100000, 0x0000000080200000, 0x0000000080200000|100%|HC|  |TAMS 0x0000000080200000, 0x0000000080100000| Complete 
|   2|0x0000000080200000, 0x0000000080300000, 0x0000000080300000|100%|HC|  |TAMS 0x0000000080300000, 0x0000000080200000| Complete 
|   3|0x0000000080300000, 0x0000000080400000, 0x0000000080400000|100%| O|  |TAMS 0x0000000080400000, 0x0000000080300000| Untracked 
|   4|0x0000000080400000, 0x0000000080500000, 0x0000000080500000|100%| O|  |TAMS 0x0000000080500000, 0x0000000080400000| Untracked 
|   5|0x0000000080500000, 0x0000000080600000, 0x0000000080600000|100%| O|  |TAMS 0x0000000080600000, 0x0000000080500000| Untracked 
|   6|0x0000000080600000, 0x0000000080700000, 0x0000000080700000|100%| O|  |TAMS 0x0000000080700000, 0x0000000080600000| Untracked 
|   7|0x0000000080700000, 0x0000000080800000, 0x0000000080800000|100%| O|  |TAMS 0x0000000080800000, 0x0000000080700000| Untracked 
|   8|0x0000000080800000, 0x0000000080900000, 0x0000000080900000|100%| O|  |TAMS 0x0000000080900000, 0x0000000080800000| Untracked 
|   9|0x0000000080900000, 0x0000000080a00000, 0x0000000080a00000|100%| O|  |TAMS 0x0000000080a00000, 0x0000000080900000| Untracked 
|  10|0x0000000080a00000, 0x0000000080b00000, 0x0000000080b00000|100%| O|  |TAMS 0x0000000080b00000, 0x0000000080a00000| Untracked 
|  11|0x0000000080b00000, 0x0000000080c00000, 0x0000000080c00000|100%| O|  |TAMS 0x0000000080c00000, 0x0000000080b00000| Untracked 
|  12|0x0000000080c00000, 0x0000000080d00000, 0x0000000080d00000|100%| O|  |TAMS 0x0000000080d00000, 0x0000000080c00000| Untracked 
|  13|0x0000000080d00000, 0x0000000080e00000, 0x0000000080e00000|100%| O|  |TAMS 0x0000000080e00000, 0x0000000080d00000| Untracked 
|  14|0x0000000080e00000, 0x0000000080f00000, 0x0000000080f00000|100%| O|  |TAMS 0x0000000080f00000, 0x0000000080e00000| Untracked 
|  15|0x0000000080f00000, 0x0000000081000000, 0x0000000081000000|100%|HS|  |TAMS 0x0000000081000000, 0x0000000080f00000| Complete 
|  16|0x0000000081000000, 0x0000000081100000, 0x0000000081100000|100%| O|  |TAMS 0x0000000081100000, 0x0000000081000000| Untracked 
|  17|0x0000000081100000, 0x0000000081200000, 0x0000000081200000|100%| O|  |TAMS 0x0000000081200000, 0x0000000081100000| Untracked 
|  18|0x0000000081200000, 0x0000000081300000, 0x0000000081300000|100%| O|  |TAMS 0x0000000081300000, 0x0000000081200000| Untracked 
|  19|0x0000000081300000, 0x0000000081400000, 0x0000000081400000|100%| O|  |TAMS 0x0000000081400000, 0x0000000081300000| Untracked 
|  20|0x0000000081400000, 0x0000000081500000, 0x0000000081500000|100%| O|  |TAMS 0x0000000081500000, 0x0000000081400000| Untracked 
|  21|0x0000000081500000, 0x0000000081600000, 0x0000000081600000|100%| O|  |TAMS 0x0000000081600000, 0x0000000081500000| Untracked 
|  22|0x0000000081600000, 0x0000000081700000, 0x0000000081700000|100%| O|  |TAMS 0x0000000081700000, 0x0000000081600000| Untracked 
|  23|0x0000000081700000, 0x0000000081800000, 0x0000000081800000|100%|HS|  |TAMS 0x0000000081800000, 0x0000000081700000| Complete 
|  24|0x0000000081800000, 0x0000000081900000, 0x0000000081900000|100%| O|  |TAMS 0x0000000081900000, 0x0000000081800000| Untracked 
|  25|0x0000000081900000, 0x0000000081a00000, 0x0000000081a00000|100%|HS|  |TAMS 0x0000000081a00000, 0x0000000081900000| Complete 
|  26|0x0000000081a00000, 0x0000000081b00000, 0x0000000081b00000|100%|HC|  |TAMS 0x0000000081b00000, 0x0000000081a00000| Complete 
|  27|0x0000000081b00000, 0x0000000081c00000, 0x0000000081c00000|100%| O|  |TAMS 0x0000000081c00000, 0x0000000081b00000| Untracked 
|  28|0x0000000081c00000, 0x0000000081d00000, 0x0000000081d00000|100%| O|  |TAMS 0x0000000081d00000, 0x0000000081c00000| Untracked 
|  29|0x0000000081d00000, 0x0000000081e00000, 0x0000000081e00000|100%| O|  |TAMS 0x0000000081e00000, 0x0000000081d00000| Untracked 
|  30|0x0000000081e00000, 0x0000000081f00000, 0x0000000081f00000|100%| O|  |TAMS 0x0000000081f00000, 0x0000000081e00000| Untracked 
|  31|0x0000000081f00000, 0x0000000082000000, 0x0000000082000000|100%| O|  |TAMS 0x0000000082000000, 0x0000000081f00000| Untracked 
|  32|0x0000000082000000, 0x0000000082100000, 0x0000000082100000|100%| O|  |TAMS 0x0000000082100000, 0x0000000082000000| Untracked 
|  33|0x0000000082100000, 0x0000000082200000, 0x0000000082200000|100%| O|  |TAMS 0x0000000082200000, 0x0000000082100000| Untracked 
|  34|0x0000000082200000, 0x0000000082300000, 0x0000000082300000|100%| O|  |TAMS 0x0000000082300000, 0x0000000082200000| Untracked 
|  35|0x0000000082300000, 0x0000000082400000, 0x0000000082400000|100%| O|  |TAMS 0x0000000082400000, 0x0000000082300000| Untracked 
|  36|0x0000000082400000, 0x0000000082500000, 0x0000000082500000|100%| O|  |TAMS 0x0000000082500000, 0x0000000082400000| Untracked 
|  37|0x0000000082500000, 0x0000000082600000, 0x0000000082600000|100%| O|  |TAMS 0x0000000082600000, 0x0000000082500000| Untracked 
|  38|0x0000000082600000, 0x0000000082700000, 0x0000000082700000|100%| O|  |TAMS 0x0000000082700000, 0x0000000082600000| Untracked 
|  39|0x0000000082700000, 0x0000000082800000, 0x0000000082800000|100%| O|  |TAMS 0x0000000082800000, 0x0000000082700000| Untracked 
|  40|0x0000000082800000, 0x0000000082900000, 0x0000000082900000|100%| O|  |TAMS 0x0000000082900000, 0x0000000082800000| Untracked 
|  41|0x0000000082900000, 0x0000000082a00000, 0x0000000082a00000|100%| O|  |TAMS 0x000000008296e400, 0x0000000082900000| Untracked 
|  42|0x0000000082a00000, 0x0000000082b00000, 0x0000000082b00000|100%| O|  |TAMS 0x0000000082a00000, 0x0000000082a00000| Untracked 
|  43|0x0000000082b00000, 0x0000000082c00000, 0x0000000082c00000|100%| O|  |TAMS 0x0000000082b00000, 0x0000000082b00000| Untracked 
|  44|0x0000000082c00000, 0x0000000082d00000, 0x0000000082d00000|100%| O|  |TAMS 0x0000000082c00000, 0x0000000082c00000| Untracked 
|  45|0x0000000082d00000, 0x0000000082e00000, 0x0000000082e00000|100%| O|  |TAMS 0x0000000082d00000, 0x0000000082d00000| Untracked 
|  46|0x0000000082e00000, 0x0000000082f00000, 0x0000000082f00000|100%| O|  |TAMS 0x0000000082e00000, 0x0000000082e00000| Untracked 
|  47|0x0000000082f00000, 0x0000000083000000, 0x0000000083000000|100%| O|  |TAMS 0x0000000082f00000, 0x0000000082f00000| Untracked 
|  48|0x0000000083000000, 0x0000000083100000, 0x0000000083100000|100%| O|  |TAMS 0x0000000083000000, 0x0000000083000000| Untracked 
|  49|0x0000000083100000, 0x0000000083200000, 0x0000000083200000|100%| O|  |TAMS 0x0000000083100000, 0x0000000083100000| Untracked 
|  50|0x0000000083200000, 0x0000000083300000, 0x0000000083300000|100%| O|  |TAMS 0x0000000083200000, 0x0000000083200000| Untracked 
|  51|0x0000000083300000, 0x0000000083400000, 0x0000000083400000|100%| O|  |TAMS 0x0000000083300000, 0x0000000083300000| Untracked 
|  52|0x0000000083400000, 0x0000000083500000, 0x0000000083500000|100%| O|  |TAMS 0x0000000083400000, 0x0000000083400000| Untracked 
|  53|0x0000000083500000, 0x0000000083600000, 0x0000000083600000|100%| O|  |TAMS 0x0000000083500000, 0x0000000083500000| Untracked 
|  54|0x0000000083600000, 0x0000000083700000, 0x0000000083700000|100%| O|  |TAMS 0x0000000083600000, 0x0000000083600000| Untracked 
|  55|0x0000000083700000, 0x00000000837ee800, 0x0000000083800000| 93%| O|  |TAMS 0x0000000083700000, 0x0000000083700000| Untracked 
|  56|0x0000000083800000, 0x0000000083800000, 0x0000000083900000|  0%| F|  |TAMS 0x0000000083800000, 0x0000000083800000| Untracked 
|  57|0x0000000083900000, 0x0000000083900000, 0x0000000083a00000|  0%| F|  |TAMS 0x0000000083900000, 0x0000000083900000| Untracked 
|  58|0x0000000083a00000, 0x0000000083a00000, 0x0000000083b00000|  0%| F|  |TAMS 0x0000000083a00000, 0x0000000083a00000| Untracked 
|  59|0x0000000083b00000, 0x0000000083b00000, 0x0000000083c00000|  0%| F|  |TAMS 0x0000000083b00000, 0x0000000083b00000| Untracked 
|  60|0x0000000083c00000, 0x0000000083c00000, 0x0000000083d00000|  0%| F|  |TAMS 0x0000000083c00000, 0x0000000083c00000| Untracked 
|  61|0x0000000083d00000, 0x0000000083d00000, 0x0000000083e00000|  0%| F|  |TAMS 0x0000000083d00000, 0x0000000083d00000| Untracked 
|  62|0x0000000083e00000, 0x0000000083e00000, 0x0000000083f00000|  0%| F|  |TAMS 0x0000000083e00000, 0x0000000083e00000| Untracked 
|  63|0x0000000083f00000, 0x0000000083f00000, 0x0000000084000000|  0%| F|  |TAMS 0x0000000083f00000, 0x0000000083f00000| Untracked 
|  64|0x0000000084000000, 0x0000000084000000, 0x0000000084100000|  0%| F|  |TAMS 0x0000000084000000, 0x0000000084000000| Untracked 
|  65|0x0000000084100000, 0x0000000084100000, 0x0000000084200000|  0%| F|  |TAMS 0x0000000084100000, 0x0000000084100000| Untracked 
|  66|0x0000000084200000, 0x0000000084200000, 0x0000000084300000|  0%| F|  |TAMS 0x0000000084200000, 0x0000000084200000| Untracked 
|  67|0x0000000084300000, 0x0000000084300000, 0x0000000084400000|  0%| F|  |TAMS 0x0000000084300000, 0x0000000084300000| Untracked 
|  68|0x0000000084400000, 0x0000000084400000, 0x0000000084500000|  0%| F|  |TAMS 0x0000000084400000, 0x0000000084400000| Untracked 
|  69|0x0000000084500000, 0x0000000084500000, 0x0000000084600000|  0%| F|  |TAMS 0x0000000084500000, 0x0000000084500000| Untracked 
|  70|0x0000000084600000, 0x0000000084600000, 0x0000000084700000|  0%| F|  |TAMS 0x0000000084600000, 0x0000000084600000| Untracked 
|  71|0x0000000084700000, 0x0000000084700000, 0x0000000084800000|  0%| F|  |TAMS 0x0000000084700000, 0x0000000084700000| Untracked 
|  72|0x0000000084800000, 0x0000000084800000, 0x0000000084900000|  0%| F|  |TAMS 0x0000000084800000, 0x0000000084800000| Untracked 
|  73|0x0000000084900000, 0x0000000084900000, 0x0000000084a00000|  0%| F|  |TAMS 0x0000000084900000, 0x0000000084900000| Untracked 
|  74|0x0000000084a00000, 0x0000000084a00000, 0x0000000084b00000|  0%| F|  |TAMS 0x0000000084a00000, 0x0000000084a00000| Untracked 
|  75|0x0000000084b00000, 0x0000000084b00000, 0x0000000084c00000|  0%| F|  |TAMS 0x0000000084b00000, 0x0000000084b00000| Untracked 
|  76|0x0000000084c00000, 0x0000000084d00000, 0x0000000084d00000|100%| S|CS|TAMS 0x0000000084c00000, 0x0000000084c00000| Complete 
|  77|0x0000000084d00000, 0x0000000084e00000, 0x0000000084e00000|100%| S|CS|TAMS 0x0000000084d00000, 0x0000000084d00000| Complete 
|  78|0x0000000084e00000, 0x0000000084f00000, 0x0000000084f00000|100%| S|CS|TAMS 0x0000000084e00000, 0x0000000084e00000| Complete 
|  79|0x0000000084f00000, 0x0000000085000000, 0x0000000085000000|100%| S|CS|TAMS 0x0000000084f00000, 0x0000000084f00000| Complete 
|  80|0x0000000085000000, 0x0000000085000000, 0x0000000085100000|  0%| F|  |TAMS 0x0000000085000000, 0x0000000085000000| Untracked 
|  81|0x0000000085100000, 0x0000000085100000, 0x0000000085200000|  0%| F|  |TAMS 0x0000000085100000, 0x0000000085100000| Untracked 
|  82|0x0000000085200000, 0x0000000085200000, 0x0000000085300000|  0%| F|  |TAMS 0x0000000085200000, 0x0000000085200000| Untracked 
|  83|0x0000000085300000, 0x0000000085300000, 0x0000000085400000|  0%| F|  |TAMS 0x0000000085300000, 0x0000000085300000| Untracked 
|  84|0x0000000085400000, 0x0000000085400000, 0x0000000085500000|  0%| F|  |TAMS 0x0000000085400000, 0x0000000085400000| Untracked 
|  85|0x0000000085500000, 0x0000000085500000, 0x0000000085600000|  0%| F|  |TAMS 0x0000000085500000, 0x0000000085500000| Untracked 
|  86|0x0000000085600000, 0x0000000085600000, 0x0000000085700000|  0%| F|  |TAMS 0x0000000085600000, 0x0000000085600000| Untracked 
|  87|0x0000000085700000, 0x0000000085700000, 0x0000000085800000|  0%| F|  |TAMS 0x0000000085700000, 0x0000000085700000| Untracked 
|  88|0x0000000085800000, 0x0000000085900000, 0x0000000085900000|100%| S|CS|TAMS 0x0000000085800000, 0x0000000085800000| Complete 
|  89|0x0000000085900000, 0x0000000085a00000, 0x0000000085a00000|100%| S|CS|TAMS 0x0000000085900000, 0x0000000085900000| Complete 
|  90|0x0000000085a00000, 0x0000000085b00000, 0x0000000085b00000|100%| S|CS|TAMS 0x0000000085a00000, 0x0000000085a00000| Complete 
|  91|0x0000000085b00000, 0x0000000085c00000, 0x0000000085c00000|100%| S|CS|TAMS 0x0000000085b00000, 0x0000000085b00000| Complete 
|  92|0x0000000085c00000, 0x0000000085d00000, 0x0000000085d00000|100%| S|CS|TAMS 0x0000000085c00000, 0x0000000085c00000| Complete 
|  93|0x0000000085d00000, 0x0000000085e00000, 0x0000000085e00000|100%| S|CS|TAMS 0x0000000085d00000, 0x0000000085d00000| Complete 
|  94|0x0000000085e00000, 0x0000000085f00000, 0x0000000085f00000|100%| S|CS|TAMS 0x0000000085e00000, 0x0000000085e00000| Complete 
|  95|0x0000000085f00000, 0x0000000085f00000, 0x0000000086000000|  0%| F|  |TAMS 0x0000000085f00000, 0x0000000085f00000| Untracked 
|  96|0x0000000086000000, 0x0000000086000000, 0x0000000086100000|  0%| F|  |TAMS 0x0000000086000000, 0x0000000086000000| Untracked 
|  97|0x0000000086100000, 0x0000000086100000, 0x0000000086200000|  0%| F|  |TAMS 0x0000000086100000, 0x0000000086100000| Untracked 
|  98|0x0000000086200000, 0x0000000086300000, 0x0000000086300000|100%| S|CS|TAMS 0x0000000086200000, 0x0000000086200000| Complete 
|  99|0x0000000086300000, 0x0000000086300000, 0x0000000086400000|  0%| F|  |TAMS 0x0000000086300000, 0x0000000086300000| Untracked 
| 100|0x0000000086400000, 0x0000000086400000, 0x0000000086500000|  0%| F|  |TAMS 0x0000000086400000, 0x0000000086400000| Untracked 
| 101|0x0000000086500000, 0x0000000086500000, 0x0000000086600000|  0%| F|  |TAMS 0x0000000086500000, 0x0000000086500000| Untracked 
| 102|0x0000000086600000, 0x0000000086600000, 0x0000000086700000|  0%| F|  |TAMS 0x0000000086600000, 0x0000000086600000| Untracked 
| 103|0x0000000086700000, 0x0000000086700000, 0x0000000086800000|  0%| F|  |TAMS 0x0000000086700000, 0x0000000086700000| Untracked 
| 104|0x0000000086800000, 0x0000000086800000, 0x0000000086900000|  0%| F|  |TAMS 0x0000000086800000, 0x0000000086800000| Untracked 
| 105|0x0000000086900000, 0x0000000086900000, 0x0000000086a00000|  0%| F|  |TAMS 0x0000000086900000, 0x0000000086900000| Untracked 
| 106|0x0000000086a00000, 0x0000000086a00000, 0x0000000086b00000|  0%| F|  |TAMS 0x0000000086a00000, 0x0000000086a00000| Untracked 
| 107|0x0000000086b00000, 0x0000000086b00000, 0x0000000086c00000|  0%| F|  |TAMS 0x0000000086b00000, 0x0000000086b00000| Untracked 
| 108|0x0000000086c00000, 0x0000000086c00000, 0x0000000086d00000|  0%| F|  |TAMS 0x0000000086c00000, 0x0000000086c00000| Untracked 
| 109|0x0000000086d00000, 0x0000000086d00000, 0x0000000086e00000|  0%| F|  |TAMS 0x0000000086d00000, 0x0000000086d00000| Untracked 
| 110|0x0000000086e00000, 0x0000000086e00000, 0x0000000086f00000|  0%| F|  |TAMS 0x0000000086e00000, 0x0000000086e00000| Untracked 
| 111|0x0000000086f00000, 0x0000000086f00000, 0x0000000087000000|  0%| F|  |TAMS 0x0000000086f00000, 0x0000000086f00000| Untracked 
| 112|0x0000000087000000, 0x0000000087000000, 0x0000000087100000|  0%| F|  |TAMS 0x0000000087000000, 0x0000000087000000| Untracked 
| 113|0x0000000087100000, 0x0000000087100000, 0x0000000087200000|  0%| F|  |TAMS 0x0000000087100000, 0x0000000087100000| Untracked 
| 114|0x0000000087200000, 0x0000000087200000, 0x0000000087300000|  0%| F|  |TAMS 0x0000000087200000, 0x0000000087200000| Untracked 
| 115|0x0000000087300000, 0x0000000087300000, 0x0000000087400000|  0%| F|  |TAMS 0x0000000087300000, 0x0000000087300000| Untracked 
| 116|0x0000000087400000, 0x0000000087400000, 0x0000000087500000|  0%| F|  |TAMS 0x0000000087400000, 0x0000000087400000| Untracked 
| 117|0x0000000087500000, 0x0000000087500000, 0x0000000087600000|  0%| F|  |TAMS 0x0000000087500000, 0x0000000087500000| Untracked 
| 118|0x0000000087600000, 0x0000000087600000, 0x0000000087700000|  0%| F|  |TAMS 0x0000000087600000, 0x0000000087600000| Untracked 
| 119|0x0000000087700000, 0x0000000087700000, 0x0000000087800000|  0%| F|  |TAMS 0x0000000087700000, 0x0000000087700000| Untracked 
| 120|0x0000000087800000, 0x0000000087800000, 0x0000000087900000|  0%| F|  |TAMS 0x0000000087800000, 0x0000000087800000| Untracked 
| 121|0x0000000087900000, 0x0000000087900000, 0x0000000087a00000|  0%| F|  |TAMS 0x0000000087900000, 0x0000000087900000| Untracked 
| 122|0x0000000087a00000, 0x0000000087a00000, 0x0000000087b00000|  0%| F|  |TAMS 0x0000000087a00000, 0x0000000087a00000| Untracked 
| 123|0x0000000087b00000, 0x0000000087b00000, 0x0000000087c00000|  0%| F|  |TAMS 0x0000000087b00000, 0x0000000087b00000| Untracked 
| 124|0x0000000087c00000, 0x0000000087c00000, 0x0000000087d00000|  0%| F|  |TAMS 0x0000000087c00000, 0x0000000087c00000| Untracked 
| 125|0x0000000087d00000, 0x0000000087d00000, 0x0000000087e00000|  0%| F|  |TAMS 0x0000000087d00000, 0x0000000087d00000| Untracked 
| 126|0x0000000087e00000, 0x0000000087e00000, 0x0000000087f00000|  0%| F|  |TAMS 0x0000000087e00000, 0x0000000087e00000| Untracked 
| 127|0x0000000087f00000, 0x0000000087f00000, 0x0000000088000000|  0%| F|  |TAMS 0x0000000087f00000, 0x0000000087f00000| Untracked 
| 128|0x0000000088000000, 0x0000000088000000, 0x0000000088100000|  0%| F|  |TAMS 0x0000000088000000, 0x0000000088000000| Untracked 
| 129|0x0000000088100000, 0x0000000088100000, 0x0000000088200000|  0%| F|  |TAMS 0x0000000088100000, 0x0000000088100000| Untracked 
| 130|0x0000000088200000, 0x0000000088200000, 0x0000000088300000|  0%| F|  |TAMS 0x0000000088200000, 0x0000000088200000| Untracked 
| 131|0x0000000088300000, 0x0000000088300000, 0x0000000088400000|  0%| F|  |TAMS 0x0000000088300000, 0x0000000088300000| Untracked 
| 132|0x0000000088400000, 0x0000000088400000, 0x0000000088500000|  0%| F|  |TAMS 0x0000000088400000, 0x0000000088400000| Untracked 
| 133|0x0000000088500000, 0x0000000088500000, 0x0000000088600000|  0%| F|  |TAMS 0x0000000088500000, 0x0000000088500000| Untracked 
| 134|0x0000000088600000, 0x0000000088600000, 0x0000000088700000|  0%| F|  |TAMS 0x0000000088600000, 0x0000000088600000| Untracked 
| 135|0x0000000088700000, 0x0000000088700000, 0x0000000088800000|  0%| F|  |TAMS 0x0000000088700000, 0x0000000088700000| Untracked 
| 136|0x0000000088800000, 0x0000000088800000, 0x0000000088900000|  0%| F|  |TAMS 0x0000000088800000, 0x0000000088800000| Untracked 
| 137|0x0000000088900000, 0x0000000088900000, 0x0000000088a00000|  0%| F|  |TAMS 0x0000000088900000, 0x0000000088900000| Untracked 
| 138|0x0000000088a00000, 0x0000000088a00000, 0x0000000088b00000|  0%| F|  |TAMS 0x0000000088a00000, 0x0000000088a00000| Untracked 
| 139|0x0000000088b00000, 0x0000000088b00000, 0x0000000088c00000|  0%| F|  |TAMS 0x0000000088b00000, 0x0000000088b00000| Untracked 
| 140|0x0000000088c00000, 0x0000000088c00000, 0x0000000088d00000|  0%| F|  |TAMS 0x0000000088c00000, 0x0000000088c00000| Untracked 
| 141|0x0000000088d00000, 0x0000000088d00000, 0x0000000088e00000|  0%| F|  |TAMS 0x0000000088d00000, 0x0000000088d00000| Untracked 
| 142|0x0000000088e00000, 0x0000000088e00000, 0x0000000088f00000|  0%| F|  |TAMS 0x0000000088e00000, 0x0000000088e00000| Untracked 
| 143|0x0000000088f00000, 0x0000000088f00000, 0x0000000089000000|  0%| F|  |TAMS 0x0000000088f00000, 0x0000000088f00000| Untracked 
| 144|0x0000000089000000, 0x0000000089000000, 0x0000000089100000|  0%| F|  |TAMS 0x0000000089000000, 0x0000000089000000| Untracked 
| 145|0x0000000089100000, 0x0000000089100000, 0x0000000089200000|  0%| F|  |TAMS 0x0000000089100000, 0x0000000089100000| Untracked 
| 146|0x0000000089200000, 0x0000000089200000, 0x0000000089300000|  0%| F|  |TAMS 0x0000000089200000, 0x0000000089200000| Untracked 
| 147|0x0000000089300000, 0x0000000089300000, 0x0000000089400000|  0%| F|  |TAMS 0x0000000089300000, 0x0000000089300000| Untracked 
| 148|0x0000000089400000, 0x0000000089400000, 0x0000000089500000|  0%| F|  |TAMS 0x0000000089400000, 0x0000000089400000| Untracked 
| 149|0x0000000089500000, 0x0000000089500000, 0x0000000089600000|  0%| F|  |TAMS 0x0000000089500000, 0x0000000089500000| Untracked 
| 150|0x0000000089600000, 0x0000000089600000, 0x0000000089700000|  0%| F|  |TAMS 0x0000000089600000, 0x0000000089600000| Untracked 
| 151|0x0000000089700000, 0x0000000089700000, 0x0000000089800000|  0%| F|  |TAMS 0x0000000089700000, 0x0000000089700000| Untracked 
| 152|0x0000000089800000, 0x0000000089800000, 0x0000000089900000|  0%| F|  |TAMS 0x0000000089800000, 0x0000000089800000| Untracked 
| 153|0x0000000089900000, 0x0000000089900000, 0x0000000089a00000|  0%| F|  |TAMS 0x0000000089900000, 0x0000000089900000| Untracked 
| 154|0x0000000089a00000, 0x0000000089a00000, 0x0000000089b00000|  0%| F|  |TAMS 0x0000000089a00000, 0x0000000089a00000| Untracked 
| 155|0x0000000089b00000, 0x0000000089b00000, 0x0000000089c00000|  0%| F|  |TAMS 0x0000000089b00000, 0x0000000089b00000| Untracked 
| 156|0x0000000089c00000, 0x0000000089c00000, 0x0000000089d00000|  0%| F|  |TAMS 0x0000000089c00000, 0x0000000089c00000| Untracked 
| 157|0x0000000089d00000, 0x0000000089d00000, 0x0000000089e00000|  0%| F|  |TAMS 0x0000000089d00000, 0x0000000089d00000| Untracked 
| 158|0x0000000089e00000, 0x0000000089e00000, 0x0000000089f00000|  0%| F|  |TAMS 0x0000000089e00000, 0x0000000089e00000| Untracked 
| 159|0x0000000089f00000, 0x0000000089f00000, 0x000000008a000000|  0%| F|  |TAMS 0x0000000089f00000, 0x0000000089f00000| Untracked 
| 160|0x000000008a000000, 0x000000008a000000, 0x000000008a100000|  0%| F|  |TAMS 0x000000008a000000, 0x000000008a000000| Untracked 
| 161|0x000000008a100000, 0x000000008a100000, 0x000000008a200000|  0%| F|  |TAMS 0x000000008a100000, 0x000000008a100000| Untracked 
| 162|0x000000008a200000, 0x000000008a200000, 0x000000008a300000|  0%| F|  |TAMS 0x000000008a200000, 0x000000008a200000| Untracked 
| 163|0x000000008a300000, 0x000000008a300000, 0x000000008a400000|  0%| F|  |TAMS 0x000000008a300000, 0x000000008a300000| Untracked 
| 164|0x000000008a400000, 0x000000008a400000, 0x000000008a500000|  0%| F|  |TAMS 0x000000008a400000, 0x000000008a400000| Untracked 
| 165|0x000000008a500000, 0x000000008a500000, 0x000000008a600000|  0%| F|  |TAMS 0x000000008a500000, 0x000000008a500000| Untracked 
| 166|0x000000008a600000, 0x000000008a600000, 0x000000008a700000|  0%| F|  |TAMS 0x000000008a600000, 0x000000008a600000| Untracked 
| 167|0x000000008a700000, 0x000000008a700000, 0x000000008a800000|  0%| F|  |TAMS 0x000000008a700000, 0x000000008a700000| Untracked 
| 168|0x000000008a800000, 0x000000008a800000, 0x000000008a900000|  0%| F|  |TAMS 0x000000008a800000, 0x000000008a800000| Untracked 
| 169|0x000000008a900000, 0x000000008a900000, 0x000000008aa00000|  0%| F|  |TAMS 0x000000008a900000, 0x000000008a900000| Untracked 
| 170|0x000000008aa00000, 0x000000008aa00000, 0x000000008ab00000|  0%| F|  |TAMS 0x000000008aa00000, 0x000000008aa00000| Untracked 
| 171|0x000000008ab00000, 0x000000008ab00000, 0x000000008ac00000|  0%| F|  |TAMS 0x000000008ab00000, 0x000000008ab00000| Untracked 
| 172|0x000000008ac00000, 0x000000008ac00000, 0x000000008ad00000|  0%| F|  |TAMS 0x000000008ac00000, 0x000000008ac00000| Untracked 
| 173|0x000000008ad00000, 0x000000008ad00000, 0x000000008ae00000|  0%| F|  |TAMS 0x000000008ad00000, 0x000000008ad00000| Untracked 
| 174|0x000000008ae00000, 0x000000008ae00000, 0x000000008af00000|  0%| F|  |TAMS 0x000000008ae00000, 0x000000008ae00000| Untracked 
| 175|0x000000008af00000, 0x000000008af00000, 0x000000008b000000|  0%| F|  |TAMS 0x000000008af00000, 0x000000008af00000| Untracked 
| 176|0x000000008b000000, 0x000000008b000000, 0x000000008b100000|  0%| F|  |TAMS 0x000000008b000000, 0x000000008b000000| Untracked 
| 177|0x000000008b100000, 0x000000008b100000, 0x000000008b200000|  0%| F|  |TAMS 0x000000008b100000, 0x000000008b100000| Untracked 
| 178|0x000000008b200000, 0x000000008b200000, 0x000000008b300000|  0%| F|  |TAMS 0x000000008b200000, 0x000000008b200000| Untracked 

Card table byte_map: [0x0000018627730000,0x0000018627b30000] _byte_map_base: 0x0000018627330000

Marking Bits (Prev, Next): (CMBitMap*) 0x0000018614851ec0, (CMBitMap*) 0x0000018614851e88
 Prev Bits: [0x0000018629f30000, 0x000001862bf30000)
 Next Bits: [0x0000018627f30000, 0x0000018629f30000)

Polling page: 0x0000018612630000

Metaspace:

Usage:
  Non-class:     73.35 MB capacity,    72.16 MB ( 98%) used,   985.28 KB (  1%) free+waste,   232.13 KB ( <1%) overhead. 
      Class:     11.41 MB capacity,    10.65 MB ( 93%) used,   664.77 KB (  6%) free+waste,   106.44 KB ( <1%) overhead. 
       Both:     84.76 MB capacity,    82.82 MB ( 98%) used,     1.61 MB (  2%) free+waste,   338.56 KB ( <1%) overhead. 

Virtual space:
  Non-class space:       74.00 MB reserved,      73.39 MB (>99%) committed 
      Class space:        1.00 GB reserved,      11.45 MB (  1%) committed 
             Both:        1.07 GB reserved,      84.84 MB (  8%) committed 

Chunk freelists:
   Non-Class:  41.00 KB
       Class:  0 bytes
        Both:  41.00 KB

MaxMetaspaceSize: 17179869184.00 GB
CompressedClassSpaceSize: 1.00 GB
Initial GC threshold: 20.80 MB
Current GC threshold: 99.11 MB
CDS: off

CodeHeap 'non-profiled nmethods': size=120064Kb used=5146Kb max_used=5146Kb free=114917Kb
 bounds [0x000001861fdf0000, 0x0000018620300000, 0x0000018627330000]
CodeHeap 'profiled nmethods': size=120000Kb used=19626Kb max_used=19626Kb free=100373Kb
 bounds [0x00000186188c0000, 0x0000018619bf0000, 0x000001861fdf0000]
CodeHeap 'non-nmethods': size=5696Kb used=2373Kb max_used=2439Kb free=3322Kb
 bounds [0x0000018618330000, 0x00000186185a0000, 0x00000186188c0000]
 total_blobs=9973 nmethods=9091 adapters=793
 compilation: enabled
              stopped_count=0, restarted_count=0
 full_count=0

Compilation events (20 events):
Event: 9.316 Thread 0x000001862e43a000 nmethod 9109 0x0000018619be7010 code [0x0000018619be72e0, 0x0000018619be8508]
Event: 9.316 Thread 0x000001862e43a000 9106       3       org.gradle.api.internal.attributes.DefaultCompatibilityRuleChain::doesSomething (18 bytes)
Event: 9.316 Thread 0x000001862e43a000 nmethod 9106 0x0000018619be8c10 code [0x0000018619be8de0, 0x0000018619be9008]
Event: 9.316 Thread 0x000001862e43a000 9107       3       org.gradle.api.internal.attributes.DefaultCompatibilityRuleChain::execute (9 bytes)
Event: 9.316 Thread 0x000001862e43a000 nmethod 9107 0x0000018619be9110 code [0x0000018619be92e0, 0x0000018619be9588]
Event: 9.316 Thread 0x000001862e43a000 9112       3       org.gradle.internal.component.model.AttributeMatchingExplanationBuilder::logging (4 bytes)
Event: 9.316 Thread 0x000001862e43a000 nmethod 9112 0x0000018619be9690 code [0x0000018619be98a0, 0x0000018619be9d88]
Event: 9.316 Thread 0x000001862e43a000 9113       3       org.gradle.internal.component.model.LoggingAttributeMatchingExplanationBuilder::logging (19 bytes)
Event: 9.317 Thread 0x000001862e43a000 nmethod 9113 0x0000018619be9f90 code [0x0000018619bea180, 0x0000018619bea608]
Event: 9.317 Thread 0x000001862e43a000 9114       1       org.gradle.api.internal.artifacts.transform.ConsumerProvidedVariantFinder$AttributeSpecificCache::access$000 (5 bytes)
Event: 9.317 Thread 0x000001862e43a000 nmethod 9114 0x00000186202f5e10 code [0x00000186202f5fc0, 0x00000186202f6058]
Event: 9.317 Thread 0x000001862e43a000 9115       3       org.gradle.api.internal.attributes.EmptySchema::compatibilityRules (5 bytes)
Event: 9.317 Thread 0x000001862e43a000 nmethod 9115 0x0000018619bea810 code [0x0000018619bea9c0, 0x0000018619beaab8]
Event: 9.317 Thread 0x000001862e43a000 9110       1       org.gradle.api.internal.artifacts.transform.ConsumerVariantMatchResult$ConsumerVariant::getTargetAttributes (5 bytes)
Event: 9.317 Thread 0x000001862e43a000 nmethod 9110 0x00000186202f6110 code [0x00000186202f62c0, 0x00000186202f6378]
Event: 9.317 Thread 0x000001862e43a000 9111       1       org.gradle.api.internal.artifacts.transform.ConsumerVariantMatchResult$ConsumerVariant::getTransformation (5 bytes)
Event: 9.317 Thread 0x000001862e43a000 nmethod 9111 0x00000186202f6410 code [0x00000186202f65c0, 0x00000186202f6678]
Event: 9.317 Thread 0x000001862e43a000 9116       1       org.gradle.api.internal.artifacts.transform.SingleMatchConsumerVariantMatchResult::getMatches (5 bytes)
Event: 9.317 Thread 0x000001862e43a000 nmethod 9116 0x00000186202f6710 code [0x00000186202f68c0, 0x00000186202f6978]
Event: 9.318 Thread 0x000001862e43a000 9117   !   3       org.gradle.internal.execution.fingerprint.impl.DefaultInputFingerprinter$InputCollectingVisitor::visitInputProperty (115 bytes)

GC Heap History (20 events):
Event: 1.964 GC heap after
{Heap after GC invocations=3 (full 0):
 garbage-first heap   total 126976K, used 17064K [0x0000000080000000, 0x0000000100000000)
  region size 1024K, 3 young (3072K), 3 survivors (3072K)
 Metaspace       used 20801K, capacity 21193K, committed 21296K, reserved 1069056K
  class space    used 2531K, capacity 2688K, committed 2688K, reserved 1048576K
}
Event: 2.446 GC heap before
{Heap before GC invocations=4 (full 0):
 garbage-first heap   total 126976K, used 77480K [0x0000000080000000, 0x0000000100000000)
  region size 1024K, 62 young (63488K), 3 survivors (3072K)
 Metaspace       used 26877K, capacity 27480K, committed 27520K, reserved 1073152K
  class space    used 3483K, capacity 3707K, committed 3712K, reserved 1048576K
}
Event: 2.451 GC heap after
{Heap after GC invocations=5 (full 0):
 garbage-first heap   total 126976K, used 18921K [0x0000000080000000, 0x0000000100000000)
  region size 1024K, 4 young (4096K), 4 survivors (4096K)
 Metaspace       used 26877K, capacity 27480K, committed 27520K, reserved 1073152K
  class space    used 3483K, capacity 3707K, committed 3712K, reserved 1048576K
}
Event: 3.019 GC heap before
{Heap before GC invocations=5 (full 0):
 garbage-first heap   total 126976K, used 77289K [0x0000000080000000, 0x0000000100000000)
  region size 1024K, 62 young (63488K), 4 survivors (4096K)
 Metaspace       used 35196K, capacity 35978K, committed 36048K, reserved 1081344K
  class space    used 4532K, capacity 4840K, committed 4864K, reserved 1048576K
}
Event: 3.027 GC heap after
{Heap after GC invocations=6 (full 0):
 garbage-first heap   total 152576K, used 22369K [0x0000000080000000, 0x0000000100000000)
  region size 1024K, 8 young (8192K), 8 survivors (8192K)
 Metaspace       used 35196K, capacity 35978K, committed 36048K, reserved 1081344K
  class space    used 4532K, capacity 4840K, committed 4864K, reserved 1048576K
}
Event: 3.674 GC heap before
{Heap before GC invocations=7 (full 0):
 garbage-first heap   total 152576K, used 99169K [0x0000000080000000, 0x0000000100000000)
  region size 1024K, 80 young (81920K), 8 survivors (8192K)
 Metaspace       used 40869K, capacity 41873K, committed 42140K, reserved 1085440K
  class space    used 5177K, capacity 5519K, committed 5580K, reserved 1048576K
}
Event: 3.689 GC heap after
{Heap after GC invocations=8 (full 0):
 garbage-first heap   total 152576K, used 27671K [0x0000000080000000, 0x0000000100000000)
  region size 1024K, 9 young (9216K), 9 survivors (9216K)
 Metaspace       used 40869K, capacity 41873K, committed 42140K, reserved 1085440K
  class space    used 5177K, capacity 5519K, committed 5580K, reserved 1048576K
}
Event: 4.312 GC heap before
{Heap before GC invocations=8 (full 0):
 garbage-first heap   total 152576K, used 101399K [0x0000000080000000, 0x0000000100000000)
  region size 1024K, 81 young (82944K), 9 survivors (9216K)
 Metaspace       used 47251K, capacity 48414K, committed 48668K, reserved 1091584K
  class space    used 6021K, capacity 6458K, committed 6476K, reserved 1048576K
}
Event: 4.322 GC heap after
{Heap after GC invocations=9 (full 0):
 garbage-first heap   total 152576K, used 29742K [0x0000000080000000, 0x0000000100000000)
  region size 1024K, 8 young (8192K), 8 survivors (8192K)
 Metaspace       used 47251K, capacity 48414K, committed 48668K, reserved 1091584K
  class space    used 6021K, capacity 6458K, committed 6476K, reserved 1048576K
}
Event: 5.050 GC heap before
{Heap before GC invocations=9 (full 0):
 garbage-first heap   total 152576K, used 110638K [0x0000000080000000, 0x0000000100000000)
  region size 1024K, 83 young (84992K), 8 survivors (8192K)
 Metaspace       used 52458K, capacity 53765K, committed 54044K, reserved 1095680K
  class space    used 6635K, capacity 7118K, committed 7244K, reserved 1048576K
}
Event: 5.063 GC heap after
{Heap after GC invocations=10 (full 0):
 garbage-first heap   total 152576K, used 42104K [0x0000000080000000, 0x0000000100000000)
  region size 1024K, 11 young (11264K), 11 survivors (11264K)
 Metaspace       used 52458K, capacity 53765K, committed 54044K, reserved 1095680K
  class space    used 6635K, capacity 7118K, committed 7244K, reserved 1048576K
}
Event: 5.572 GC heap before
{Heap before GC invocations=10 (full 0):
 garbage-first heap   total 152576K, used 85112K [0x0000000080000000, 0x0000000100000000)
  region size 1024K, 54 young (55296K), 11 survivors (11264K)
 Metaspace       used 59197K, capacity 60497K, committed 60636K, reserved 1101824K
  class space    used 7417K, capacity 7929K, committed 8012K, reserved 1048576K
}
Event: 5.584 GC heap after
{Heap after GC invocations=11 (full 0):
 garbage-first heap   total 183296K, used 44846K [0x0000000080000000, 0x0000000100000000)
  region size 1024K, 3 young (3072K), 3 survivors (3072K)
 Metaspace       used 59197K, capacity 60497K, committed 60636K, reserved 1101824K
  class space    used 7417K, capacity 7929K, committed 8012K, reserved 1048576K
}
Event: 6.593 GC heap before
{Heap before GC invocations=12 (full 0):
 garbage-first heap   total 183296K, used 142126K [0x0000000080000000, 0x0000000100000000)
  region size 1024K, 91 young (93184K), 3 survivors (3072K)
 Metaspace       used 66126K, capacity 67652K, committed 67932K, reserved 1107968K
  class space    used 8318K, capacity 8847K, committed 8908K, reserved 1048576K
}
Event: 6.604 GC heap after
{Heap after GC invocations=13 (full 0):
 garbage-first heap   total 183296K, used 51372K [0x0000000080000000, 0x0000000100000000)
  region size 1024K, 9 young (9216K), 9 survivors (9216K)
 Metaspace       used 66126K, capacity 67652K, committed 67932K, reserved 1107968K
  class space    used 8318K, capacity 8847K, committed 8908K, reserved 1048576K
}
Event: 7.294 GC heap before
{Heap before GC invocations=13 (full 0):
 garbage-first heap   total 183296K, used 137388K [0x0000000080000000, 0x0000000100000000)
  region size 1024K, 93 young (95232K), 9 survivors (9216K)
 Metaspace       used 72352K, capacity 74003K, committed 74076K, reserved 1114112K
  class space    used 9281K, capacity 9890K, committed 9932K, reserved 1048576K
}
Event: 7.307 GC heap after
{Heap after GC invocations=14 (full 0):
 garbage-first heap   total 183296K, used 57622K [0x0000000080000000, 0x0000000100000000)
  region size 1024K, 7 young (7168K), 7 survivors (7168K)
 Metaspace       used 72352K, capacity 74003K, committed 74076K, reserved 1114112K
  class space    used 9281K, capacity 9890K, committed 9932K, reserved 1048576K
}
Event: 8.160 GC heap before
{Heap before GC invocations=14 (full 0):
 garbage-first heap   total 183296K, used 140566K [0x0000000080000000, 0x0000000100000000)
  region size 1024K, 88 young (90112K), 7 survivors (7168K)
 Metaspace       used 80130K, capacity 82006K, committed 82140K, reserved 1120256K
  class space    used 10345K, capacity 11033K, committed 11084K, reserved 1048576K
}
Event: 8.171 GC heap after
{Heap after GC invocations=15 (full 0):
 garbage-first heap   total 183296K, used 61945K [0x0000000080000000, 0x0000000100000000)
  region size 1024K, 11 young (11264K), 11 survivors (11264K)
 Metaspace       used 80130K, capacity 82006K, committed 82140K, reserved 1120256K
  class space    used 10345K, capacity 11033K, committed 11084K, reserved 1048576K
}
Event: 9.319 GC heap before
{Heap before GC invocations=15 (full 0):
 garbage-first heap   total 183296K, used 142841K [0x0000000080000000, 0x0000000100000000)
  region size 1024K, 91 young (93184K), 11 survivors (11264K)
 Metaspace       used 84803K, capacity 86792K, committed 86876K, reserved 1124352K
  class space    used 10909K, capacity 11681K, committed 11724K, reserved 1048576K
}

Deoptimization events (20 events):
Event: 9.293 Thread 0x0000018635c6a000 Uncommon trap: trap_request=0xffffff4d fr.pc=0x00000186202e505c relative=0x00000000000001fc
Event: 9.294 Thread 0x0000018635c6a000 Uncommon trap: reason=unstable_if action=reinterpret pc=0x00000186202e505c method=org.gradle.internal.file.FileHierarchySet$Node.isChildOfOrThis(Ljava/lang/String;I)Z @ 72 c2
Event: 9.294 Thread 0x0000018635c6a000 DEOPT PACKING pc=0x00000186202e505c sp=0x0000004d941fd4f0
Event: 9.294 Thread 0x0000018635c6a000 DEOPT UNPACKING pc=0x00000186183385af sp=0x0000004d941fd478 mode 2
Event: 9.318 Thread 0x0000018631001800 Uncommon trap: trap_request=0xffffffde fr.pc=0x00000186202ecfbc relative=0x00000000000006dc
Event: 9.318 Thread 0x0000018631001800 Uncommon trap: reason=class_check action=maybe_recompile pc=0x00000186202ecfbc method=com.google.common.cache.LocalCache$Segment.drainRecencyQueue()V @ 4 c2
Event: 9.318 Thread 0x0000018631001800 DEOPT PACKING pc=0x00000186202ecfbc sp=0x0000004d914fe530
Event: 9.318 Thread 0x0000018631001800 DEOPT UNPACKING pc=0x00000186183385af sp=0x0000004d914fe500 mode 2
Event: 9.318 Thread 0x0000018631001800 Uncommon trap: trap_request=0xffffffde fr.pc=0x00000186202ecfbc relative=0x00000000000006dc
Event: 9.318 Thread 0x0000018631001800 Uncommon trap: reason=class_check action=maybe_recompile pc=0x00000186202ecfbc method=com.google.common.cache.LocalCache$Segment.drainRecencyQueue()V @ 4 c2
Event: 9.318 Thread 0x0000018631001800 DEOPT PACKING pc=0x00000186202ecfbc sp=0x0000004d914fe1c0
Event: 9.318 Thread 0x0000018631001800 DEOPT UNPACKING pc=0x00000186183385af sp=0x0000004d914fe190 mode 2
Event: 9.318 Thread 0x0000018631001800 Uncommon trap: trap_request=0xffffffde fr.pc=0x00000186202ecfbc relative=0x00000000000006dc
Event: 9.318 Thread 0x0000018631001800 Uncommon trap: reason=class_check action=maybe_recompile pc=0x00000186202ecfbc method=com.google.common.cache.LocalCache$Segment.drainRecencyQueue()V @ 4 c2
Event: 9.318 Thread 0x0000018631001800 DEOPT PACKING pc=0x00000186202ecfbc sp=0x0000004d914fe170
Event: 9.318 Thread 0x0000018631001800 DEOPT UNPACKING pc=0x00000186183385af sp=0x0000004d914fe140 mode 2
Event: 9.318 Thread 0x000001863538a000 Uncommon trap: trap_request=0xffffffde fr.pc=0x00000186202ecfbc relative=0x00000000000006dc
Event: 9.318 Thread 0x000001863538a000 Uncommon trap: reason=class_check action=maybe_recompile pc=0x00000186202ecfbc method=com.google.common.cache.LocalCache$Segment.drainRecencyQueue()V @ 4 c2
Event: 9.318 Thread 0x000001863538a000 DEOPT PACKING pc=0x00000186202ecfbc sp=0x0000004d933fe8c0
Event: 9.318 Thread 0x000001863538a000 DEOPT UNPACKING pc=0x00000186183385af sp=0x0000004d933fe890 mode 2

Classes redefined (0 events):
No events

Internal exceptions (20 events):
Event: 8.340 Thread 0x00000186311d8000 Exception <a 'java/lang/NoSuchMethodError'{0x000000008a3e5978}: <clinit>> (0x000000008a3e5978) thrown at [./src/hotspot/share/prims/jni.cpp, line 1366]
Event: 8.343 Thread 0x00000186311d8000 Exception <a 'java/lang/NoSuchMethodError'{0x000000008a217fa8}: 'void java.lang.invoke.DirectMethodHandle$Holder.invokeSpecial(java.lang.Object, java.lang.Object, java.lang.Object, int)'> (0x000000008a217fa8) thrown at [./src/hotspot/share/interpreter/linkResolver.cpp, line 773]
Event: 8.366 Thread 0x00000186311d8000 Exception <a 'sun/nio/fs/WindowsException'{0x000000008a02b480}> (0x000000008a02b480) thrown at [./src/hotspot/share/prims/jni.cpp, line 616]
Event: 8.433 Thread 0x00000186311d5000 Exception <a 'java/lang/NoSuchMethodError'{0x0000000089cbefa0}: <clinit>> (0x0000000089cbefa0) thrown at [./src/hotspot/share/prims/jni.cpp, line 1366]
Event: 8.433 Thread 0x00000186311d5000 Exception <a 'java/lang/NoSuchMethodError'{0x0000000089cc9d40}: <clinit>> (0x0000000089cc9d40) thrown at [./src/hotspot/share/prims/jni.cpp, line 1366]
Event: 8.448 Thread 0x0000018635c6a000 Exception <a 'java/lang/IncompatibleClassChangeError'{0x0000000089b40930}: Found class java.lang.Object, but interface was expected> (0x0000000089b40930) thrown at [./src/hotspot/share/interpreter/linkResolver.cpp, line 839]
Event: 8.463 Thread 0x0000018635c6a000 Implicit null exception at 0x00000186200c6077 to 0x00000186200c6210
Event: 8.469 Thread 0x0000018635c6a000 Exception <a 'java/lang/IncompatibleClassChangeError'{0x000000008991baf0}: Found class java.lang.Object, but interface was expected> (0x000000008991baf0) thrown at [./src/hotspot/share/interpreter/linkResolver.cpp, line 839]
Event: 8.491 Thread 0x0000018635c6a000 Exception <a 'java/lang/NoSuchMethodError'{0x0000000089782258}: 'int java.lang.invoke.DirectMethodHandle$Holder.invokeStaticInit(java.lang.Object, java.lang.Object, java.lang.Object, java.lang.Object, java.lang.Object)'> (0x0000000089782258) thrown at [./src/hotspot/share/interpreter/linkResolver.cpp, line 773]
Event: 8.504 Thread 0x00000186311d5000 Exception <a 'java/lang/NoSuchMethodError'{0x00000000896ef040}: <clinit>> (0x00000000896ef040) thrown at [./src/hotspot/share/prims/jni.cpp, line 1366]
Event: 8.505 Thread 0x00000186311d5000 Exception <a 'java/lang/NoSuchMethodError'{0x0000000089500450}: <clinit>> (0x0000000089500450) thrown at [./src/hotspot/share/prims/jni.cpp, line 1366]
Event: 8.505 Thread 0x00000186311d5000 Exception <a 'java/lang/NoSuchMethodError'{0x00000000895019a8}: <clinit>> (0x00000000895019a8) thrown at [./src/hotspot/share/prims/jni.cpp, line 1366]
Event: 8.546 Thread 0x0000018635c67800 Exception <a 'java/lang/NoSuchMethodError'{0x0000000089335be8}: <clinit>> (0x0000000089335be8) thrown at [./src/hotspot/share/prims/jni.cpp, line 1366]
Event: 8.550 Thread 0x0000018635c67800 Exception <a 'java/lang/NoSuchMethodError'{0x000000008934a6b0}: <clinit>> (0x000000008934a6b0) thrown at [./src/hotspot/share/prims/jni.cpp, line 1366]
Event: 8.553 Thread 0x0000018635c67800 Exception <a 'java/lang/NoSuchMethodError'{0x000000008936cba8}: <clinit>> (0x000000008936cba8) thrown at [./src/hotspot/share/prims/jni.cpp, line 1366]
Event: 8.596 Thread 0x00000186311d5000 Exception <a 'java/lang/NoSuchMethodError'{0x00000000892f9c68}: <clinit>> (0x00000000892f9c68) thrown at [./src/hotspot/share/prims/jni.cpp, line 1366]
Event: 8.618 Thread 0x0000018635c6a000 Exception <a 'java/lang/NoSuchMethodError'{0x0000000089165690}: 'int java.lang.invoke.DirectMethodHandle$Holder.invokeSpecial(java.lang.Object, java.lang.Object, java.lang.Object, java.lang.Object, java.lang.Object)'> (0x0000000089165690) thrown at [./src/hotspot/share/interpreter/linkResolver.cpp, line 773]
Event: 8.942 Thread 0x0000018635c6a000 Exception <a 'java/lang/NoSuchMethodError'{0x0000000088a55268}: 'void java.lang.invoke.DirectMethodHandle$Holder.invokeStatic(java.lang.Object, java.lang.Object, java.lang.Object, java.lang.Object, int, java.lang.Object, java.lang.Object)'> (0x0000000088a55268) thrown at [./src/hotspot/share/interpreter/linkResolver.cpp, line 773]
Event: 8.977 Thread 0x0000018635c6a000 Exception <a 'java/lang/NoSuchMethodError'{0x00000000888e86c8}: 'java.lang.Object java.lang.invoke.DirectMethodHandle$Holder.invokeSpecialIFC(java.lang.Object, java.lang.Object, java.lang.Object)'> (0x00000000888e86c8) thrown at [./src/hotspot/share/interpreter/linkResolver.cpp, line 773]
Event: 9.202 Thread 0x0000018635381000 Exception <a 'java/lang/NoSuchMethodError'{0x00000000886a0dd8}: 'void java.lang.invoke.DirectMethodHandle$Holder.invokeVirtual(java.lang.Object, java.lang.Object)'> (0x00000000886a0dd8) thrown at [./src/hotspot/share/interpreter/linkResolver.cpp, line 773]

Events (20 events):
Event: 9.296 loading class com/google/common/collect/MultimapBuilder$LinkedListSupplier done
Event: 9.296 loading class org/gradle/internal/execution/history/changes/FilePathWithType
Event: 9.296 loading class org/gradle/internal/execution/history/changes/FilePathWithType done
Event: 9.297 loading class com/google/common/collect/AbstractMultimap$Entries
Event: 9.297 loading class com/google/common/collect/AbstractMultimap$Entries done
Event: 9.297 loading class com/google/common/collect/Multimaps$Entries
Event: 9.297 loading class com/google/common/collect/Multimaps$Entries done
Event: 9.297 loading class com/google/common/collect/AbstractMapBasedMultimap$2
Event: 9.297 loading class com/google/common/collect/AbstractMapBasedMultimap$2 done
Event: 9.297 loading class com/google/common/collect/AbstractMapBasedMultimap$Itr
Event: 9.297 loading class com/google/common/collect/AbstractMapBasedMultimap$Itr done
Event: 9.298 loading class com/google/common/collect/Iterators$EmptyModifiableIterator
Event: 9.298 loading class com/google/common/collect/Iterators$EmptyModifiableIterator done
Event: 9.307 loading class org/gradle/internal/snapshot/impl/SetValueSnapshot
Event: 9.307 loading class org/gradle/internal/snapshot/impl/SetValueSnapshot done
Event: 9.308 loading class org/gradle/internal/snapshot/impl/ManagedValueSnapshot
Event: 9.308 loading class org/gradle/internal/snapshot/impl/ManagedValueSnapshot done
Event: 9.313 loading class com/android/build/gradle/tasks/MapSourceSetPathsTask$CreateAction$configure$6$1$2$1
Event: 9.313 loading class com/android/build/gradle/tasks/MapSourceSetPathsTask$CreateAction$configure$6$1$2$1 done
Event: 9.318 Executing VM operation: G1CollectForAllocation


Dynamic libraries:
0x00007ff64a880000 - 0x00007ff64a88a000 	C:\Program Files\Android\Android Studio\jre\bin\java.exe
0x00007ffc45740000 - 0x00007ffc45949000 	C:\WINDOWS\SYSTEM32\ntdll.dll
0x00007ffc44a00000 - 0x00007ffc44abd000 	C:\WINDOWS\System32\KERNEL32.DLL
0x00007ffc431e0000 - 0x00007ffc4355c000 	C:\WINDOWS\System32\KERNELBASE.dll
0x00007ffc42c20000 - 0x00007ffc42d31000 	C:\WINDOWS\System32\ucrtbase.dll
0x00007ffc2bcc0000 - 0x00007ffc2bcd7000 	C:\Program Files\Android\Android Studio\jre\bin\VCRUNTIME140.dll
0x00007ffc2bab0000 - 0x00007ffc2bac9000 	C:\Program Files\Android\Android Studio\jre\bin\jli.dll
0x00007ffc44c90000 - 0x00007ffc44e3d000 	C:\WINDOWS\System32\USER32.dll
0x00007ffc2ac00000 - 0x00007ffc2aea5000 	C:\WINDOWS\WinSxS\amd64_microsoft.windows.common-controls_6595b64144ccf1df_6.0.22000.120_none_9d947278b86cc467\COMCTL32.dll
0x00007ffc45140000 - 0x00007ffc451e3000 	C:\WINDOWS\System32\msvcrt.dll
0x00007ffc42d40000 - 0x00007ffc42d66000 	C:\WINDOWS\System32\win32u.dll
0x00007ffc45110000 - 0x00007ffc45139000 	C:\WINDOWS\System32\GDI32.dll
0x00007ffc42d70000 - 0x00007ffc42e89000 	C:\WINDOWS\System32\gdi32full.dll
0x00007ffc430c0000 - 0x00007ffc4315d000 	C:\WINDOWS\System32\msvcp_win.dll
0x00007ffc43a20000 - 0x00007ffc43a51000 	C:\WINDOWS\System32\IMM32.DLL
0x00007ffc2b8b0000 - 0x00007ffc2b94d000 	C:\Program Files\Android\Android Studio\jre\bin\msvcp140.dll
0x00007ffbe8620000 - 0x00007ffbe9122000 	C:\Program Files\Android\Android Studio\jre\bin\server\jvm.dll
0x00007ffc44ac0000 - 0x00007ffc44b6e000 	C:\WINDOWS\System32\ADVAPI32.dll
0x00007ffc44e40000 - 0x00007ffc44ede000 	C:\WINDOWS\System32\sechost.dll
0x00007ffc43630000 - 0x00007ffc43750000 	C:\WINDOWS\System32\RPCRT4.dll
0x00007ffc45050000 - 0x00007ffc45058000 	C:\WINDOWS\System32\PSAPI.DLL
0x00007ffc3f370000 - 0x00007ffc3f379000 	C:\WINDOWS\SYSTEM32\WSOCK32.dll
0x00007ffc437b0000 - 0x00007ffc4381f000 	C:\WINDOWS\System32\WS2_32.dll
0x00007ffc38b50000 - 0x00007ffc38b83000 	C:\WINDOWS\SYSTEM32\WINMM.dll
0x00007ffc35580000 - 0x00007ffc3558a000 	C:\WINDOWS\SYSTEM32\VERSION.dll
0x00007ffc41cd0000 - 0x00007ffc41ce8000 	C:\WINDOWS\SYSTEM32\kernel.appcore.dll
0x00007ffc3bf10000 - 0x00007ffc3bf21000 	C:\Program Files\Android\Android Studio\jre\bin\verify.dll
0x00007ffc40700000 - 0x00007ffc40921000 	C:\WINDOWS\SYSTEM32\DBGHELP.DLL
0x00007ffc35590000 - 0x00007ffc355c1000 	C:\WINDOWS\SYSTEM32\dbgcore.DLL
0x00007ffc43160000 - 0x00007ffc431df000 	C:\WINDOWS\System32\bcryptPrimitives.dll
0x00007ffc3bee0000 - 0x00007ffc3bf09000 	C:\Program Files\Android\Android Studio\jre\bin\java.dll
0x00007ffc3bff0000 - 0x00007ffc3bffb000 	C:\Program Files\Android\Android Studio\jre\bin\jimage.dll
0x00007ffc351e0000 - 0x00007ffc351f8000 	C:\Program Files\Android\Android Studio\jre\bin\zip.dll
0x00007ffc44240000 - 0x00007ffc449f8000 	C:\WINDOWS\System32\SHELL32.dll
0x00007ffc40d40000 - 0x00007ffc415a8000 	C:\WINDOWS\SYSTEM32\windows.storage.dll
0x00007ffc45380000 - 0x00007ffc456f9000 	C:\WINDOWS\System32\combase.dll
0x00007ffc40bd0000 - 0x00007ffc40d36000 	C:\WINDOWS\SYSTEM32\wintypes.dll
0x00007ffc43f60000 - 0x00007ffc4404a000 	C:\WINDOWS\System32\SHCORE.dll
0x00007ffc435d0000 - 0x00007ffc4362d000 	C:\WINDOWS\System32\shlwapi.dll
0x00007ffc42b50000 - 0x00007ffc42b71000 	C:\WINDOWS\SYSTEM32\profapi.dll
0x00007ffc34540000 - 0x00007ffc3455a000 	C:\Program Files\Android\Android Studio\jre\bin\net.dll
0x00007ffc38e80000 - 0x00007ffc38f8c000 	C:\WINDOWS\SYSTEM32\WINHTTP.dll
0x00007ffc420f0000 - 0x00007ffc42157000 	C:\WINDOWS\system32\mswsock.dll
0x00007ffc33360000 - 0x00007ffc33374000 	C:\Program Files\Android\Android Studio\jre\bin\nio.dll
0x00007ffc2b9f0000 - 0x00007ffc2ba17000 	C:\Users\Lenovo\AndroidStudioProjects\Mb1\native\e1d6ef7f7dcc3fd88c89a11ec53ec762bb8ba0a96d01ffa2cd45eb1d1d8dd5c5\windows-amd64\native-platform.dll
0x00007ffc1a970000 - 0x00007ffc1aab4000 	C:\Users\Lenovo\AndroidStudioProjects\Mb1\native\0d407fdbe67a94daf76414ababcb853783967236a71b16ec16e742cd7a986fd3\windows-amd64\native-platform-file-events.dll
0x00007ffc3bf60000 - 0x00007ffc3bf6a000 	C:\Program Files\Android\Android Studio\jre\bin\management.dll
0x00007ffc3bed0000 - 0x00007ffc3bedd000 	C:\Program Files\Android\Android Studio\jre\bin\management_ext.dll
0x00007ffc423d0000 - 0x00007ffc423e8000 	C:\WINDOWS\SYSTEM32\CRYPTSP.dll
0x00007ffc41c30000 - 0x00007ffc41c65000 	C:\WINDOWS\system32\rsaenh.dll
0x00007ffc42190000 - 0x00007ffc421b9000 	C:\WINDOWS\SYSTEM32\USERENV.dll
0x00007ffc42600000 - 0x00007ffc42627000 	C:\WINDOWS\SYSTEM32\bcrypt.dll
0x00007ffc422e0000 - 0x00007ffc422ec000 	C:\WINDOWS\SYSTEM32\CRYPTBASE.dll
0x00007ffc41800000 - 0x00007ffc4182d000 	C:\WINDOWS\SYSTEM32\IPHLPAPI.DLL
0x00007ffc44050000 - 0x00007ffc44059000 	C:\WINDOWS\System32\NSI.dll
0x00007ffc38e60000 - 0x00007ffc38e79000 	C:\WINDOWS\SYSTEM32\dhcpcsvc6.DLL
0x00007ffc390c0000 - 0x00007ffc390de000 	C:\WINDOWS\SYSTEM32\dhcpcsvc.DLL
0x00007ffc41830000 - 0x00007ffc41918000 	C:\WINDOWS\SYSTEM32\DNSAPI.dll

dbghelp: loaded successfully - version: 4.0.5 - missing functions: none
symbol engine: initialized successfully - sym options: 0x614 - pdb path: .;C:\Program Files\Android\Android Studio\jre\bin;C:\WINDOWS\SYSTEM32;C:\WINDOWS\WinSxS\amd64_microsoft.windows.common-controls_6595b64144ccf1df_6.0.22000.120_none_9d947278b86cc467;C:\Program Files\Android\Android Studio\jre\bin\server;C:\Users\Lenovo\AndroidStudioProjects\Mb1\native\e1d6ef7f7dcc3fd88c89a11ec53ec762bb8ba0a96d01ffa2cd45eb1d1d8dd5c5\windows-amd64;C:\Users\Lenovo\AndroidStudioProjects\Mb1\native\0d407fdbe67a94daf76414ababcb853783967236a71b16ec16e742cd7a986fd3\windows-amd64

VM Arguments:
jvm_args: --add-opens=java.base/java.util=ALL-UNNAMED --add-opens=java.base/java.lang=ALL-UNNAMED --add-opens=java.base/java.lang.invoke=ALL-UNNAMED --add-opens=java.base/java.util=ALL-UNNAMED --add-opens=java.prefs/java.util.prefs=ALL-UNNAMED --add-opens=java.prefs/java.util.prefs=ALL-UNNAMED --add-opens=java.base/java.nio.charset=ALL-UNNAMED --add-opens=java.base/java.net=ALL-UNNAMED --add-opens=java.base/java.util.concurrent.atomic=ALL-UNNAMED -Xmx2048m -Dfile.encoding=UTF-8 -Duser.country=IN -Duser.language=en -Duser.variant 
java_command: org.gradle.launcher.daemon.bootstrap.GradleDaemon 7.4
java_class_path (initial): C:\Users\Lenovo\AndroidStudioProjects\Mb1\wrapper\dists\gradle-7.4-bin\c0gwcg53nkjbqw7r0h0umtfvt\gradle-7.4\lib\gradle-launcher-7.4.jar
Launcher Type: SUN_STANDARD

[Global flags]
     intx CICompilerCount                          = 3                                         {product} {ergonomic}
     uint ConcGCThreads                            = 1                                         {product} {ergonomic}
     uint G1ConcRefinementThreads                  = 4                                         {product} {ergonomic}
   size_t G1HeapRegionSize                         = 1048576                                   {product} {ergonomic}
    uintx GCDrainStackTargetSize                   = 64                                        {product} {ergonomic}
   size_t InitialHeapSize                          = 130023424                                 {product} {ergonomic}
   size_t MarkStackSize                            = 4194304                                   {product} {ergonomic}
   size_t MaxHeapSize                              = 2147483648                                {product} {command line}
   size_t MaxNewSize                               = 1287651328                                {product} {ergonomic}
   size_t MinHeapDeltaBytes                        = 1048576                                   {product} {ergonomic}
    uintx NonNMethodCodeHeapSize                   = 5830732                                {pd product} {ergonomic}
    uintx NonProfiledCodeHeapSize                  = 122913754                              {pd product} {ergonomic}
    uintx ProfiledCodeHeapSize                     = 122913754                              {pd product} {ergonomic}
    uintx ReservedCodeCacheSize                    = 251658240                              {pd product} {ergonomic}
     bool SegmentedCodeCache                       = true                                      {product} {ergonomic}
     bool UseCompressedClassPointers               = true                                 {lp64_product} {ergonomic}
     bool UseCompressedOops                        = true                                 {lp64_product} {ergonomic}
     bool UseG1GC                                  = true                                      {product} {ergonomic}
     bool UseLargePagesIndividualAllocation        = false                                  {pd product} {ergonomic}

Logging:
Log output configuration:
 #0: stdout all=warning uptime,level,tags
 #1: stderr all=off uptime,level,tags

Environment Variables:
PATH=D:\Python310\Scripts\;D:\Python310\;C:\ProgramData\Oracle\Java\javapath;C:\Program Files\Common Files\Oracle\Java\javapath;C:\WINDOWS\system32;C:\WINDOWS;C:\WINDOWS\System32\Wbem;C:\WINDOWS\System32\WindowsPowerShell\v1.0\;C:\WINDOWS\System32\OpenSSH\;C:\Program Files\nodejs\;C:\Program Files\Git\cmd;C:\Program Files\dotnet\;C:\Program Files\MySQL\MySQL Shell 8.0\bin\;C:\Users\Lenovo\AppData\Local\Microsoft\WindowsApps;C:\Users\Lenovo\AppData\Local\Programs\Microsoft VS Code\bin;C:\ProgramData\Lenovo\GitHubDesktop\bin;C:\Users\Lenovo\AppData\Local\GitHubDesktop\bin;C:\Program Files\JetBrains\IntelliJ IDEA Community Edition 2021.3\bin;;C:\Program Files\Java\jdk-17.0.1\bin;C:\flutter\bin;C:\Users\Lenovo\AppData\Roaming\npm;C:\Program Files\MongoDB\Server\6.0\bin;
USERNAME=Lenovo
OS=Windows_NT
PROCESSOR_IDENTIFIER=Intel64 Family 6 Model 140 Stepping 1, GenuineIntel



---------------  S Y S T E M  ---------------

OS: Windows 11 , 64 bit Build 22000 (10.0.22000.708)
OS uptime: 0 days 2:39 hours
Hyper-V role detected

CPU:total 4 (initial active 4) (2 cores per cpu, 2 threads per core) family 6 model 140 stepping 1 microcode 0x86, cmov, cx8, fxsr, mmx, sse, sse2, sse3, ssse3, sse4.1, sse4.2, popcnt, avx, avx2, aes, clmul, erms, 3dnowpref, lzcnt, ht, tsc, tscinvbit, bmi1, bmi2, adx, evex, sha, fma

Memory: 4k page, system-wide physical 7890M (968M free)
TotalPageFile size 10606M (AvailPageFile size 18M)
current process WorkingSet (physical memory assigned to process): 423M, peak: 428M
current process commit charge ("private bytes"): 451M, peak: 487M

vm_info: OpenJDK 64-Bit Server VM (11.0.13+0-b1751.21-8125866) for windows-amd64 JRE (11.0.13+0-b1751.21-8125866), built on Feb  2 2022 03:00:22 by "builder" with MS VC++ 14.0 (VS2015)

END.
